extDB2: Version: 70
extDB2: https://github.com/Torndeco/extDB2
extDB2: Windows Version
Message: All development for extDB2 is done on a Linux Dedicated Server
Message: If you would like to Donate to extDB2 Development
Message: https://www.paypal.com/cgi-bin/webscr?cmd=_s-xclick&hosted_button_id=2SUEFTGABTAM2
Message: Also leave a message if there is any particular feature you would like to see added.
Message: Thanks for all the people that have donated.
Message: Torndeco: 20/02/15


extDB2: Found extdb-conf.ini
extDB2: Detected 24 Cores, Setting up 6 Worker Threads


[19:31:30:521545 --4:00] [Thread 29552] extDB2: Database Type: MySQL
[19:31:30:535540 --4:00] [Thread 29552] extDB2: Database Session Pool Started
[19:31:30:538134 --4:00] [Thread 29552] extDB2: SQL_CUSTOM_V2: Loading Template Filename: C:\EXILE\steamapps\common\Arma 3 Server\extDB\sql_custom_v2\exile.ini
[19:31:30:538290 --4:00] [Thread 29552] extDB2: SQL_CUSTOM_V2: Version 12 Detected, Latest Version 12 Available
[19:31:34:390738 --4:00] [Thread 30488] extDB2: SQL_CUSTOM_V2: Error No Custom Call Not Found: Input String insert_infiSTARLog:CONNECTLOG:infiSTAR_PlayerConnected_id  0
[19:31:34:390769 --4:00] [Thread 30488] extDB2: SQL_CUSTOM_V2: Error No Custom Call Not Found: Callname insert_infiSTARLog
[19:31:34:390878 --4:00] [Thread 18768] extDB2: SQL_CUSTOM_V2: Error No Custom Call Not Found: Input String insert_infiSTARLog:CONNECTLOG:infiSTAR_PlayerDisconnected_id  0
[19:31:34:390897 --4:00] [Thread 18768] extDB2: SQL_CUSTOM_V2: Error No Custom Call Not Found: Callname insert_infiSTARLog
[19:31:34:391885 --4:00] [Thread 18768] extDB2: SQL_CUSTOM_V2: Error No Custom Call Not Found: Input String insert_infiSTARLog:SERVER_INFO:[SERVER START] TIME  0 || EMAIL  justinbowers@live.com || VERSION  09-Jan-2017 02-25-58 - v0070 || Local Server Time  [2017,1,15,19,31]
[19:31:34:391900 --4:00] [Thread 18768] extDB2: SQL_CUSTOM_V2: Error No Custom Call Not Found: Callname insert_infiSTARLog
[19:31:34:493449 --4:00] [Thread 29116] extDB2: SQL_CUSTOM_V2: Error No Custom Call Not Found: Input String insert_infiSTARLog:CONNECTLOG:#0 Connected  __SERVER__( - 2)
[19:31:34:493476 --4:00] [Thread 29116] extDB2: SQL_CUSTOM_V2: Error No Custom Call Not Found: Callname insert_infiSTARLog
[19:31:34:509530 --4:00] [Thread 29552] extDB2: SQL_CUSTOM_V2: Error No Custom Call Not Found: Input String loadTerritoryVehicles:1
[19:31:34:509555 --4:00] [Thread 29552] extDB2: SQL_CUSTOM_V2: Error No Custom Call Not Found: Callname loadTerritoryVehicles
[19:35:35:872327 --4:00] [Thread 29116] extDB2: SQL_CUSTOM_V2: Error No Custom Call Not Found: Input String insert_infiSTARLog:A3_EXILE_OCCUPATION:V65 (30-08-2016) =============================================================================================================
[19:35:35:872367 --4:00] [Thread 29116] extDB2: SQL_CUSTOM_V2: Error No Custom Call Not Found: Callname insert_infiSTARLog
[19:35:35:872474 --4:00] [Thread 29116] extDB2: SQL_CUSTOM_V2: Error No Custom Call Not Found: Input String insert_infiSTARLog:A3_EXILE_OCCUPATION:V65 (30-08-2016) [OCCUPATION MOD]  Occupation V65 (30-08-2016) Initialised at 219.023
[19:35:35:872489 --4:00] [Thread 29116] extDB2: SQL_CUSTOM_V2: Error No Custom Call Not Found: Callname insert_infiSTARLog
[19:35:35:872565 --4:00] [Thread 29116] extDB2: SQL_CUSTOM_V2: Error No Custom Call Not Found: Input String insert_infiSTARLog:A3_EXILE_OCCUPATION:V65 (30-08-2016) =============================================================================================================
[19:35:35:872579 --4:00] [Thread 29116] extDB2: SQL_CUSTOM_V2: Error No Custom Call Not Found: Callname insert_infiSTARLog
[19:35:35:894227 --4:00] [Thread 29116] extDB2: SQL_CUSTOM_V2: Error No Custom Call Not Found: Input String insert_infiSTARLog:A3_EXILE_OCCUPATION:V65 (30-08-2016) [OCCUPATION Traders] starting @ 219.045
[19:35:35:894255 --4:00] [Thread 29116] extDB2: SQL_CUSTOM_V2: Error No Custom Call Not Found: Callname insert_infiSTARLog
[19:35:35:894356 --4:00] [Thread 29116] extDB2: SQL_CUSTOM_V2: Error No Custom Call Not Found: Input String insert_infiSTARLog:A3_EXILE_OCCUPATION:V65 (30-08-2016) [processReporter]  Initialised at 219.045
[19:35:35:894431 --4:00] [Thread 29116] extDB2: SQL_CUSTOM_V2: Error No Custom Call Not Found: Callname insert_infiSTARLog
[19:35:35:913797 --4:00] [Thread 29116] extDB2: SQL_CUSTOM_V2: Error No Custom Call Not Found: Input String insert_infiSTARLog:A3_EXILE_OCCUPATION:V65 (30-08-2016) [OCCUPATION]  Detected DMS version September 5, 2016
[19:35:35:913832 --4:00] [Thread 29116] extDB2: SQL_CUSTOM_V2: Error No Custom Call Not Found: Callname insert_infiSTARLog
[19:35:35:913920 --4:00] [Thread 29116] extDB2: SQL_CUSTOM_V2: Error No Custom Call Not Found: Input String insert_infiSTARLog:A3_EXILE_OCCUPATION:V65 (30-08-2016) [OCCUPATION]  Occupation V65 (30-08-2016) Adding modules to Exile system thread manager at 219.067
[19:35:35:913934 --4:00] [Thread 29116] extDB2: SQL_CUSTOM_V2: Error No Custom Call Not Found: Callname insert_infiSTARLog
[19:36:22:579870 --4:00] [Thread 29116] extDB2: SQL_CUSTOM_V2: Error No Custom Call Not Found: Input String insert_infiSTARLog:A3_EXILE_OCCUPATION:V65 (30-08-2016) [OCCUPATION LootCrates]  Starting Occupation Loot Crates
[19:36:22:579901 --4:00] [Thread 29116] extDB2: SQL_CUSTOM_V2: Error No Custom Call Not Found: Callname insert_infiSTARLog
[19:36:22:579961 --4:00] [Thread 29116] extDB2: SQL_CUSTOM_V2: Error No Custom Call Not Found: Input String insert_infiSTARLog:A3_EXILE_OCCUPATION:V65 (30-08-2016) [OCCUPATION LootCrates]  worldname  Tanoa crates to spawn  6
[19:36:22:579968 --4:00] [Thread 29116] extDB2: SQL_CUSTOM_V2: Error No Custom Call Not Found: Callname insert_infiSTARLog
[19:36:23:993911 --4:00] [Thread 29116] extDB2: SQL_CUSTOM_V2: Error No Custom Call Not Found: Input String insert_infiSTARLog:A3_EXILE_OCCUPATION:V65 (30-08-2016) [OCCUPATION LootCrates]   Creating crate 1 at drop zone [9669.69,11623.9,0] with 1 guards
[19:36:23:993946 --4:00] [Thread 29116] extDB2: SQL_CUSTOM_V2: Error No Custom Call Not Found: Callname insert_infiSTARLog
[19:36:25:589264 --4:00] [Thread 29116] extDB2: SQL_CUSTOM_V2: Error No Custom Call Not Found: Input String insert_infiSTARLog:A3_EXILE_OCCUPATION:V65 (30-08-2016) [OCCUPATION LootCrates]   Creating crate 2 at drop zone [9287.68,10817.8,0] with 2 guards
[19:36:25:589295 --4:00] [Thread 29116] extDB2: SQL_CUSTOM_V2: Error No Custom Call Not Found: Callname insert_infiSTARLog
[19:36:28:071143 --4:00] [Thread 29116] extDB2: SQL_CUSTOM_V2: Error No Custom Call Not Found: Input String insert_infiSTARLog:A3_EXILE_OCCUPATION:V65 (30-08-2016) [OCCUPATION LootCrates]   Creating crate 3 at drop zone [3388.49,5738.4,0] with 1 guards
[19:36:28:071183 --4:00] [Thread 29116] extDB2: SQL_CUSTOM_V2: Error No Custom Call Not Found: Callname insert_infiSTARLog
[19:36:29:580696 --4:00] [Thread 29116] extDB2: SQL_CUSTOM_V2: Error No Custom Call Not Found: Input String insert_infiSTARLog:A3_EXILE_OCCUPATION:V65 (30-08-2016) [OCCUPATION LootCrates]   Creating crate 4 at drop zone [2866.04,6169.59,0] with 2 guards
[19:36:29:580730 --4:00] [Thread 29116] extDB2: SQL_CUSTOM_V2: Error No Custom Call Not Found: Callname insert_infiSTARLog
[19:36:31:115062 --4:00] [Thread 29116] extDB2: SQL_CUSTOM_V2: Error No Custom Call Not Found: Input String insert_infiSTARLog:A3_EXILE_OCCUPATION:V65 (30-08-2016) [OCCUPATION LootCrates]   Creating crate 5 at drop zone [2104.81,10462.5,0] with 1 guards
[19:36:31:115098 --4:00] [Thread 29116] extDB2: SQL_CUSTOM_V2: Error No Custom Call Not Found: Callname insert_infiSTARLog
[19:36:32:561387 --4:00] [Thread 29116] extDB2: SQL_CUSTOM_V2: Error No Custom Call Not Found: Input String insert_infiSTARLog:A3_EXILE_OCCUPATION:V65 (30-08-2016) [OCCUPATION LootCrates]   Creating crate 6 at drop zone [4028.61,3323.47,0] with 2 guards
[19:36:32:561414 --4:00] [Thread 29116] extDB2: SQL_CUSTOM_V2: Error No Custom Call Not Found: Callname insert_infiSTARLog
[19:36:41:659290 --4:00] [Thread 29116] extDB2: SQL_CUSTOM_V2: Error No Custom Call Not Found: Input String insert_infiSTARLog:A3_EXILE_PROCESSREPORTER:V65 (30-08-2016) =======================================================================================================
[19:36:41:659386 --4:00] [Thread 29116] extDB2: SQL_CUSTOM_V2: Error No Custom Call Not Found: Callname insert_infiSTARLog
[19:36:41:659543 --4:00] [Thread 29116] extDB2: SQL_CUSTOM_V2: Error No Custom Call Not Found: Input String insert_infiSTARLog:A3_EXILE_PROCESSREPORTER:V65 (30-08-2016) [processReporter] Started @ 283.001   [FPS  45.584|PLAYERS  0|THREADS  13]
[19:36:41:659557 --4:00] [Thread 29116] extDB2: SQL_CUSTOM_V2: Error No Custom Call Not Found: Callname insert_infiSTARLog
[19:36:41:659946 --4:00] [Thread 29116] extDB2: SQL_CUSTOM_V2: Error No Custom Call Not Found: Input String insert_infiSTARLog:A3_EXILE_PROCESSREPORTER:V65 (30-08-2016) =======================================================================================================
[19:36:41:659961 --4:00] [Thread 29116] extDB2: SQL_CUSTOM_V2: Error No Custom Call Not Found: Callname insert_infiSTARLog
[19:36:41:660120 --4:00] [Thread 29116] extDB2: SQL_CUSTOM_V2: Error No Custom Call Not Found: Input String insert_infiSTARLog:A3_EXILE_PROCESSREPORTER:V65 (30-08-2016) [processReporter] Process Counts  spawn-ed  7 execVM-ed  6 exec-ed  0 execFSM-ed  2
[19:36:41:660145 --4:00] [Thread 29116] extDB2: SQL_CUSTOM_V2: Error No Custom Call Not Found: Callname insert_infiSTARLog
[19:36:41:660302 --4:00] [Thread 29116] extDB2: SQL_CUSTOM_V2: Error No Custom Call Not Found: Input String insert_infiSTARLog:A3_EXILE_PROCESSREPORTER:V65 (30-08-2016) [processReporter] Active SQF  ["<spawn>","",true,5126] @ 283.001
[19:36:41:660326 --4:00] [Thread 29116] extDB2: SQL_CUSTOM_V2: Error No Custom Call Not Found: Callname insert_infiSTARLog
[19:36:41:660480 --4:00] [Thread 29116] extDB2: SQL_CUSTOM_V2: Error No Custom Call Not Found: Input String insert_infiSTARLog:A3_EXILE_PROCESSREPORTER:V65 (30-08-2016) [processReporter] Active SQF  ["mpmissions\__cur_mp.Tanoa\ground_fog.sqf","mpmissions\__cur_mp.Tanoa\ground_fog.sqf",true,4] @ 283.001
[19:36:41:660494 --4:00] [Thread 29116] extDB2: SQL_CUSTOM_V2: Error No Custom Call Not Found: Callname insert_infiSTARLog
[19:36:41:660704 --4:00] [Thread 29116] extDB2: SQL_CUSTOM_V2: Error No Custom Call Not Found: Input String insert_infiSTARLog:A3_EXILE_PROCESSREPORTER:V65 (30-08-2016) [processReporter] Active SQF  ["mpmissions\__cur_mp.Tanoa\IgiLoad\IgiLoadInit.sqf","mpmissions\__cur_mp.Tanoa\IgiLoad\IgiLoadInit.sqf",true,35] @ 283.001
[19:36:41:660718 --4:00] [Thread 29116] extDB2: SQL_CUSTOM_V2: Error No Custom Call Not Found: Callname insert_infiSTARLog
[19:36:41:660884 --4:00] [Thread 29116] extDB2: SQL_CUSTOM_V2: Error No Custom Call Not Found: Input String insert_infiSTARLog:A3_EXILE_PROCESSREPORTER:V65 (30-08-2016) [processReporter] Active SQF  ["mpmissions\__cur_mp.Tanoa\ToastIntro.sqf","mpmissions\__cur_mp.Tanoa\ToastIntro.sqf",true,6] @ 283.001
[19:36:41:660894 --4:00] [Thread 29116] extDB2: SQL_CUSTOM_V2: Error No Custom Call Not Found: Callname insert_infiSTARLog
[19:36:41:661103 --4:00] [Thread 29116] extDB2: SQL_CUSTOM_V2: Error No Custom Call Not Found: Input String insert_infiSTARLog:A3_EXILE_PROCESSREPORTER:V65 (30-08-2016) [processReporter] Active SQF  ["mpmissions\__cur_mp.Tanoa\custom\service\service_point.sqf","mpmissions\__cur_mp.Tanoa\custom\service\service_point.sqf",true,217] @ 283.001
[19:36:41:661117 --4:00] [Thread 29116] extDB2: SQL_CUSTOM_V2: Error No Custom Call Not Found: Callname insert_infiSTARLog
[19:36:41:661313 --4:00] [Thread 29116] extDB2: SQL_CUSTOM_V2: Error No Custom Call Not Found: Input String insert_infiSTARLog:A3_EXILE_PROCESSREPORTER:V65 (30-08-2016) [processReporter] Active SQF  ["DMS_fnc_HeliParatroopers_Monitor","x\addons\a3_exile_occupation\scripts\extras\processReporter.sqf",true,25] @ 283.001
[19:36:41:661326 --4:00] [Thread 29116] extDB2: SQL_CUSTOM_V2: Error No Custom Call Not Found: Callname insert_infiSTARLog
[19:36:41:661461 --4:00] [Thread 29116] extDB2: SQL_CUSTOM_V2: Error No Custom Call Not Found: Input String insert_infiSTARLog:A3_EXILE_PROCESSREPORTER:V65 (30-08-2016) [processReporter] Active SQF  ["mpmissions\__cur_mp.Tanoa\JohnO_fnc_storm.sqf","mpmissions\__cur_mp.Tanoa\JohnO_fnc_storm.sqf",true,103] @ 283.001
[19:36:41:661477 --4:00] [Thread 29116] extDB2: SQL_CUSTOM_V2: Error No Custom Call Not Found: Callname insert_infiSTARLog
[19:36:41:661840 --4:00] [Thread 29116] extDB2: SQL_CUSTOM_V2: Error No Custom Call Not Found: Input String insert_infiSTARLog:A3_EXILE_PROCESSREPORTER:V65 (30-08-2016) [processReporter] Active SQF  ["ZCP_fnc_start","x\addons\ZCP\functions\fn_findPosition.sqf",true,9] @ 283.001
[19:36:41:661865 --4:00] [Thread 29116] extDB2: SQL_CUSTOM_V2: Error No Custom Call Not Found: Callname insert_infiSTARLog
[19:36:41:662046 --4:00] [Thread 29116] extDB2: SQL_CUSTOM_V2: Error No Custom Call Not Found: Input String insert_infiSTARLog:A3_EXILE_PROCESSREPORTER:V65 (30-08-2016) [processReporter] Active SQF  ["<spawn>","mpmissions\__cur_mp.Tanoa\ExAdClient\HaloParachute\postInit.sqf",true,32] @ 283.001
[19:36:41:662075 --4:00] [Thread 29116] extDB2: SQL_CUSTOM_V2: Error No Custom Call Not Found: Callname insert_infiSTARLog
[19:36:41:681207 --4:00] [Thread 29116] extDB2: SQL_CUSTOM_V2: Error No Custom Call Not Found: Input String insert_infiSTARLog:A3_EXILE_PROCESSREPORTER:V65 (30-08-2016) [processReporter] Active SQF  ["<spawn>","mpmissions\__cur_mp.Tanoa\ExadClient\XM8\Apps\CHVD\config.sqf",true,47] @ 283.023
[19:36:41:681235 --4:00] [Thread 29116] extDB2: SQL_CUSTOM_V2: Error No Custom Call Not Found: Callname insert_infiSTARLog
[19:36:41:681271 --4:00] [Thread 29116] extDB2: SQL_CUSTOM_V2: Error No Custom Call Not Found: Input String insert_infiSTARLog:A3_EXILE_PROCESSREPORTER:V65 (30-08-2016) [processReporter] Active SQF  ["<spawn>","mpmissions\__cur_mp.Tanoa\ExAdClient\StatsBar\postInit.sqf",true,144] @ 283.023
[19:36:41:681285 --4:00] [Thread 29116] extDB2: SQL_CUSTOM_V2: Error No Custom Call Not Found: Callname insert_infiSTARLog
[19:36:41:681388 --4:00] [Thread 29116] extDB2: SQL_CUSTOM_V2: Error No Custom Call Not Found: Input String insert_infiSTARLog:A3_EXILE_PROCESSREPORTER:V65 (30-08-2016) [processReporter] Active SQF  ["BIS_fnc_sortNum","x\addons\a3_exile_occupation\scripts\startOccupation.sqf",true,85] @ 283.023
[19:36:41:681401 --4:00] [Thread 29116] extDB2: SQL_CUSTOM_V2: Error No Custom Call Not Found: Callname insert_infiSTARLog
[19:36:41:681492 --4:00] [Thread 29116] extDB2: SQL_CUSTOM_V2: Error No Custom Call Not Found: Input String insert_infiSTARLog:A3_EXILE_PROCESSREPORTER:V65 (30-08-2016) [processReporter] Active SQF  ["<spawn>","mpmissions\__cur_mp.Tanoa\IgiLoad\IgiLoadTaru.sqf",true,467] @ 283.023
[19:36:41:681506 --4:00] [Thread 29116] extDB2: SQL_CUSTOM_V2: Error No Custom Call Not Found: Callname insert_infiSTARLog
[19:36:41:681923 --4:00] [Thread 29116] extDB2: SQL_CUSTOM_V2: Error No Custom Call Not Found: Input String insert_infiSTARLog:A3_EXILE_PROCESSREPORTER:V65 (30-08-2016) [processReporter] Active FSM  ["main.fsm","Wait",-283.023] @ 283.023
[19:36:41:681937 --4:00] [Thread 29116] extDB2: SQL_CUSTOM_V2: Error No Custom Call Not Found: Callname insert_infiSTARLog
[19:36:41:682027 --4:00] [Thread 29116] extDB2: SQL_CUSTOM_V2: Error No Custom Call Not Found: Input String insert_infiSTARLog:A3_EXILE_PROCESSREPORTER:V65 (30-08-2016) [processReporter] Active FSM  ["missions","Waiting",-283.023] @ 283.023
[19:36:41:682041 --4:00] [Thread 29116] extDB2: SQL_CUSTOM_V2: Error No Custom Call Not Found: Callname insert_infiSTARLog
[19:36:41:682082 --4:00] [Thread 29116] extDB2: SQL_CUSTOM_V2: Error No Custom Call Not Found: Input String insert_infiSTARLog:A3_EXILE_PROCESSREPORTER:V65 (30-08-2016) [processReporter] Ended @ 283.023
[19:36:41:682095 --4:00] [Thread 29116] extDB2: SQL_CUSTOM_V2: Error No Custom Call Not Found: Callname insert_infiSTARLog
[19:36:47:621152 --4:00] [Thread 29116] extDB2: SQL_CUSTOM_V2: Error No Custom Call Not Found: Input String insert_infiSTARLog:A3_EXILE_OCCUPATION:V65 (30-08-2016) [OCCUPATION HeliCrashes]  Initialised at 288.961
[19:36:47:621242 --4:00] [Thread 29116] extDB2: SQL_CUSTOM_V2: Error No Custom Call Not Found: Callname insert_infiSTARLog
[19:36:47:621315 --4:00] [Thread 30488] extDB2: SQL_CUSTOM_V2: Error No Custom Call Not Found: Input String insert_infiSTARLog:A3_EXILE_OCCUPATION:V65 (30-08-2016) [OCCUPATION HeliCrashes]   worldname  Tanoa crashes to spawn  5
[19:36:47:621334 --4:00] [Thread 30488] extDB2: SQL_CUSTOM_V2: Error No Custom Call Not Found: Callname insert_infiSTARLog
[19:36:58:499522 --4:00] [Thread 29552] extDB2: Stopping ...
