[11:41:34:215109 --4:00] [Thread 27464] PLAYER: ( 76561198085418110 ) R :1 (XdiiasXD) REMOTE PURCHASED ITEM SMG_02_F FOR 150 POPTABS | PLAYER TOTAL MONEY: 221885
[11:41:55:867912 --4:00] [Thread 14512] PLAYER: ( 76561198085418110 ) R :1 (XdiiasXD) REMOTE PURCHASED ITEM hgun_Pistol_heavy_01_F FOR 80 POPTABS | PLAYER TOTAL MONEY: 221805
[11:42:08:768612 --4:00] [Thread 14512] PLAYER: ( 76561198085418110 ) R :1 (XdiiasXD) REMOTE PURCHASED ITEM 30Rnd_9x21_Mag_SMG_02 FOR 10 POPTABS | PLAYER TOTAL MONEY: 221795
[11:42:10:057014 --4:00] [Thread 27464] PLAYER: ( 76561198085418110 ) R :1 (XdiiasXD) REMOTE PURCHASED ITEM 30Rnd_9x21_Mag_SMG_02 FOR 10 POPTABS | PLAYER TOTAL MONEY: 221785
[11:42:12:359310 --4:00] [Thread 14512] PLAYER: ( 76561198085418110 ) R :1 (XdiiasXD) REMOTE PURCHASED ITEM acc_flashlight FOR 4 POPTABS | PLAYER TOTAL MONEY: 221781
[11:42:31:977914 --4:00] [Thread 27464] PLAYER: ( 76561198085418110 ) R :1 (XdiiasXD) REMOTE PURCHASED ITEM muzzle_snds_L FOR 10 POPTABS | PLAYER TOTAL MONEY: 221771
[11:42:49:352430 --4:00] [Thread 14512] PLAYER: ( 76561198085418110 ) R :1 (XdiiasXD) REMOTE PURCHASED ITEM 30Rnd_9x21_Mag_SMG_02 FOR 10 POPTABS | PLAYER TOTAL MONEY: 221761
[11:42:50:006818 --4:00] [Thread 27464] PLAYER: ( 76561198085418110 ) R :1 (XdiiasXD) REMOTE PURCHASED ITEM 30Rnd_9x21_Mag_SMG_02 FOR 10 POPTABS | PLAYER TOTAL MONEY: 221751
[11:42:50:691814 --4:00] [Thread 14512] PLAYER: ( 76561198085418110 ) R :1 (XdiiasXD) REMOTE PURCHASED ITEM 30Rnd_9x21_Mag_SMG_02 FOR 10 POPTABS | PLAYER TOTAL MONEY: 221741
[11:42:51:265154 --4:00] [Thread 27464] PLAYER: ( 76561198085418110 ) R :1 (XdiiasXD) REMOTE PURCHASED ITEM 30Rnd_9x21_Mag_SMG_02 FOR 10 POPTABS | PLAYER TOTAL MONEY: 221731
[11:42:51:583040 --4:00] [Thread 14512] PLAYER: ( 76561198085418110 ) R :1 (XdiiasXD) REMOTE PURCHASED ITEM 30Rnd_9x21_Mag_SMG_02 FOR 10 POPTABS | PLAYER TOTAL MONEY: 221721
[11:43:06:328270 --4:00] [Thread 14512] PLAYER: ( 76561198085418110 ) R :1 (XdiiasXD) REMOTE PURCHASED ITEM optic_Holosight_blk_F FOR 50 POPTABS | PLAYER TOTAL MONEY: 221671
[12:04:26:237513 --4:00] [Thread 27464] PLAYER: ( 76561198018726432 ) R :2 (Dylan) REMOTE PURCHASED ITEM B_Bergen_mcamo FOR 200 POPTABS | PLAYER TOTAL MONEY: 119800
[12:05:20:456627 --4:00] [Thread 14512] PLAYER: ( 76561198085418110 ) R :1 (XdiiasXD) REMOTE PURCHASED VEHICLE B_Heli_Transport_01_F FOR 40000 POPTABS | PLAYER TOTAL MONEY: 182491
[12:05:30:535822 --4:00] [Thread 16480] PLAYER: ( 76561198018726432 ) R :2 (Dylan) REMOTE PURCHASED ITEM B_Carryall_oucamo FOR 300 POPTABS | PLAYER TOTAL MONEY: 119500
[12:06:14:924194 --4:00] [Thread 27464] PLAYER: ( 76561198018726432 ) R :2 (Dylan) REMOTE PURCHASED ITEM B_ViperHarness_ghex_F FOR 250 POPTABS | PLAYER TOTAL MONEY: 119250
[12:06:39:078188 --4:00] [Thread 14512] PLAYER: ( 76561198018726432 ) R :2 (Dylan) REMOTE SOLD ITEM B_Carryall_oucamo FOR 150 POPTABS AND 15 RESPECT | PLAYER TOTAL MONEY: 119400
[12:06:53:354740 --4:00] [Thread 16480] PLAYER: ( 76561198018726432 ) R :2 (Dylan) REMOTE SOLD ITEM B_Bergen_mcamo FOR 100 POPTABS AND 10 RESPECT | PLAYER TOTAL MONEY: 119500
[12:07:31:487517 --4:00] [Thread 27464] PLAYER: ( 76561198018726432 ) R :2 (Dylan) REMOTE PURCHASED ITEM U_O_T_Sniper_F FOR 100 POPTABS | PLAYER TOTAL MONEY: 119400
[12:07:39:032475 --4:00] [Thread 14512] PLAYER: ( 76561198018726432 ) R :2 (Dylan) REMOTE SOLD ITEM U_NikosAgedBody FOR 20 POPTABS AND 2 RESPECT | PLAYER TOTAL MONEY: 119420
[12:08:18:752602 --4:00] [Thread 16480] PLAYER: ( 76561198018726432 ) R :2 (Dylan) REMOTE PURCHASED ITEM H_HelmetCrew_O_ghex_F FOR 75 POPTABS | PLAYER TOTAL MONEY: 119345
[12:08:28:322107 --4:00] [Thread 14512] PLAYER: ( 76561198018726432 ) R :2 (Dylan) REMOTE PURCHASED ITEM G_Balaclava_TI_G_tna_F FOR 15 POPTABS | PLAYER TOTAL MONEY: 119330
[12:08:37:575359 --4:00] [Thread 16480] PLAYER: ( 76561198018726432 ) R :2 (Dylan) REMOTE PURCHASED ITEM V_PlateCarrierIAGL_oli FOR 400 POPTABS | PLAYER TOTAL MONEY: 118930
[12:16:36:582743 --4:00] [Thread 27464] PLAYER: ( 76561198018726432 ) R :1 (Dylan) REMOTE PURCHASED ITEM arifle_SPAR_03_khk_F FOR 600 POPTABS | PLAYER TOTAL MONEY: 239400
[12:18:42:765986 --4:00] [Thread 27464] PLAYER: ( 76561198018726432 ) R :1 (Dylan) REMOTE PURCHASED ITEM muzzle_snds_65_TI_blk_F FOR 75 POPTABS | PLAYER TOTAL MONEY: 239325
[12:19:01:121052 --4:00] [Thread 23956] PLAYER: ( 76561198018726432 ) R :1 (Dylan) REMOTE SOLD ITEM muzzle_snds_65_TI_blk_F FOR 37 POPTABS AND 3.7 RESPECT | PLAYER TOTAL MONEY: 239362
[12:19:07:062511 --4:00] [Thread 27464] PLAYER: ( 76561198018726432 ) R :1 (Dylan) REMOTE PURCHASED ITEM muzzle_snds_B FOR 20 POPTABS | PLAYER TOTAL MONEY: 239342
[12:19:27:628720 --4:00] [Thread 23956] PLAYER: ( 76561198018726432 ) R :1 (Dylan) REMOTE PURCHASED ITEM optic_DMS FOR 150 POPTABS | PLAYER TOTAL MONEY: 239192
[12:20:12:146350 --4:00] [Thread 27464] PLAYER: ( 76561198018726432 ) R :1 (Dylan) REMOTE PURCHASED ITEM Exile_Magazine_10Rnd_762x54 FOR 20 POPTABS | PLAYER TOTAL MONEY: 239172
[12:20:13:303897 --4:00] [Thread 23956] PLAYER: ( 76561198018726432 ) R :1 (Dylan) REMOTE PURCHASED ITEM Exile_Magazine_10Rnd_762x54 FOR 20 POPTABS | PLAYER TOTAL MONEY: 239152
[12:26:13:525279 --4:00] [Thread 27464] PLAYER: ( 76561198018726432 ) R :1 (Dylan) REMOTE PURCHASED ITEM Exile_Magazine_10Rnd_762x54 FOR 20 POPTABS | PLAYER TOTAL MONEY: 119980
[12:26:14:752690 --4:00] [Thread 19620] PLAYER: ( 76561198018726432 ) R :1 (Dylan) REMOTE PURCHASED ITEM Exile_Magazine_10Rnd_762x54 FOR 20 POPTABS | PLAYER TOTAL MONEY: 119960
[12:26:15:747080 --4:00] [Thread 27464] PLAYER: ( 76561198018726432 ) R :1 (Dylan) REMOTE PURCHASED ITEM Exile_Magazine_10Rnd_762x54 FOR 20 POPTABS | PLAYER TOTAL MONEY: 119940
[12:26:16:841344 --4:00] [Thread 19620] PLAYER: ( 76561198018726432 ) R :1 (Dylan) REMOTE PURCHASED ITEM Exile_Magazine_10Rnd_762x54 FOR 20 POPTABS | PLAYER TOTAL MONEY: 119920
[12:26:17:662632 --4:00] [Thread 27464] PLAYER: ( 76561198018726432 ) R :1 (Dylan) REMOTE PURCHASED ITEM Exile_Magazine_10Rnd_762x54 FOR 20 POPTABS | PLAYER TOTAL MONEY: 119900
[12:26:25:774737 --4:00] [Thread 19620] PLAYER: ( 76561198018726432 ) R :1 (Dylan) REMOTE PURCHASED ITEM optic_SOS_khk_F FOR 200 POPTABS | PLAYER TOTAL MONEY: 119700
[12:26:32:137931 --4:00] [Thread 19620] PLAYER: ( 76561198018726432 ) R :1 (Dylan) REMOTE PURCHASED ITEM acc_pointer_IR FOR 10 POPTABS | PLAYER TOTAL MONEY: 119690
[12:26:58:181367 --4:00] [Thread 27464] PLAYER: ( 76561198018726432 ) R :1 (Dylan) REMOTE PURCHASED ITEM Exile_Weapon_TaurusGold FOR 150 POPTABS | PLAYER TOTAL MONEY: 119540
[12:27:52:352346 --4:00] [Thread 23956] PLAYER: ( 76561198018726432 ) R :1 (Dylan) REMOTE SOLD ITEM Exile_Magazine_10Rnd_762x54 FOR 10 POPTABS AND 1 RESPECT | PLAYER TOTAL MONEY: 119550
[12:28:41:887916 --4:00] [Thread 23956] PLAYER: ( 76561198018726432 ) R :1 (Dylan) REMOTE PURCHASED ITEM 20Rnd_762x51_Mag FOR 20 POPTABS | PLAYER TOTAL MONEY: 119530
[12:28:43:018236 --4:00] [Thread 27464] PLAYER: ( 76561198018726432 ) R :1 (Dylan) REMOTE PURCHASED ITEM 20Rnd_762x51_Mag FOR 20 POPTABS | PLAYER TOTAL MONEY: 119510
[12:28:44:026465 --4:00] [Thread 23956] PLAYER: ( 76561198018726432 ) R :1 (Dylan) REMOTE PURCHASED ITEM 20Rnd_762x51_Mag FOR 20 POPTABS | PLAYER TOTAL MONEY: 119490
[12:28:52:643759 --4:00] [Thread 27464] PLAYER: ( 76561198018726432 ) R :1 (Dylan) REMOTE PURCHASED ITEM 20Rnd_762x51_Mag FOR 20 POPTABS | PLAYER TOTAL MONEY: 119470
[12:28:53:758094 --4:00] [Thread 23956] PLAYER: ( 76561198018726432 ) R :1 (Dylan) REMOTE PURCHASED ITEM 20Rnd_762x51_Mag FOR 20 POPTABS | PLAYER TOTAL MONEY: 119450
[12:28:58:353271 --4:00] [Thread 27464] PLAYER: ( 76561198018726432 ) R :1 (Dylan) REMOTE PURCHASED ITEM Exile_Magazine_6Rnd_45ACP FOR 20 POPTABS | PLAYER TOTAL MONEY: 119430
[12:28:59:571275 --4:00] [Thread 23956] PLAYER: ( 76561198018726432 ) R :1 (Dylan) REMOTE PURCHASED ITEM Exile_Magazine_6Rnd_45ACP FOR 20 POPTABS | PLAYER TOTAL MONEY: 119410
[12:28:59:969429 --4:00] [Thread 27464] PLAYER: ( 76561198018726432 ) R :1 (Dylan) REMOTE PURCHASED ITEM Exile_Magazine_6Rnd_45ACP FOR 20 POPTABS | PLAYER TOTAL MONEY: 119390
[12:29:00:760517 --4:00] [Thread 23956] PLAYER: ( 76561198018726432 ) R :1 (Dylan) REMOTE PURCHASED ITEM Exile_Magazine_6Rnd_45ACP FOR 20 POPTABS | PLAYER TOTAL MONEY: 119370
[12:29:02:021418 --4:00] [Thread 27464] PLAYER: ( 76561198018726432 ) R :1 (Dylan) REMOTE PURCHASED ITEM Exile_Magazine_6Rnd_45ACP FOR 20 POPTABS | PLAYER TOTAL MONEY: 119350
[12:29:33:507983 --4:00] [Thread 19620] PLAYER: ( 76561198018726432 ) R :1 (Dylan) REMOTE SOLD ITEM Exile_Magazine_10Rnd_762x54 FOR 10 POPTABS AND 1 RESPECT | PLAYER TOTAL MONEY: 119360
[12:29:34:628020 --4:00] [Thread 23956] PLAYER: ( 76561198018726432 ) R :1 (Dylan) REMOTE SOLD ITEM Exile_Magazine_10Rnd_762x54 FOR 10 POPTABS AND 1 RESPECT | PLAYER TOTAL MONEY: 119370
[12:29:35:717778 --4:00] [Thread 19620] PLAYER: ( 76561198018726432 ) R :1 (Dylan) REMOTE SOLD ITEM Exile_Magazine_10Rnd_762x54 FOR 10 POPTABS AND 1 RESPECT | PLAYER TOTAL MONEY: 119380
[12:29:36:852920 --4:00] [Thread 23956] PLAYER: ( 76561198018726432 ) R :1 (Dylan) REMOTE SOLD ITEM Exile_Magazine_10Rnd_762x54 FOR 10 POPTABS AND 1 RESPECT | PLAYER TOTAL MONEY: 119390
[12:29:37:948630 --4:00] [Thread 19620] PLAYER: ( 76561198018726432 ) R :1 (Dylan) REMOTE SOLD ITEM Exile_Magazine_10Rnd_762x54 FOR 10 POPTABS AND 1 RESPECT | PLAYER TOTAL MONEY: 119400
[12:29:39:100775 --4:00] [Thread 23956] PLAYER: ( 76561198018726432 ) R :1 (Dylan) REMOTE SOLD ITEM Exile_Magazine_10Rnd_762x54 FOR 10 POPTABS AND 1 RESPECT | PLAYER TOTAL MONEY: 119410
[12:30:00:134154 --4:00] [Thread 23956] PLAYER: ( 76561198018726432 ) R :1 (Dylan) REMOTE PURCHASED ITEM bipod_01_F_khk FOR 10 POPTABS | PLAYER TOTAL MONEY: 119400
[12:30:33:856331 --4:00] [Thread 23956] PLAYER: ( 76561198018726432 ) R :1 (Dylan) REMOTE PURCHASED ITEM arifle_MX_khk_F FOR 450 POPTABS | PLAYER TOTAL MONEY: 118950
[12:31:01:772490 --4:00] [Thread 19620] PLAYER: ( 76561198018726432 ) R :1 (Dylan) REMOTE PURCHASED ITEM 30Rnd_65x39_caseless_mag FOR 20 POPTABS | PLAYER TOTAL MONEY: 118930
[12:31:04:654490 --4:00] [Thread 23956] PLAYER: ( 76561198018726432 ) R :1 (Dylan) REMOTE PURCHASED ITEM 30Rnd_65x39_caseless_mag FOR 20 POPTABS | PLAYER TOTAL MONEY: 118910
[12:31:05:785870 --4:00] [Thread 19620] PLAYER: ( 76561198018726432 ) R :1 (Dylan) REMOTE PURCHASED ITEM 30Rnd_65x39_caseless_mag FOR 20 POPTABS | PLAYER TOTAL MONEY: 118890
[12:31:07:170524 --4:00] [Thread 19620] PLAYER: ( 76561198018726432 ) R :1 (Dylan) REMOTE PURCHASED ITEM 30Rnd_65x39_caseless_mag FOR 20 POPTABS | PLAYER TOTAL MONEY: 118870
[12:31:08:826978 --4:00] [Thread 23956] PLAYER: ( 76561198018726432 ) R :1 (Dylan) REMOTE PURCHASED ITEM 30Rnd_65x39_caseless_mag FOR 20 POPTABS | PLAYER TOTAL MONEY: 118850
[12:31:10:592704 --4:00] [Thread 19620] PLAYER: ( 76561198018726432 ) R :1 (Dylan) REMOTE PURCHASED ITEM 30Rnd_65x39_caseless_mag FOR 20 POPTABS | PLAYER TOTAL MONEY: 118830
[12:31:21:038610 --4:00] [Thread 23956] PLAYER: ( 76561198018726432 ) R :1 (Dylan) REMOTE PURCHASED ITEM muzzle_snds_B_khk_F FOR 50 POPTABS | PLAYER TOTAL MONEY: 118780
[12:31:30:997969 --4:00] [Thread 19620] PLAYER: ( 76561198018726432 ) R :1 (Dylan) REMOTE PURCHASED ITEM acc_pointer_IR FOR 10 POPTABS | PLAYER TOTAL MONEY: 118770
[12:31:39:891328 --4:00] [Thread 23956] PLAYER: ( 76561198018726432 ) R :1 (Dylan) REMOTE PURCHASED ITEM optic_ERCO_khk_F FOR 125 POPTABS | PLAYER TOTAL MONEY: 118645
[18:57:37:965624 --4:00] [Thread 18936] PLAYER: ( 76561198085418110 ) R :1 (XdiiasXD) REMOTE PURCHASED VEHICLE Exile_Plane_Cessna FOR 15000 POPTABS | PLAYER TOTAL MONEY: 1e+021
[19:06:26:365822 --4:00] [Thread 18936] PLAYER: ( 76561198085418110 ) R :1 (XdiiasXD) REMOTE PURCHASED VEHICLE Exile_Plane_Ceasar FOR 15000 POPTABS | PLAYER TOTAL MONEY: 1e+021
