extDB2: Version: 70
extDB2: https://github.com/Torndeco/extDB2
extDB2: Windows Version
Message: All development for extDB2 is done on a Linux Dedicated Server
Message: If you would like to Donate to extDB2 Development
Message: https://www.paypal.com/cgi-bin/webscr?cmd=_s-xclick&hosted_button_id=2SUEFTGABTAM2
Message: Also leave a message if there is any particular feature you would like to see added.
Message: Thanks for all the people that have donated.
Message: Torndeco: 20/02/15


extDB2: Found extdb-conf.ini
extDB2: Detected 24 Cores, Setting up 6 Worker Threads


[18:01:54:247917 --4:00] [Thread 7712] extDB2: Database Type: MySQL
[18:01:54:251448 --4:00] [Thread 7712] extDB2: Database Session Pool Started
[18:01:54:253063 --4:00] [Thread 7712] extDB2: SQL_CUSTOM_V2: Loading Template Filename: C:\servers\exileserver1\@exileserver\extDB\sql_custom_v2\exile.ini
[18:01:54:253275 --4:00] [Thread 7712] extDB2: SQL_CUSTOM_V2: Version 12 Detected, Latest Version 12 Available
[18:01:55:181542 --4:00] [Thread 10216] extDB2: SQL_CUSTOM_V2: Incorrect Number of Inputs: Input String insert_infiSTARLog:CONNECTLOG:infiSTAR_PlayerConnected_id  0
[18:01:55:181587 --4:00] [Thread 10216] extDB2: SQL_CUSTOM_V2: Incorrect Number of Inputs: Expected: 3 Got: 2
[18:01:55:181598 --4:00] [Thread 23208] extDB2: SQL_CUSTOM_V2: Incorrect Number of Inputs: Input String insert_infiSTARLog:CONNECTLOG:infiSTAR_PlayerDisconnected_id  0
[18:01:55:181629 --4:00] [Thread 23208] extDB2: SQL_CUSTOM_V2: Incorrect Number of Inputs: Expected: 3 Got: 2
[18:01:55:182245 --4:00] [Thread 23208] extDB2: SQL_CUSTOM_V2: Incorrect Number of Inputs: Input String insert_infiSTARLog:SERVER_INFO:[SERVER START] TIME  0 || EMAIL  justinbowers@live.com || VERSION  09-Jan-2017 02-25-58 - v0070 || Local Server Time  [2017,4,2,18,1]
[18:01:55:182276 --4:00] [Thread 23208] extDB2: SQL_CUSTOM_V2: Incorrect Number of Inputs: Expected: 3 Got: 2
[18:01:55:349076 --4:00] [Thread 1948] extDB2: SQL_CUSTOM_V2: Incorrect Number of Inputs: Input String insert_infiSTARLog:CONNECTLOG:#0 Connected  __SERVER__( - 2)
[18:01:55:349125 --4:00] [Thread 1948] extDB2: SQL_CUSTOM_V2: Incorrect Number of Inputs: Expected: 3 Got: 2
[18:01:55:642633 --4:00] [Thread 7712] extDB2: SQL_CUSTOM_V2: Error No Custom Call Not Found: Input String loadTerritoryVehicles:3
[18:01:55:642657 --4:00] [Thread 7712] extDB2: SQL_CUSTOM_V2: Error No Custom Call Not Found: Callname loadTerritoryVehicles
[18:05:41:478419 --4:00] [Thread 1948] extDB2: SQL_CUSTOM_V2: Incorrect Number of Inputs: Input String insert_infiSTARLog:A3_EXILE_OCCUPATION:V65 (30-08-2016) =============================================================================================================
[18:05:41:478469 --4:00] [Thread 1948] extDB2: SQL_CUSTOM_V2: Incorrect Number of Inputs: Expected: 3 Got: 2
[18:05:41:478560 --4:00] [Thread 1948] extDB2: SQL_CUSTOM_V2: Incorrect Number of Inputs: Input String insert_infiSTARLog:A3_EXILE_OCCUPATION:V65 (30-08-2016) [OCCUPATION MOD]  Occupation V65 (30-08-2016) Initialised at 201.692
[18:05:41:478579 --4:00] [Thread 1948] extDB2: SQL_CUSTOM_V2: Incorrect Number of Inputs: Expected: 3 Got: 2
[18:05:41:478611 --4:00] [Thread 1948] extDB2: SQL_CUSTOM_V2: Incorrect Number of Inputs: Input String insert_infiSTARLog:A3_EXILE_OCCUPATION:V65 (30-08-2016) =============================================================================================================
[18:05:41:478624 --4:00] [Thread 1948] extDB2: SQL_CUSTOM_V2: Incorrect Number of Inputs: Expected: 3 Got: 2
[18:05:41:501718 --4:00] [Thread 1948] extDB2: SQL_CUSTOM_V2: Incorrect Number of Inputs: Input String insert_infiSTARLog:A3_EXILE_OCCUPATION:V65 (30-08-2016) [OCCUPATION Traders] starting @ 201.714
[18:05:41:501764 --4:00] [Thread 1948] extDB2: SQL_CUSTOM_V2: Incorrect Number of Inputs: Expected: 3 Got: 2
[18:05:41:501829 --4:00] [Thread 1948] extDB2: SQL_CUSTOM_V2: Incorrect Number of Inputs: Input String insert_infiSTARLog:A3_EXILE_OCCUPATION:V65 (30-08-2016) [processReporter]  Initialised at 201.714
[18:05:41:501857 --4:00] [Thread 1948] extDB2: SQL_CUSTOM_V2: Incorrect Number of Inputs: Expected: 3 Got: 2
[18:05:41:502695 --4:00] [Thread 1948] extDB2: SQL_CUSTOM_V2: Incorrect Number of Inputs: Input String insert_infiSTARLog:A3_EXILE_OCCUPATION:V65 (30-08-2016) [OCCUPATION]  Detected DMS version September 5, 2016
[18:05:41:502732 --4:00] [Thread 1948] extDB2: SQL_CUSTOM_V2: Incorrect Number of Inputs: Expected: 3 Got: 2
[18:05:41:502856 --4:00] [Thread 1948] extDB2: SQL_CUSTOM_V2: Incorrect Number of Inputs: Input String insert_infiSTARLog:A3_EXILE_OCCUPATION:V65 (30-08-2016) [OCCUPATION]  Occupation V65 (30-08-2016) Adding modules to Exile system thread manager at 201.714
[18:05:41:502890 --4:00] [Thread 1948] extDB2: SQL_CUSTOM_V2: Incorrect Number of Inputs: Expected: 3 Got: 2
[18:06:26:523254 --4:00] [Thread 1948] extDB2: SQL_CUSTOM_V2: Incorrect Number of Inputs: Input String insert_infiSTARLog:A3_EXILE_OCCUPATION:V65 (30-08-2016) [OCCUPATION LootCrates]  Starting Occupation Loot Crates
[18:06:26:523316 --4:00] [Thread 1948] extDB2: SQL_CUSTOM_V2: Incorrect Number of Inputs: Expected: 3 Got: 2
[18:06:26:523345 --4:00] [Thread 23164] extDB2: SQL_CUSTOM_V2: Incorrect Number of Inputs: Input String insert_infiSTARLog:A3_EXILE_OCCUPATION:V65 (30-08-2016) [OCCUPATION LootCrates]  worldname  Tanoa crates to spawn  6
[18:06:26:523379 --4:00] [Thread 23164] extDB2: SQL_CUSTOM_V2: Incorrect Number of Inputs: Expected: 3 Got: 2
[18:06:27:925961 --4:00] [Thread 23164] extDB2: SQL_CUSTOM_V2: Incorrect Number of Inputs: Input String insert_infiSTARLog:A3_EXILE_OCCUPATION:V65 (30-08-2016) [OCCUPATION LootCrates]   Creating crate 1 at drop zone [7644.44,7378.94,0] with 1 guards
[18:06:27:926020 --4:00] [Thread 23164] extDB2: SQL_CUSTOM_V2: Incorrect Number of Inputs: Expected: 3 Got: 2
[18:06:29:649296 --4:00] [Thread 23164] extDB2: SQL_CUSTOM_V2: Incorrect Number of Inputs: Input String insert_infiSTARLog:A3_EXILE_OCCUPATION:V65 (30-08-2016) [OCCUPATION LootCrates]   Creating crate 2 at drop zone [6702.92,11726.8,0] with 1 guards
[18:06:29:649341 --4:00] [Thread 23164] extDB2: SQL_CUSTOM_V2: Incorrect Number of Inputs: Expected: 3 Got: 2
[18:06:33:500280 --4:00] [Thread 23164] extDB2: SQL_CUSTOM_V2: Incorrect Number of Inputs: Input String insert_infiSTARLog:A3_EXILE_OCCUPATION:V65 (30-08-2016) [OCCUPATION LootCrates]   Creating crate 3 at drop zone [8295.07,7711.48,0] with 2 guards
[18:06:33:500433 --4:00] [Thread 23164] extDB2: SQL_CUSTOM_V2: Incorrect Number of Inputs: Expected: 3 Got: 2
[18:06:35:871229 --4:00] [Thread 23164] extDB2: SQL_CUSTOM_V2: Incorrect Number of Inputs: Input String insert_infiSTARLog:A3_EXILE_OCCUPATION:V65 (30-08-2016) [OCCUPATION LootCrates]   Creating crate 4 at drop zone [3018.63,6366.83,0] with 1 guards
[18:06:35:871272 --4:00] [Thread 23164] extDB2: SQL_CUSTOM_V2: Incorrect Number of Inputs: Expected: 3 Got: 2
[18:06:38:285059 --4:00] [Thread 23164] extDB2: SQL_CUSTOM_V2: Incorrect Number of Inputs: Input String insert_infiSTARLog:A3_EXILE_OCCUPATION:V65 (30-08-2016) [OCCUPATION LootCrates]   Creating crate 5 at drop zone [11229.6,10403,0] with 1 guards
[18:06:38:285101 --4:00] [Thread 23164] extDB2: SQL_CUSTOM_V2: Incorrect Number of Inputs: Expected: 3 Got: 2
[18:06:39:611569 --4:00] [Thread 23164] extDB2: SQL_CUSTOM_V2: Incorrect Number of Inputs: Input String insert_infiSTARLog:A3_EXILE_OCCUPATION:V65 (30-08-2016) [OCCUPATION LootCrates]   Creating crate 6 at drop zone [8772.8,10987,0] with 1 guards
[18:06:39:611640 --4:00] [Thread 23164] extDB2: SQL_CUSTOM_V2: Incorrect Number of Inputs: Expected: 3 Got: 2
[18:06:47:658551 --4:00] [Thread 23164] extDB2: SQL_CUSTOM_V2: Incorrect Number of Inputs: Input String insert_infiSTARLog:A3_EXILE_PROCESSREPORTER:V65 (30-08-2016) =======================================================================================================
[18:06:47:658600 --4:00] [Thread 23164] extDB2: SQL_CUSTOM_V2: Incorrect Number of Inputs: Expected: 3 Got: 2
[18:06:47:658703 --4:00] [Thread 23164] extDB2: SQL_CUSTOM_V2: Incorrect Number of Inputs: Input String insert_infiSTARLog:A3_EXILE_PROCESSREPORTER:V65 (30-08-2016) [processReporter] Started @ 265.689   [FPS  47.7612|PLAYERS  0|THREADS  21]
[18:06:47:658809 --4:00] [Thread 23164] extDB2: SQL_CUSTOM_V2: Incorrect Number of Inputs: Expected: 3 Got: 2
[18:06:47:658811 --4:00] [Thread 1948] extDB2: SQL_CUSTOM_V2: Incorrect Number of Inputs: Input String insert_infiSTARLog:A3_EXILE_PROCESSREPORTER:V65 (30-08-2016) =======================================================================================================
[18:06:47:658893 --4:00] [Thread 1948] extDB2: SQL_CUSTOM_V2: Incorrect Number of Inputs: Expected: 3 Got: 2
[18:06:47:658949 --4:00] [Thread 23164] extDB2: SQL_CUSTOM_V2: Incorrect Number of Inputs: Input String insert_infiSTARLog:A3_EXILE_PROCESSREPORTER:V65 (30-08-2016) [processReporter] Process Counts  spawn-ed  15 execVM-ed  6 exec-ed  0 execFSM-ed  2
[18:06:47:658983 --4:00] [Thread 23164] extDB2: SQL_CUSTOM_V2: Incorrect Number of Inputs: Expected: 3 Got: 2
[18:06:47:659033 --4:00] [Thread 23164] extDB2: SQL_CUSTOM_V2: Incorrect Number of Inputs: Input String insert_infiSTARLog:A3_EXILE_PROCESSREPORTER:V65 (30-08-2016) [processReporter] Active SQF  ["<spawn>","",true,5124] @ 265.689
[18:06:47:659053 --4:00] [Thread 23164] extDB2: SQL_CUSTOM_V2: Incorrect Number of Inputs: Expected: 3 Got: 2
[18:06:47:659312 --4:00] [Thread 23164] extDB2: SQL_CUSTOM_V2: Incorrect Number of Inputs: Input String insert_infiSTARLog:A3_EXILE_PROCESSREPORTER:V65 (30-08-2016) [processReporter] Active SQF  ["mpmissions\__cur_mp.Tanoa\ground_fog.sqf","mpmissions\__cur_mp.Tanoa\ground_fog.sqf",true,4] @ 265.689
[18:06:47:659345 --4:00] [Thread 23164] extDB2: SQL_CUSTOM_V2: Incorrect Number of Inputs: Expected: 3 Got: 2
[18:06:47:659477 --4:00] [Thread 23164] extDB2: SQL_CUSTOM_V2: Incorrect Number of Inputs: Input String insert_infiSTARLog:A3_EXILE_PROCESSREPORTER:V65 (30-08-2016) [processReporter] Active SQF  ["mpmissions\__cur_mp.Tanoa\IgiLoad\IgiLoadInit.sqf","mpmissions\__cur_mp.Tanoa\IgiLoad\IgiLoadInit.sqf",true,35] @ 265.689
[18:06:47:659509 --4:00] [Thread 23164] extDB2: SQL_CUSTOM_V2: Incorrect Number of Inputs: Expected: 3 Got: 2
[18:06:47:659589 --4:00] [Thread 1948] extDB2: SQL_CUSTOM_V2: Incorrect Number of Inputs: Input String insert_infiSTARLog:A3_EXILE_PROCESSREPORTER:V65 (30-08-2016) [processReporter] Active SQF  ["mpmissions\__cur_mp.Tanoa\ToastIntro.sqf","mpmissions\__cur_mp.Tanoa\ToastIntro.sqf",true,6] @ 265.689
[18:06:47:659616 --4:00] [Thread 1948] extDB2: SQL_CUSTOM_V2: Incorrect Number of Inputs: Expected: 3 Got: 2
[18:06:47:659684 --4:00] [Thread 23164] extDB2: SQL_CUSTOM_V2: Incorrect Number of Inputs: Input String insert_infiSTARLog:A3_EXILE_PROCESSREPORTER:V65 (30-08-2016) [processReporter] Active SQF  ["mpmissions\__cur_mp.Tanoa\custom\service\service_point.sqf","mpmissions\__cur_mp.Tanoa\custom\service\service_point.sqf",true,217] @ 265.689
[18:06:47:659712 --4:00] [Thread 23164] extDB2: SQL_CUSTOM_V2: Incorrect Number of Inputs: Expected: 3 Got: 2
[18:06:47:659773 --4:00] [Thread 23164] extDB2: SQL_CUSTOM_V2: Incorrect Number of Inputs: Input String insert_infiSTARLog:A3_EXILE_PROCESSREPORTER:V65 (30-08-2016) [processReporter] Active SQF  ["<spawn>","\ATS_AdvancedTrainSimulator\functions\fn_advancedTrainSimulatorInit.sqf [SA_fnc_advancedTrainSimulatorInit]",true,1253] @ 265.689
[18:06:47:659790 --4:00] [Thread 23164] extDB2: SQL_CUSTOM_V2: Incorrect Number of Inputs: Expected: 3 Got: 2
[18:06:47:659887 --4:00] [Thread 23164] extDB2: SQL_CUSTOM_V2: Incorrect Number of Inputs: Input String insert_infiSTARLog:A3_EXILE_PROCESSREPORTER:V65 (30-08-2016) [processReporter] Active SQF  ["<spawn>","\ATS_AdvancedTrainSimulator\functions\fn_advancedTrainSimulatorInit.sqf [SA_fnc_advancedTrainSimulatorInit]",true,2394] @ 265.689
[18:06:47:659905 --4:00] [Thread 23164] extDB2: SQL_CUSTOM_V2: Incorrect Number of Inputs: Expected: 3 Got: 2
[18:06:47:660000 --4:00] [Thread 23164] extDB2: SQL_CUSTOM_V2: Incorrect Number of Inputs: Input String insert_infiSTARLog:A3_EXILE_PROCESSREPORTER:V65 (30-08-2016) [processReporter] Active SQF  ["<spawn>","\ATS_AdvancedTrainSimulator\functions\fn_advancedTrainSimulatorInit.sqf [SA_fnc_advancedTrainSimulatorInit]",true,2407] @ 265.689
[18:06:47:660021 --4:00] [Thread 23164] extDB2: SQL_CUSTOM_V2: Incorrect Number of Inputs: Expected: 3 Got: 2
[18:06:47:660180 --4:00] [Thread 23164] extDB2: SQL_CUSTOM_V2: Incorrect Number of Inputs: Input String insert_infiSTARLog:A3_EXILE_PROCESSREPORTER:V65 (30-08-2016) [processReporter] Active SQF  ["<spawn>","\ATS_AdvancedTrainSimulator\functions\fn_advancedTrainSimulatorInit.sqf [SA_fnc_advancedTrainSimulatorInit]",true,2422] @ 265.689
[18:06:47:660201 --4:00] [Thread 23164] extDB2: SQL_CUSTOM_V2: Incorrect Number of Inputs: Expected: 3 Got: 2
[18:06:47:660340 --4:00] [Thread 23164] extDB2: SQL_CUSTOM_V2: Incorrect Number of Inputs: Input String insert_infiSTARLog:A3_EXILE_PROCESSREPORTER:V65 (30-08-2016) [processReporter] Active SQF  ["DMS_fnc_HeliParatroopers_Monitor","x\addons\a3_exile_occupation\scripts\extras\processReporter.sqf",true,25] @ 265.689
[18:06:47:660358 --4:00] [Thread 23164] extDB2: SQL_CUSTOM_V2: Incorrect Number of Inputs: Expected: 3 Got: 2
[18:06:47:660448 --4:00] [Thread 23164] extDB2: SQL_CUSTOM_V2: Incorrect Number of Inputs: Input String insert_infiSTARLog:A3_EXILE_PROCESSREPORTER:V65 (30-08-2016) [processReporter] Active SQF  ["mpmissions\__cur_mp.Tanoa\JohnO_fnc_storm.sqf","mpmissions\__cur_mp.Tanoa\JohnO_fnc_storm.sqf",true,103] @ 265.689
[18:06:47:660457 --4:00] [Thread 23164] extDB2: SQL_CUSTOM_V2: Incorrect Number of Inputs: Expected: 3 Got: 2
[18:06:47:660568 --4:00] [Thread 23164] extDB2: SQL_CUSTOM_V2: Incorrect Number of Inputs: Input String insert_infiSTARLog:A3_EXILE_PROCESSREPORTER:V65 (30-08-2016) [processReporter] Active SQF  ["Wreck_Heli_Attack_01_engineExhaustSmoke1","A3\Structures_F\Wrecks\Scripts\Wreck_Heli_Attack_01.sqf",true,26] @ 265.689
[18:06:47:660586 --4:00] [Thread 23164] extDB2: SQL_CUSTOM_V2: Incorrect Number of Inputs: Expected: 3 Got: 2
[18:06:47:660683 --4:00] [Thread 23164] extDB2: SQL_CUSTOM_V2: Incorrect Number of Inputs: Input String insert_infiSTARLog:A3_EXILE_PROCESSREPORTER:V65 (30-08-2016) [processReporter] Active SQF  ["Wreck_Heli_Attack_01_engineExhaustSmoke2","A3\Structures_F\Wrecks\Scripts\Wreck_Heli_Attack_01.sqf",true,53] @ 265.689
[18:06:47:660701 --4:00] [Thread 23164] extDB2: SQL_CUSTOM_V2: Incorrect Number of Inputs: Expected: 3 Got: 2
[18:06:47:660795 --4:00] [Thread 23164] extDB2: SQL_CUSTOM_V2: Incorrect Number of Inputs: Input String insert_infiSTARLog:A3_EXILE_PROCESSREPORTER:V65 (30-08-2016) [processReporter] Active SQF  ["Wreck_Heli_Attack_01_avionicsSparks1","A3\Structures_F\Wrecks\Scripts\Wreck_Heli_Attack_01.sqf",true,82] @ 265.689
[18:06:47:660813 --4:00] [Thread 23164] extDB2: SQL_CUSTOM_V2: Incorrect Number of Inputs: Expected: 3 Got: 2
[18:06:47:660907 --4:00] [Thread 23164] extDB2: SQL_CUSTOM_V2: Incorrect Number of Inputs: Input String insert_infiSTARLog:A3_EXILE_PROCESSREPORTER:V65 (30-08-2016) [processReporter] Active SQF  ["Wreck_Heli_Attack_01_avionicsSparks2","A3\Structures_F\Wrecks\Scripts\Wreck_Heli_Attack_01.sqf",true,115] @ 265.689
[18:06:47:660925 --4:00] [Thread 23164] extDB2: SQL_CUSTOM_V2: Incorrect Number of Inputs: Expected: 3 Got: 2
[18:06:47:661019 --4:00] [Thread 23164] extDB2: SQL_CUSTOM_V2: Incorrect Number of Inputs: Input String insert_infiSTARLog:A3_EXILE_PROCESSREPORTER:V65 (30-08-2016) [processReporter] Active SQF  ["Wreck_Heli_Attack_01_avionicsSparks3","A3\Structures_F\Wrecks\Scripts\Wreck_Heli_Attack_01.sqf",true,148] @ 265.689
[18:06:47:661038 --4:00] [Thread 23164] extDB2: SQL_CUSTOM_V2: Incorrect Number of Inputs: Expected: 3 Got: 2
[18:06:47:679467 --4:00] [Thread 23164] extDB2: SQL_CUSTOM_V2: Incorrect Number of Inputs: Input String insert_infiSTARLog:A3_EXILE_PROCESSREPORTER:V65 (30-08-2016) [processReporter] Active SQF  ["<spawn>","ExAdClient\HaloParachute\postInit.sqf [ExAd_fnc_postInitHP]",true,32] @ 265.689
[18:06:47:679508 --4:00] [Thread 23164] extDB2: SQL_CUSTOM_V2: Incorrect Number of Inputs: Expected: 3 Got: 2
[18:06:47:679589 --4:00] [Thread 23164] extDB2: SQL_CUSTOM_V2: Incorrect Number of Inputs: Input String insert_infiSTARLog:A3_EXILE_PROCESSREPORTER:V65 (30-08-2016) [processReporter] Active SQF  ["<spawn>","mpmissions\__cur_mp.Tanoa\ExadClient\XM8\Apps\CHVD\config.sqf",true,47] @ 265.71
[18:06:47:679610 --4:00] [Thread 23164] extDB2: SQL_CUSTOM_V2: Incorrect Number of Inputs: Expected: 3 Got: 2
[18:06:47:679746 --4:00] [Thread 23164] extDB2: SQL_CUSTOM_V2: Incorrect Number of Inputs: Input String insert_infiSTARLog:A3_EXILE_PROCESSREPORTER:V65 (30-08-2016) [processReporter] Active SQF  ["<spawn>","ExAdClient\StatsBar\postInit.sqf [ExAd_fnc_postInitSB]",true,144] @ 265.71
[18:06:47:679765 --4:00] [Thread 23164] extDB2: SQL_CUSTOM_V2: Incorrect Number of Inputs: Expected: 3 Got: 2
[18:06:47:679860 --4:00] [Thread 23164] extDB2: SQL_CUSTOM_V2: Incorrect Number of Inputs: Input String insert_infiSTARLog:A3_EXILE_PROCESSREPORTER:V65 (30-08-2016) [processReporter] Active SQF  ["BIS_fnc_sortNum","x\addons\a3_exile_occupation\scripts\startOccupation.sqf",true,85] @ 265.71
[18:06:47:679894 --4:00] [Thread 23164] extDB2: SQL_CUSTOM_V2: Incorrect Number of Inputs: Expected: 3 Got: 2
[18:06:47:679955 --4:00] [Thread 1948] extDB2: SQL_CUSTOM_V2: Incorrect Number of Inputs: Input String insert_infiSTARLog:A3_EXILE_PROCESSREPORTER:V65 (30-08-2016) [processReporter] Active SQF  ["<spawn>","mpmissions\__cur_mp.Tanoa\IgiLoad\IgiLoadTaru.sqf",true,467] @ 265.71
[18:06:47:679989 --4:00] [Thread 1948] extDB2: SQL_CUSTOM_V2: Incorrect Number of Inputs: Expected: 3 Got: 2
[18:06:47:680088 --4:00] [Thread 1948] extDB2: SQL_CUSTOM_V2: Incorrect Number of Inputs: Input String insert_infiSTARLog:A3_EXILE_PROCESSREPORTER:V65 (30-08-2016) [processReporter] Active FSM  ["main.fsm","Wait",-265.71] @ 265.71
[18:06:47:680125 --4:00] [Thread 1948] extDB2: SQL_CUSTOM_V2: Incorrect Number of Inputs: Expected: 3 Got: 2
[18:06:47:680342 --4:00] [Thread 1948] extDB2: SQL_CUSTOM_V2: Incorrect Number of Inputs: Input String insert_infiSTARLog:A3_EXILE_PROCESSREPORTER:V65 (30-08-2016) [processReporter] Active FSM  ["missions","Waiting",-265.71] @ 265.71
[18:06:47:680369 --4:00] [Thread 1948] extDB2: SQL_CUSTOM_V2: Incorrect Number of Inputs: Expected: 3 Got: 2
[18:06:47:680445 --4:00] [Thread 1948] extDB2: SQL_CUSTOM_V2: Incorrect Number of Inputs: Input String insert_infiSTARLog:A3_EXILE_PROCESSREPORTER:V65 (30-08-2016) [processReporter] Ended @ 265.71
[18:06:47:680472 --4:00] [Thread 1948] extDB2: SQL_CUSTOM_V2: Incorrect Number of Inputs: Expected: 3 Got: 2
[18:06:54:637027 --4:00] [Thread 1948] extDB2: SQL_CUSTOM_V2: Incorrect Number of Inputs: Input String insert_infiSTARLog:A3_EXILE_OCCUPATION:V65 (30-08-2016) [OCCUPATION HeliCrashes]  Initialised at 272.666
[18:06:54:637092 --4:00] [Thread 1948] extDB2: SQL_CUSTOM_V2: Incorrect Number of Inputs: Expected: 3 Got: 2
[18:06:54:637129 --4:00] [Thread 23164] extDB2: SQL_CUSTOM_V2: Incorrect Number of Inputs: Input String insert_infiSTARLog:A3_EXILE_OCCUPATION:V65 (30-08-2016) [OCCUPATION HeliCrashes]   worldname  Tanoa crashes to spawn  5
[18:06:54:637163 --4:00] [Thread 23164] extDB2: SQL_CUSTOM_V2: Incorrect Number of Inputs: Expected: 3 Got: 2
[18:07:02:031303 --4:00] [Thread 23164] extDB2: SQL_CUSTOM_V2: Incorrect Number of Inputs: Input String insert_infiSTARLog:A3_EXILE_OCCUPATION:V65 (30-08-2016) [OCCUPATION HeliCrashes] Crash 1   Location [4238.94,3606.81,0]
[18:07:02:031353 --4:00] [Thread 23164] extDB2: SQL_CUSTOM_V2: Incorrect Number of Inputs: Expected: 3 Got: 2
[18:07:02:735676 --4:00] [Thread 23164] extDB2: SQL_CUSTOM_V2: Incorrect Number of Inputs: Input String insert_infiSTARLog:A3_EXILE_OCCUPATION:V65 (30-08-2016) [OCCUPATION FastNights]   Current in game time is 15 34 multipler is 4
[18:07:02:735734 --4:00] [Thread 23164] extDB2: SQL_CUSTOM_V2: Incorrect Number of Inputs: Expected: 3 Got: 2
[18:07:03:350987 --4:00] [Thread 23164] extDB2: SQL_CUSTOM_V2: Incorrect Number of Inputs: Input String insert_infiSTARLog:A3_EXILE_OCCUPATION:V65 (30-08-2016) [OCCUPATION HeliCrashes] Crash 2   Location [3366.57,11875.5,0]
[18:07:03:351060 --4:00] [Thread 23164] extDB2: SQL_CUSTOM_V2: Incorrect Number of Inputs: Expected: 3 Got: 2
[18:07:04:673863 --4:00] [Thread 23164] extDB2: SQL_CUSTOM_V2: Incorrect Number of Inputs: Input String insert_infiSTARLog:A3_EXILE_OCCUPATION:V65 (30-08-2016) [OCCUPATION HeliCrashes] Crash 3   Location [9322.61,7424.59,0]
[18:07:04:673923 --4:00] [Thread 23164] extDB2: SQL_CUSTOM_V2: Incorrect Number of Inputs: Expected: 3 Got: 2
[18:07:06:968807 --4:00] [Thread 23164] extDB2: SQL_CUSTOM_V2: Incorrect Number of Inputs: Input String insert_infiSTARLog:A3_EXILE_OCCUPATION:V65 (30-08-2016) [OCCUPATION HeliCrashes] Crash 4   Location [4120.12,11895.7,0]
[18:07:06:968866 --4:00] [Thread 23164] extDB2: SQL_CUSTOM_V2: Incorrect Number of Inputs: Expected: 3 Got: 2
[18:07:08:272584 --4:00] [Thread 23164] extDB2: SQL_CUSTOM_V2: Incorrect Number of Inputs: Input String insert_infiSTARLog:A3_EXILE_OCCUPATION:V65 (30-08-2016) [OCCUPATION HeliCrashes] Crash 5   Location [9340.8,3634.51,0]
[18:07:08:272641 --4:00] [Thread 23164] extDB2: SQL_CUSTOM_V2: Incorrect Number of Inputs: Expected: 3 Got: 2
[18:07:17:796076 --4:00] [Thread 23164] extDB2: SQL_CUSTOM_V2: Incorrect Number of Inputs: Input String insert_infiSTARLog:A3_EXILE_OCCUPATION:V65 (30-08-2016) [OCCUPATION RandomSpawn]  Starting Occupation Monitor @ 295.825
[18:07:17:796139 --4:00] [Thread 23164] extDB2: SQL_CUSTOM_V2: Incorrect Number of Inputs: Expected: 3 Got: 2
[18:07:47:985535 --4:00] [Thread 23164] extDB2: SQL_CUSTOM_V2: Incorrect Number of Inputs: Input String insert_infiSTARLog:A3_EXILE_PROCESSREPORTER:V65 (30-08-2016) =======================================================================================================
[18:07:47:985678 --4:00] [Thread 23164] extDB2: SQL_CUSTOM_V2: Incorrect Number of Inputs: Expected: 3 Got: 2
[18:07:47:985708 --4:00] [Thread 1948] extDB2: SQL_CUSTOM_V2: Incorrect Number of Inputs: Input String insert_infiSTARLog:A3_EXILE_PROCESSREPORTER:V65 (30-08-2016) [processReporter] Started @ 325.96   [FPS  47.619|PLAYERS  0|THREADS  21]
[18:07:47:985729 --4:00] [Thread 1948] extDB2: SQL_CUSTOM_V2: Incorrect Number of Inputs: Expected: 3 Got: 2
[18:07:47:985791 --4:00] [Thread 23164] extDB2: SQL_CUSTOM_V2: Incorrect Number of Inputs: Input String insert_infiSTARLog:A3_EXILE_PROCESSREPORTER:V65 (30-08-2016) =======================================================================================================
[18:07:47:985819 --4:00] [Thread 23164] extDB2: SQL_CUSTOM_V2: Incorrect Number of Inputs: Expected: 3 Got: 2
[18:07:47:985952 --4:00] [Thread 23164] extDB2: SQL_CUSTOM_V2: Incorrect Number of Inputs: Input String insert_infiSTARLog:A3_EXILE_PROCESSREPORTER:V65 (30-08-2016) [processReporter] Process Counts  spawn-ed  15 execVM-ed  6 exec-ed  0 execFSM-ed  2
[18:07:47:985987 --4:00] [Thread 23164] extDB2: SQL_CUSTOM_V2: Incorrect Number of Inputs: Expected: 3 Got: 2
[18:07:47:986124 --4:00] [Thread 23164] extDB2: SQL_CUSTOM_V2: Incorrect Number of Inputs: Input String insert_infiSTARLog:A3_EXILE_PROCESSREPORTER:V65 (30-08-2016) [processReporter] Active SQF  ["<spawn>","",true,5124] @ 325.96
[18:07:47:986158 --4:00] [Thread 23164] extDB2: SQL_CUSTOM_V2: Incorrect Number of Inputs: Expected: 3 Got: 2
[18:07:47:986233 --4:00] [Thread 1948] extDB2: SQL_CUSTOM_V2: Incorrect Number of Inputs: Input String insert_infiSTARLog:A3_EXILE_PROCESSREPORTER:V65 (30-08-2016) [processReporter] Active SQF  ["mpmissions\__cur_mp.Tanoa\ground_fog.sqf","mpmissions\__cur_mp.Tanoa\ground_fog.sqf",true,4] @ 325.96
[18:07:47:986267 --4:00] [Thread 1948] extDB2: SQL_CUSTOM_V2: Incorrect Number of Inputs: Expected: 3 Got: 2
[18:07:47:986353 --4:00] [Thread 23164] extDB2: SQL_CUSTOM_V2: Incorrect Number of Inputs: Input String insert_infiSTARLog:A3_EXILE_PROCESSREPORTER:V65 (30-08-2016) [processReporter] Active SQF  ["mpmissions\__cur_mp.Tanoa\IgiLoad\IgiLoadInit.sqf","mpmissions\__cur_mp.Tanoa\IgiLoad\IgiLoadInit.sqf",true,35] @ 325.96
[18:07:47:986387 --4:00] [Thread 23164] extDB2: SQL_CUSTOM_V2: Incorrect Number of Inputs: Expected: 3 Got: 2
[18:07:47:986456 --4:00] [Thread 1948] extDB2: SQL_CUSTOM_V2: Incorrect Number of Inputs: Input String insert_infiSTARLog:A3_EXILE_PROCESSREPORTER:V65 (30-08-2016) [processReporter] Active SQF  ["mpmissions\__cur_mp.Tanoa\ToastIntro.sqf","mpmissions\__cur_mp.Tanoa\ToastIntro.sqf",true,6] @ 325.96
[18:07:47:986494 --4:00] [Thread 1948] extDB2: SQL_CUSTOM_V2: Incorrect Number of Inputs: Expected: 3 Got: 2
[18:07:47:986577 --4:00] [Thread 23164] extDB2: SQL_CUSTOM_V2: Incorrect Number of Inputs: Input String insert_infiSTARLog:A3_EXILE_PROCESSREPORTER:V65 (30-08-2016) [processReporter] Active SQF  ["mpmissions\__cur_mp.Tanoa\custom\service\service_point.sqf","mpmissions\__cur_mp.Tanoa\custom\service\service_point.sqf",true,217] @ 325.96
[18:07:47:986623 --4:00] [Thread 23164] extDB2: SQL_CUSTOM_V2: Incorrect Number of Inputs: Expected: 3 Got: 2
[18:07:47:986728 --4:00] [Thread 1948] extDB2: SQL_CUSTOM_V2: Incorrect Number of Inputs: Input String insert_infiSTARLog:A3_EXILE_PROCESSREPORTER:V65 (30-08-2016) [processReporter] Active SQF  ["<spawn>","\ATS_AdvancedTrainSimulator\functions\fn_advancedTrainSimulatorInit.sqf [SA_fnc_advancedTrainSimulatorInit]",true,1253] @ 325.96
[18:07:47:986759 --4:00] [Thread 1948] extDB2: SQL_CUSTOM_V2: Incorrect Number of Inputs: Expected: 3 Got: 2
[18:07:47:986812 --4:00] [Thread 1948] extDB2: SQL_CUSTOM_V2: Incorrect Number of Inputs: Input String insert_infiSTARLog:A3_EXILE_PROCESSREPORTER:V65 (30-08-2016) [processReporter] Active SQF  ["<spawn>","\ATS_AdvancedTrainSimulator\functions\fn_advancedTrainSimulatorInit.sqf [SA_fnc_advancedTrainSimulatorInit]",true,2394] @ 325.96
[18:07:47:986822 --4:00] [Thread 1948] extDB2: SQL_CUSTOM_V2: Incorrect Number of Inputs: Expected: 3 Got: 2
[18:07:47:986971 --4:00] [Thread 1948] extDB2: SQL_CUSTOM_V2: Incorrect Number of Inputs: Input String insert_infiSTARLog:A3_EXILE_PROCESSREPORTER:V65 (30-08-2016) [processReporter] Active SQF  ["<spawn>","\ATS_AdvancedTrainSimulator\functions\fn_advancedTrainSimulatorInit.sqf [SA_fnc_advancedTrainSimulatorInit]",true,2407] @ 325.96
[18:07:47:987004 --4:00] [Thread 1948] extDB2: SQL_CUSTOM_V2: Incorrect Number of Inputs: Expected: 3 Got: 2
[18:07:47:987083 --4:00] [Thread 23164] extDB2: SQL_CUSTOM_V2: Incorrect Number of Inputs: Input String insert_infiSTARLog:A3_EXILE_PROCESSREPORTER:V65 (30-08-2016) [processReporter] Active SQF  ["<spawn>","\ATS_AdvancedTrainSimulator\functions\fn_advancedTrainSimulatorInit.sqf [SA_fnc_advancedTrainSimulatorInit]",true,2422] @ 325.96
[18:07:47:987116 --4:00] [Thread 23164] extDB2: SQL_CUSTOM_V2: Incorrect Number of Inputs: Expected: 3 Got: 2
[18:07:47:987198 --4:00] [Thread 1948] extDB2: SQL_CUSTOM_V2: Incorrect Number of Inputs: Input String insert_infiSTARLog:A3_EXILE_PROCESSREPORTER:V65 (30-08-2016) [processReporter] Active SQF  ["DMS_fnc_HeliParatroopers_Monitor","x\addons\a3_exile_occupation\scripts\extras\processReporter.sqf",true,25] @ 325.96
[18:07:47:987231 --4:00] [Thread 1948] extDB2: SQL_CUSTOM_V2: Incorrect Number of Inputs: Expected: 3 Got: 2
[18:07:47:987304 --4:00] [Thread 23164] extDB2: SQL_CUSTOM_V2: Incorrect Number of Inputs: Input String insert_infiSTARLog:A3_EXILE_PROCESSREPORTER:V65 (30-08-2016) [processReporter] Active SQF  ["mpmissions\__cur_mp.Tanoa\JohnO_fnc_storm.sqf","mpmissions\__cur_mp.Tanoa\JohnO_fnc_storm.sqf",true,103] @ 325.96
[18:07:47:987338 --4:00] [Thread 23164] extDB2: SQL_CUSTOM_V2: Incorrect Number of Inputs: Expected: 3 Got: 2
[18:07:47:987414 --4:00] [Thread 1948] extDB2: SQL_CUSTOM_V2: Incorrect Number of Inputs: Input String insert_infiSTARLog:A3_EXILE_PROCESSREPORTER:V65 (30-08-2016) [processReporter] Active SQF  ["Wreck_Heli_Attack_01_engineExhaustSmoke1","A3\Structures_F\Wrecks\Scripts\Wreck_Heli_Attack_01.sqf",true,26] @ 325.96
[18:07:47:987447 --4:00] [Thread 1948] extDB2: SQL_CUSTOM_V2: Incorrect Number of Inputs: Expected: 3 Got: 2
[18:07:47:987521 --4:00] [Thread 23164] extDB2: SQL_CUSTOM_V2: Incorrect Number of Inputs: Input String insert_infiSTARLog:A3_EXILE_PROCESSREPORTER:V65 (30-08-2016) [processReporter] Active SQF  ["Wreck_Heli_Attack_01_engineExhaustSmoke2","A3\Structures_F\Wrecks\Scripts\Wreck_Heli_Attack_01.sqf",true,53] @ 325.96
[18:07:47:987557 --4:00] [Thread 23164] extDB2: SQL_CUSTOM_V2: Incorrect Number of Inputs: Expected: 3 Got: 2
[18:07:47:987641 --4:00] [Thread 1948] extDB2: SQL_CUSTOM_V2: Incorrect Number of Inputs: Input String insert_infiSTARLog:A3_EXILE_PROCESSREPORTER:V65 (30-08-2016) [processReporter] Active SQF  ["Wreck_Heli_Attack_01_avionicsSparks1","A3\Structures_F\Wrecks\Scripts\Wreck_Heli_Attack_01.sqf",true,82] @ 325.96
[18:07:47:987674 --4:00] [Thread 1948] extDB2: SQL_CUSTOM_V2: Incorrect Number of Inputs: Expected: 3 Got: 2
[18:07:47:987870 --4:00] [Thread 1948] extDB2: SQL_CUSTOM_V2: Incorrect Number of Inputs: Input String insert_infiSTARLog:A3_EXILE_PROCESSREPORTER:V65 (30-08-2016) [processReporter] Active SQF  ["Wreck_Heli_Attack_01_avionicsSparks2","A3\Structures_F\Wrecks\Scripts\Wreck_Heli_Attack_01.sqf",true,109] @ 325.96
[18:07:47:987886 --4:00] [Thread 1948] extDB2: SQL_CUSTOM_V2: Incorrect Number of Inputs: Expected: 3 Got: 2
[18:07:47:987916 --4:00] [Thread 1948] extDB2: SQL_CUSTOM_V2: Incorrect Number of Inputs: Input String insert_infiSTARLog:A3_EXILE_PROCESSREPORTER:V65 (30-08-2016) [processReporter] Active SQF  ["Wreck_Heli_Attack_01_avionicsSparks3","A3\Structures_F\Wrecks\Scripts\Wreck_Heli_Attack_01.sqf",true,148] @ 325.96
[18:07:47:987925 --4:00] [Thread 1948] extDB2: SQL_CUSTOM_V2: Incorrect Number of Inputs: Expected: 3 Got: 2
[18:07:47:988035 --4:00] [Thread 1948] extDB2: SQL_CUSTOM_V2: Incorrect Number of Inputs: Input String insert_infiSTARLog:A3_EXILE_PROCESSREPORTER:V65 (30-08-2016) [processReporter] Active SQF  ["<spawn>","ExAdClient\HaloParachute\postInit.sqf [ExAd_fnc_postInitHP]",true,32] @ 325.96
[18:07:47:988054 --4:00] [Thread 1948] extDB2: SQL_CUSTOM_V2: Incorrect Number of Inputs: Expected: 3 Got: 2
[18:07:47:988144 --4:00] [Thread 1948] extDB2: SQL_CUSTOM_V2: Incorrect Number of Inputs: Input String insert_infiSTARLog:A3_EXILE_PROCESSREPORTER:V65 (30-08-2016) [processReporter] Active SQF  ["<spawn>","mpmissions\__cur_mp.Tanoa\ExadClient\XM8\Apps\CHVD\config.sqf",true,47] @ 325.96
[18:07:47:988162 --4:00] [Thread 1948] extDB2: SQL_CUSTOM_V2: Incorrect Number of Inputs: Expected: 3 Got: 2
[18:07:48:006263 --4:00] [Thread 1948] extDB2: SQL_CUSTOM_V2: Incorrect Number of Inputs: Input String insert_infiSTARLog:A3_EXILE_PROCESSREPORTER:V65 (30-08-2016) [processReporter] Active SQF  ["<spawn>","ExAdClient\StatsBar\postInit.sqf [ExAd_fnc_postInitSB]",true,144] @ 325.96
[18:07:48:006298 --4:00] [Thread 1948] extDB2: SQL_CUSTOM_V2: Incorrect Number of Inputs: Expected: 3 Got: 2
[18:07:48:006433 --4:00] [Thread 1948] extDB2: SQL_CUSTOM_V2: Incorrect Number of Inputs: Input String insert_infiSTARLog:A3_EXILE_PROCESSREPORTER:V65 (30-08-2016) [processReporter] Active SQF  ["BIS_fnc_sortNum","x\addons\a3_exile_occupation\scripts\startOccupation.sqf",true,119] @ 325.981
[18:07:48:006452 --4:00] [Thread 1948] extDB2: SQL_CUSTOM_V2: Incorrect Number of Inputs: Expected: 3 Got: 2
[18:07:48:006547 --4:00] [Thread 1948] extDB2: SQL_CUSTOM_V2: Incorrect Number of Inputs: Input String insert_infiSTARLog:A3_EXILE_PROCESSREPORTER:V65 (30-08-2016) [processReporter] Active SQF  ["<spawn>","mpmissions\__cur_mp.Tanoa\IgiLoad\IgiLoadTaru.sqf",true,467] @ 325.981
[18:07:48:006581 --4:00] [Thread 1948] extDB2: SQL_CUSTOM_V2: Incorrect Number of Inputs: Expected: 3 Got: 2
[18:07:48:006687 --4:00] [Thread 1948] extDB2: SQL_CUSTOM_V2: Incorrect Number of Inputs: Input String insert_infiSTARLog:A3_EXILE_PROCESSREPORTER:V65 (30-08-2016) [processReporter] Active FSM  ["main.fsm","Wait",-325.981] @ 325.981
[18:07:48:006720 --4:00] [Thread 1948] extDB2: SQL_CUSTOM_V2: Incorrect Number of Inputs: Expected: 3 Got: 2
[18:07:48:006881 --4:00] [Thread 1948] extDB2: SQL_CUSTOM_V2: Incorrect Number of Inputs: Input String insert_infiSTARLog:A3_EXILE_PROCESSREPORTER:V65 (30-08-2016) [processReporter] Active FSM  ["missions","Waiting",-325.981] @ 325.981
[18:07:48:006975 --4:00] [Thread 23164] extDB2: SQL_CUSTOM_V2: Incorrect Number of Inputs: Input String insert_infiSTARLog:A3_EXILE_PROCESSREPORTER:V65 (30-08-2016) [processReporter] Ended @ 325.981
[18:07:48:007020 --4:00] [Thread 23164] extDB2: SQL_CUSTOM_V2: Incorrect Number of Inputs: Expected: 3 Got: 2
[18:07:48:006982 --4:00] [Thread 1948] extDB2: SQL_CUSTOM_V2: Incorrect Number of Inputs: Expected: 3 Got: 2
[18:08:02:434129 --4:00] [Thread 23164] extDB2: SQL_CUSTOM_V2: Incorrect Number of Inputs: Input String insert_infiSTARLog:CONNECTLOG:#0 Connected  Donkey Ogreland(76561198072241690 - 3)
[18:08:02:434175 --4:00] [Thread 23164] extDB2: SQL_CUSTOM_V2: Incorrect Number of Inputs: Expected: 3 Got: 2
[18:08:02:434500 --4:00] [Thread 23164] extDB2: SQL_CUSTOM_V2: Incorrect Number of Inputs: Input String insert_infiSTARLog:TOKENLOG:TOKEN [d8kjpbzcz50b4sz6a] FOR Donkey Ogreland(76561198072241690) OWNER ID  3
[18:08:02:434520 --4:00] [Thread 23164] extDB2: SQL_CUSTOM_V2: Incorrect Number of Inputs: Expected: 3 Got: 2
[18:08:03:110314 --4:00] [Thread 1948] extDB2: SQL_CUSTOM_V2: Incorrect Number of Inputs: Input String insert_infiSTARLog:A3_EXILE_OCCUPATION:V65 (30-08-2016) [OCCUPATION FastNights]   Current in game time is 15 38 multipler is 4
[18:08:03:110366 --4:00] [Thread 1948] extDB2: SQL_CUSTOM_V2: Incorrect Number of Inputs: Expected: 3 Got: 2
[18:08:04:531212 --4:00] [Thread 1948] extDB2: SQL_CUSTOM_V2: Incorrect Number of Inputs: Input String insert_infiSTARLog:CONNECTLOG:#1 Connected  Donkey Ogreland(76561198072241690 - 3) SteamName  Yeller   [UpTime  0h 5min 42s - ServerFPS  47.7612]
[18:08:04:531273 --4:00] [Thread 1948] extDB2: SQL_CUSTOM_V2: Incorrect Number of Inputs: Expected: 3 Got: 2
[18:08:08:321137 --4:00] [Thread 1948] extDB2: SQL_CUSTOM_V2: Incorrect Number of Inputs: Input String insert_infiSTARLog:A3_EXILE_OCCUPATION:V65 (30-08-2016) [OCCUPATION transport]  Starting @ 346.295
[18:08:08:321190 --4:00] [Thread 1948] extDB2: SQL_CUSTOM_V2: Incorrect Number of Inputs: Expected: 3 Got: 2
[18:08:08:658230 --4:00] [Thread 1948] extDB2: SQL_CUSTOM_V2: Incorrect Number of Inputs: Input String insert_infiSTARLog:A3_EXILE_OCCUPATION:V65 (30-08-2016) [OCCUPATION transport] Vehicle Exile_Chopper_Orca_BlackCustom spawned @ [7680,7680,200]
[18:08:08:658274 --4:00] [Thread 1948] extDB2: SQL_CUSTOM_V2: Incorrect Number of Inputs: Expected: 3 Got: 2
[18:08:08:658338 --4:00] [Thread 1948] extDB2: SQL_CUSTOM_V2: Incorrect Number of Inputs: Input String insert_infiSTARLog:A3_EXILE_OCCUPATION:V65 (30-08-2016) [OCCUPATION transport]  Found 5 markers to use as pickup points @ 346.63
[18:08:08:658359 --4:00] [Thread 1948] extDB2: SQL_CUSTOM_V2: Incorrect Number of Inputs: Expected: 3 Got: 2
[18:08:08:658460 --4:00] [Thread 1948] extDB2: SQL_CUSTOM_V2: Incorrect Number of Inputs: Input String insert_infiSTARLog:A3_EXILE_OCCUPATION:V65 (30-08-2016) [OCCUPATION transport]  textures for vehicle are  ["a3\air_f_heli\heli_light_02\data\heli_light_02_ext_opfor_v2_co.paa"]
[18:08:08:658476 --4:00] [Thread 1948] extDB2: SQL_CUSTOM_V2: Incorrect Number of Inputs: Expected: 3 Got: 2
[18:08:18:181619 --4:00] [Thread 1948] extDB2: SQL_CUSTOM_V2: Incorrect Number of Inputs: Input String insert_infiSTARLog:A3_EXILE_OCCUPATION:V65 (30-08-2016) [OCCUPATION RandomSpawn]  Starting Occupation Monitor @ 356.154
[18:08:18:181663 --4:00] [Thread 1948] extDB2: SQL_CUSTOM_V2: Incorrect Number of Inputs: Expected: 3 Got: 2
[18:08:23:300660 --4:00] [Thread 1948] extDB2: SQL_CUSTOM_V2: Incorrect Number of Inputs: Input String insert_infiSTARLog:A3_EXILE_OCCUPATION:V65 (30-08-2016) [OCCUPATION]  threads added at 361.213
[18:08:23:300727 --4:00] [Thread 1948] extDB2: SQL_CUSTOM_V2: Incorrect Number of Inputs: Expected: 3 Got: 2
[18:08:27:900563 --4:00] [Thread 1948] extDB2: SQL_CUSTOM_V2: Incorrect Number of Inputs: Input String insert_infiSTARLog:netids:Donkey Ogreland(76561198072241690) - R Alpha 1-1 1 (Donkey Ogreland) REMOTE, Exile_Unit_GhostPlayer - 2 7012 - 3
[18:08:27:900610 --4:00] [Thread 1948] extDB2: SQL_CUSTOM_V2: Incorrect Number of Inputs: Expected: 3 Got: 2
[18:08:48:309284 --4:00] [Thread 1948] extDB2: SQL_CUSTOM_V2: Incorrect Number of Inputs: Input String insert_infiSTARLog:A3_EXILE_PROCESSREPORTER:V65 (30-08-2016) =======================================================================================================
[18:08:48:309342 --4:00] [Thread 1948] extDB2: SQL_CUSTOM_V2: Incorrect Number of Inputs: Expected: 3 Got: 2
[18:08:48:309446 --4:00] [Thread 1948] extDB2: SQL_CUSTOM_V2: Incorrect Number of Inputs: Input String insert_infiSTARLog:A3_EXILE_PROCESSREPORTER:V65 (30-08-2016) [processReporter] Started @ 386.224   [FPS  47.619|PLAYERS  1|THREADS  22]
[18:08:48:309462 --4:00] [Thread 1948] extDB2: SQL_CUSTOM_V2: Incorrect Number of Inputs: Expected: 3 Got: 2
[18:08:48:309543 --4:00] [Thread 1948] extDB2: SQL_CUSTOM_V2: Incorrect Number of Inputs: Input String insert_infiSTARLog:A3_EXILE_PROCESSREPORTER:V65 (30-08-2016) =======================================================================================================
[18:08:48:309559 --4:00] [Thread 1948] extDB2: SQL_CUSTOM_V2: Incorrect Number of Inputs: Expected: 3 Got: 2
[18:08:48:309720 --4:00] [Thread 1948] extDB2: SQL_CUSTOM_V2: Incorrect Number of Inputs: Input String insert_infiSTARLog:A3_EXILE_PROCESSREPORTER:V65 (30-08-2016) [processReporter] Process Counts  spawn-ed  16 execVM-ed  6 exec-ed  0 execFSM-ed  2
[18:08:48:309736 --4:00] [Thread 1948] extDB2: SQL_CUSTOM_V2: Incorrect Number of Inputs: Expected: 3 Got: 2
[18:08:48:309784 --4:00] [Thread 1948] extDB2: SQL_CUSTOM_V2: Incorrect Number of Inputs: Input String insert_infiSTARLog:A3_EXILE_PROCESSREPORTER:V65 (30-08-2016) [processReporter] Active SQF  ["<spawn>","",true,5124] @ 386.224
[18:08:48:309800 --4:00] [Thread 1948] extDB2: SQL_CUSTOM_V2: Incorrect Number of Inputs: Expected: 3 Got: 2
[18:08:48:309951 --4:00] [Thread 1948] extDB2: SQL_CUSTOM_V2: Incorrect Number of Inputs: Input String insert_infiSTARLog:A3_EXILE_PROCESSREPORTER:V65 (30-08-2016) [processReporter] Active SQF  ["mpmissions\__cur_mp.Tanoa\ground_fog.sqf","mpmissions\__cur_mp.Tanoa\ground_fog.sqf",true,4] @ 386.224
[18:08:48:309968 --4:00] [Thread 1948] extDB2: SQL_CUSTOM_V2: Incorrect Number of Inputs: Expected: 3 Got: 2
[18:08:48:310035 --4:00] [Thread 1948] extDB2: SQL_CUSTOM_V2: Incorrect Number of Inputs: Input String insert_infiSTARLog:A3_EXILE_PROCESSREPORTER:V65 (30-08-2016) [processReporter] Active SQF  ["mpmissions\__cur_mp.Tanoa\IgiLoad\IgiLoadInit.sqf","mpmissions\__cur_mp.Tanoa\IgiLoad\IgiLoadInit.sqf",true,35] @ 386.224
[18:08:48:310051 --4:00] [Thread 1948] extDB2: SQL_CUSTOM_V2: Incorrect Number of Inputs: Expected: 3 Got: 2
[18:08:48:310200 --4:00] [Thread 1948] extDB2: SQL_CUSTOM_V2: Incorrect Number of Inputs: Input String insert_infiSTARLog:A3_EXILE_PROCESSREPORTER:V65 (30-08-2016) [processReporter] Active SQF  ["mpmissions\__cur_mp.Tanoa\ToastIntro.sqf","mpmissions\__cur_mp.Tanoa\ToastIntro.sqf",true,6] @ 386.224
[18:08:48:310216 --4:00] [Thread 1948] extDB2: SQL_CUSTOM_V2: Incorrect Number of Inputs: Expected: 3 Got: 2
[18:08:48:310294 --4:00] [Thread 1948] extDB2: SQL_CUSTOM_V2: Incorrect Number of Inputs: Input String insert_infiSTARLog:A3_EXILE_PROCESSREPORTER:V65 (30-08-2016) [processReporter] Active SQF  ["mpmissions\__cur_mp.Tanoa\custom\service\service_point.sqf","mpmissions\__cur_mp.Tanoa\custom\service\service_point.sqf",true,217] @ 386.224
[18:08:48:310307 --4:00] [Thread 1948] extDB2: SQL_CUSTOM_V2: Incorrect Number of Inputs: Expected: 3 Got: 2
[18:08:48:310409 --4:00] [Thread 1948] extDB2: SQL_CUSTOM_V2: Incorrect Number of Inputs: Input String insert_infiSTARLog:A3_EXILE_PROCESSREPORTER:V65 (30-08-2016) [processReporter] Active SQF  ["<spawn>","\ATS_AdvancedTrainSimulator\functions\fn_advancedTrainSimulatorInit.sqf [SA_fnc_advancedTrainSimulatorInit]",true,1253] @ 386.224
[18:08:48:310418 --4:00] [Thread 1948] extDB2: SQL_CUSTOM_V2: Incorrect Number of Inputs: Expected: 3 Got: 2
[18:08:48:310524 --4:00] [Thread 1948] extDB2: SQL_CUSTOM_V2: Incorrect Number of Inputs: Input String insert_infiSTARLog:A3_EXILE_PROCESSREPORTER:V65 (30-08-2016) [processReporter] Active SQF  ["<spawn>","\ATS_AdvancedTrainSimulator\functions\fn_advancedTrainSimulatorInit.sqf [SA_fnc_advancedTrainSimulatorInit]",true,2394] @ 386.224
[18:08:48:310536 --4:00] [Thread 1948] extDB2: SQL_CUSTOM_V2: Incorrect Number of Inputs: Expected: 3 Got: 2
[18:08:48:310663 --4:00] [Thread 1948] extDB2: SQL_CUSTOM_V2: Incorrect Number of Inputs: Input String insert_infiSTARLog:A3_EXILE_PROCESSREPORTER:V65 (30-08-2016) [processReporter] Active SQF  ["<spawn>","\ATS_AdvancedTrainSimulator\functions\fn_advancedTrainSimulatorInit.sqf [SA_fnc_advancedTrainSimulatorInit]",true,2407] @ 386.224
[18:08:48:310673 --4:00] [Thread 1948] extDB2: SQL_CUSTOM_V2: Incorrect Number of Inputs: Expected: 3 Got: 2
[18:08:48:310759 --4:00] [Thread 1948] extDB2: SQL_CUSTOM_V2: Incorrect Number of Inputs: Input String insert_infiSTARLog:A3_EXILE_PROCESSREPORTER:V65 (30-08-2016) [processReporter] Active SQF  ["<spawn>","\ATS_AdvancedTrainSimulator\functions\fn_advancedTrainSimulatorInit.sqf [SA_fnc_advancedTrainSimulatorInit]",true,2422] @ 386.224
[18:08:48:310768 --4:00] [Thread 1948] extDB2: SQL_CUSTOM_V2: Incorrect Number of Inputs: Expected: 3 Got: 2
[18:08:48:310872 --4:00] [Thread 1948] extDB2: SQL_CUSTOM_V2: Incorrect Number of Inputs: Input String insert_infiSTARLog:A3_EXILE_PROCESSREPORTER:V65 (30-08-2016) [processReporter] Active SQF  ["DMS_fnc_HeliParatroopers_Monitor","x\addons\a3_exile_occupation\scripts\extras\processReporter.sqf",true,25] @ 386.224
[18:08:48:310881 --4:00] [Thread 1948] extDB2: SQL_CUSTOM_V2: Incorrect Number of Inputs: Expected: 3 Got: 2
[18:08:48:310984 --4:00] [Thread 1948] extDB2: SQL_CUSTOM_V2: Incorrect Number of Inputs: Input String insert_infiSTARLog:A3_EXILE_PROCESSREPORTER:V65 (30-08-2016) [processReporter] Active SQF  ["mpmissions\__cur_mp.Tanoa\JohnO_fnc_storm.sqf","mpmissions\__cur_mp.Tanoa\JohnO_fnc_storm.sqf",true,103] @ 386.224
[18:08:48:310993 --4:00] [Thread 1948] extDB2: SQL_CUSTOM_V2: Incorrect Number of Inputs: Expected: 3 Got: 2
[18:08:48:311171 --4:00] [Thread 1948] extDB2: SQL_CUSTOM_V2: Incorrect Number of Inputs: Input String insert_infiSTARLog:A3_EXILE_PROCESSREPORTER:V65 (30-08-2016) [processReporter] Active SQF  ["Wreck_Heli_Attack_01_engineExhaustSmoke1","A3\Structures_F\Wrecks\Scripts\Wreck_Heli_Attack_01.sqf",true,26] @ 386.224
[18:08:48:311181 --4:00] [Thread 1948] extDB2: SQL_CUSTOM_V2: Incorrect Number of Inputs: Expected: 3 Got: 2
[18:08:48:311296 --4:00] [Thread 1948] extDB2: SQL_CUSTOM_V2: Incorrect Number of Inputs: Input String insert_infiSTARLog:A3_EXILE_PROCESSREPORTER:V65 (30-08-2016) [processReporter] Active SQF  ["Wreck_Heli_Attack_01_engineExhaustSmoke2","A3\Structures_F\Wrecks\Scripts\Wreck_Heli_Attack_01.sqf",true,53] @ 386.224
[18:08:48:311306 --4:00] [Thread 1948] extDB2: SQL_CUSTOM_V2: Incorrect Number of Inputs: Expected: 3 Got: 2
[18:08:48:311419 --4:00] [Thread 1948] extDB2: SQL_CUSTOM_V2: Incorrect Number of Inputs: Input String insert_infiSTARLog:A3_EXILE_PROCESSREPORTER:V65 (30-08-2016) [processReporter] Active SQF  ["Wreck_Heli_Attack_01_avionicsSparks1","A3\Structures_F\Wrecks\Scripts\Wreck_Heli_Attack_01.sqf",true,78] @ 386.224
[18:08:48:311428 --4:00] [Thread 1948] extDB2: SQL_CUSTOM_V2: Incorrect Number of Inputs: Expected: 3 Got: 2
[18:08:48:311561 --4:00] [Thread 1948] extDB2: SQL_CUSTOM_V2: Incorrect Number of Inputs: Input String insert_infiSTARLog:A3_EXILE_PROCESSREPORTER:V65 (30-08-2016) [processReporter] Active SQF  ["Wreck_Heli_Attack_01_avionicsSparks2","A3\Structures_F\Wrecks\Scripts\Wreck_Heli_Attack_01.sqf",true,115] @ 386.224
[18:08:48:311569 --4:00] [Thread 1948] extDB2: SQL_CUSTOM_V2: Incorrect Number of Inputs: Expected: 3 Got: 2
[18:08:48:311647 --4:00] [Thread 1948] extDB2: SQL_CUSTOM_V2: Incorrect Number of Inputs: Input String insert_infiSTARLog:A3_EXILE_PROCESSREPORTER:V65 (30-08-2016) [processReporter] Active SQF  ["Wreck_Heli_Attack_01_avionicsSparks3","A3\Structures_F\Wrecks\Scripts\Wreck_Heli_Attack_01.sqf",true,148] @ 386.224
[18:08:48:311658 --4:00] [Thread 1948] extDB2: SQL_CUSTOM_V2: Incorrect Number of Inputs: Expected: 3 Got: 2
[18:08:48:311758 --4:00] [Thread 1948] extDB2: SQL_CUSTOM_V2: Incorrect Number of Inputs: Input String insert_infiSTARLog:A3_EXILE_PROCESSREPORTER:V65 (30-08-2016) [processReporter] Active SQF  ["<spawn>","ExAdClient\HaloParachute\postInit.sqf [ExAd_fnc_postInitHP]",true,32] @ 386.224
[18:08:48:311768 --4:00] [Thread 1948] extDB2: SQL_CUSTOM_V2: Incorrect Number of Inputs: Expected: 3 Got: 2
[18:08:48:311882 --4:00] [Thread 1948] extDB2: SQL_CUSTOM_V2: Incorrect Number of Inputs: Input String insert_infiSTARLog:A3_EXILE_PROCESSREPORTER:V65 (30-08-2016) [processReporter] Active SQF  ["<spawn>","mpmissions\__cur_mp.Tanoa\ExadClient\XM8\Apps\CHVD\config.sqf",true,47] @ 386.224
[18:08:48:311891 --4:00] [Thread 1948] extDB2: SQL_CUSTOM_V2: Incorrect Number of Inputs: Expected: 3 Got: 2
[18:08:48:332192 --4:00] [Thread 1948] extDB2: SQL_CUSTOM_V2: Incorrect Number of Inputs: Input String insert_infiSTARLog:A3_EXILE_PROCESSREPORTER:V65 (30-08-2016) [processReporter] Active SQF  ["<spawn>","ExAdClient\StatsBar\postInit.sqf [ExAd_fnc_postInitSB]",true,144] @ 386.224
[18:08:48:332232 --4:00] [Thread 1948] extDB2: SQL_CUSTOM_V2: Incorrect Number of Inputs: Expected: 3 Got: 2
[18:08:48:332376 --4:00] [Thread 1948] extDB2: SQL_CUSTOM_V2: Incorrect Number of Inputs: Input String insert_infiSTARLog:A3_EXILE_PROCESSREPORTER:V65 (30-08-2016) [processReporter] Active SQF  ["<spawn>","mpmissions\__cur_mp.Tanoa\IgiLoad\IgiLoadTaru.sqf",true,467] @ 386.245
[18:08:48:332414 --4:00] [Thread 1948] extDB2: SQL_CUSTOM_V2: Incorrect Number of Inputs: Expected: 3 Got: 2
[18:08:48:332450 --4:00] [Thread 1948] extDB2: SQL_CUSTOM_V2: Incorrect Number of Inputs: Input String insert_infiSTARLog:A3_EXILE_PROCESSREPORTER:V65 (30-08-2016) [processReporter] Active SQF  ["BIS_fnc_selectRandom","x\addons\a3_exile_occupation\scripts\occupationTransport.sqf",true,306] @ 386.245
[18:08:48:332467 --4:00] [Thread 1948] extDB2: SQL_CUSTOM_V2: Incorrect Number of Inputs: Expected: 3 Got: 2
[18:08:48:332596 --4:00] [Thread 1948] extDB2: SQL_CUSTOM_V2: Incorrect Number of Inputs: Input String insert_infiSTARLog:A3_EXILE_PROCESSREPORTER:V65 (30-08-2016) [processReporter] Active SQF  ["ZCP_fnc_monitorMission","x\addons\ZCP\functions\fn_monitorMission.sqf [ZCP_fnc_monitorMission]",true,223] @ 386.245
[18:08:48:332613 --4:00] [Thread 1948] extDB2: SQL_CUSTOM_V2: Incorrect Number of Inputs: Expected: 3 Got: 2
[18:08:48:332726 --4:00] [Thread 1948] extDB2: SQL_CUSTOM_V2: Incorrect Number of Inputs: Input String insert_infiSTARLog:A3_EXILE_PROCESSREPORTER:V65 (30-08-2016) [processReporter] Active FSM  ["main.fsm","Wait",-386.245] @ 386.245
[18:08:48:332743 --4:00] [Thread 1948] extDB2: SQL_CUSTOM_V2: Incorrect Number of Inputs: Expected: 3 Got: 2
[18:08:48:332836 --4:00] [Thread 1948] extDB2: SQL_CUSTOM_V2: Incorrect Number of Inputs: Input String insert_infiSTARLog:A3_EXILE_PROCESSREPORTER:V65 (30-08-2016) [processReporter] Active FSM  ["missions","Waiting",-386.245] @ 386.245
[18:08:48:332852 --4:00] [Thread 1948] extDB2: SQL_CUSTOM_V2: Incorrect Number of Inputs: Expected: 3 Got: 2
[18:08:48:332943 --4:00] [Thread 1948] extDB2: SQL_CUSTOM_V2: Incorrect Number of Inputs: Input String insert_infiSTARLog:A3_EXILE_PROCESSREPORTER:V65 (30-08-2016) [processReporter] Ended @ 386.245
[18:08:48:332956 --4:00] [Thread 1948] extDB2: SQL_CUSTOM_V2: Incorrect Number of Inputs: Expected: 3 Got: 2
[18:09:03:448099 --4:00] [Thread 1948] extDB2: SQL_CUSTOM_V2: Incorrect Number of Inputs: Input String insert_infiSTARLog:A3_EXILE_OCCUPATION:V65 (30-08-2016) [OCCUPATION FastNights]   Current in game time is 15 42 multipler is 4
[18:09:03:448158 --4:00] [Thread 1948] extDB2: SQL_CUSTOM_V2: Incorrect Number of Inputs: Expected: 3 Got: 2
[18:09:07:309438 --4:00] [Thread 1948] extDB2: SQL_CUSTOM_V2: Incorrect Number of Inputs: Input String insert_infiSTARLog:CONNECTLOG:#2 Disconnected  Donkey Ogreland(76561198072241690 - 3) SteamName  Yeller
[18:09:07:309501 --4:00] [Thread 1948] extDB2: SQL_CUSTOM_V2: Incorrect Number of Inputs: Expected: 3 Got: 2
[18:09:18:487990 --4:00] [Thread 1948] extDB2: SQL_CUSTOM_V2: Incorrect Number of Inputs: Input String insert_infiSTARLog:A3_EXILE_OCCUPATION:V65 (30-08-2016) [OCCUPATION RandomSpawn]  Starting Occupation Monitor @ 416.349
[18:09:18:488043 --4:00] [Thread 1948] extDB2: SQL_CUSTOM_V2: Incorrect Number of Inputs: Expected: 3 Got: 2
[18:09:48:071953 --4:00] [Thread 23164] extDB2: SQL_CUSTOM_V2: Incorrect Number of Inputs: Input String insert_infiSTARLog:CONNECTLOG:#0 Connected  Mr. Sage(76561198108041726 - 4)
[18:09:48:072009 --4:00] [Thread 23164] extDB2: SQL_CUSTOM_V2: Incorrect Number of Inputs: Expected: 3 Got: 2
[18:09:48:072212 --4:00] [Thread 23164] extDB2: SQL_CUSTOM_V2: Incorrect Number of Inputs: Input String insert_infiSTARLog:TOKENLOG:TOKEN [ss67oklz6lnxprb] FOR Mr. Sage(76561198108041726) OWNER ID  4
[18:09:48:072244 --4:00] [Thread 23164] extDB2: SQL_CUSTOM_V2: Incorrect Number of Inputs: Expected: 3 Got: 2
[18:09:48:661287 --4:00] [Thread 1948] extDB2: SQL_CUSTOM_V2: Incorrect Number of Inputs: Input String insert_infiSTARLog:A3_EXILE_PROCESSREPORTER:V65 (30-08-2016) =======================================================================================================
[18:09:48:661330 --4:00] [Thread 1948] extDB2: SQL_CUSTOM_V2: Incorrect Number of Inputs: Expected: 3 Got: 2
[18:09:48:661414 --4:00] [Thread 1948] extDB2: SQL_CUSTOM_V2: Incorrect Number of Inputs: Input String insert_infiSTARLog:A3_EXILE_PROCESSREPORTER:V65 (30-08-2016) [processReporter] Started @ 446.523   [FPS  47.619|PLAYERS  1|THREADS  22]
[18:09:48:661430 --4:00] [Thread 1948] extDB2: SQL_CUSTOM_V2: Incorrect Number of Inputs: Expected: 3 Got: 2
[18:09:48:661524 --4:00] [Thread 1948] extDB2: SQL_CUSTOM_V2: Incorrect Number of Inputs: Input String insert_infiSTARLog:A3_EXILE_PROCESSREPORTER:V65 (30-08-2016) =======================================================================================================
[18:09:48:661540 --4:00] [Thread 1948] extDB2: SQL_CUSTOM_V2: Incorrect Number of Inputs: Expected: 3 Got: 2
[18:09:48:661704 --4:00] [Thread 1948] extDB2: SQL_CUSTOM_V2: Incorrect Number of Inputs: Input String insert_infiSTARLog:A3_EXILE_PROCESSREPORTER:V65 (30-08-2016) [processReporter] Process Counts  spawn-ed  16 execVM-ed  6 exec-ed  0 execFSM-ed  2
[18:09:48:661724 --4:00] [Thread 1948] extDB2: SQL_CUSTOM_V2: Incorrect Number of Inputs: Expected: 3 Got: 2
[18:09:48:661873 --4:00] [Thread 1948] extDB2: SQL_CUSTOM_V2: Incorrect Number of Inputs: Input String insert_infiSTARLog:A3_EXILE_PROCESSREPORTER:V65 (30-08-2016) [processReporter] Active SQF  ["<spawn>","",true,5124] @ 446.523
[18:09:48:661893 --4:00] [Thread 1948] extDB2: SQL_CUSTOM_V2: Incorrect Number of Inputs: Expected: 3 Got: 2
[18:09:48:662030 --4:00] [Thread 1948] extDB2: SQL_CUSTOM_V2: Incorrect Number of Inputs: Input String insert_infiSTARLog:A3_EXILE_PROCESSREPORTER:V65 (30-08-2016) [processReporter] Active SQF  ["mpmissions\__cur_mp.Tanoa\ground_fog.sqf","mpmissions\__cur_mp.Tanoa\ground_fog.sqf",true,4] @ 446.523
[18:09:48:662058 --4:00] [Thread 1948] extDB2: SQL_CUSTOM_V2: Incorrect Number of Inputs: Expected: 3 Got: 2
[18:09:48:662132 --4:00] [Thread 1948] extDB2: SQL_CUSTOM_V2: Incorrect Number of Inputs: Input String insert_infiSTARLog:A3_EXILE_PROCESSREPORTER:V65 (30-08-2016) [processReporter] Active SQF  ["mpmissions\__cur_mp.Tanoa\IgiLoad\IgiLoadInit.sqf","mpmissions\__cur_mp.Tanoa\IgiLoad\IgiLoadInit.sqf",true,35] @ 446.523
[18:09:48:662148 --4:00] [Thread 1948] extDB2: SQL_CUSTOM_V2: Incorrect Number of Inputs: Expected: 3 Got: 2
[18:09:48:662254 --4:00] [Thread 1948] extDB2: SQL_CUSTOM_V2: Incorrect Number of Inputs: Input String insert_infiSTARLog:A3_EXILE_PROCESSREPORTER:V65 (30-08-2016) [processReporter] Active SQF  ["mpmissions\__cur_mp.Tanoa\ToastIntro.sqf","mpmissions\__cur_mp.Tanoa\ToastIntro.sqf",true,6] @ 446.523
[18:09:48:662282 --4:00] [Thread 1948] extDB2: SQL_CUSTOM_V2: Incorrect Number of Inputs: Expected: 3 Got: 2
[18:09:48:662354 --4:00] [Thread 1948] extDB2: SQL_CUSTOM_V2: Incorrect Number of Inputs: Input String insert_infiSTARLog:A3_EXILE_PROCESSREPORTER:V65 (30-08-2016) [processReporter] Active SQF  ["mpmissions\__cur_mp.Tanoa\custom\service\service_point.sqf","mpmissions\__cur_mp.Tanoa\custom\service\service_point.sqf",true,217] @ 446.523
[18:09:48:662367 --4:00] [Thread 1948] extDB2: SQL_CUSTOM_V2: Incorrect Number of Inputs: Expected: 3 Got: 2
[18:09:48:662461 --4:00] [Thread 1948] extDB2: SQL_CUSTOM_V2: Incorrect Number of Inputs: Input String insert_infiSTARLog:A3_EXILE_PROCESSREPORTER:V65 (30-08-2016) [processReporter] Active SQF  ["<spawn>","\ATS_AdvancedTrainSimulator\functions\fn_advancedTrainSimulatorInit.sqf [SA_fnc_advancedTrainSimulatorInit]",true,1253] @ 446.523
[18:09:48:662480 --4:00] [Thread 1948] extDB2: SQL_CUSTOM_V2: Incorrect Number of Inputs: Expected: 3 Got: 2
[18:09:48:662613 --4:00] [Thread 1948] extDB2: SQL_CUSTOM_V2: Incorrect Number of Inputs: Input String insert_infiSTARLog:A3_EXILE_PROCESSREPORTER:V65 (30-08-2016) [processReporter] Active SQF  ["<spawn>","\ATS_AdvancedTrainSimulator\functions\fn_advancedTrainSimulatorInit.sqf [SA_fnc_advancedTrainSimulatorInit]",true,2394] @ 446.523
[18:09:48:662634 --4:00] [Thread 1948] extDB2: SQL_CUSTOM_V2: Incorrect Number of Inputs: Expected: 3 Got: 2
[18:09:48:662764 --4:00] [Thread 1948] extDB2: SQL_CUSTOM_V2: Incorrect Number of Inputs: Input String insert_infiSTARLog:A3_EXILE_PROCESSREPORTER:V65 (30-08-2016) [processReporter] Active SQF  ["<spawn>","\ATS_AdvancedTrainSimulator\functions\fn_advancedTrainSimulatorInit.sqf [SA_fnc_advancedTrainSimulatorInit]",true,2407] @ 446.523
[18:09:48:662783 --4:00] [Thread 1948] extDB2: SQL_CUSTOM_V2: Incorrect Number of Inputs: Expected: 3 Got: 2
[18:09:48:662881 --4:00] [Thread 1948] extDB2: SQL_CUSTOM_V2: Incorrect Number of Inputs: Input String insert_infiSTARLog:A3_EXILE_PROCESSREPORTER:V65 (30-08-2016) [processReporter] Active SQF  ["<spawn>","\ATS_AdvancedTrainSimulator\functions\fn_advancedTrainSimulatorInit.sqf [SA_fnc_advancedTrainSimulatorInit]",true,2422] @ 446.523
[18:09:48:662900 --4:00] [Thread 1948] extDB2: SQL_CUSTOM_V2: Incorrect Number of Inputs: Expected: 3 Got: 2
[18:09:48:662992 --4:00] [Thread 1948] extDB2: SQL_CUSTOM_V2: Incorrect Number of Inputs: Input String insert_infiSTARLog:A3_EXILE_PROCESSREPORTER:V65 (30-08-2016) [processReporter] Active SQF  ["DMS_fnc_HeliParatroopers_Monitor","x\addons\a3_exile_occupation\scripts\extras\processReporter.sqf",true,25] @ 446.523
[18:09:48:663010 --4:00] [Thread 1948] extDB2: SQL_CUSTOM_V2: Incorrect Number of Inputs: Expected: 3 Got: 2
[18:09:48:663104 --4:00] [Thread 1948] extDB2: SQL_CUSTOM_V2: Incorrect Number of Inputs: Input String insert_infiSTARLog:A3_EXILE_PROCESSREPORTER:V65 (30-08-2016) [processReporter] Active SQF  ["mpmissions\__cur_mp.Tanoa\JohnO_fnc_storm.sqf","mpmissions\__cur_mp.Tanoa\JohnO_fnc_storm.sqf",true,103] @ 446.523
[18:09:48:663112 --4:00] [Thread 1948] extDB2: SQL_CUSTOM_V2: Incorrect Number of Inputs: Expected: 3 Got: 2
[18:09:48:663210 --4:00] [Thread 1948] extDB2: SQL_CUSTOM_V2: Incorrect Number of Inputs: Input String insert_infiSTARLog:A3_EXILE_PROCESSREPORTER:V65 (30-08-2016) [processReporter] Active SQF  ["Wreck_Heli_Attack_01_engineExhaustSmoke1","A3\Structures_F\Wrecks\Scripts\Wreck_Heli_Attack_01.sqf",true,26] @ 446.523
[18:09:48:663229 --4:00] [Thread 1948] extDB2: SQL_CUSTOM_V2: Incorrect Number of Inputs: Expected: 3 Got: 2
[18:09:48:663309 --4:00] [Thread 1948] extDB2: SQL_CUSTOM_V2: Incorrect Number of Inputs: Input String insert_infiSTARLog:A3_EXILE_PROCESSREPORTER:V65 (30-08-2016) [processReporter] Active SQF  ["Wreck_Heli_Attack_01_engineExhaustSmoke2","A3\Structures_F\Wrecks\Scripts\Wreck_Heli_Attack_01.sqf",true,53] @ 446.523
[18:09:48:663318 --4:00] [Thread 1948] extDB2: SQL_CUSTOM_V2: Incorrect Number of Inputs: Expected: 3 Got: 2
[18:09:48:663428 --4:00] [Thread 1948] extDB2: SQL_CUSTOM_V2: Incorrect Number of Inputs: Input String insert_infiSTARLog:A3_EXILE_PROCESSREPORTER:V65 (30-08-2016) [processReporter] Active SQF  ["Wreck_Heli_Attack_01_avionicsSparks1","A3\Structures_F\Wrecks\Scripts\Wreck_Heli_Attack_01.sqf",true,82] @ 446.523
[18:09:48:663438 --4:00] [Thread 1948] extDB2: SQL_CUSTOM_V2: Incorrect Number of Inputs: Expected: 3 Got: 2
[18:09:48:663536 --4:00] [Thread 1948] extDB2: SQL_CUSTOM_V2: Incorrect Number of Inputs: Input String insert_infiSTARLog:A3_EXILE_PROCESSREPORTER:V65 (30-08-2016) [processReporter] Active SQF  ["Wreck_Heli_Attack_01_avionicsSparks2","A3\Structures_F\Wrecks\Scripts\Wreck_Heli_Attack_01.sqf",true,115] @ 446.523
[18:09:48:663564 --4:00] [Thread 1948] extDB2: SQL_CUSTOM_V2: Incorrect Number of Inputs: Expected: 3 Got: 2
[18:09:48:663691 --4:00] [Thread 1948] extDB2: SQL_CUSTOM_V2: Incorrect Number of Inputs: Input String insert_infiSTARLog:A3_EXILE_PROCESSREPORTER:V65 (30-08-2016) [processReporter] Active SQF  ["Wreck_Heli_Attack_01_avionicsSparks3","A3\Structures_F\Wrecks\Scripts\Wreck_Heli_Attack_01.sqf",true,148] @ 446.523
[18:09:48:663701 --4:00] [Thread 1948] extDB2: SQL_CUSTOM_V2: Incorrect Number of Inputs: Expected: 3 Got: 2
[18:09:48:663801 --4:00] [Thread 1948] extDB2: SQL_CUSTOM_V2: Incorrect Number of Inputs: Input String insert_infiSTARLog:A3_EXILE_PROCESSREPORTER:V65 (30-08-2016) [processReporter] Active SQF  ["<spawn>","ExAdClient\HaloParachute\postInit.sqf [ExAd_fnc_postInitHP]",true,32] @ 446.523
[18:09:48:663819 --4:00] [Thread 1948] extDB2: SQL_CUSTOM_V2: Incorrect Number of Inputs: Expected: 3 Got: 2
[18:09:48:663911 --4:00] [Thread 1948] extDB2: SQL_CUSTOM_V2: Incorrect Number of Inputs: Input String insert_infiSTARLog:A3_EXILE_PROCESSREPORTER:V65 (30-08-2016) [processReporter] Active SQF  ["<spawn>","mpmissions\__cur_mp.Tanoa\ExadClient\XM8\Apps\CHVD\config.sqf",true,47] @ 446.523
[18:09:48:663930 --4:00] [Thread 1948] extDB2: SQL_CUSTOM_V2: Incorrect Number of Inputs: Expected: 3 Got: 2
[18:09:48:681667 --4:00] [Thread 1948] extDB2: SQL_CUSTOM_V2: Incorrect Number of Inputs: Input String insert_infiSTARLog:A3_EXILE_PROCESSREPORTER:V65 (30-08-2016) [processReporter] Active SQF  ["<spawn>","ExAdClient\StatsBar\postInit.sqf [ExAd_fnc_postInitSB]",true,144] @ 446.523
[18:09:48:681718 --4:00] [Thread 1948] extDB2: SQL_CUSTOM_V2: Incorrect Number of Inputs: Expected: 3 Got: 2
[18:09:48:681904 --4:00] [Thread 1948] extDB2: SQL_CUSTOM_V2: Incorrect Number of Inputs: Input String insert_infiSTARLog:A3_EXILE_PROCESSREPORTER:V65 (30-08-2016) [processReporter] Active SQF  ["<spawn>","mpmissions\__cur_mp.Tanoa\IgiLoad\IgiLoadTaru.sqf",true,467] @ 446.544
[18:09:48:681923 --4:00] [Thread 1948] extDB2: SQL_CUSTOM_V2: Incorrect Number of Inputs: Expected: 3 Got: 2
[18:09:48:682003 --4:00] [Thread 1948] extDB2: SQL_CUSTOM_V2: Incorrect Number of Inputs: Input String insert_infiSTARLog:A3_EXILE_PROCESSREPORTER:V65 (30-08-2016) [processReporter] Active SQF  ["BIS_fnc_selectRandom","x\addons\a3_exile_occupation\scripts\occupationTransport.sqf",true,306] @ 446.544
[18:09:48:682022 --4:00] [Thread 1948] extDB2: SQL_CUSTOM_V2: Incorrect Number of Inputs: Expected: 3 Got: 2
[18:09:48:682214 --4:00] [Thread 1948] extDB2: SQL_CUSTOM_V2: Incorrect Number of Inputs: Input String insert_infiSTARLog:A3_EXILE_PROCESSREPORTER:V65 (30-08-2016) [processReporter] Active SQF  ["<spawn>","",true,9] @ 446.544
[18:09:48:682243 --4:00] [Thread 1948] extDB2: SQL_CUSTOM_V2: Incorrect Number of Inputs: Expected: 3 Got: 2
[18:09:48:682311 --4:00] [Thread 23164] extDB2: SQL_CUSTOM_V2: Incorrect Number of Inputs: Input String insert_infiSTARLog:A3_EXILE_PROCESSREPORTER:V65 (30-08-2016) [processReporter] Active FSM  ["main.fsm","Wait",-446.544] @ 446.544
[18:09:48:682346 --4:00] [Thread 23164] extDB2: SQL_CUSTOM_V2: Incorrect Number of Inputs: Expected: 3 Got: 2
[18:09:48:682406 --4:00] [Thread 1948] extDB2: SQL_CUSTOM_V2: Incorrect Number of Inputs: Input String insert_infiSTARLog:A3_EXILE_PROCESSREPORTER:V65 (30-08-2016) [processReporter] Active FSM  ["missions","Waiting",-446.544] @ 446.544
[18:09:48:682440 --4:00] [Thread 1948] extDB2: SQL_CUSTOM_V2: Incorrect Number of Inputs: Expected: 3 Got: 2
[18:09:48:682544 --4:00] [Thread 23164] extDB2: SQL_CUSTOM_V2: Incorrect Number of Inputs: Input String insert_infiSTARLog:A3_EXILE_PROCESSREPORTER:V65 (30-08-2016) [processReporter] Ended @ 446.544
[18:09:48:682595 --4:00] [Thread 23164] extDB2: SQL_CUSTOM_V2: Incorrect Number of Inputs: Expected: 3 Got: 2
[18:09:51:026364 --4:00] [Thread 23164] extDB2: SQL_CUSTOM_V2: Incorrect Number of Inputs: Input String insert_infiSTARLog:CONNECTLOG:#1 Connected  Mr. Sage(76561198108041726 - 4) SteamName  Mr. Sage   [UpTime  0h 7min 29s - ServerFPS  47.3373]
[18:09:51:026420 --4:00] [Thread 23164] extDB2: SQL_CUSTOM_V2: Incorrect Number of Inputs: Expected: 3 Got: 2
[18:09:58:115046 --4:00] [Thread 23164] extDB2: SQL_CUSTOM_V2: Incorrect Number of Inputs: Input String insert_infiSTARLog:netids:Mr. Sage(76561198108041726) - R Alpha 1-1 1 (Mr. Sage) REMOTE, Exile_Unit_GhostPlayer - 2 7103 - 4
[18:09:58:115102 --4:00] [Thread 23164] extDB2: SQL_CUSTOM_V2: Incorrect Number of Inputs: Expected: 3 Got: 2
[18:10:03:786660 --4:00] [Thread 23164] extDB2: SQL_CUSTOM_V2: Incorrect Number of Inputs: Input String insert_infiSTARLog:A3_EXILE_OCCUPATION:V65 (30-08-2016) [OCCUPATION FastNights]   Current in game time is 15 46 multipler is 4
[18:10:03:786711 --4:00] [Thread 23164] extDB2: SQL_CUSTOM_V2: Incorrect Number of Inputs: Expected: 3 Got: 2
[18:10:18:838235 --4:00] [Thread 23164] extDB2: SQL_CUSTOM_V2: Incorrect Number of Inputs: Input String insert_infiSTARLog:A3_EXILE_OCCUPATION:V65 (30-08-2016) [OCCUPATION RandomSpawn]  Starting Occupation Monitor @ 476.677
[18:10:18:838288 --4:00] [Thread 23164] extDB2: SQL_CUSTOM_V2: Incorrect Number of Inputs: Expected: 3 Got: 2
[18:10:52:409170 --4:00] [Thread 7712] extDB2: Stopping ...
