extDB2: Version: 70
extDB2: https://github.com/Torndeco/extDB2
extDB2: Windows Version
Message: All development for extDB2 is done on a Linux Dedicated Server
Message: If you would like to Donate to extDB2 Development
Message: https://www.paypal.com/cgi-bin/webscr?cmd=_s-xclick&hosted_button_id=2SUEFTGABTAM2
Message: Also leave a message if there is any particular feature you would like to see added.
Message: Thanks for all the people that have donated.
Message: Torndeco: 20/02/15


extDB2: Found extdb-conf.ini
extDB2: Detected 24 Cores, Setting up 6 Worker Threads


[19:54:55:919348 --4:00] [Thread 23316] extDB2: Database Type: MySQL
[19:54:55:922705 --4:00] [Thread 23316] extDB2: Database Session Pool Started
[19:54:55:924259 --4:00] [Thread 23316] extDB2: SQL_CUSTOM_V2: Loading Template Filename: C:\servers\exileserver1\@exileserver\extDB\sql_custom_v2\exile.ini
[19:54:55:924409 --4:00] [Thread 23316] extDB2: SQL_CUSTOM_V2: Version 12 Detected, Latest Version 12 Available
[19:54:56:577286 --4:00] [Thread 25832] extDB2: SQL_CUSTOM_V2: Incorrect Number of Inputs: Input String insert_infiSTARLog:CONNECTLOG:infiSTAR_PlayerConnected_id  1
[19:54:56:577332 --4:00] [Thread 25832] extDB2: SQL_CUSTOM_V2: Incorrect Number of Inputs: Expected: 3 Got: 2
[19:54:56:577372 --4:00] [Thread 25832] extDB2: SQL_CUSTOM_V2: Incorrect Number of Inputs: Input String insert_infiSTARLog:CONNECTLOG:infiSTAR_PlayerDisconnected_id  0
[19:54:56:577389 --4:00] [Thread 25832] extDB2: SQL_CUSTOM_V2: Incorrect Number of Inputs: Expected: 3 Got: 2
[19:54:56:578277 --4:00] [Thread 25832] extDB2: SQL_CUSTOM_V2: Incorrect Number of Inputs: Input String insert_infiSTARLog:SERVER_INFO:[SERVER START] TIME  0 || EMAIL  justinbowers@live.com || VERSION  09-Jan-2017 02-25-58 - v0070 || Local Server Time  [2017,4,2,19,54]
[19:54:56:578300 --4:00] [Thread 25832] extDB2: SQL_CUSTOM_V2: Incorrect Number of Inputs: Expected: 3 Got: 2
[19:54:56:742812 --4:00] [Thread 13876] extDB2: SQL_CUSTOM_V2: Incorrect Number of Inputs: Input String insert_infiSTARLog:CONNECTLOG:#0 Connected  __SERVER__( - 2)
[19:54:56:742844 --4:00] [Thread 13876] extDB2: SQL_CUSTOM_V2: Incorrect Number of Inputs: Expected: 3 Got: 2
[19:54:56:980482 --4:00] [Thread 23316] extDB2: SQL_CUSTOM_V2: Error No Custom Call Not Found: Input String loadTerritoryVehicles:3
[19:54:56:980511 --4:00] [Thread 23316] extDB2: SQL_CUSTOM_V2: Error No Custom Call Not Found: Callname loadTerritoryVehicles
[19:57:40:114586 --4:00] [Thread 23316] extDB2: Stopping ...
