extDB2: Version: 70
extDB2: https://github.com/Torndeco/extDB2
extDB2: Windows Version
Message: All development for extDB2 is done on a Linux Dedicated Server
Message: If you would like to Donate to extDB2 Development
Message: https://www.paypal.com/cgi-bin/webscr?cmd=_s-xclick&hosted_button_id=2SUEFTGABTAM2
Message: Also leave a message if there is any particular feature you would like to see added.
Message: Thanks for all the people that have donated.
Message: Torndeco: 20/02/15


extDB2: Found extdb-conf.ini
extDB2: Detected 24 Cores, Setting up 6 Worker Threads


[12:59:37:122774 --4:00] [Thread 11832] extDB2: Database Type: MySQL
[12:59:37:126408 --4:00] [Thread 11832] extDB2: Database Session Pool Started
[12:59:37:127945 --4:00] [Thread 11832] extDB2: SQL_CUSTOM_V2: Loading Template Filename: C:\Servers\EXILE\steamapps\common\Arma 3 Server\extDB\sql_custom_v2\exile.ini
[12:59:37:128090 --4:00] [Thread 11832] extDB2: SQL_CUSTOM_V2: Version 12 Detected, Latest Version 12 Available
[12:59:39:430623 --4:00] [Thread 11944] extDB2: SQL_CUSTOM_V2: Error No Custom Call Not Found: Input String insert_infiSTARLog:CONNECTLOG:infiSTAR_PlayerConnected_id  1
[12:59:39:430651 --4:00] [Thread 11944] extDB2: SQL_CUSTOM_V2: Error No Custom Call Not Found: Callname insert_infiSTARLog
[12:59:39:434659 --4:00] [Thread 11944] extDB2: SQL_CUSTOM_V2: Error No Custom Call Not Found: Input String insert_infiSTARLog:CONNECTLOG:infiSTAR_PlayerDisconnected_id  0
[12:59:39:434676 --4:00] [Thread 11944] extDB2: SQL_CUSTOM_V2: Error No Custom Call Not Found: Callname insert_infiSTARLog
[12:59:39:435249 --4:00] [Thread 11944] extDB2: SQL_CUSTOM_V2: Error No Custom Call Not Found: Input String insert_infiSTARLog:SERVER_INFO:[SERVER START] TIME  0 || EMAIL  justinbowers@live.com || VERSION  09-Jan-2017 02-25-58 - v0070 || Local Server Time  [2017,2,1,12,59]
[12:59:39:435264 --4:00] [Thread 11944] extDB2: SQL_CUSTOM_V2: Error No Custom Call Not Found: Callname insert_infiSTARLog
[12:59:39:636045 --4:00] [Thread 11944] extDB2: SQL_CUSTOM_V2: Error No Custom Call Not Found: Input String insert_infiSTARLog:CONNECTLOG:#0 Connected  __SERVER__( - 2)
[12:59:39:636077 --4:00] [Thread 11944] extDB2: SQL_CUSTOM_V2: Error No Custom Call Not Found: Callname insert_infiSTARLog
[12:59:56:297176 --4:00] [Thread 11832] extDB2: SQL_CUSTOM_V2: Error No Custom Call Not Found: Input String loadTerritoryVehicles:2
[12:59:56:297203 --4:00] [Thread 11832] extDB2: SQL_CUSTOM_V2: Error No Custom Call Not Found: Callname loadTerritoryVehicles
[13:03:08:900928 --4:00] [Thread 11272] extDB2: SQL_CUSTOM_V2: Error No Custom Call Not Found: Input String insert_infiSTARLog:A3_EXILE_OCCUPATION:V65 (30-08-2016) =============================================================================================================
[13:03:08:901027 --4:00] [Thread 11272] extDB2: SQL_CUSTOM_V2: Error No Custom Call Not Found: Callname insert_infiSTARLog
[13:03:08:901086 --4:00] [Thread 16264] extDB2: SQL_CUSTOM_V2: Error No Custom Call Not Found: Input String insert_infiSTARLog:A3_EXILE_OCCUPATION:V65 (30-08-2016) [OCCUPATION MOD]  Occupation V65 (30-08-2016) Initialised at 192.112
[13:03:08:901104 --4:00] [Thread 16264] extDB2: SQL_CUSTOM_V2: Error No Custom Call Not Found: Callname insert_infiSTARLog
[13:03:08:901131 --4:00] [Thread 11272] extDB2: SQL_CUSTOM_V2: Error No Custom Call Not Found: Input String insert_infiSTARLog:A3_EXILE_OCCUPATION:V65 (30-08-2016) =============================================================================================================
[13:03:08:901139 --4:00] [Thread 11272] extDB2: SQL_CUSTOM_V2: Error No Custom Call Not Found: Callname insert_infiSTARLog
[13:03:08:942537 --4:00] [Thread 11272] extDB2: SQL_CUSTOM_V2: Error No Custom Call Not Found: Input String insert_infiSTARLog:A3_EXILE_OCCUPATION:V65 (30-08-2016) [OCCUPATION Traders] starting @ 192.155
[13:03:08:942567 --4:00] [Thread 11272] extDB2: SQL_CUSTOM_V2: Error No Custom Call Not Found: Callname insert_infiSTARLog
[13:03:08:964525 --4:00] [Thread 11272] extDB2: SQL_CUSTOM_V2: Error No Custom Call Not Found: Input String insert_infiSTARLog:A3_EXILE_OCCUPATION:V65 (30-08-2016) [processReporter]  Initialised at 192.155
[13:03:08:964621 --4:00] [Thread 11272] extDB2: SQL_CUSTOM_V2: Error No Custom Call Not Found: Callname insert_infiSTARLog
[13:03:08:965422 --4:00] [Thread 11272] extDB2: SQL_CUSTOM_V2: Error No Custom Call Not Found: Input String insert_infiSTARLog:A3_EXILE_OCCUPATION:V65 (30-08-2016) [OCCUPATION]  Detected DMS version September 5, 2016
[13:03:08:965447 --4:00] [Thread 11272] extDB2: SQL_CUSTOM_V2: Error No Custom Call Not Found: Callname insert_infiSTARLog
[13:03:08:965538 --4:00] [Thread 11272] extDB2: SQL_CUSTOM_V2: Error No Custom Call Not Found: Input String insert_infiSTARLog:A3_EXILE_OCCUPATION:V65 (30-08-2016) [OCCUPATION]  Occupation V65 (30-08-2016) Adding modules to Exile system thread manager at 192.177
[13:03:08:965551 --4:00] [Thread 11272] extDB2: SQL_CUSTOM_V2: Error No Custom Call Not Found: Callname insert_infiSTARLog
[13:03:55:559243 --4:00] [Thread 11272] extDB2: SQL_CUSTOM_V2: Error No Custom Call Not Found: Input String insert_infiSTARLog:A3_EXILE_OCCUPATION:V65 (30-08-2016) [OCCUPATION LootCrates]  Starting Occupation Loot Crates
[13:03:55:559280 --4:00] [Thread 11272] extDB2: SQL_CUSTOM_V2: Error No Custom Call Not Found: Callname insert_infiSTARLog
[13:03:55:559566 --4:00] [Thread 11272] extDB2: SQL_CUSTOM_V2: Error No Custom Call Not Found: Input String insert_infiSTARLog:A3_EXILE_OCCUPATION:V65 (30-08-2016) [OCCUPATION LootCrates]  worldname  Tanoa crates to spawn  6
[13:03:55:559580 --4:00] [Thread 11272] extDB2: SQL_CUSTOM_V2: Error No Custom Call Not Found: Callname insert_infiSTARLog
[13:03:58:241973 --4:00] [Thread 11272] extDB2: SQL_CUSTOM_V2: Error No Custom Call Not Found: Input String insert_infiSTARLog:A3_EXILE_OCCUPATION:V65 (30-08-2016) [OCCUPATION LootCrates]   Creating crate 1 at drop zone [9936.39,6443.87,0] with 2 guards
[13:03:58:242004 --4:00] [Thread 11272] extDB2: SQL_CUSTOM_V2: Error No Custom Call Not Found: Callname insert_infiSTARLog
[13:04:00:670357 --4:00] [Thread 11272] extDB2: SQL_CUSTOM_V2: Error No Custom Call Not Found: Input String insert_infiSTARLog:A3_EXILE_OCCUPATION:V65 (30-08-2016) [OCCUPATION LootCrates]   Creating crate 2 at drop zone [12976.5,5439.18,0] with 1 guards
[13:04:00:670400 --4:00] [Thread 11272] extDB2: SQL_CUSTOM_V2: Error No Custom Call Not Found: Callname insert_infiSTARLog
[13:04:02:259121 --4:00] [Thread 11272] extDB2: SQL_CUSTOM_V2: Error No Custom Call Not Found: Input String insert_infiSTARLog:A3_EXILE_OCCUPATION:V65 (30-08-2016) [OCCUPATION LootCrates]   Creating crate 3 at drop zone [5587.28,11614.2,0] with 1 guards
[13:04:02:259152 --4:00] [Thread 11272] extDB2: SQL_CUSTOM_V2: Error No Custom Call Not Found: Callname insert_infiSTARLog
[13:04:03:730736 --4:00] [Thread 11272] extDB2: SQL_CUSTOM_V2: Error No Custom Call Not Found: Input String insert_infiSTARLog:A3_EXILE_OCCUPATION:V65 (30-08-2016) [OCCUPATION LootCrates]   Creating crate 4 at drop zone [7044.9,10277.8,0] with 1 guards
[13:04:03:730768 --4:00] [Thread 11272] extDB2: SQL_CUSTOM_V2: Error No Custom Call Not Found: Callname insert_infiSTARLog
[13:04:06:230654 --4:00] [Thread 11272] extDB2: SQL_CUSTOM_V2: Error No Custom Call Not Found: Input String insert_infiSTARLog:A3_EXILE_OCCUPATION:V65 (30-08-2016) [OCCUPATION LootCrates]   Creating crate 5 at drop zone [10644.2,12962.7,0] with 2 guards
[13:04:06:230696 --4:00] [Thread 11272] extDB2: SQL_CUSTOM_V2: Error No Custom Call Not Found: Callname insert_infiSTARLog
[13:04:07:799158 --4:00] [Thread 11272] extDB2: SQL_CUSTOM_V2: Error No Custom Call Not Found: Input String insert_infiSTARLog:A3_EXILE_OCCUPATION:V65 (30-08-2016) [OCCUPATION LootCrates]   Creating crate 6 at drop zone [7219.1,11925.1,0] with 1 guards
[13:04:07:799194 --4:00] [Thread 11272] extDB2: SQL_CUSTOM_V2: Error No Custom Call Not Found: Callname insert_infiSTARLog
[13:04:14:377864 --4:00] [Thread 11272] extDB2: SQL_CUSTOM_V2: Error No Custom Call Not Found: Input String insert_infiSTARLog:A3_EXILE_PROCESSREPORTER:V65 (30-08-2016) =======================================================================================================
[13:04:14:377953 --4:00] [Thread 11272] extDB2: SQL_CUSTOM_V2: Error No Custom Call Not Found: Callname insert_infiSTARLog
[13:04:14:378013 --4:00] [Thread 11272] extDB2: SQL_CUSTOM_V2: Error No Custom Call Not Found: Input String insert_infiSTARLog:A3_EXILE_PROCESSREPORTER:V65 (30-08-2016) [processReporter] Started @ 254.839   [FPS  45.7143|PLAYERS  0|THREADS  22]
[13:04:14:378028 --4:00] [Thread 11272] extDB2: SQL_CUSTOM_V2: Error No Custom Call Not Found: Callname insert_infiSTARLog
[13:04:14:378101 --4:00] [Thread 11272] extDB2: SQL_CUSTOM_V2: Error No Custom Call Not Found: Input String insert_infiSTARLog:A3_EXILE_PROCESSREPORTER:V65 (30-08-2016) =======================================================================================================
[13:04:14:378116 --4:00] [Thread 11272] extDB2: SQL_CUSTOM_V2: Error No Custom Call Not Found: Callname insert_infiSTARLog
[13:04:14:378267 --4:00] [Thread 11272] extDB2: SQL_CUSTOM_V2: Error No Custom Call Not Found: Input String insert_infiSTARLog:A3_EXILE_PROCESSREPORTER:V65 (30-08-2016) [processReporter] Process Counts  spawn-ed  9 execVM-ed  13 exec-ed  0 execFSM-ed  2
[13:04:14:378291 --4:00] [Thread 11272] extDB2: SQL_CUSTOM_V2: Error No Custom Call Not Found: Callname insert_infiSTARLog
[13:04:14:378391 --4:00] [Thread 11272] extDB2: SQL_CUSTOM_V2: Error No Custom Call Not Found: Input String insert_infiSTARLog:A3_EXILE_PROCESSREPORTER:V65 (30-08-2016) [processReporter] Active SQF  ["<spawn>","",true,5185] @ 254.839
[13:04:14:378405 --4:00] [Thread 11272] extDB2: SQL_CUSTOM_V2: Error No Custom Call Not Found: Callname insert_infiSTARLog
[13:04:14:378492 --4:00] [Thread 11272] extDB2: SQL_CUSTOM_V2: Error No Custom Call Not Found: Input String insert_infiSTARLog:A3_EXILE_PROCESSREPORTER:V65 (30-08-2016) [processReporter] Active SQF  ["mpmissions\__cur_mp.Tanoa\ground_fog.sqf","mpmissions\__cur_mp.Tanoa\ground_fog.sqf",true,4] @ 254.839
[13:04:14:378507 --4:00] [Thread 11272] extDB2: SQL_CUSTOM_V2: Error No Custom Call Not Found: Callname insert_infiSTARLog
[13:04:14:378591 --4:00] [Thread 11272] extDB2: SQL_CUSTOM_V2: Error No Custom Call Not Found: Input String insert_infiSTARLog:A3_EXILE_PROCESSREPORTER:V65 (30-08-2016) [processReporter] Active SQF  ["mpmissions\__cur_mp.Tanoa\IgiLoad\IgiLoadInit.sqf","mpmissions\__cur_mp.Tanoa\IgiLoad\IgiLoadInit.sqf",true,35] @ 254.839
[13:04:14:378605 --4:00] [Thread 11272] extDB2: SQL_CUSTOM_V2: Error No Custom Call Not Found: Callname insert_infiSTARLog
[13:04:14:378689 --4:00] [Thread 11272] extDB2: SQL_CUSTOM_V2: Error No Custom Call Not Found: Input String insert_infiSTARLog:A3_EXILE_PROCESSREPORTER:V65 (30-08-2016) [processReporter] Active SQF  ["mpmissions\__cur_mp.Tanoa\ToastIntro.sqf","mpmissions\__cur_mp.Tanoa\ToastIntro.sqf",true,6] @ 254.839
[13:04:14:378703 --4:00] [Thread 11272] extDB2: SQL_CUSTOM_V2: Error No Custom Call Not Found: Callname insert_infiSTARLog
[13:04:14:378765 --4:00] [Thread 11272] extDB2: SQL_CUSTOM_V2: Error No Custom Call Not Found: Input String insert_infiSTARLog:A3_EXILE_PROCESSREPORTER:V65 (30-08-2016) [processReporter] Active SQF  ["mpmissions\__cur_mp.Tanoa\custom\service\service_point.sqf","mpmissions\__cur_mp.Tanoa\custom\service\service_point.sqf",true,217] @ 254.839
[13:04:14:378775 --4:00] [Thread 11272] extDB2: SQL_CUSTOM_V2: Error No Custom Call Not Found: Callname insert_infiSTARLog
[13:04:14:378855 --4:00] [Thread 11272] extDB2: SQL_CUSTOM_V2: Error No Custom Call Not Found: Input String insert_infiSTARLog:A3_EXILE_PROCESSREPORTER:V65 (30-08-2016) [processReporter] Active SQF  ["<spawn>","",true,83] @ 254.839
[13:04:14:378873 --4:00] [Thread 11272] extDB2: SQL_CUSTOM_V2: Error No Custom Call Not Found: Callname insert_infiSTARLog
[13:04:14:378989 --4:00] [Thread 11272] extDB2: SQL_CUSTOM_V2: Error No Custom Call Not Found: Input String insert_infiSTARLog:A3_EXILE_PROCESSREPORTER:V65 (30-08-2016) [processReporter] Active SQF  ["<spawn>","",true,25] @ 254.839
[13:04:14:379000 --4:00] [Thread 11272] extDB2: SQL_CUSTOM_V2: Error No Custom Call Not Found: Callname insert_infiSTARLog
[13:04:14:379049 --4:00] [Thread 11272] extDB2: SQL_CUSTOM_V2: Error No Custom Call Not Found: Input String insert_infiSTARLog:A3_EXILE_PROCESSREPORTER:V65 (30-08-2016) [processReporter] Active SQF  ["DMS_fnc_HeliParatroopers_Monitor","x\addons\a3_exile_occupation\scripts\extras\processReporter.sqf",true,25] @ 254.839
[13:04:14:379056 --4:00] [Thread 11272] extDB2: SQL_CUSTOM_V2: Error No Custom Call Not Found: Callname insert_infiSTARLog
[13:04:14:379148 --4:00] [Thread 11272] extDB2: SQL_CUSTOM_V2: Error No Custom Call Not Found: Input String insert_infiSTARLog:A3_EXILE_PROCESSREPORTER:V65 (30-08-2016) [processReporter] Active SQF  ["A3\Structures_F_Mark\Training\Scripts\Target_Swivel_01_F_init.sqf","A3\Structures_F_Mark\Training\Scripts\Target_Swivel_01_F_init.sqf",true,153] @ 254.839
[13:04:14:379155 --4:00] [Thread 11272] extDB2: SQL_CUSTOM_V2: Error No Custom Call Not Found: Callname insert_infiSTARLog
[13:04:14:379246 --4:00] [Thread 11272] extDB2: SQL_CUSTOM_V2: Error No Custom Call Not Found: Input String insert_infiSTARLog:A3_EXILE_PROCESSREPORTER:V65 (30-08-2016) [processReporter] Active SQF  ["A3\Structures_F_Mark\Training\Scripts\Target_Swivel_01_F_init.sqf","A3\Structures_F_Mark\Training\Scripts\Target_Swivel_01_F_init.sqf",true,153] @ 254.839
[13:04:14:379253 --4:00] [Thread 11272] extDB2: SQL_CUSTOM_V2: Error No Custom Call Not Found: Callname insert_infiSTARLog
[13:04:14:379345 --4:00] [Thread 11272] extDB2: SQL_CUSTOM_V2: Error No Custom Call Not Found: Input String insert_infiSTARLog:A3_EXILE_PROCESSREPORTER:V65 (30-08-2016) [processReporter] Active SQF  ["A3\Structures_F_Mark\Training\Scripts\Target_Swivel_01_F_init.sqf","A3\Structures_F_Mark\Training\Scripts\Target_Swivel_01_F_init.sqf",true,153] @ 254.839
[13:04:14:379351 --4:00] [Thread 11272] extDB2: SQL_CUSTOM_V2: Error No Custom Call Not Found: Callname insert_infiSTARLog
[13:04:14:379442 --4:00] [Thread 11272] extDB2: SQL_CUSTOM_V2: Error No Custom Call Not Found: Input String insert_infiSTARLog:A3_EXILE_PROCESSREPORTER:V65 (30-08-2016) [processReporter] Active SQF  ["A3\Structures_F_Mark\Training\Scripts\Target_Swivel_01_F_init.sqf","A3\Structures_F_Mark\Training\Scripts\Target_Swivel_01_F_init.sqf",true,153] @ 254.839
[13:04:14:379449 --4:00] [Thread 11272] extDB2: SQL_CUSTOM_V2: Error No Custom Call Not Found: Callname insert_infiSTARLog
[13:04:14:379539 --4:00] [Thread 11272] extDB2: SQL_CUSTOM_V2: Error No Custom Call Not Found: Input String insert_infiSTARLog:A3_EXILE_PROCESSREPORTER:V65 (30-08-2016) [processReporter] Active SQF  ["A3\Structures_F_Mark\Training\Scripts\Target_Swivel_01_F_init.sqf","A3\Structures_F_Mark\Training\Scripts\Target_Swivel_01_F_init.sqf",true,153] @ 254.839
[13:04:14:379546 --4:00] [Thread 11272] extDB2: SQL_CUSTOM_V2: Error No Custom Call Not Found: Callname insert_infiSTARLog
[13:04:14:487842 --4:00] [Thread 11272] extDB2: SQL_CUSTOM_V2: Error No Custom Call Not Found: Input String insert_infiSTARLog:A3_EXILE_PROCESSREPORTER:V65 (30-08-2016) [processReporter] Active SQF  ["A3\Structures_F_Mark\Training\Scripts\Target_Swivel_01_F_init.sqf","A3\Structures_F_Mark\Training\Scripts\Target_Swivel_01_F_init.sqf",true,153] @ 254.839
[13:04:14:487881 --4:00] [Thread 11272] extDB2: SQL_CUSTOM_V2: Error No Custom Call Not Found: Callname insert_infiSTARLog
[13:04:14:488263 --4:00] [Thread 11272] extDB2: SQL_CUSTOM_V2: Error No Custom Call Not Found: Input String insert_infiSTARLog:A3_EXILE_PROCESSREPORTER:V65 (30-08-2016) [processReporter] Active SQF  ["A3\Structures_F_Mark\Training\Scripts\Target_Swivel_01_F_init.sqf","A3\Structures_F_Mark\Training\Scripts\Target_Swivel_01_F_init.sqf",true,153] @ 254.939
[13:04:14:488278 --4:00] [Thread 11272] extDB2: SQL_CUSTOM_V2: Error No Custom Call Not Found: Callname insert_infiSTARLog
[13:04:14:488359 --4:00] [Thread 11272] extDB2: SQL_CUSTOM_V2: Error No Custom Call Not Found: Input String insert_infiSTARLog:A3_EXILE_PROCESSREPORTER:V65 (30-08-2016) [processReporter] Active SQF  ["mpmissions\__cur_mp.Tanoa\JohnO_fnc_storm.sqf","mpmissions\__cur_mp.Tanoa\JohnO_fnc_storm.sqf",true,103] @ 254.939
[13:04:14:488433 --4:00] [Thread 11272] extDB2: SQL_CUSTOM_V2: Error No Custom Call Not Found: Callname insert_infiSTARLog
[13:04:14:488486 --4:00] [Thread 16264] extDB2: SQL_CUSTOM_V2: Error No Custom Call Not Found: Input String insert_infiSTARLog:A3_EXILE_PROCESSREPORTER:V65 (30-08-2016) [processReporter] Active SQF  ["ZCP_fnc_start","x\addons\ZCP\functions\fn_start.sqf",true,39] @ 254.939
[13:04:14:488514 --4:00] [Thread 16264] extDB2: SQL_CUSTOM_V2: Error No Custom Call Not Found: Callname insert_infiSTARLog
[13:04:14:488601 --4:00] [Thread 16264] extDB2: SQL_CUSTOM_V2: Error No Custom Call Not Found: Input String insert_infiSTARLog:A3_EXILE_PROCESSREPORTER:V65 (30-08-2016) [processReporter] Active SQF  ["<spawn>","mpmissions\__cur_mp.Tanoa\ExAdClient\HaloParachute\postInit.sqf",true,32] @ 254.939
[13:04:14:488616 --4:00] [Thread 16264] extDB2: SQL_CUSTOM_V2: Error No Custom Call Not Found: Callname insert_infiSTARLog
[13:04:14:488712 --4:00] [Thread 16264] extDB2: SQL_CUSTOM_V2: Error No Custom Call Not Found: Input String insert_infiSTARLog:A3_EXILE_PROCESSREPORTER:V65 (30-08-2016) [processReporter] Active SQF  ["<spawn>","mpmissions\__cur_mp.Tanoa\ExadClient\XM8\Apps\CHVD\config.sqf",true,47] @ 254.939
[13:04:14:488727 --4:00] [Thread 16264] extDB2: SQL_CUSTOM_V2: Error No Custom Call Not Found: Callname insert_infiSTARLog
[13:04:14:488773 --4:00] [Thread 16264] extDB2: SQL_CUSTOM_V2: Error No Custom Call Not Found: Input String insert_infiSTARLog:A3_EXILE_PROCESSREPORTER:V65 (30-08-2016) [processReporter] Active SQF  ["<spawn>","mpmissions\__cur_mp.Tanoa\ExAdClient\StatsBar\postInit.sqf",true,144] @ 254.939
[13:04:14:488784 --4:00] [Thread 16264] extDB2: SQL_CUSTOM_V2: Error No Custom Call Not Found: Callname insert_infiSTARLog
[13:04:14:488865 --4:00] [Thread 16264] extDB2: SQL_CUSTOM_V2: Error No Custom Call Not Found: Input String insert_infiSTARLog:A3_EXILE_PROCESSREPORTER:V65 (30-08-2016) [processReporter] Active SQF  ["BIS_fnc_sortNum","x\addons\a3_exile_occupation\scripts\startOccupation.sqf",true,85] @ 254.939
[13:04:14:488871 --4:00] [Thread 16264] extDB2: SQL_CUSTOM_V2: Error No Custom Call Not Found: Callname insert_infiSTARLog
[13:04:14:489233 --4:00] [Thread 16264] extDB2: SQL_CUSTOM_V2: Error No Custom Call Not Found: Input String insert_infiSTARLog:A3_EXILE_PROCESSREPORTER:V65 (30-08-2016) [processReporter] Active SQF  ["<spawn>","mpmissions\__cur_mp.Tanoa\IgiLoad\IgiLoadTaru.sqf",true,467] @ 254.939
[13:04:14:489241 --4:00] [Thread 16264] extDB2: SQL_CUSTOM_V2: Error No Custom Call Not Found: Callname insert_infiSTARLog
[13:04:14:489348 --4:00] [Thread 16264] extDB2: SQL_CUSTOM_V2: Error No Custom Call Not Found: Input String insert_infiSTARLog:A3_EXILE_PROCESSREPORTER:V65 (30-08-2016) [processReporter] Active FSM  ["main.fsm","Wait",-254.939] @ 254.939
[13:04:14:489354 --4:00] [Thread 16264] extDB2: SQL_CUSTOM_V2: Error No Custom Call Not Found: Callname insert_infiSTARLog
[13:04:14:489440 --4:00] [Thread 16264] extDB2: SQL_CUSTOM_V2: Error No Custom Call Not Found: Input String insert_infiSTARLog:A3_EXILE_PROCESSREPORTER:V65 (30-08-2016) [processReporter] Active FSM  ["missions","Waiting",-254.939] @ 254.939
[13:04:14:489446 --4:00] [Thread 16264] extDB2: SQL_CUSTOM_V2: Error No Custom Call Not Found: Callname insert_infiSTARLog
[13:04:14:489526 --4:00] [Thread 16264] extDB2: SQL_CUSTOM_V2: Error No Custom Call Not Found: Input String insert_infiSTARLog:A3_EXILE_PROCESSREPORTER:V65 (30-08-2016) [processReporter] Ended @ 254.939
[13:04:14:489533 --4:00] [Thread 16264] extDB2: SQL_CUSTOM_V2: Error No Custom Call Not Found: Callname insert_infiSTARLog
[13:04:22:861390 --4:00] [Thread 16264] extDB2: SQL_CUSTOM_V2: Error No Custom Call Not Found: Input String insert_infiSTARLog:A3_EXILE_OCCUPATION:V65 (30-08-2016) [OCCUPATION HeliCrashes]  Initialised at 263.316
[13:04:22:861428 --4:00] [Thread 16264] extDB2: SQL_CUSTOM_V2: Error No Custom Call Not Found: Callname insert_infiSTARLog
[13:04:22:861463 --4:00] [Thread 16264] extDB2: SQL_CUSTOM_V2: Error No Custom Call Not Found: Input String insert_infiSTARLog:A3_EXILE_OCCUPATION:V65 (30-08-2016) [OCCUPATION HeliCrashes]   worldname  Tanoa crashes to spawn  5
[13:04:22:861481 --4:00] [Thread 16264] extDB2: SQL_CUSTOM_V2: Error No Custom Call Not Found: Callname insert_infiSTARLog
[13:04:24:192706 --4:00] [Thread 16264] extDB2: SQL_CUSTOM_V2: Error No Custom Call Not Found: Input String insert_infiSTARLog:A3_EXILE_OCCUPATION:V65 (30-08-2016) [OCCUPATION HeliCrashes] Crash 1   Location [4016.95,12287.5,0]
[13:04:24:192738 --4:00] [Thread 16264] extDB2: SQL_CUSTOM_V2: Error No Custom Call Not Found: Callname insert_infiSTARLog
[13:04:25:935844 --4:00] [Thread 16264] extDB2: SQL_CUSTOM_V2: Error No Custom Call Not Found: Input String insert_infiSTARLog:A3_EXILE_OCCUPATION:V65 (30-08-2016) [OCCUPATION HeliCrashes] Crash 2   Location [2108.25,11552.2,0]
[13:04:25:935880 --4:00] [Thread 16264] extDB2: SQL_CUSTOM_V2: Error No Custom Call Not Found: Callname insert_infiSTARLog
[13:04:26:022812 --4:00] [Thread 11272] extDB2: SQL_CUSTOM_V2: Error No Custom Call Not Found: Input String insert_infiSTARLog:CONNECTLOG:#0 Connected  Mr. Sage(76561198108041726 - 4)
[13:04:26:022836 --4:00] [Thread 11272] extDB2: SQL_CUSTOM_V2: Error No Custom Call Not Found: Callname insert_infiSTARLog
[13:04:26:023097 --4:00] [Thread 11272] extDB2: SQL_CUSTOM_V2: Error No Custom Call Not Found: Input String insert_infiSTARLog:TOKENLOG:TOKEN [tcbv29o858rnrv] FOR Mr. Sage(76561198108041726) OWNER ID  4
[13:04:26:023112 --4:00] [Thread 11272] extDB2: SQL_CUSTOM_V2: Error No Custom Call Not Found: Callname insert_infiSTARLog
[13:04:28:497313 --4:00] [Thread 16264] extDB2: SQL_CUSTOM_V2: Error No Custom Call Not Found: Input String insert_infiSTARLog:A3_EXILE_OCCUPATION:V65 (30-08-2016) [OCCUPATION HeliCrashes] Crash 3   Location [11282.2,10953.5,0]
[13:04:28:497350 --4:00] [Thread 16264] extDB2: SQL_CUSTOM_V2: Error No Custom Call Not Found: Callname insert_infiSTARLog
[13:04:29:701747 --4:00] [Thread 16264] extDB2: SQL_CUSTOM_V2: Error No Custom Call Not Found: Input String insert_infiSTARLog:A3_EXILE_OCCUPATION:V65 (30-08-2016) [OCCUPATION FastNights]   Current in game time is 15 34 multipler is 4
[13:04:29:701789 --4:00] [Thread 16264] extDB2: SQL_CUSTOM_V2: Error No Custom Call Not Found: Callname insert_infiSTARLog
[13:04:33:025040 --4:00] [Thread 16264] extDB2: SQL_CUSTOM_V2: Error No Custom Call Not Found: Input String insert_infiSTARLog:netids:Mr. Sage(76561198108041726) - R Alpha 1-1 1 (Mr. Sage) REMOTE, Exile_Unit_GhostPlayer - 2 7416 - 4
[13:04:33:025067 --4:00] [Thread 16264] extDB2: SQL_CUSTOM_V2: Error No Custom Call Not Found: Callname insert_infiSTARLog
[13:04:34:706737 --4:00] [Thread 16264] extDB2: SQL_CUSTOM_V2: Error No Custom Call Not Found: Input String insert_infiSTARLog:CONNECTLOG:#1 Connected  Mr. Sage(76561198108041726 - 4) SteamName  Mr. Sage   [UpTime  0h 4min 35s - ServerFPS  45.584]
[13:04:34:706774 --4:00] [Thread 16264] extDB2: SQL_CUSTOM_V2: Error No Custom Call Not Found: Callname insert_infiSTARLog
[13:04:35:371105 --4:00] [Thread 16264] extDB2: SQL_CUSTOM_V2: Error No Custom Call Not Found: Input String insert_infiSTARLog:A3_EXILE_OCCUPATION:V65 (30-08-2016) [OCCUPATION HeliCrashes] Crash 4   Location [11688.2,6573.99,0]
[13:04:35:371141 --4:00] [Thread 16264] extDB2: SQL_CUSTOM_V2: Error No Custom Call Not Found: Callname insert_infiSTARLog
[13:04:37:722765 --4:00] [Thread 16264] extDB2: SQL_CUSTOM_V2: Error No Custom Call Not Found: Input String insert_infiSTARLog:A3_EXILE_OCCUPATION:V65 (30-08-2016) [OCCUPATION HeliCrashes] Crash 5   Location [5457.13,11082.7,0]
[13:04:37:722802 --4:00] [Thread 16264] extDB2: SQL_CUSTOM_V2: Error No Custom Call Not Found: Callname insert_infiSTARLog
[13:04:44:724161 --4:00] [Thread 16264] extDB2: SQL_CUSTOM_V2: Error No Custom Call Not Found: Input String insert_infiSTARLog:A3_EXILE_OCCUPATION:V65 (30-08-2016) [OCCUPATION RandomSpawn]  Starting Occupation Monitor @ 284.994
[13:04:44:724208 --4:00] [Thread 16264] extDB2: SQL_CUSTOM_V2: Error No Custom Call Not Found: Callname insert_infiSTARLog
[13:05:14:920678 --4:00] [Thread 16264] extDB2: SQL_CUSTOM_V2: Error No Custom Call Not Found: Input String insert_infiSTARLog:A3_EXILE_PROCESSREPORTER:V65 (30-08-2016) =======================================================================================================
[13:05:14:920723 --4:00] [Thread 16264] extDB2: SQL_CUSTOM_V2: Error No Custom Call Not Found: Callname insert_infiSTARLog
[13:05:14:920897 --4:00] [Thread 16264] extDB2: SQL_CUSTOM_V2: Error No Custom Call Not Found: Input String insert_infiSTARLog:A3_EXILE_PROCESSREPORTER:V65 (30-08-2016) [processReporter] Started @ 315.19   [FPS  45.584|PLAYERS  1|THREADS  22]
[13:05:14:920922 --4:00] [Thread 16264] extDB2: SQL_CUSTOM_V2: Error No Custom Call Not Found: Callname insert_infiSTARLog
[13:05:14:921013 --4:00] [Thread 16264] extDB2: SQL_CUSTOM_V2: Error No Custom Call Not Found: Input String insert_infiSTARLog:A3_EXILE_PROCESSREPORTER:V65 (30-08-2016) =======================================================================================================
[13:05:14:921028 --4:00] [Thread 16264] extDB2: SQL_CUSTOM_V2: Error No Custom Call Not Found: Callname insert_infiSTARLog
[13:05:14:921206 --4:00] [Thread 16264] extDB2: SQL_CUSTOM_V2: Error No Custom Call Not Found: Input String insert_infiSTARLog:A3_EXILE_PROCESSREPORTER:V65 (30-08-2016) [processReporter] Process Counts  spawn-ed  8 execVM-ed  14 exec-ed  0 execFSM-ed  2
[13:05:14:921231 --4:00] [Thread 16264] extDB2: SQL_CUSTOM_V2: Error No Custom Call Not Found: Callname insert_infiSTARLog
[13:05:14:921351 --4:00] [Thread 16264] extDB2: SQL_CUSTOM_V2: Error No Custom Call Not Found: Input String insert_infiSTARLog:A3_EXILE_PROCESSREPORTER:V65 (30-08-2016) [processReporter] Active SQF  ["<spawn>","",true,5185] @ 315.19
[13:05:14:921368 --4:00] [Thread 16264] extDB2: SQL_CUSTOM_V2: Error No Custom Call Not Found: Callname insert_infiSTARLog
[13:05:14:921403 --4:00] [Thread 16264] extDB2: SQL_CUSTOM_V2: Error No Custom Call Not Found: Input String insert_infiSTARLog:A3_EXILE_PROCESSREPORTER:V65 (30-08-2016) [processReporter] Active SQF  ["mpmissions\__cur_mp.Tanoa\ground_fog.sqf","mpmissions\__cur_mp.Tanoa\ground_fog.sqf",true,4] @ 315.19
[13:05:14:921418 --4:00] [Thread 16264] extDB2: SQL_CUSTOM_V2: Error No Custom Call Not Found: Callname insert_infiSTARLog
[13:05:14:921577 --4:00] [Thread 16264] extDB2: SQL_CUSTOM_V2: Error No Custom Call Not Found: Input String insert_infiSTARLog:A3_EXILE_PROCESSREPORTER:V65 (30-08-2016) [processReporter] Active SQF  ["mpmissions\__cur_mp.Tanoa\IgiLoad\IgiLoadInit.sqf","mpmissions\__cur_mp.Tanoa\IgiLoad\IgiLoadInit.sqf",true,35] @ 315.19
[13:05:14:921601 --4:00] [Thread 16264] extDB2: SQL_CUSTOM_V2: Error No Custom Call Not Found: Callname insert_infiSTARLog
[13:05:14:921669 --4:00] [Thread 16264] extDB2: SQL_CUSTOM_V2: Error No Custom Call Not Found: Input String insert_infiSTARLog:A3_EXILE_PROCESSREPORTER:V65 (30-08-2016) [processReporter] Active SQF  ["mpmissions\__cur_mp.Tanoa\ToastIntro.sqf","mpmissions\__cur_mp.Tanoa\ToastIntro.sqf",true,6] @ 315.19
[13:05:14:921683 --4:00] [Thread 16264] extDB2: SQL_CUSTOM_V2: Error No Custom Call Not Found: Callname insert_infiSTARLog
[13:05:14:921847 --4:00] [Thread 16264] extDB2: SQL_CUSTOM_V2: Error No Custom Call Not Found: Input String insert_infiSTARLog:A3_EXILE_PROCESSREPORTER:V65 (30-08-2016) [processReporter] Active SQF  ["mpmissions\__cur_mp.Tanoa\custom\service\service_point.sqf","mpmissions\__cur_mp.Tanoa\custom\service\service_point.sqf",true,217] @ 315.19
[13:05:14:921868 --4:00] [Thread 16264] extDB2: SQL_CUSTOM_V2: Error No Custom Call Not Found: Callname insert_infiSTARLog
[13:05:14:921952 --4:00] [Thread 16264] extDB2: SQL_CUSTOM_V2: Error No Custom Call Not Found: Input String insert_infiSTARLog:A3_EXILE_PROCESSREPORTER:V65 (30-08-2016) [processReporter] Active SQF  ["<spawn>","",true,78] @ 315.19
[13:05:14:921968 --4:00] [Thread 16264] extDB2: SQL_CUSTOM_V2: Error No Custom Call Not Found: Callname insert_infiSTARLog
[13:05:14:922065 --4:00] [Thread 16264] extDB2: SQL_CUSTOM_V2: Error No Custom Call Not Found: Input String insert_infiSTARLog:A3_EXILE_PROCESSREPORTER:V65 (30-08-2016) [processReporter] Active SQF  ["<spawn>","",true,25] @ 315.19
[13:05:14:922079 --4:00] [Thread 16264] extDB2: SQL_CUSTOM_V2: Error No Custom Call Not Found: Callname insert_infiSTARLog
[13:05:14:922148 --4:00] [Thread 16264] extDB2: SQL_CUSTOM_V2: Error No Custom Call Not Found: Input String insert_infiSTARLog:A3_EXILE_PROCESSREPORTER:V65 (30-08-2016) [processReporter] Active SQF  ["DMS_fnc_HeliParatroopers_Monitor","x\addons\a3_exile_occupation\scripts\extras\processReporter.sqf",true,25] @ 315.19
[13:05:14:922163 --4:00] [Thread 16264] extDB2: SQL_CUSTOM_V2: Error No Custom Call Not Found: Callname insert_infiSTARLog
[13:05:14:922218 --4:00] [Thread 16264] extDB2: SQL_CUSTOM_V2: Error No Custom Call Not Found: Input String insert_infiSTARLog:A3_EXILE_PROCESSREPORTER:V65 (30-08-2016) [processReporter] Active SQF  ["A3\Structures_F_Mark\Training\Scripts\Target_Swivel_01_F_init.sqf","A3\Structures_F_Mark\Training\Scripts\Target_Swivel_01_F_init.sqf",true,153] @ 315.19
[13:05:14:922229 --4:00] [Thread 16264] extDB2: SQL_CUSTOM_V2: Error No Custom Call Not Found: Callname insert_infiSTARLog
[13:05:14:922318 --4:00] [Thread 16264] extDB2: SQL_CUSTOM_V2: Error No Custom Call Not Found: Input String insert_infiSTARLog:A3_EXILE_PROCESSREPORTER:V65 (30-08-2016) [processReporter] Active SQF  ["A3\Structures_F_Mark\Training\Scripts\Target_Swivel_01_F_init.sqf","A3\Structures_F_Mark\Training\Scripts\Target_Swivel_01_F_init.sqf",true,153] @ 315.19
[13:05:14:922325 --4:00] [Thread 16264] extDB2: SQL_CUSTOM_V2: Error No Custom Call Not Found: Callname insert_infiSTARLog
[13:05:14:922416 --4:00] [Thread 16264] extDB2: SQL_CUSTOM_V2: Error No Custom Call Not Found: Input String insert_infiSTARLog:A3_EXILE_PROCESSREPORTER:V65 (30-08-2016) [processReporter] Active SQF  ["A3\Structures_F_Mark\Training\Scripts\Target_Swivel_01_F_init.sqf","A3\Structures_F_Mark\Training\Scripts\Target_Swivel_01_F_init.sqf",true,153] @ 315.19
[13:05:14:922423 --4:00] [Thread 16264] extDB2: SQL_CUSTOM_V2: Error No Custom Call Not Found: Callname insert_infiSTARLog
[13:05:14:922515 --4:00] [Thread 16264] extDB2: SQL_CUSTOM_V2: Error No Custom Call Not Found: Input String insert_infiSTARLog:A3_EXILE_PROCESSREPORTER:V65 (30-08-2016) [processReporter] Active SQF  ["A3\Structures_F_Mark\Training\Scripts\Target_Swivel_01_F_init.sqf","A3\Structures_F_Mark\Training\Scripts\Target_Swivel_01_F_init.sqf",true,153] @ 315.19
[13:05:14:922522 --4:00] [Thread 16264] extDB2: SQL_CUSTOM_V2: Error No Custom Call Not Found: Callname insert_infiSTARLog
[13:05:14:922613 --4:00] [Thread 16264] extDB2: SQL_CUSTOM_V2: Error No Custom Call Not Found: Input String insert_infiSTARLog:A3_EXILE_PROCESSREPORTER:V65 (30-08-2016) [processReporter] Active SQF  ["A3\Structures_F_Mark\Training\Scripts\Target_Swivel_01_F_init.sqf","A3\Structures_F_Mark\Training\Scripts\Target_Swivel_01_F_init.sqf",true,153] @ 315.19
[13:05:14:922619 --4:00] [Thread 16264] extDB2: SQL_CUSTOM_V2: Error No Custom Call Not Found: Callname insert_infiSTARLog
[13:05:14:922715 --4:00] [Thread 16264] extDB2: SQL_CUSTOM_V2: Error No Custom Call Not Found: Input String insert_infiSTARLog:A3_EXILE_PROCESSREPORTER:V65 (30-08-2016) [processReporter] Active SQF  ["A3\Structures_F_Mark\Training\Scripts\Target_Swivel_01_F_init.sqf","A3\Structures_F_Mark\Training\Scripts\Target_Swivel_01_F_init.sqf",true,153] @ 315.19
[13:05:14:922722 --4:00] [Thread 16264] extDB2: SQL_CUSTOM_V2: Error No Custom Call Not Found: Callname insert_infiSTARLog
[13:05:14:922818 --4:00] [Thread 16264] extDB2: SQL_CUSTOM_V2: Error No Custom Call Not Found: Input String insert_infiSTARLog:A3_EXILE_PROCESSREPORTER:V65 (30-08-2016) [processReporter] Active SQF  ["A3\Structures_F_Mark\Training\Scripts\Target_Swivel_01_F_init.sqf","A3\Structures_F_Mark\Training\Scripts\Target_Swivel_01_F_init.sqf",true,153] @ 315.19
[13:05:14:922878 --4:00] [Thread 16264] extDB2: SQL_CUSTOM_V2: Error No Custom Call Not Found: Callname insert_infiSTARLog
[13:05:14:922917 --4:00] [Thread 16264] extDB2: SQL_CUSTOM_V2: Error No Custom Call Not Found: Input String insert_infiSTARLog:A3_EXILE_PROCESSREPORTER:V65 (30-08-2016) [processReporter] Active SQF  ["mpmissions\__cur_mp.Tanoa\JohnO_fnc_storm.sqf","mpmissions\__cur_mp.Tanoa\JohnO_fnc_storm.sqf",true,103] @ 315.19
[13:05:14:922925 --4:00] [Thread 16264] extDB2: SQL_CUSTOM_V2: Error No Custom Call Not Found: Callname insert_infiSTARLog
[13:05:14:923017 --4:00] [Thread 16264] extDB2: SQL_CUSTOM_V2: Error No Custom Call Not Found: Input String insert_infiSTARLog:A3_EXILE_PROCESSREPORTER:V65 (30-08-2016) [processReporter] Active SQF  ["<spawn>","mpmissions\__cur_mp.Tanoa\ExAdClient\HaloParachute\postInit.sqf",true,32] @ 315.19
[13:05:14:923024 --4:00] [Thread 16264] extDB2: SQL_CUSTOM_V2: Error No Custom Call Not Found: Callname insert_infiSTARLog
[13:05:14:923115 --4:00] [Thread 16264] extDB2: SQL_CUSTOM_V2: Error No Custom Call Not Found: Input String insert_infiSTARLog:A3_EXILE_PROCESSREPORTER:V65 (30-08-2016) [processReporter] Active SQF  ["<spawn>","mpmissions\__cur_mp.Tanoa\ExadClient\XM8\Apps\CHVD\config.sqf",true,47] @ 315.19
[13:05:14:923122 --4:00] [Thread 16264] extDB2: SQL_CUSTOM_V2: Error No Custom Call Not Found: Callname insert_infiSTARLog
[13:05:14:923203 --4:00] [Thread 16264] extDB2: SQL_CUSTOM_V2: Error No Custom Call Not Found: Input String insert_infiSTARLog:A3_EXILE_PROCESSREPORTER:V65 (30-08-2016) [processReporter] Active SQF  ["<spawn>","mpmissions\__cur_mp.Tanoa\ExAdClient\StatsBar\postInit.sqf",true,144] @ 315.19
[13:05:14:923210 --4:00] [Thread 16264] extDB2: SQL_CUSTOM_V2: Error No Custom Call Not Found: Callname insert_infiSTARLog
[13:05:14:944414 --4:00] [Thread 16264] extDB2: SQL_CUSTOM_V2: Error No Custom Call Not Found: Input String insert_infiSTARLog:A3_EXILE_PROCESSREPORTER:V65 (30-08-2016) [processReporter] Active SQF  ["BIS_fnc_sortNum","x\addons\a3_exile_occupation\scripts\startOccupation.sqf",true,119] @ 315.19
[13:05:14:944462 --4:00] [Thread 16264] extDB2: SQL_CUSTOM_V2: Error No Custom Call Not Found: Callname insert_infiSTARLog
[13:05:14:944621 --4:00] [Thread 16264] extDB2: SQL_CUSTOM_V2: Error No Custom Call Not Found: Input String insert_infiSTARLog:A3_EXILE_PROCESSREPORTER:V65 (30-08-2016) [processReporter] Active SQF  ["<spawn>","mpmissions\__cur_mp.Tanoa\IgiLoad\IgiLoadTaru.sqf",true,467] @ 315.211
[13:05:14:944646 --4:00] [Thread 16264] extDB2: SQL_CUSTOM_V2: Error No Custom Call Not Found: Callname insert_infiSTARLog
[13:05:14:944737 --4:00] [Thread 16264] extDB2: SQL_CUSTOM_V2: Error No Custom Call Not Found: Input String insert_infiSTARLog:A3_EXILE_PROCESSREPORTER:V65 (30-08-2016) [processReporter] Active SQF  ["Zombie Brains","ryanzombies\zombie.sqf",true,137] @ 315.211
[13:05:14:944751 --4:00] [Thread 16264] extDB2: SQL_CUSTOM_V2: Error No Custom Call Not Found: Callname insert_infiSTARLog
[13:05:14:944880 --4:00] [Thread 16264] extDB2: SQL_CUSTOM_V2: Error No Custom Call Not Found: Input String insert_infiSTARLog:A3_EXILE_PROCESSREPORTER:V65 (30-08-2016) [processReporter] Active FSM  ["main.fsm","Wait",-315.211] @ 315.211
[13:05:14:944904 --4:00] [Thread 16264] extDB2: SQL_CUSTOM_V2: Error No Custom Call Not Found: Callname insert_infiSTARLog
[13:05:14:945008 --4:00] [Thread 16264] extDB2: SQL_CUSTOM_V2: Error No Custom Call Not Found: Input String insert_infiSTARLog:A3_EXILE_PROCESSREPORTER:V65 (30-08-2016) [processReporter] Active FSM  ["missions","Freeze_Manager",-315.211] @ 315.211
[13:05:14:945022 --4:00] [Thread 16264] extDB2: SQL_CUSTOM_V2: Error No Custom Call Not Found: Callname insert_infiSTARLog
[13:05:14:945117 --4:00] [Thread 16264] extDB2: SQL_CUSTOM_V2: Error No Custom Call Not Found: Input String insert_infiSTARLog:A3_EXILE_PROCESSREPORTER:V65 (30-08-2016) [processReporter] Ended @ 315.211
[13:05:14:945131 --4:00] [Thread 16264] extDB2: SQL_CUSTOM_V2: Error No Custom Call Not Found: Callname insert_infiSTARLog
[13:05:18:196216 --4:00] [Thread 16264] extDB2: SQL_CUSTOM_V2: Error No Custom Call Not Found: Input String insert_infiSTARLog:netids:Mr. Sage(76561198108041726) - R Mr. Sages Crew 1 (Mr. Sage) REMOTE, Exile_Unit_Player - 2 7438 - 4
[13:05:18:196374 --4:00] [Thread 16264] extDB2: SQL_CUSTOM_V2: Error No Custom Call Not Found: Callname insert_infiSTARLog
[13:05:30:014612 --4:00] [Thread 16264] extDB2: SQL_CUSTOM_V2: Error No Custom Call Not Found: Input String insert_infiSTARLog:A3_EXILE_OCCUPATION:V65 (30-08-2016) [OCCUPATION FastNights]   Current in game time is 15 38 multipler is 4
[13:05:30:014658 --4:00] [Thread 16264] extDB2: SQL_CUSTOM_V2: Error No Custom Call Not Found: Callname insert_infiSTARLog
[13:05:37:863553 --4:00] [Thread 16264] extDB2: SQL_CUSTOM_V2: Error No Custom Call Not Found: Input String insert_infiSTARLog:A3_EXILE_OCCUPATION:V65 (30-08-2016) [OCCUPATION transport]  Starting @ 338.133
[13:05:37:863594 --4:00] [Thread 16264] extDB2: SQL_CUSTOM_V2: Error No Custom Call Not Found: Callname insert_infiSTARLog
[13:05:38:149828 --4:00] [Thread 16264] extDB2: SQL_CUSTOM_V2: Error No Custom Call Not Found: Input String insert_infiSTARLog:A3_EXILE_OCCUPATION:V65 (30-08-2016) [OCCUPATION transport] Vehicle Exile_Chopper_Orca_BlackCustom spawned @ [7680,7680,200]
[13:05:38:149860 --4:00] [Thread 16264] extDB2: SQL_CUSTOM_V2: Error No Custom Call Not Found: Callname insert_infiSTARLog
[13:05:38:149940 --4:00] [Thread 16264] extDB2: SQL_CUSTOM_V2: Error No Custom Call Not Found: Input String insert_infiSTARLog:A3_EXILE_OCCUPATION:V65 (30-08-2016) [OCCUPATION transport]  Found 14 markers to use as pickup points @ 338.42
[13:05:38:149955 --4:00] [Thread 16264] extDB2: SQL_CUSTOM_V2: Error No Custom Call Not Found: Callname insert_infiSTARLog
[13:05:38:150037 --4:00] [Thread 16264] extDB2: SQL_CUSTOM_V2: Error No Custom Call Not Found: Input String insert_infiSTARLog:A3_EXILE_OCCUPATION:V65 (30-08-2016) [OCCUPATION transport]  textures for vehicle are  ["a3\air_f_heli\heli_light_02\data\heli_light_02_ext_opfor_v2_co.paa"]
[13:05:38:150052 --4:00] [Thread 16264] extDB2: SQL_CUSTOM_V2: Error No Custom Call Not Found: Callname insert_infiSTARLog
[13:05:45:030535 --4:00] [Thread 16264] extDB2: SQL_CUSTOM_V2: Error No Custom Call Not Found: Input String insert_infiSTARLog:A3_EXILE_OCCUPATION:V65 (30-08-2016) [OCCUPATION RandomSpawn]  Starting Occupation Monitor @ 345.299
[13:05:45:030574 --4:00] [Thread 16264] extDB2: SQL_CUSTOM_V2: Error No Custom Call Not Found: Callname insert_infiSTARLog
[13:05:52:823550 --4:00] [Thread 16264] extDB2: SQL_CUSTOM_V2: Error No Custom Call Not Found: Input String insert_infiSTARLog:A3_EXILE_OCCUPATION:V65 (30-08-2016) [OCCUPATION]  threads added at 353.092
[13:05:52:823589 --4:00] [Thread 16264] extDB2: SQL_CUSTOM_V2: Error No Custom Call Not Found: Callname insert_infiSTARLog
[13:06:15:207399 --4:00] [Thread 16264] extDB2: SQL_CUSTOM_V2: Error No Custom Call Not Found: Input String insert_infiSTARLog:A3_EXILE_PROCESSREPORTER:V65 (30-08-2016) =======================================================================================================
[13:06:15:207437 --4:00] [Thread 16264] extDB2: SQL_CUSTOM_V2: Error No Custom Call Not Found: Callname insert_infiSTARLog
[13:06:15:207538 --4:00] [Thread 16264] extDB2: SQL_CUSTOM_V2: Error No Custom Call Not Found: Input String insert_infiSTARLog:A3_EXILE_PROCESSREPORTER:V65 (30-08-2016) [processReporter] Started @ 375.477   [FPS  45.3258|PLAYERS  1|THREADS  24]
[13:06:15:207554 --4:00] [Thread 16264] extDB2: SQL_CUSTOM_V2: Error No Custom Call Not Found: Callname insert_infiSTARLog
[13:06:15:207633 --4:00] [Thread 16264] extDB2: SQL_CUSTOM_V2: Error No Custom Call Not Found: Input String insert_infiSTARLog:A3_EXILE_PROCESSREPORTER:V65 (30-08-2016) =======================================================================================================
[13:06:15:207649 --4:00] [Thread 16264] extDB2: SQL_CUSTOM_V2: Error No Custom Call Not Found: Callname insert_infiSTARLog
[13:06:15:207739 --4:00] [Thread 16264] extDB2: SQL_CUSTOM_V2: Error No Custom Call Not Found: Input String insert_infiSTARLog:A3_EXILE_PROCESSREPORTER:V65 (30-08-2016) [processReporter] Process Counts  spawn-ed  10 execVM-ed  14 exec-ed  0 execFSM-ed  2
[13:06:15:207758 --4:00] [Thread 16264] extDB2: SQL_CUSTOM_V2: Error No Custom Call Not Found: Callname insert_infiSTARLog
[13:06:15:207851 --4:00] [Thread 16264] extDB2: SQL_CUSTOM_V2: Error No Custom Call Not Found: Input String insert_infiSTARLog:A3_EXILE_PROCESSREPORTER:V65 (30-08-2016) [processReporter] Active SQF  ["<spawn>","",true,5185] @ 375.477
[13:06:15:207866 --4:00] [Thread 16264] extDB2: SQL_CUSTOM_V2: Error No Custom Call Not Found: Callname insert_infiSTARLog
[13:06:15:207921 --4:00] [Thread 16264] extDB2: SQL_CUSTOM_V2: Error No Custom Call Not Found: Input String insert_infiSTARLog:A3_EXILE_PROCESSREPORTER:V65 (30-08-2016) [processReporter] Active SQF  ["mpmissions\__cur_mp.Tanoa\ground_fog.sqf","mpmissions\__cur_mp.Tanoa\ground_fog.sqf",true,4] @ 375.477
[13:06:15:207931 --4:00] [Thread 16264] extDB2: SQL_CUSTOM_V2: Error No Custom Call Not Found: Callname insert_infiSTARLog
[13:06:15:208019 --4:00] [Thread 16264] extDB2: SQL_CUSTOM_V2: Error No Custom Call Not Found: Input String insert_infiSTARLog:A3_EXILE_PROCESSREPORTER:V65 (30-08-2016) [processReporter] Active SQF  ["mpmissions\__cur_mp.Tanoa\IgiLoad\IgiLoadInit.sqf","mpmissions\__cur_mp.Tanoa\IgiLoad\IgiLoadInit.sqf",true,35] @ 375.477
[13:06:15:208026 --4:00] [Thread 16264] extDB2: SQL_CUSTOM_V2: Error No Custom Call Not Found: Callname insert_infiSTARLog
[13:06:15:208243 --4:00] [Thread 16264] extDB2: SQL_CUSTOM_V2: Error No Custom Call Not Found: Input String insert_infiSTARLog:A3_EXILE_PROCESSREPORTER:V65 (30-08-2016) [processReporter] Active SQF  ["mpmissions\__cur_mp.Tanoa\ToastIntro.sqf","mpmissions\__cur_mp.Tanoa\ToastIntro.sqf",true,6] @ 375.477
[13:06:15:208261 --4:00] [Thread 16264] extDB2: SQL_CUSTOM_V2: Error No Custom Call Not Found: Callname insert_infiSTARLog
[13:06:15:208367 --4:00] [Thread 16264] extDB2: SQL_CUSTOM_V2: Error No Custom Call Not Found: Input String insert_infiSTARLog:A3_EXILE_PROCESSREPORTER:V65 (30-08-2016) [processReporter] Active SQF  ["mpmissions\__cur_mp.Tanoa\custom\service\service_point.sqf","mpmissions\__cur_mp.Tanoa\custom\service\service_point.sqf",true,217] @ 375.477
[13:06:15:208384 --4:00] [Thread 16264] extDB2: SQL_CUSTOM_V2: Error No Custom Call Not Found: Callname insert_infiSTARLog
[13:06:15:208425 --4:00] [Thread 16264] extDB2: SQL_CUSTOM_V2: Error No Custom Call Not Found: Input String insert_infiSTARLog:A3_EXILE_PROCESSREPORTER:V65 (30-08-2016) [processReporter] Active SQF  ["<spawn>","",true,78] @ 375.477
[13:06:15:208442 --4:00] [Thread 16264] extDB2: SQL_CUSTOM_V2: Error No Custom Call Not Found: Callname insert_infiSTARLog
[13:06:15:208545 --4:00] [Thread 16264] extDB2: SQL_CUSTOM_V2: Error No Custom Call Not Found: Input String insert_infiSTARLog:A3_EXILE_PROCESSREPORTER:V65 (30-08-2016) [processReporter] Active SQF  ["<spawn>","",true,25] @ 375.477
[13:06:15:208563 --4:00] [Thread 16264] extDB2: SQL_CUSTOM_V2: Error No Custom Call Not Found: Callname insert_infiSTARLog
[13:06:15:208638 --4:00] [Thread 16264] extDB2: SQL_CUSTOM_V2: Error No Custom Call Not Found: Input String insert_infiSTARLog:A3_EXILE_PROCESSREPORTER:V65 (30-08-2016) [processReporter] Active SQF  ["DMS_fnc_HeliParatroopers_Monitor","x\addons\a3_exile_occupation\scripts\extras\processReporter.sqf",true,25] @ 375.477
[13:06:15:208656 --4:00] [Thread 16264] extDB2: SQL_CUSTOM_V2: Error No Custom Call Not Found: Callname insert_infiSTARLog
[13:06:15:208755 --4:00] [Thread 16264] extDB2: SQL_CUSTOM_V2: Error No Custom Call Not Found: Input String insert_infiSTARLog:A3_EXILE_PROCESSREPORTER:V65 (30-08-2016) [processReporter] Active SQF  ["A3\Structures_F_Mark\Training\Scripts\Target_Swivel_01_F_init.sqf","A3\Structures_F_Mark\Training\Scripts\Target_Swivel_01_F_init.sqf",true,153] @ 375.477
[13:06:15:208772 --4:00] [Thread 16264] extDB2: SQL_CUSTOM_V2: Error No Custom Call Not Found: Callname insert_infiSTARLog
[13:06:15:208798 --4:00] [Thread 16264] extDB2: SQL_CUSTOM_V2: Error No Custom Call Not Found: Input String insert_infiSTARLog:A3_EXILE_PROCESSREPORTER:V65 (30-08-2016) [processReporter] Active SQF  ["A3\Structures_F_Mark\Training\Scripts\Target_Swivel_01_F_init.sqf","A3\Structures_F_Mark\Training\Scripts\Target_Swivel_01_F_init.sqf",true,153] @ 375.477
[13:06:15:208815 --4:00] [Thread 16264] extDB2: SQL_CUSTOM_V2: Error No Custom Call Not Found: Callname insert_infiSTARLog
[13:06:15:208899 --4:00] [Thread 16264] extDB2: SQL_CUSTOM_V2: Error No Custom Call Not Found: Input String insert_infiSTARLog:A3_EXILE_PROCESSREPORTER:V65 (30-08-2016) [processReporter] Active SQF  ["A3\Structures_F_Mark\Training\Scripts\Target_Swivel_01_F_init.sqf","A3\Structures_F_Mark\Training\Scripts\Target_Swivel_01_F_init.sqf",true,153] @ 375.477
[13:06:15:208910 --4:00] [Thread 16264] extDB2: SQL_CUSTOM_V2: Error No Custom Call Not Found: Callname insert_infiSTARLog
[13:06:15:209000 --4:00] [Thread 16264] extDB2: SQL_CUSTOM_V2: Error No Custom Call Not Found: Input String insert_infiSTARLog:A3_EXILE_PROCESSREPORTER:V65 (30-08-2016) [processReporter] Active SQF  ["A3\Structures_F_Mark\Training\Scripts\Target_Swivel_01_F_init.sqf","A3\Structures_F_Mark\Training\Scripts\Target_Swivel_01_F_init.sqf",true,153] @ 375.477
[13:06:15:209007 --4:00] [Thread 16264] extDB2: SQL_CUSTOM_V2: Error No Custom Call Not Found: Callname insert_infiSTARLog
[13:06:15:209103 --4:00] [Thread 16264] extDB2: SQL_CUSTOM_V2: Error No Custom Call Not Found: Input String insert_infiSTARLog:A3_EXILE_PROCESSREPORTER:V65 (30-08-2016) [processReporter] Active SQF  ["A3\Structures_F_Mark\Training\Scripts\Target_Swivel_01_F_init.sqf","A3\Structures_F_Mark\Training\Scripts\Target_Swivel_01_F_init.sqf",true,153] @ 375.477
[13:06:15:209110 --4:00] [Thread 16264] extDB2: SQL_CUSTOM_V2: Error No Custom Call Not Found: Callname insert_infiSTARLog
[13:06:15:209199 --4:00] [Thread 16264] extDB2: SQL_CUSTOM_V2: Error No Custom Call Not Found: Input String insert_infiSTARLog:A3_EXILE_PROCESSREPORTER:V65 (30-08-2016) [processReporter] Active SQF  ["A3\Structures_F_Mark\Training\Scripts\Target_Swivel_01_F_init.sqf","A3\Structures_F_Mark\Training\Scripts\Target_Swivel_01_F_init.sqf",true,153] @ 375.477
[13:06:15:209205 --4:00] [Thread 16264] extDB2: SQL_CUSTOM_V2: Error No Custom Call Not Found: Callname insert_infiSTARLog
[13:06:15:209296 --4:00] [Thread 16264] extDB2: SQL_CUSTOM_V2: Error No Custom Call Not Found: Input String insert_infiSTARLog:A3_EXILE_PROCESSREPORTER:V65 (30-08-2016) [processReporter] Active SQF  ["A3\Structures_F_Mark\Training\Scripts\Target_Swivel_01_F_init.sqf","A3\Structures_F_Mark\Training\Scripts\Target_Swivel_01_F_init.sqf",true,153] @ 375.477
[13:06:15:209303 --4:00] [Thread 16264] extDB2: SQL_CUSTOM_V2: Error No Custom Call Not Found: Callname insert_infiSTARLog
[13:06:15:209392 --4:00] [Thread 16264] extDB2: SQL_CUSTOM_V2: Error No Custom Call Not Found: Input String insert_infiSTARLog:A3_EXILE_PROCESSREPORTER:V65 (30-08-2016) [processReporter] Active SQF  ["mpmissions\__cur_mp.Tanoa\JohnO_fnc_storm.sqf","mpmissions\__cur_mp.Tanoa\JohnO_fnc_storm.sqf",true,103] @ 375.477
[13:06:15:209399 --4:00] [Thread 16264] extDB2: SQL_CUSTOM_V2: Error No Custom Call Not Found: Callname insert_infiSTARLog
[13:06:15:209486 --4:00] [Thread 16264] extDB2: SQL_CUSTOM_V2: Error No Custom Call Not Found: Input String insert_infiSTARLog:A3_EXILE_PROCESSREPORTER:V65 (30-08-2016) [processReporter] Active SQF  ["<spawn>","mpmissions\__cur_mp.Tanoa\ExAdClient\HaloParachute\postInit.sqf",true,32] @ 375.477
[13:06:15:209493 --4:00] [Thread 16264] extDB2: SQL_CUSTOM_V2: Error No Custom Call Not Found: Callname insert_infiSTARLog
[13:06:15:209580 --4:00] [Thread 16264] extDB2: SQL_CUSTOM_V2: Error No Custom Call Not Found: Input String insert_infiSTARLog:A3_EXILE_PROCESSREPORTER:V65 (30-08-2016) [processReporter] Active SQF  ["<spawn>","mpmissions\__cur_mp.Tanoa\ExadClient\XM8\Apps\CHVD\config.sqf",true,47] @ 375.477
[13:06:15:209588 --4:00] [Thread 16264] extDB2: SQL_CUSTOM_V2: Error No Custom Call Not Found: Callname insert_infiSTARLog
[13:06:15:209674 --4:00] [Thread 16264] extDB2: SQL_CUSTOM_V2: Error No Custom Call Not Found: Input String insert_infiSTARLog:A3_EXILE_PROCESSREPORTER:V65 (30-08-2016) [processReporter] Active SQF  ["<spawn>","mpmissions\__cur_mp.Tanoa\ExAdClient\StatsBar\postInit.sqf",true,144] @ 375.477
[13:06:15:209682 --4:00] [Thread 16264] extDB2: SQL_CUSTOM_V2: Error No Custom Call Not Found: Callname insert_infiSTARLog
[13:06:15:209771 --4:00] [Thread 16264] extDB2: SQL_CUSTOM_V2: Error No Custom Call Not Found: Input String insert_infiSTARLog:A3_EXILE_PROCESSREPORTER:V65 (30-08-2016) [processReporter] Active SQF  ["<spawn>","mpmissions\__cur_mp.Tanoa\IgiLoad\IgiLoadTaru.sqf",true,467] @ 375.477
[13:06:15:209777 --4:00] [Thread 16264] extDB2: SQL_CUSTOM_V2: Error No Custom Call Not Found: Callname insert_infiSTARLog
[13:06:15:209866 --4:00] [Thread 16264] extDB2: SQL_CUSTOM_V2: Error No Custom Call Not Found: Input String insert_infiSTARLog:A3_EXILE_PROCESSREPORTER:V65 (30-08-2016) [processReporter] Active SQF  ["BIS_fnc_selectRandom","x\addons\a3_exile_occupation\scripts\occupationTransport.sqf",true,306] @ 375.477
[13:06:15:209873 --4:00] [Thread 16264] extDB2: SQL_CUSTOM_V2: Error No Custom Call Not Found: Callname insert_infiSTARLog
[13:06:15:209960 --4:00] [Thread 16264] extDB2: SQL_CUSTOM_V2: Error No Custom Call Not Found: Input String insert_infiSTARLog:A3_EXILE_PROCESSREPORTER:V65 (30-08-2016) [processReporter] Active SQF  ["BIS_fnc_selectRandom","",true,69] @ 375.477
[13:06:15:209967 --4:00] [Thread 16264] extDB2: SQL_CUSTOM_V2: Error No Custom Call Not Found: Callname insert_infiSTARLog
[13:06:15:210072 --4:00] [Thread 16264] extDB2: SQL_CUSTOM_V2: Error No Custom Call Not Found: Input String insert_infiSTARLog:A3_EXILE_PROCESSREPORTER:V65 (30-08-2016) [processReporter] Active SQF  ["Zombie Brains","ryanzombies\zombie.sqf",true,137] @ 375.477
[13:06:15:210079 --4:00] [Thread 16264] extDB2: SQL_CUSTOM_V2: Error No Custom Call Not Found: Callname insert_infiSTARLog
[13:06:15:228917 --4:00] [Thread 16264] extDB2: SQL_CUSTOM_V2: Error No Custom Call Not Found: Input String insert_infiSTARLog:A3_EXILE_PROCESSREPORTER:V65 (30-08-2016) [processReporter] Active SQF  ["<spawn>","",true,16] @ 375.477
[13:06:15:228956 --4:00] [Thread 16264] extDB2: SQL_CUSTOM_V2: Error No Custom Call Not Found: Callname insert_infiSTARLog
[13:06:15:229380 --4:00] [Thread 16264] extDB2: SQL_CUSTOM_V2: Error No Custom Call Not Found: Input String insert_infiSTARLog:A3_EXILE_PROCESSREPORTER:V65 (30-08-2016) [processReporter] Active FSM  ["main.fsm","Wait",-375.498] @ 375.498
[13:06:15:229395 --4:00] [Thread 16264] extDB2: SQL_CUSTOM_V2: Error No Custom Call Not Found: Callname insert_infiSTARLog
[13:06:15:229474 --4:00] [Thread 16264] extDB2: SQL_CUSTOM_V2: Error No Custom Call Not Found: Input String insert_infiSTARLog:A3_EXILE_PROCESSREPORTER:V65 (30-08-2016) [processReporter] Active FSM  ["missions","Waiting",-375.498] @ 375.498
[13:06:15:229489 --4:00] [Thread 16264] extDB2: SQL_CUSTOM_V2: Error No Custom Call Not Found: Callname insert_infiSTARLog
[13:06:15:229560 --4:00] [Thread 16264] extDB2: SQL_CUSTOM_V2: Error No Custom Call Not Found: Input String insert_infiSTARLog:A3_EXILE_PROCESSREPORTER:V65 (30-08-2016) [processReporter] Ended @ 375.498
[13:06:15:229574 --4:00] [Thread 16264] extDB2: SQL_CUSTOM_V2: Error No Custom Call Not Found: Callname insert_infiSTARLog
[13:06:30:316801 --4:00] [Thread 11944] extDB2: SQL_CUSTOM_V2: Error No Custom Call Not Found: Input String insert_infiSTARLog:A3_EXILE_OCCUPATION:V65 (30-08-2016) [OCCUPATION FastNights]   Current in game time is 15 42 multipler is 4
[13:06:30:316834 --4:00] [Thread 11944] extDB2: SQL_CUSTOM_V2: Error No Custom Call Not Found: Callname insert_infiSTARLog
[13:06:45:334177 --4:00] [Thread 11944] extDB2: SQL_CUSTOM_V2: Error No Custom Call Not Found: Input String insert_infiSTARLog:A3_EXILE_OCCUPATION:V65 (30-08-2016) [OCCUPATION RandomSpawn]  Starting Occupation Monitor @ 405.603
[13:06:45:334217 --4:00] [Thread 11944] extDB2: SQL_CUSTOM_V2: Error No Custom Call Not Found: Callname insert_infiSTARLog
[13:07:15:481511 --4:00] [Thread 11944] extDB2: SQL_CUSTOM_V2: Error No Custom Call Not Found: Input String insert_infiSTARLog:A3_EXILE_PROCESSREPORTER:V65 (30-08-2016) =======================================================================================================
[13:07:15:481553 --4:00] [Thread 11944] extDB2: SQL_CUSTOM_V2: Error No Custom Call Not Found: Callname insert_infiSTARLog
[13:07:15:481693 --4:00] [Thread 11944] extDB2: SQL_CUSTOM_V2: Error No Custom Call Not Found: Input String insert_infiSTARLog:A3_EXILE_PROCESSREPORTER:V65 (30-08-2016) [processReporter] Started @ 435.75   [FPS  45.977|PLAYERS  1|THREADS  25]
[13:07:15:481717 --4:00] [Thread 11944] extDB2: SQL_CUSTOM_V2: Error No Custom Call Not Found: Callname insert_infiSTARLog
[13:07:15:481821 --4:00] [Thread 11944] extDB2: SQL_CUSTOM_V2: Error No Custom Call Not Found: Input String insert_infiSTARLog:A3_EXILE_PROCESSREPORTER:V65 (30-08-2016) =======================================================================================================
[13:07:15:481835 --4:00] [Thread 11944] extDB2: SQL_CUSTOM_V2: Error No Custom Call Not Found: Callname insert_infiSTARLog
[13:07:15:481963 --4:00] [Thread 11944] extDB2: SQL_CUSTOM_V2: Error No Custom Call Not Found: Input String insert_infiSTARLog:A3_EXILE_PROCESSREPORTER:V65 (30-08-2016) [processReporter] Process Counts  spawn-ed  11 execVM-ed  14 exec-ed  0 execFSM-ed  2
[13:07:15:481987 --4:00] [Thread 11944] extDB2: SQL_CUSTOM_V2: Error No Custom Call Not Found: Callname insert_infiSTARLog
[13:07:15:482140 --4:00] [Thread 11944] extDB2: SQL_CUSTOM_V2: Error No Custom Call Not Found: Input String insert_infiSTARLog:A3_EXILE_PROCESSREPORTER:V65 (30-08-2016) [processReporter] Active SQF  ["<spawn>","",true,5185] @ 435.75
[13:07:15:482153 --4:00] [Thread 11944] extDB2: SQL_CUSTOM_V2: Error No Custom Call Not Found: Callname insert_infiSTARLog
[13:07:15:482312 --4:00] [Thread 11944] extDB2: SQL_CUSTOM_V2: Error No Custom Call Not Found: Input String insert_infiSTARLog:A3_EXILE_PROCESSREPORTER:V65 (30-08-2016) [processReporter] Active SQF  ["mpmissions\__cur_mp.Tanoa\ground_fog.sqf","mpmissions\__cur_mp.Tanoa\ground_fog.sqf",true,4] @ 435.75
[13:07:15:482510 --4:00] [Thread 11944] extDB2: SQL_CUSTOM_V2: Error No Custom Call Not Found: Callname insert_infiSTARLog
[13:07:15:482414 --4:00] [Thread 27172] extDB2: SQL_CUSTOM_V2: Error No Custom Call Not Found: Input String insert_infiSTARLog:A3_EXILE_PROCESSREPORTER:V65 (30-08-2016) [processReporter] Active SQF  ["mpmissions\__cur_mp.Tanoa\IgiLoad\IgiLoadInit.sqf","mpmissions\__cur_mp.Tanoa\IgiLoad\IgiLoadInit.sqf",true,35] @ 435.75
[13:07:15:482537 --4:00] [Thread 27172] extDB2: SQL_CUSTOM_V2: Error No Custom Call Not Found: Callname insert_infiSTARLog
[13:07:15:482527 --4:00] [Thread 17672] extDB2: SQL_CUSTOM_V2: Error No Custom Call Not Found: Input String insert_infiSTARLog:A3_EXILE_PROCESSREPORTER:V65 (30-08-2016) [processReporter] Active SQF  ["mpmissions\__cur_mp.Tanoa\custom\service\service_point.sqf","mpmissions\__cur_mp.Tanoa\custom\service\service_point.sqf",true,217] @ 435.75
[13:07:15:482573 --4:00] [Thread 17672] extDB2: SQL_CUSTOM_V2: Error No Custom Call Not Found: Callname insert_infiSTARLog
[13:07:15:482483 --4:00] [Thread 16264] extDB2: SQL_CUSTOM_V2: Error No Custom Call Not Found: Input String insert_infiSTARLog:A3_EXILE_PROCESSREPORTER:V65 (30-08-2016) [processReporter] Active SQF  ["mpmissions\__cur_mp.Tanoa\ToastIntro.sqf","mpmissions\__cur_mp.Tanoa\ToastIntro.sqf",true,6] @ 435.75
[13:07:15:482607 --4:00] [Thread 16264] extDB2: SQL_CUSTOM_V2: Error No Custom Call Not Found: Callname insert_infiSTARLog
[13:07:15:482650 --4:00] [Thread 17672] extDB2: SQL_CUSTOM_V2: Error No Custom Call Not Found: Input String insert_infiSTARLog:A3_EXILE_PROCESSREPORTER:V65 (30-08-2016) [processReporter] Active SQF  ["<spawn>","",true,78] @ 435.75
[13:07:15:482674 --4:00] [Thread 17672] extDB2: SQL_CUSTOM_V2: Error No Custom Call Not Found: Callname insert_infiSTARLog
[13:07:15:482705 --4:00] [Thread 17672] extDB2: SQL_CUSTOM_V2: Error No Custom Call Not Found: Input String insert_infiSTARLog:A3_EXILE_PROCESSREPORTER:V65 (30-08-2016) [processReporter] Active SQF  ["<spawn>","",true,25] @ 435.75
[13:07:15:482720 --4:00] [Thread 17672] extDB2: SQL_CUSTOM_V2: Error No Custom Call Not Found: Callname insert_infiSTARLog
[13:07:15:482840 --4:00] [Thread 17672] extDB2: SQL_CUSTOM_V2: Error No Custom Call Not Found: Input String insert_infiSTARLog:A3_EXILE_PROCESSREPORTER:V65 (30-08-2016) [processReporter] Active SQF  ["DMS_fnc_HeliParatroopers_Monitor","x\addons\a3_exile_occupation\scripts\extras\processReporter.sqf",true,25] @ 435.75
[13:07:15:482856 --4:00] [Thread 17672] extDB2: SQL_CUSTOM_V2: Error No Custom Call Not Found: Callname insert_infiSTARLog
[13:07:15:482975 --4:00] [Thread 17672] extDB2: SQL_CUSTOM_V2: Error No Custom Call Not Found: Input String insert_infiSTARLog:A3_EXILE_PROCESSREPORTER:V65 (30-08-2016) [processReporter] Active SQF  ["A3\Structures_F_Mark\Training\Scripts\Target_Swivel_01_F_init.sqf","A3\Structures_F_Mark\Training\Scripts\Target_Swivel_01_F_init.sqf",true,153] @ 435.75
[13:07:15:482990 --4:00] [Thread 17672] extDB2: SQL_CUSTOM_V2: Error No Custom Call Not Found: Callname insert_infiSTARLog
[13:07:15:483079 --4:00] [Thread 16264] extDB2: SQL_CUSTOM_V2: Error No Custom Call Not Found: Input String insert_infiSTARLog:A3_EXILE_PROCESSREPORTER:V65 (30-08-2016) [processReporter] Active SQF  ["A3\Structures_F_Mark\Training\Scripts\Target_Swivel_01_F_init.sqf","A3\Structures_F_Mark\Training\Scripts\Target_Swivel_01_F_init.sqf",true,153] @ 435.75
[13:07:15:483089 --4:00] [Thread 16264] extDB2: SQL_CUSTOM_V2: Error No Custom Call Not Found: Callname insert_infiSTARLog
[13:07:15:483141 --4:00] [Thread 16264] extDB2: SQL_CUSTOM_V2: Error No Custom Call Not Found: Input String insert_infiSTARLog:A3_EXILE_PROCESSREPORTER:V65 (30-08-2016) [processReporter] Active SQF  ["A3\Structures_F_Mark\Training\Scripts\Target_Swivel_01_F_init.sqf","A3\Structures_F_Mark\Training\Scripts\Target_Swivel_01_F_init.sqf",true,153] @ 435.75
[13:07:15:483159 --4:00] [Thread 16264] extDB2: SQL_CUSTOM_V2: Error No Custom Call Not Found: Callname insert_infiSTARLog
[13:07:15:483249 --4:00] [Thread 16264] extDB2: SQL_CUSTOM_V2: Error No Custom Call Not Found: Input String insert_infiSTARLog:A3_EXILE_PROCESSREPORTER:V65 (30-08-2016) [processReporter] Active SQF  ["A3\Structures_F_Mark\Training\Scripts\Target_Swivel_01_F_init.sqf","A3\Structures_F_Mark\Training\Scripts\Target_Swivel_01_F_init.sqf",true,153] @ 435.75
[13:07:15:483264 --4:00] [Thread 16264] extDB2: SQL_CUSTOM_V2: Error No Custom Call Not Found: Callname insert_infiSTARLog
[13:07:15:483353 --4:00] [Thread 16264] extDB2: SQL_CUSTOM_V2: Error No Custom Call Not Found: Input String insert_infiSTARLog:A3_EXILE_PROCESSREPORTER:V65 (30-08-2016) [processReporter] Active SQF  ["A3\Structures_F_Mark\Training\Scripts\Target_Swivel_01_F_init.sqf","A3\Structures_F_Mark\Training\Scripts\Target_Swivel_01_F_init.sqf",true,153] @ 435.75
[13:07:15:483368 --4:00] [Thread 16264] extDB2: SQL_CUSTOM_V2: Error No Custom Call Not Found: Callname insert_infiSTARLog
[13:07:15:483438 --4:00] [Thread 16264] extDB2: SQL_CUSTOM_V2: Error No Custom Call Not Found: Input String insert_infiSTARLog:A3_EXILE_PROCESSREPORTER:V65 (30-08-2016) [processReporter] Active SQF  ["A3\Structures_F_Mark\Training\Scripts\Target_Swivel_01_F_init.sqf","A3\Structures_F_Mark\Training\Scripts\Target_Swivel_01_F_init.sqf",true,153] @ 435.75
[13:07:15:483453 --4:00] [Thread 16264] extDB2: SQL_CUSTOM_V2: Error No Custom Call Not Found: Callname insert_infiSTARLog
[13:07:15:483528 --4:00] [Thread 16264] extDB2: SQL_CUSTOM_V2: Error No Custom Call Not Found: Input String insert_infiSTARLog:A3_EXILE_PROCESSREPORTER:V65 (30-08-2016) [processReporter] Active SQF  ["A3\Structures_F_Mark\Training\Scripts\Target_Swivel_01_F_init.sqf","A3\Structures_F_Mark\Training\Scripts\Target_Swivel_01_F_init.sqf",true,153] @ 435.75
[13:07:15:483540 --4:00] [Thread 16264] extDB2: SQL_CUSTOM_V2: Error No Custom Call Not Found: Callname insert_infiSTARLog
[13:07:15:483639 --4:00] [Thread 16264] extDB2: SQL_CUSTOM_V2: Error No Custom Call Not Found: Input String insert_infiSTARLog:A3_EXILE_PROCESSREPORTER:V65 (30-08-2016) [processReporter] Active SQF  ["mpmissions\__cur_mp.Tanoa\JohnO_fnc_storm.sqf","mpmissions\__cur_mp.Tanoa\JohnO_fnc_storm.sqf",true,103] @ 435.75
[13:07:15:483646 --4:00] [Thread 16264] extDB2: SQL_CUSTOM_V2: Error No Custom Call Not Found: Callname insert_infiSTARLog
[13:07:15:483697 --4:00] [Thread 16264] extDB2: SQL_CUSTOM_V2: Error No Custom Call Not Found: Input String insert_infiSTARLog:A3_EXILE_PROCESSREPORTER:V65 (30-08-2016) [processReporter] Active SQF  ["<spawn>","mpmissions\__cur_mp.Tanoa\ExAdClient\HaloParachute\postInit.sqf",true,32] @ 435.75
[13:07:15:483704 --4:00] [Thread 16264] extDB2: SQL_CUSTOM_V2: Error No Custom Call Not Found: Callname insert_infiSTARLog
[13:07:15:483827 --4:00] [Thread 16264] extDB2: SQL_CUSTOM_V2: Error No Custom Call Not Found: Input String insert_infiSTARLog:A3_EXILE_PROCESSREPORTER:V65 (30-08-2016) [processReporter] Active SQF  ["<spawn>","mpmissions\__cur_mp.Tanoa\ExadClient\XM8\Apps\CHVD\config.sqf",true,47] @ 435.75
[13:07:15:483833 --4:00] [Thread 16264] extDB2: SQL_CUSTOM_V2: Error No Custom Call Not Found: Callname insert_infiSTARLog
[13:07:15:483926 --4:00] [Thread 16264] extDB2: SQL_CUSTOM_V2: Error No Custom Call Not Found: Input String insert_infiSTARLog:A3_EXILE_PROCESSREPORTER:V65 (30-08-2016) [processReporter] Active SQF  ["<spawn>","mpmissions\__cur_mp.Tanoa\ExAdClient\StatsBar\postInit.sqf",true,144] @ 435.75
[13:07:15:483933 --4:00] [Thread 16264] extDB2: SQL_CUSTOM_V2: Error No Custom Call Not Found: Callname insert_infiSTARLog
[13:07:15:483991 --4:00] [Thread 16264] extDB2: SQL_CUSTOM_V2: Error No Custom Call Not Found: Input String insert_infiSTARLog:A3_EXILE_PROCESSREPORTER:V65 (30-08-2016) [processReporter] Active SQF  ["<spawn>","mpmissions\__cur_mp.Tanoa\IgiLoad\IgiLoadTaru.sqf",true,467] @ 435.75
[13:07:15:483997 --4:00] [Thread 16264] extDB2: SQL_CUSTOM_V2: Error No Custom Call Not Found: Callname insert_infiSTARLog
[13:07:15:484151 --4:00] [Thread 16264] extDB2: SQL_CUSTOM_V2: Error No Custom Call Not Found: Input String insert_infiSTARLog:A3_EXILE_PROCESSREPORTER:V65 (30-08-2016) [processReporter] Active SQF  ["BIS_fnc_selectRandom","x\addons\a3_exile_occupation\scripts\occupationTransport.sqf",true,302] @ 435.75
[13:07:15:484170 --4:00] [Thread 16264] extDB2: SQL_CUSTOM_V2: Error No Custom Call Not Found: Callname insert_infiSTARLog
[13:07:15:501960 --4:00] [Thread 16264] extDB2: SQL_CUSTOM_V2: Error No Custom Call Not Found: Input String insert_infiSTARLog:A3_EXILE_PROCESSREPORTER:V65 (30-08-2016) [processReporter] Active SQF  ["BIS_fnc_selectRandom","",true,69] @ 435.75
[13:07:15:501998 --4:00] [Thread 16264] extDB2: SQL_CUSTOM_V2: Error No Custom Call Not Found: Callname insert_infiSTARLog
[13:07:15:502126 --4:00] [Thread 16264] extDB2: SQL_CUSTOM_V2: Error No Custom Call Not Found: Input String insert_infiSTARLog:A3_EXILE_PROCESSREPORTER:V65 (30-08-2016) [processReporter] Active SQF  ["BIS_fnc_selectRandom","",true,69] @ 435.771
[13:07:15:502220 --4:00] [Thread 16264] extDB2: SQL_CUSTOM_V2: Error No Custom Call Not Found: Callname insert_infiSTARLog
[13:07:15:502271 --4:00] [Thread 16264] extDB2: SQL_CUSTOM_V2: Error No Custom Call Not Found: Input String insert_infiSTARLog:A3_EXILE_PROCESSREPORTER:V65 (30-08-2016) [processReporter] Active SQF  ["Zombie Brains","ryanzombies\zombie.sqf",true,566] @ 435.771
[13:07:15:502286 --4:00] [Thread 16264] extDB2: SQL_CUSTOM_V2: Error No Custom Call Not Found: Callname insert_infiSTARLog
[13:07:15:502379 --4:00] [Thread 16264] extDB2: SQL_CUSTOM_V2: Error No Custom Call Not Found: Input String insert_infiSTARLog:A3_EXILE_PROCESSREPORTER:V65 (30-08-2016) [processReporter] Active SQF  ["<spawn>","",true,11] @ 435.771
[13:07:15:502394 --4:00] [Thread 16264] extDB2: SQL_CUSTOM_V2: Error No Custom Call Not Found: Callname insert_infiSTARLog
[13:07:15:502508 --4:00] [Thread 17672] extDB2: SQL_CUSTOM_V2: Error No Custom Call Not Found: Input String insert_infiSTARLog:A3_EXILE_PROCESSREPORTER:V65 (30-08-2016) [processReporter] Active FSM  ["main.fsm","Wait",-435.771] @ 435.771
[13:07:15:502530 --4:00] [Thread 17672] extDB2: SQL_CUSTOM_V2: Error No Custom Call Not Found: Callname insert_infiSTARLog
[13:07:15:502564 --4:00] [Thread 17672] extDB2: SQL_CUSTOM_V2: Error No Custom Call Not Found: Input String insert_infiSTARLog:A3_EXILE_PROCESSREPORTER:V65 (30-08-2016) [processReporter] Active FSM  ["missions","Waiting",-435.771] @ 435.771
[13:07:15:502580 --4:00] [Thread 17672] extDB2: SQL_CUSTOM_V2: Error No Custom Call Not Found: Callname insert_infiSTARLog
[13:07:15:502672 --4:00] [Thread 17672] extDB2: SQL_CUSTOM_V2: Error No Custom Call Not Found: Input String insert_infiSTARLog:A3_EXILE_PROCESSREPORTER:V65 (30-08-2016) [processReporter] Ended @ 435.771
[13:07:15:502687 --4:00] [Thread 17672] extDB2: SQL_CUSTOM_V2: Error No Custom Call Not Found: Callname insert_infiSTARLog
[13:07:30:586556 --4:00] [Thread 11944] extDB2: SQL_CUSTOM_V2: Error No Custom Call Not Found: Input String insert_infiSTARLog:A3_EXILE_OCCUPATION:V65 (30-08-2016) [OCCUPATION FastNights]   Current in game time is 15 46 multipler is 4
[13:07:30:586586 --4:00] [Thread 11944] extDB2: SQL_CUSTOM_V2: Error No Custom Call Not Found: Callname insert_infiSTARLog
[13:07:45:614509 --4:00] [Thread 11944] extDB2: SQL_CUSTOM_V2: Error No Custom Call Not Found: Input String insert_infiSTARLog:A3_EXILE_OCCUPATION:V65 (30-08-2016) [OCCUPATION RandomSpawn]  Starting Occupation Monitor @ 465.882
[13:07:45:614551 --4:00] [Thread 11944] extDB2: SQL_CUSTOM_V2: Error No Custom Call Not Found: Callname insert_infiSTARLog
[13:08:15:804712 --4:00] [Thread 11944] extDB2: SQL_CUSTOM_V2: Error No Custom Call Not Found: Input String insert_infiSTARLog:A3_EXILE_PROCESSREPORTER:V65 (30-08-2016) =======================================================================================================
[13:08:15:804748 --4:00] [Thread 11944] extDB2: SQL_CUSTOM_V2: Error No Custom Call Not Found: Callname insert_infiSTARLog
[13:08:15:804912 --4:00] [Thread 11944] extDB2: SQL_CUSTOM_V2: Error No Custom Call Not Found: Input String insert_infiSTARLog:A3_EXILE_PROCESSREPORTER:V65 (30-08-2016) [processReporter] Started @ 496.073   [FPS  46.7836|PLAYERS  1|THREADS  25]
[13:08:15:804936 --4:00] [Thread 11944] extDB2: SQL_CUSTOM_V2: Error No Custom Call Not Found: Callname insert_infiSTARLog
[13:08:15:805069 --4:00] [Thread 11944] extDB2: SQL_CUSTOM_V2: Error No Custom Call Not Found: Input String insert_infiSTARLog:A3_EXILE_PROCESSREPORTER:V65 (30-08-2016) =======================================================================================================
[13:08:15:805095 --4:00] [Thread 11944] extDB2: SQL_CUSTOM_V2: Error No Custom Call Not Found: Callname insert_infiSTARLog
[13:08:15:805410 --4:00] [Thread 11944] extDB2: SQL_CUSTOM_V2: Error No Custom Call Not Found: Input String insert_infiSTARLog:A3_EXILE_PROCESSREPORTER:V65 (30-08-2016) [processReporter] Process Counts  spawn-ed  10 execVM-ed  15 exec-ed  0 execFSM-ed  2
[13:08:15:805424 --4:00] [Thread 11944] extDB2: SQL_CUSTOM_V2: Error No Custom Call Not Found: Callname insert_infiSTARLog
[13:08:15:805520 --4:00] [Thread 11944] extDB2: SQL_CUSTOM_V2: Error No Custom Call Not Found: Input String insert_infiSTARLog:A3_EXILE_PROCESSREPORTER:V65 (30-08-2016) [processReporter] Active SQF  ["<spawn>","",true,5185] @ 496.073
[13:08:15:805533 --4:00] [Thread 11944] extDB2: SQL_CUSTOM_V2: Error No Custom Call Not Found: Callname insert_infiSTARLog
[13:08:15:805621 --4:00] [Thread 11944] extDB2: SQL_CUSTOM_V2: Error No Custom Call Not Found: Input String insert_infiSTARLog:A3_EXILE_PROCESSREPORTER:V65 (30-08-2016) [processReporter] Active SQF  ["mpmissions\__cur_mp.Tanoa\ground_fog.sqf","mpmissions\__cur_mp.Tanoa\ground_fog.sqf",true,4] @ 496.073
[13:08:15:805635 --4:00] [Thread 11944] extDB2: SQL_CUSTOM_V2: Error No Custom Call Not Found: Callname insert_infiSTARLog
[13:08:15:805685 --4:00] [Thread 11944] extDB2: SQL_CUSTOM_V2: Error No Custom Call Not Found: Input String insert_infiSTARLog:A3_EXILE_PROCESSREPORTER:V65 (30-08-2016) [processReporter] Active SQF  ["mpmissions\__cur_mp.Tanoa\IgiLoad\IgiLoadInit.sqf","mpmissions\__cur_mp.Tanoa\IgiLoad\IgiLoadInit.sqf",true,35] @ 496.073
[13:08:15:805698 --4:00] [Thread 11944] extDB2: SQL_CUSTOM_V2: Error No Custom Call Not Found: Callname insert_infiSTARLog
[13:08:15:805780 --4:00] [Thread 11944] extDB2: SQL_CUSTOM_V2: Error No Custom Call Not Found: Input String insert_infiSTARLog:A3_EXILE_PROCESSREPORTER:V65 (30-08-2016) [processReporter] Active SQF  ["mpmissions\__cur_mp.Tanoa\ToastIntro.sqf","mpmissions\__cur_mp.Tanoa\ToastIntro.sqf",true,6] @ 496.073
[13:08:15:805787 --4:00] [Thread 11944] extDB2: SQL_CUSTOM_V2: Error No Custom Call Not Found: Callname insert_infiSTARLog
[13:08:15:805885 --4:00] [Thread 11944] extDB2: SQL_CUSTOM_V2: Error No Custom Call Not Found: Input String insert_infiSTARLog:A3_EXILE_PROCESSREPORTER:V65 (30-08-2016) [processReporter] Active SQF  ["mpmissions\__cur_mp.Tanoa\custom\service\service_point.sqf","mpmissions\__cur_mp.Tanoa\custom\service\service_point.sqf",true,217] @ 496.073
[13:08:15:805892 --4:00] [Thread 11944] extDB2: SQL_CUSTOM_V2: Error No Custom Call Not Found: Callname insert_infiSTARLog
[13:08:15:805966 --4:00] [Thread 11944] extDB2: SQL_CUSTOM_V2: Error No Custom Call Not Found: Input String insert_infiSTARLog:A3_EXILE_PROCESSREPORTER:V65 (30-08-2016) [processReporter] Active SQF  ["<spawn>","",true,78] @ 496.073
[13:08:15:805972 --4:00] [Thread 11944] extDB2: SQL_CUSTOM_V2: Error No Custom Call Not Found: Callname insert_infiSTARLog
[13:08:15:806053 --4:00] [Thread 11944] extDB2: SQL_CUSTOM_V2: Error No Custom Call Not Found: Input String insert_infiSTARLog:A3_EXILE_PROCESSREPORTER:V65 (30-08-2016) [processReporter] Active SQF  ["<spawn>","",true,25] @ 496.073
[13:08:15:806059 --4:00] [Thread 11944] extDB2: SQL_CUSTOM_V2: Error No Custom Call Not Found: Callname insert_infiSTARLog
[13:08:15:806319 --4:00] [Thread 11944] extDB2: SQL_CUSTOM_V2: Error No Custom Call Not Found: Input String insert_infiSTARLog:A3_EXILE_PROCESSREPORTER:V65 (30-08-2016) [processReporter] Active SQF  ["DMS_fnc_HeliParatroopers_Monitor","x\addons\a3_exile_occupation\scripts\extras\processReporter.sqf",true,25] @ 496.073
[13:08:15:806326 --4:00] [Thread 11944] extDB2: SQL_CUSTOM_V2: Error No Custom Call Not Found: Callname insert_infiSTARLog
[13:08:15:806424 --4:00] [Thread 11944] extDB2: SQL_CUSTOM_V2: Error No Custom Call Not Found: Input String insert_infiSTARLog:A3_EXILE_PROCESSREPORTER:V65 (30-08-2016) [processReporter] Active SQF  ["A3\Structures_F_Mark\Training\Scripts\Target_Swivel_01_F_init.sqf","A3\Structures_F_Mark\Training\Scripts\Target_Swivel_01_F_init.sqf",true,153] @ 496.073
[13:08:15:806431 --4:00] [Thread 11944] extDB2: SQL_CUSTOM_V2: Error No Custom Call Not Found: Callname insert_infiSTARLog
[13:08:15:806521 --4:00] [Thread 11944] extDB2: SQL_CUSTOM_V2: Error No Custom Call Not Found: Input String insert_infiSTARLog:A3_EXILE_PROCESSREPORTER:V65 (30-08-2016) [processReporter] Active SQF  ["A3\Structures_F_Mark\Training\Scripts\Target_Swivel_01_F_init.sqf","A3\Structures_F_Mark\Training\Scripts\Target_Swivel_01_F_init.sqf",true,153] @ 496.073
[13:08:15:806528 --4:00] [Thread 11944] extDB2: SQL_CUSTOM_V2: Error No Custom Call Not Found: Callname insert_infiSTARLog
[13:08:15:806619 --4:00] [Thread 11944] extDB2: SQL_CUSTOM_V2: Error No Custom Call Not Found: Input String insert_infiSTARLog:A3_EXILE_PROCESSREPORTER:V65 (30-08-2016) [processReporter] Active SQF  ["A3\Structures_F_Mark\Training\Scripts\Target_Swivel_01_F_init.sqf","A3\Structures_F_Mark\Training\Scripts\Target_Swivel_01_F_init.sqf",true,153] @ 496.073
[13:08:15:806625 --4:00] [Thread 11944] extDB2: SQL_CUSTOM_V2: Error No Custom Call Not Found: Callname insert_infiSTARLog
[13:08:15:806717 --4:00] [Thread 11944] extDB2: SQL_CUSTOM_V2: Error No Custom Call Not Found: Input String insert_infiSTARLog:A3_EXILE_PROCESSREPORTER:V65 (30-08-2016) [processReporter] Active SQF  ["A3\Structures_F_Mark\Training\Scripts\Target_Swivel_01_F_init.sqf","A3\Structures_F_Mark\Training\Scripts\Target_Swivel_01_F_init.sqf",true,153] @ 496.073
[13:08:15:806724 --4:00] [Thread 11944] extDB2: SQL_CUSTOM_V2: Error No Custom Call Not Found: Callname insert_infiSTARLog
[13:08:15:806813 --4:00] [Thread 11944] extDB2: SQL_CUSTOM_V2: Error No Custom Call Not Found: Input String insert_infiSTARLog:A3_EXILE_PROCESSREPORTER:V65 (30-08-2016) [processReporter] Active SQF  ["A3\Structures_F_Mark\Training\Scripts\Target_Swivel_01_F_init.sqf","A3\Structures_F_Mark\Training\Scripts\Target_Swivel_01_F_init.sqf",true,153] @ 496.073
[13:08:15:806819 --4:00] [Thread 11944] extDB2: SQL_CUSTOM_V2: Error No Custom Call Not Found: Callname insert_infiSTARLog
[13:08:15:806907 --4:00] [Thread 11944] extDB2: SQL_CUSTOM_V2: Error No Custom Call Not Found: Input String insert_infiSTARLog:A3_EXILE_PROCESSREPORTER:V65 (30-08-2016) [processReporter] Active SQF  ["A3\Structures_F_Mark\Training\Scripts\Target_Swivel_01_F_init.sqf","A3\Structures_F_Mark\Training\Scripts\Target_Swivel_01_F_init.sqf",true,153] @ 496.073
[13:08:15:806914 --4:00] [Thread 11944] extDB2: SQL_CUSTOM_V2: Error No Custom Call Not Found: Callname insert_infiSTARLog
[13:08:15:807002 --4:00] [Thread 11944] extDB2: SQL_CUSTOM_V2: Error No Custom Call Not Found: Input String insert_infiSTARLog:A3_EXILE_PROCESSREPORTER:V65 (30-08-2016) [processReporter] Active SQF  ["A3\Structures_F_Mark\Training\Scripts\Target_Swivel_01_F_init.sqf","A3\Structures_F_Mark\Training\Scripts\Target_Swivel_01_F_init.sqf",true,153] @ 496.073
[13:08:15:807008 --4:00] [Thread 11944] extDB2: SQL_CUSTOM_V2: Error No Custom Call Not Found: Callname insert_infiSTARLog
[13:08:15:825207 --4:00] [Thread 11944] extDB2: SQL_CUSTOM_V2: Error No Custom Call Not Found: Input String insert_infiSTARLog:A3_EXILE_PROCESSREPORTER:V65 (30-08-2016) [processReporter] Active SQF  ["mpmissions\__cur_mp.Tanoa\JohnO_fnc_storm.sqf","mpmissions\__cur_mp.Tanoa\JohnO_fnc_storm.sqf",true,103] @ 496.094
[13:08:15:825236 --4:00] [Thread 11944] extDB2: SQL_CUSTOM_V2: Error No Custom Call Not Found: Callname insert_infiSTARLog
[13:08:15:825354 --4:00] [Thread 11944] extDB2: SQL_CUSTOM_V2: Error No Custom Call Not Found: Input String insert_infiSTARLog:A3_EXILE_PROCESSREPORTER:V65 (30-08-2016) [processReporter] Active SQF  ["<spawn>","mpmissions\__cur_mp.Tanoa\ExAdClient\HaloParachute\postInit.sqf",true,32] @ 496.094
[13:08:15:825378 --4:00] [Thread 11944] extDB2: SQL_CUSTOM_V2: Error No Custom Call Not Found: Callname insert_infiSTARLog
[13:08:15:825477 --4:00] [Thread 11944] extDB2: SQL_CUSTOM_V2: Error No Custom Call Not Found: Input String insert_infiSTARLog:A3_EXILE_PROCESSREPORTER:V65 (30-08-2016) [processReporter] Active SQF  ["<spawn>","mpmissions\__cur_mp.Tanoa\ExadClient\XM8\Apps\CHVD\config.sqf",true,47] @ 496.094
[13:08:15:825490 --4:00] [Thread 11944] extDB2: SQL_CUSTOM_V2: Error No Custom Call Not Found: Callname insert_infiSTARLog
[13:08:15:825574 --4:00] [Thread 11944] extDB2: SQL_CUSTOM_V2: Error No Custom Call Not Found: Input String insert_infiSTARLog:A3_EXILE_PROCESSREPORTER:V65 (30-08-2016) [processReporter] Active SQF  ["<spawn>","mpmissions\__cur_mp.Tanoa\ExAdClient\StatsBar\postInit.sqf",true,144] @ 496.094
[13:08:15:825587 --4:00] [Thread 11944] extDB2: SQL_CUSTOM_V2: Error No Custom Call Not Found: Callname insert_infiSTARLog
[13:08:15:825669 --4:00] [Thread 11944] extDB2: SQL_CUSTOM_V2: Error No Custom Call Not Found: Input String insert_infiSTARLog:A3_EXILE_PROCESSREPORTER:V65 (30-08-2016) [processReporter] Active SQF  ["<spawn>","mpmissions\__cur_mp.Tanoa\IgiLoad\IgiLoadTaru.sqf",true,467] @ 496.094
[13:08:15:825683 --4:00] [Thread 11944] extDB2: SQL_CUSTOM_V2: Error No Custom Call Not Found: Callname insert_infiSTARLog
[13:08:15:825766 --4:00] [Thread 11944] extDB2: SQL_CUSTOM_V2: Error No Custom Call Not Found: Input String insert_infiSTARLog:A3_EXILE_PROCESSREPORTER:V65 (30-08-2016) [processReporter] Active SQF  ["BIS_fnc_selectRandom","x\addons\a3_exile_occupation\scripts\occupationTransport.sqf",true,306] @ 496.094
[13:08:15:825784 --4:00] [Thread 11944] extDB2: SQL_CUSTOM_V2: Error No Custom Call Not Found: Callname insert_infiSTARLog
[13:08:15:825860 --4:00] [Thread 11944] extDB2: SQL_CUSTOM_V2: Error No Custom Call Not Found: Input String insert_infiSTARLog:A3_EXILE_PROCESSREPORTER:V65 (30-08-2016) [processReporter] Active SQF  ["BIS_fnc_selectRandom","",true,69] @ 496.094
[13:08:15:825874 --4:00] [Thread 11944] extDB2: SQL_CUSTOM_V2: Error No Custom Call Not Found: Callname insert_infiSTARLog
[13:08:15:825957 --4:00] [Thread 11944] extDB2: SQL_CUSTOM_V2: Error No Custom Call Not Found: Input String insert_infiSTARLog:A3_EXILE_PROCESSREPORTER:V65 (30-08-2016) [processReporter] Active SQF  ["Zombie Brains","ryanzombies\zombie.sqf",true,137] @ 496.094
[13:08:15:825971 --4:00] [Thread 11944] extDB2: SQL_CUSTOM_V2: Error No Custom Call Not Found: Callname insert_infiSTARLog
[13:08:15:826031 --4:00] [Thread 11944] extDB2: SQL_CUSTOM_V2: Error No Custom Call Not Found: Input String insert_infiSTARLog:A3_EXILE_PROCESSREPORTER:V65 (30-08-2016) [processReporter] Active SQF  ["Zombie Brains","ryanzombies\zombie.sqf",true,566] @ 496.094
[13:08:15:826042 --4:00] [Thread 11944] extDB2: SQL_CUSTOM_V2: Error No Custom Call Not Found: Callname insert_infiSTARLog
[13:08:15:826122 --4:00] [Thread 11944] extDB2: SQL_CUSTOM_V2: Error No Custom Call Not Found: Input String insert_infiSTARLog:A3_EXILE_PROCESSREPORTER:V65 (30-08-2016) [processReporter] Active SQF  ["<spawn>","",true,11] @ 496.094
[13:08:15:826129 --4:00] [Thread 11944] extDB2: SQL_CUSTOM_V2: Error No Custom Call Not Found: Callname insert_infiSTARLog
[13:08:15:826256 --4:00] [Thread 11944] extDB2: SQL_CUSTOM_V2: Error No Custom Call Not Found: Input String insert_infiSTARLog:A3_EXILE_PROCESSREPORTER:V65 (30-08-2016) [processReporter] Active FSM  ["main.fsm","Wait",-496.094] @ 496.094
[13:08:15:826263 --4:00] [Thread 11944] extDB2: SQL_CUSTOM_V2: Error No Custom Call Not Found: Callname insert_infiSTARLog
[13:08:15:826329 --4:00] [Thread 11944] extDB2: SQL_CUSTOM_V2: Error No Custom Call Not Found: Input String insert_infiSTARLog:A3_EXILE_PROCESSREPORTER:V65 (30-08-2016) [processReporter] Active FSM  ["missions","Waiting",-496.094] @ 496.094
[13:08:15:826336 --4:00] [Thread 11944] extDB2: SQL_CUSTOM_V2: Error No Custom Call Not Found: Callname insert_infiSTARLog
[13:08:15:826410 --4:00] [Thread 11944] extDB2: SQL_CUSTOM_V2: Error No Custom Call Not Found: Input String insert_infiSTARLog:A3_EXILE_PROCESSREPORTER:V65 (30-08-2016) [processReporter] Ended @ 496.094
[13:08:15:826417 --4:00] [Thread 11944] extDB2: SQL_CUSTOM_V2: Error No Custom Call Not Found: Callname insert_infiSTARLog
[13:08:30:913692 --4:00] [Thread 11944] extDB2: SQL_CUSTOM_V2: Error No Custom Call Not Found: Input String insert_infiSTARLog:A3_EXILE_OCCUPATION:V65 (30-08-2016) [OCCUPATION FastNights]   Current in game time is 15 50 multipler is 4
[13:08:30:913724 --4:00] [Thread 11944] extDB2: SQL_CUSTOM_V2: Error No Custom Call Not Found: Callname insert_infiSTARLog
[13:08:45:946288 --4:00] [Thread 11944] extDB2: SQL_CUSTOM_V2: Error No Custom Call Not Found: Input String insert_infiSTARLog:A3_EXILE_OCCUPATION:V65 (30-08-2016) [OCCUPATION RandomSpawn]  Starting Occupation Monitor @ 526.193
[13:08:45:946336 --4:00] [Thread 11944] extDB2: SQL_CUSTOM_V2: Error No Custom Call Not Found: Callname insert_infiSTARLog
[13:09:06:778040 --4:00] [Thread 11832] extDB2: Stopping ...
