
extDB3: https://bitbucket.org/torndeco/extdb3/wiki/Home
extDB3: Version: 1.028
extDB3: Windows Version
Message: All development for extDB3 is done on a Linux Dedicated Server
Message: If you would like to Donate to extDB3 Development
Message: https://www.paypal.com/cgi-bin/webscr?cmd=_s-xclick&hosted_button_id=2SUEFTGABTAM2
Message: Also leave a message if there is any particular feature you would like to see added.
Message: Thanks for all the people that have donated.
Message: Torndeco: 18/05/15


extDB3: Found extdb3-conf.ini
extDB3: Detected 24 Cores, Setting up 6 Worker Threads
extDB3: ...
extDB3: ...
extDB3: ...
extDB3: ...
extDB3: ...
extDB3: ...


[17:25:54:407177 -04:00] [Thread 68024] extDB3: Locked
[17:25:54:666004 -04:00] [Thread 65708] extDB3: SQL_CUSTOM: Error No Custom Call Not Found: Input String insert_infiSTARLog:CONNECTLOG:infiSTAR_PlayerConnected_id  1
[17:25:54:666030 -04:00] [Thread 65708] extDB3: SQL_CUSTOM: Error No Custom Call Not Found: Callname insert_infiSTARLog
[17:25:54:666260 -04:00] [Thread 65708] extDB3: SQL_CUSTOM: Error No Custom Call Not Found: Input String insert_infiSTARLog:CONNECTLOG:infiSTAR_PlayerDisconnected_id  0
[17:25:54:666272 -04:00] [Thread 65708] extDB3: SQL_CUSTOM: Error No Custom Call Not Found: Callname insert_infiSTARLog
[17:25:54:667244 -04:00] [Thread 65708] extDB3: SQL_CUSTOM: Error No Custom Call Not Found: Input String insert_infiSTARLog:SERVER_INFO:[SERVER START] TIME  0 || EMAIL  justinbowers@live.com || VERSION  09-Jan-2017 02-25-58 - v0070 || Local Server Time  any
[17:25:54:667259 -04:00] [Thread 65708] extDB3: SQL_CUSTOM: Error No Custom Call Not Found: Callname insert_infiSTARLog
