extDB2: Version: 70
extDB2: https://github.com/Torndeco/extDB2
extDB2: Windows Version
Message: All development for extDB2 is done on a Linux Dedicated Server
Message: If you would like to Donate to extDB2 Development
Message: https://www.paypal.com/cgi-bin/webscr?cmd=_s-xclick&hosted_button_id=2SUEFTGABTAM2
Message: Also leave a message if there is any particular feature you would like to see added.
Message: Thanks for all the people that have donated.
Message: Torndeco: 20/02/15


extDB2: Found extdb-conf.ini
extDB2: Detected 24 Cores, Setting up 6 Worker Threads


[20:00:05:365207 --4:00] [Thread 29684] extDB2: Database Type: MySQL
[20:00:05:368996 --4:00] [Thread 29684] extDB2: Database Session Pool Started
[20:00:05:370675 --4:00] [Thread 29684] extDB2: SQL_CUSTOM_V2: Loading Template Filename: C:\servers\exileserver1\@exileserver\extDB\sql_custom_v2\exile.ini
[20:00:05:370821 --4:00] [Thread 29684] extDB2: SQL_CUSTOM_V2: Version 12 Detected, Latest Version 12 Available
[20:00:06:270407 --4:00] [Thread 29828] extDB2: SQL_CUSTOM_V2: Incorrect Number of Inputs: Input String insert_infiSTARLog:CONNECTLOG:infiSTAR_PlayerConnected_id  1
[20:00:06:270466 --4:00] [Thread 29828] extDB2: SQL_CUSTOM_V2: Incorrect Number of Inputs: Expected: 3 Got: 2
[20:00:06:270483 --4:00] [Thread 24868] extDB2: SQL_CUSTOM_V2: Incorrect Number of Inputs: Input String insert_infiSTARLog:CONNECTLOG:infiSTAR_PlayerDisconnected_id  0
[20:00:06:270514 --4:00] [Thread 24868] extDB2: SQL_CUSTOM_V2: Incorrect Number of Inputs: Expected: 3 Got: 2
[20:00:06:271204 --4:00] [Thread 24868] extDB2: SQL_CUSTOM_V2: Incorrect Number of Inputs: Input String insert_infiSTARLog:SERVER_INFO:[SERVER START] TIME  0 || EMAIL  justinbowers@live.com || VERSION  09-Jan-2017 02-25-58 - v0070 || Local Server Time  [2017,4,2,20,0]
[20:00:06:271236 --4:00] [Thread 24868] extDB2: SQL_CUSTOM_V2: Incorrect Number of Inputs: Expected: 3 Got: 2
[20:00:06:464740 --4:00] [Thread 14512] extDB2: SQL_CUSTOM_V2: Incorrect Number of Inputs: Input String insert_infiSTARLog:CONNECTLOG:#0 Connected  __SERVER__( - 2)
[20:00:06:464788 --4:00] [Thread 14512] extDB2: SQL_CUSTOM_V2: Incorrect Number of Inputs: Expected: 3 Got: 2
[20:00:06:707230 --4:00] [Thread 29684] extDB2: SQL_CUSTOM_V2: Error No Custom Call Not Found: Input String loadTerritoryVehicles:3
[20:00:06:707261 --4:00] [Thread 29684] extDB2: SQL_CUSTOM_V2: Error No Custom Call Not Found: Callname loadTerritoryVehicles
[20:01:58:605652 --4:00] [Thread 29684] extDB2: Stopping ...
