extDB2: Version: 70
extDB2: https://github.com/Torndeco/extDB2
extDB2: Windows Version
Message: All development for extDB2 is done on a Linux Dedicated Server
Message: If you would like to Donate to extDB2 Development
Message: https://www.paypal.com/cgi-bin/webscr?cmd=_s-xclick&hosted_button_id=2SUEFTGABTAM2
Message: Also leave a message if there is any particular feature you would like to see added.
Message: Thanks for all the people that have donated.
Message: Torndeco: 20/02/15


extDB2: Found extdb-conf.ini
extDB2: Detected 24 Cores, Setting up 6 Worker Threads


[18:23:08:035115 --4:00] [Thread 19084] extDB2: Database Type: MySQL
[18:23:08:039045 --4:00] [Thread 19084] extDB2: Database Session Pool Started
[18:23:08:041032 --4:00] [Thread 19084] extDB2: SQL_CUSTOM_V2: Loading Template Filename: C:\Servers\EXILE\steamapps\common\Arma 3 Server\extDB\sql_custom_v2\exile.ini
[18:23:08:041173 --4:00] [Thread 19084] extDB2: SQL_CUSTOM_V2: Version 12 Detected, Latest Version 12 Available
[18:23:10:417053 --4:00] [Thread 5880] extDB2: SQL_CUSTOM_V2: Error No Custom Call Not Found: Input String insert_infiSTARLog:CONNECTLOG:infiSTAR_PlayerConnected_id  1
[18:23:10:417085 --4:00] [Thread 5880] extDB2: SQL_CUSTOM_V2: Error No Custom Call Not Found: Callname insert_infiSTARLog
[18:23:10:417127 --4:00] [Thread 25048] extDB2: SQL_CUSTOM_V2: Error No Custom Call Not Found: Input String insert_infiSTARLog:CONNECTLOG:infiSTAR_PlayerDisconnected_id  0
[18:23:10:417146 --4:00] [Thread 25048] extDB2: SQL_CUSTOM_V2: Error No Custom Call Not Found: Callname insert_infiSTARLog
[18:23:10:417664 --4:00] [Thread 25048] extDB2: SQL_CUSTOM_V2: Error No Custom Call Not Found: Input String insert_infiSTARLog:SERVER_INFO:[SERVER START] TIME  0 || EMAIL  justinbowers@live.com || VERSION  09-Jan-2017 02-25-58 - v0070 || Local Server Time  [2017,1,27,18,23]
[18:23:10:417679 --4:00] [Thread 25048] extDB2: SQL_CUSTOM_V2: Error No Custom Call Not Found: Callname insert_infiSTARLog
[18:23:10:533995 --4:00] [Thread 25048] extDB2: SQL_CUSTOM_V2: Error No Custom Call Not Found: Input String insert_infiSTARLog:CONNECTLOG:#0 Connected  __SERVER__( - 2)
[18:23:10:534034 --4:00] [Thread 25048] extDB2: SQL_CUSTOM_V2: Error No Custom Call Not Found: Callname insert_infiSTARLog
[18:23:34:185536 --4:00] [Thread 19084] extDB2: SQL_CUSTOM_V2: Error No Custom Call Not Found: Input String loadTerritoryVehicles:2
[18:23:34:185567 --4:00] [Thread 19084] extDB2: SQL_CUSTOM_V2: Error No Custom Call Not Found: Callname loadTerritoryVehicles
[18:25:11:717667 --4:00] [Thread 18800] extDB2: SQL_CUSTOM_V2: Error No Custom Call Not Found: Input String insert_infiSTARLog:CONNECTLOG:#0 Connected  Mr. Sage(76561198108041726 - 3)
[18:25:11:717728 --4:00] [Thread 18800] extDB2: SQL_CUSTOM_V2: Error No Custom Call Not Found: Callname insert_infiSTARLog
[18:25:11:717938 --4:00] [Thread 18800] extDB2: SQL_CUSTOM_V2: Error No Custom Call Not Found: Input String insert_infiSTARLog:TOKENLOG:TOKEN [ncewcy0psrug18iu6u] FOR Mr. Sage(76561198108041726) OWNER ID  3
[18:25:11:717968 --4:00] [Thread 18800] extDB2: SQL_CUSTOM_V2: Error No Custom Call Not Found: Callname insert_infiSTARLog
[18:25:13:259092 --4:00] [Thread 25048] extDB2: SQL_CUSTOM_V2: Error No Custom Call Not Found: Input String insert_infiSTARLog:CONNECTLOG:#1 Connected  Mr. Sage(76561198108041726 - 3) SteamName  Mr. Sage   [UpTime  0h 1min 38s - ServerFPS  45.584]
[18:25:13:259127 --4:00] [Thread 25048] extDB2: SQL_CUSTOM_V2: Error No Custom Call Not Found: Callname insert_infiSTARLog
[18:25:53:362881 --4:00] [Thread 25048] extDB2: SQL_CUSTOM_V2: Error No Custom Call Not Found: Input String insert_infiSTARLog:netids:Mr. Sage(76561198108041726) - R Mr. Sages Crew 1 (Mr. Sage) REMOTE, Exile_Unit_Player - 2 3528 - 3
[18:25:53:362946 --4:00] [Thread 25048] extDB2: SQL_CUSTOM_V2: Error No Custom Call Not Found: Callname insert_infiSTARLog
[18:26:10:351888 --4:00] [Thread 19084] extDB2: Stopping ...
