[09:19:04:067654 --4:00] [Thread 18080] RAZAR_PT commited suicide!
[09:30:12:025107 --4:00] [Thread 7464] RAZAR_PT commited suicide!
[09:49:55:234898 --4:00] [Thread 7464] RAZAR_PT commited suicide!
[10:18:32:851268 --4:00] [Thread 12632] XdiiasXD crashed to death!
[11:20:26:018227 --4:00] [Thread 14824] XdiiasXD commited suicide!
[11:36:23:529623 --4:00] [Thread 14824] XdiiasXD died for an unknown reason!
[11:47:35:935002 --4:00] [Thread 26980] XdiiasXD was killed by an NPC!
[11:49:49:469027 --4:00] [Thread 5588] RAZAR_PT commited suicide!
[11:50:26:144724 --4:00] [Thread 32652] RAZAR_PT commited suicide!
[11:56:46:832341 --4:00] [Thread 26980] XdiiasXD commited suicide!
[11:58:17:923593 --4:00] [Thread 32652] XdiiasXD died for an unknown reason!
[12:05:02:237152 --4:00] [Thread 32652] RAZAR_PT was killed by XdiiasXD! (First Blood)
[12:08:03:154188 --4:00] [Thread 5588] RAZAR_PT was killed by XdiiasXD! (BAMBI SLAYER)
[12:10:00:515032 --4:00] [Thread 14728] RAZAR_PT commited suicide!
[12:10:08:669914 --4:00] [Thread 32652] XdiiasXD commited suicide!
[12:10:59:218301 --4:00] [Thread 14728] XdiiasXD was killed by RAZAR_PT! (BAMBI SLAYER)
[12:10:59:281520 --4:00] [Thread 19480] RAZAR_PT was killed by XdiiasXD! (BAMBI SLAYER)
[12:13:30:220596 --4:00] [Thread 14824] RAZAR_PT was killed by XdiiasXD! (BAMBI SLAYER)
[12:14:41:640494 --4:00] [Thread 14728] RAZAR_PT died for an unknown reason!
[12:16:38:083115 --4:00] [Thread 14824] RAZAR_PT was killed by XdiiasXD! (BAMBI SLAYER)
[13:29:27:379915 --4:00] [Thread 22088] RAZAR_PT was killed by XdiiasXD! (First Blood)
[13:34:38:511426 --4:00] [Thread 304] RAZAR_PT commited suicide!
[13:34:49:997615 --4:00] [Thread 304] XdiiasXD commited suicide!
[13:40:13:928651 --4:00] [Thread 304] Mr. Sage commited suicide!
[14:27:24:905718 --4:00] [Thread 15844] Mr. Sage commited suicide!
[16:43:45:503488 --4:00] [Thread 25160] XdiiasXD commited suicide!
