extDB2: Version: 70
extDB2: https://github.com/Torndeco/extDB2
extDB2: Windows Version
Message: All development for extDB2 is done on a Linux Dedicated Server
Message: If you would like to Donate to extDB2 Development
Message: https://www.paypal.com/cgi-bin/webscr?cmd=_s-xclick&hosted_button_id=2SUEFTGABTAM2
Message: Also leave a message if there is any particular feature you would like to see added.
Message: Thanks for all the people that have donated.
Message: Torndeco: 20/02/15


extDB2: Found extdb-conf.ini
extDB2: Detected 24 Cores, Setting up 6 Worker Threads


[15:52:43:596321 --4:00] [Thread 12780] extDB2: Database Type: MySQL
[15:52:43:618261 --4:00] [Thread 12780] extDB2: Database Session Pool Started
[15:52:43:621382 --4:00] [Thread 12780] extDB2: SQL_CUSTOM_V2: Loading Template Filename: C:\EXILE\steamapps\common\Arma 3 Server\extDB\sql_custom_v2\exile.ini
[15:52:43:621528 --4:00] [Thread 12780] extDB2: SQL_CUSTOM_V2: Version 12 Detected, Latest Version 12 Available
[15:52:44:263586 --4:00] [Thread 14408] extDB2: SQL_CUSTOM_V2: Error No Custom Call Not Found: Input String insert_infiSTARLog:CONNECTLOG:infiSTAR_PlayerConnected_id  0
[15:52:44:263629 --4:00] [Thread 14408] extDB2: SQL_CUSTOM_V2: Error No Custom Call Not Found: Callname insert_infiSTARLog
[15:52:44:263685 --4:00] [Thread 14844] extDB2: SQL_CUSTOM_V2: Error No Custom Call Not Found: Input String insert_infiSTARLog:CONNECTLOG:infiSTAR_PlayerDisconnected_id  0
[15:52:44:263706 --4:00] [Thread 14844] extDB2: SQL_CUSTOM_V2: Error No Custom Call Not Found: Callname insert_infiSTARLog
[15:52:44:264258 --4:00] [Thread 14844] extDB2: SQL_CUSTOM_V2: Error No Custom Call Not Found: Input String insert_infiSTARLog:SERVER_INFO:[SERVER START] TIME  0 || EMAIL  justinbowers@live.com || VERSION  09-Jan-2017 02-25-58 - v0070 || Local Server Time  [2017,1,18,15,52]
[15:52:44:264272 --4:00] [Thread 14844] extDB2: SQL_CUSTOM_V2: Error No Custom Call Not Found: Callname insert_infiSTARLog
[15:52:44:351574 --4:00] [Thread 13052] extDB2: SQL_CUSTOM_V2: Error No Custom Call Not Found: Input String insert_infiSTARLog:CONNECTLOG:#0 Connected  __SERVER__( - 2)
[15:52:44:351614 --4:00] [Thread 13052] extDB2: SQL_CUSTOM_V2: Error No Custom Call Not Found: Callname insert_infiSTARLog
[15:52:44:369890 --4:00] [Thread 12780] extDB2: SQL_CUSTOM_V2: Error No Custom Call Not Found: Input String loadTerritoryVehicles:1
[15:52:44:369915 --4:00] [Thread 12780] extDB2: SQL_CUSTOM_V2: Error No Custom Call Not Found: Callname loadTerritoryVehicles
[15:55:58:922105 --4:00] [Thread 13052] extDB2: SQL_CUSTOM_V2: Error No Custom Call Not Found: Input String insert_infiSTARLog:A3_EXILE_OCCUPATION:V65 (30-08-2016) =============================================================================================================
[15:55:58:922168 --4:00] [Thread 13052] extDB2: SQL_CUSTOM_V2: Error No Custom Call Not Found: Callname insert_infiSTARLog
[15:55:58:922222 --4:00] [Thread 14844] extDB2: SQL_CUSTOM_V2: Error No Custom Call Not Found: Input String insert_infiSTARLog:A3_EXILE_OCCUPATION:V65 (30-08-2016) [OCCUPATION MOD]  Occupation V65 (30-08-2016) Initialised at 175.56
[15:55:58:922253 --4:00] [Thread 14844] extDB2: SQL_CUSTOM_V2: Error No Custom Call Not Found: Callname insert_infiSTARLog
[15:55:58:922282 --4:00] [Thread 13052] extDB2: SQL_CUSTOM_V2: Error No Custom Call Not Found: Input String insert_infiSTARLog:A3_EXILE_OCCUPATION:V65 (30-08-2016) =============================================================================================================
[15:55:58:922307 --4:00] [Thread 13052] extDB2: SQL_CUSTOM_V2: Error No Custom Call Not Found: Callname insert_infiSTARLog
[15:55:58:968190 --4:00] [Thread 13052] extDB2: SQL_CUSTOM_V2: Error No Custom Call Not Found: Input String insert_infiSTARLog:A3_EXILE_OCCUPATION:V65 (30-08-2016) [OCCUPATION Traders] starting @ 175.605
[15:55:58:968230 --4:00] [Thread 13052] extDB2: SQL_CUSTOM_V2: Error No Custom Call Not Found: Callname insert_infiSTARLog
[15:55:58:968331 --4:00] [Thread 13052] extDB2: SQL_CUSTOM_V2: Error No Custom Call Not Found: Input String insert_infiSTARLog:A3_EXILE_OCCUPATION:V65 (30-08-2016) [processReporter]  Initialised at 175.605
[15:55:58:968404 --4:00] [Thread 13052] extDB2: SQL_CUSTOM_V2: Error No Custom Call Not Found: Callname insert_infiSTARLog
[15:55:58:969183 --4:00] [Thread 13052] extDB2: SQL_CUSTOM_V2: Error No Custom Call Not Found: Input String insert_infiSTARLog:A3_EXILE_OCCUPATION:V65 (30-08-2016) [OCCUPATION]  Detected DMS version September 5, 2016
[15:55:58:969266 --4:00] [Thread 13052] extDB2: SQL_CUSTOM_V2: Error No Custom Call Not Found: Callname insert_infiSTARLog
[15:55:58:969265 --4:00] [Thread 14844] extDB2: SQL_CUSTOM_V2: Error No Custom Call Not Found: Input String insert_infiSTARLog:A3_EXILE_OCCUPATION:V65 (30-08-2016) [OCCUPATION]  Occupation V65 (30-08-2016) Adding modules to Exile system thread manager at 175.605
[15:55:58:969306 --4:00] [Thread 14844] extDB2: SQL_CUSTOM_V2: Error No Custom Call Not Found: Callname insert_infiSTARLog
[15:56:45:320259 --4:00] [Thread 14844] extDB2: SQL_CUSTOM_V2: Error No Custom Call Not Found: Input String insert_infiSTARLog:A3_EXILE_OCCUPATION:V65 (30-08-2016) [OCCUPATION LootCrates]  Starting Occupation Loot Crates
[15:56:45:320309 --4:00] [Thread 14844] extDB2: SQL_CUSTOM_V2: Error No Custom Call Not Found: Callname insert_infiSTARLog
[15:56:45:320319 --4:00] [Thread 13052] extDB2: SQL_CUSTOM_V2: Error No Custom Call Not Found: Input String insert_infiSTARLog:A3_EXILE_OCCUPATION:V65 (30-08-2016) [OCCUPATION LootCrates]  worldname  Tanoa crates to spawn  6
[15:56:45:320335 --4:00] [Thread 13052] extDB2: SQL_CUSTOM_V2: Error No Custom Call Not Found: Callname insert_infiSTARLog
[15:56:47:741756 --4:00] [Thread 13052] extDB2: SQL_CUSTOM_V2: Error No Custom Call Not Found: Input String insert_infiSTARLog:A3_EXILE_OCCUPATION:V65 (30-08-2016) [OCCUPATION LootCrates]   Creating crate 1 at drop zone [2394.39,3905.64,0] with 1 guards
[15:56:47:741808 --4:00] [Thread 13052] extDB2: SQL_CUSTOM_V2: Error No Custom Call Not Found: Callname insert_infiSTARLog
[15:56:50:312433 --4:00] [Thread 13052] extDB2: SQL_CUSTOM_V2: Error No Custom Call Not Found: Input String insert_infiSTARLog:A3_EXILE_OCCUPATION:V65 (30-08-2016) [OCCUPATION LootCrates]   Creating crate 2 at drop zone [2389.11,11956.3,0] with 1 guards
[15:56:50:312515 --4:00] [Thread 13052] extDB2: SQL_CUSTOM_V2: Error No Custom Call Not Found: Callname insert_infiSTARLog
[15:56:51:719929 --4:00] [Thread 13052] extDB2: SQL_CUSTOM_V2: Error No Custom Call Not Found: Input String insert_infiSTARLog:A3_EXILE_OCCUPATION:V65 (30-08-2016) [OCCUPATION LootCrates]   Creating crate 3 at drop zone [12302.3,2370.58,0] with 1 guards
[15:56:51:719981 --4:00] [Thread 13052] extDB2: SQL_CUSTOM_V2: Error No Custom Call Not Found: Callname insert_infiSTARLog
[15:56:53:162503 --4:00] [Thread 13052] extDB2: SQL_CUSTOM_V2: Error No Custom Call Not Found: Input String insert_infiSTARLog:A3_EXILE_OCCUPATION:V65 (30-08-2016) [OCCUPATION LootCrates]   Creating crate 4 at drop zone [9904.69,11861.4,0] with 2 guards
[15:56:53:162568 --4:00] [Thread 13052] extDB2: SQL_CUSTOM_V2: Error No Custom Call Not Found: Callname insert_infiSTARLog
[15:56:54:585487 --4:00] [Thread 13052] extDB2: SQL_CUSTOM_V2: Error No Custom Call Not Found: Input String insert_infiSTARLog:A3_EXILE_OCCUPATION:V65 (30-08-2016) [OCCUPATION LootCrates]   Creating crate 5 at drop zone [8820.71,10670,0] with 2 guards
[15:56:54:585533 --4:00] [Thread 13052] extDB2: SQL_CUSTOM_V2: Error No Custom Call Not Found: Callname insert_infiSTARLog
[15:56:56:304168 --4:00] [Thread 13052] extDB2: SQL_CUSTOM_V2: Error No Custom Call Not Found: Input String insert_infiSTARLog:A3_EXILE_OCCUPATION:V65 (30-08-2016) [OCCUPATION LootCrates]   Creating crate 6 at drop zone [11533.3,12677.7,0] with 2 guards
[15:56:56:304211 --4:00] [Thread 13052] extDB2: SQL_CUSTOM_V2: Error No Custom Call Not Found: Callname insert_infiSTARLog
[15:57:04:338191 --4:00] [Thread 13052] extDB2: SQL_CUSTOM_V2: Error No Custom Call Not Found: Input String insert_infiSTARLog:A3_EXILE_PROCESSREPORTER:V65 (30-08-2016) =======================================================================================================
[15:57:04:338294 --4:00] [Thread 13052] extDB2: SQL_CUSTOM_V2: Error No Custom Call Not Found: Callname insert_infiSTARLog
[15:57:04:338317 --4:00] [Thread 14844] extDB2: SQL_CUSTOM_V2: Error No Custom Call Not Found: Input String insert_infiSTARLog:A3_EXILE_PROCESSREPORTER:V65 (30-08-2016) [processReporter] Started @ 239.457   [FPS  45.584|PLAYERS  0|THREADS  12]
[15:57:04:338336 --4:00] [Thread 14844] extDB2: SQL_CUSTOM_V2: Error No Custom Call Not Found: Callname insert_infiSTARLog
[15:57:04:338383 --4:00] [Thread 13052] extDB2: SQL_CUSTOM_V2: Error No Custom Call Not Found: Input String insert_infiSTARLog:A3_EXILE_PROCESSREPORTER:V65 (30-08-2016) =======================================================================================================
[15:57:04:338398 --4:00] [Thread 13052] extDB2: SQL_CUSTOM_V2: Error No Custom Call Not Found: Callname insert_infiSTARLog
[15:57:04:338507 --4:00] [Thread 13052] extDB2: SQL_CUSTOM_V2: Error No Custom Call Not Found: Input String insert_infiSTARLog:A3_EXILE_PROCESSREPORTER:V65 (30-08-2016) [processReporter] Process Counts  spawn-ed  6 execVM-ed  6 exec-ed  0 execFSM-ed  2
[15:57:04:338522 --4:00] [Thread 13052] extDB2: SQL_CUSTOM_V2: Error No Custom Call Not Found: Callname insert_infiSTARLog
[15:57:04:338593 --4:00] [Thread 13052] extDB2: SQL_CUSTOM_V2: Error No Custom Call Not Found: Input String insert_infiSTARLog:A3_EXILE_PROCESSREPORTER:V65 (30-08-2016) [processReporter] Active SQF  ["<spawn>","",true,5126] @ 239.457
[15:57:04:338608 --4:00] [Thread 13052] extDB2: SQL_CUSTOM_V2: Error No Custom Call Not Found: Callname insert_infiSTARLog
[15:57:04:338679 --4:00] [Thread 13052] extDB2: SQL_CUSTOM_V2: Error No Custom Call Not Found: Input String insert_infiSTARLog:A3_EXILE_PROCESSREPORTER:V65 (30-08-2016) [processReporter] Active SQF  ["mpmissions\__cur_mp.Tanoa\ground_fog.sqf","mpmissions\__cur_mp.Tanoa\ground_fog.sqf",true,4] @ 239.457
[15:57:04:338693 --4:00] [Thread 13052] extDB2: SQL_CUSTOM_V2: Error No Custom Call Not Found: Callname insert_infiSTARLog
[15:57:04:338777 --4:00] [Thread 13052] extDB2: SQL_CUSTOM_V2: Error No Custom Call Not Found: Input String insert_infiSTARLog:A3_EXILE_PROCESSREPORTER:V65 (30-08-2016) [processReporter] Active SQF  ["mpmissions\__cur_mp.Tanoa\IgiLoad\IgiLoadInit.sqf","mpmissions\__cur_mp.Tanoa\IgiLoad\IgiLoadInit.sqf",true,35] @ 239.457
[15:57:04:338792 --4:00] [Thread 13052] extDB2: SQL_CUSTOM_V2: Error No Custom Call Not Found: Callname insert_infiSTARLog
[15:57:04:338847 --4:00] [Thread 13052] extDB2: SQL_CUSTOM_V2: Error No Custom Call Not Found: Input String insert_infiSTARLog:A3_EXILE_PROCESSREPORTER:V65 (30-08-2016) [processReporter] Active SQF  ["mpmissions\__cur_mp.Tanoa\ToastIntro.sqf","mpmissions\__cur_mp.Tanoa\ToastIntro.sqf",true,6] @ 239.457
[15:57:04:338858 --4:00] [Thread 13052] extDB2: SQL_CUSTOM_V2: Error No Custom Call Not Found: Callname insert_infiSTARLog
[15:57:04:338952 --4:00] [Thread 13052] extDB2: SQL_CUSTOM_V2: Error No Custom Call Not Found: Input String insert_infiSTARLog:A3_EXILE_PROCESSREPORTER:V65 (30-08-2016) [processReporter] Active SQF  ["mpmissions\__cur_mp.Tanoa\custom\service\service_point.sqf","mpmissions\__cur_mp.Tanoa\custom\service\service_point.sqf",true,217] @ 239.457
[15:57:04:338960 --4:00] [Thread 13052] extDB2: SQL_CUSTOM_V2: Error No Custom Call Not Found: Callname insert_infiSTARLog
[15:57:04:339035 --4:00] [Thread 13052] extDB2: SQL_CUSTOM_V2: Error No Custom Call Not Found: Input String insert_infiSTARLog:A3_EXILE_PROCESSREPORTER:V65 (30-08-2016) [processReporter] Active SQF  ["DMS_fnc_HeliParatroopers_Monitor","x\addons\a3_exile_occupation\scripts\extras\processReporter.sqf",true,25] @ 239.457
[15:57:04:339042 --4:00] [Thread 13052] extDB2: SQL_CUSTOM_V2: Error No Custom Call Not Found: Callname insert_infiSTARLog
[15:57:04:339179 --4:00] [Thread 13052] extDB2: SQL_CUSTOM_V2: Error No Custom Call Not Found: Input String insert_infiSTARLog:A3_EXILE_PROCESSREPORTER:V65 (30-08-2016) [processReporter] Active SQF  ["mpmissions\__cur_mp.Tanoa\JohnO_fnc_storm.sqf","mpmissions\__cur_mp.Tanoa\JohnO_fnc_storm.sqf",true,103] @ 239.457
[15:57:04:339188 --4:00] [Thread 13052] extDB2: SQL_CUSTOM_V2: Error No Custom Call Not Found: Callname insert_infiSTARLog
[15:57:04:339256 --4:00] [Thread 13052] extDB2: SQL_CUSTOM_V2: Error No Custom Call Not Found: Input String insert_infiSTARLog:A3_EXILE_PROCESSREPORTER:V65 (30-08-2016) [processReporter] Active SQF  ["<spawn>","mpmissions\__cur_mp.Tanoa\ExAdClient\HaloParachute\postInit.sqf",true,32] @ 239.457
[15:57:04:339264 --4:00] [Thread 13052] extDB2: SQL_CUSTOM_V2: Error No Custom Call Not Found: Callname insert_infiSTARLog
[15:57:04:339348 --4:00] [Thread 13052] extDB2: SQL_CUSTOM_V2: Error No Custom Call Not Found: Input String insert_infiSTARLog:A3_EXILE_PROCESSREPORTER:V65 (30-08-2016) [processReporter] Active SQF  ["<spawn>","mpmissions\__cur_mp.Tanoa\ExadClient\XM8\Apps\CHVD\config.sqf",true,47] @ 239.457
[15:57:04:339354 --4:00] [Thread 13052] extDB2: SQL_CUSTOM_V2: Error No Custom Call Not Found: Callname insert_infiSTARLog
[15:57:04:339443 --4:00] [Thread 13052] extDB2: SQL_CUSTOM_V2: Error No Custom Call Not Found: Input String insert_infiSTARLog:A3_EXILE_PROCESSREPORTER:V65 (30-08-2016) [processReporter] Active SQF  ["<spawn>","mpmissions\__cur_mp.Tanoa\ExAdClient\StatsBar\postInit.sqf",true,144] @ 239.457
[15:57:04:339450 --4:00] [Thread 13052] extDB2: SQL_CUSTOM_V2: Error No Custom Call Not Found: Callname insert_infiSTARLog
[15:57:04:339533 --4:00] [Thread 13052] extDB2: SQL_CUSTOM_V2: Error No Custom Call Not Found: Input String insert_infiSTARLog:A3_EXILE_PROCESSREPORTER:V65 (30-08-2016) [processReporter] Active SQF  ["<spawn>","mpmissions\__cur_mp.Tanoa\IgiLoad\IgiLoadTaru.sqf",true,467] @ 239.457
[15:57:04:339540 --4:00] [Thread 13052] extDB2: SQL_CUSTOM_V2: Error No Custom Call Not Found: Callname insert_infiSTARLog
[15:57:04:339649 --4:00] [Thread 13052] extDB2: SQL_CUSTOM_V2: Error No Custom Call Not Found: Input String insert_infiSTARLog:A3_EXILE_PROCESSREPORTER:V65 (30-08-2016) [processReporter] Active SQF  ["BIS_fnc_sortNum","x\addons\a3_exile_occupation\scripts\startOccupation.sqf",true,85] @ 239.457
[15:57:04:339657 --4:00] [Thread 13052] extDB2: SQL_CUSTOM_V2: Error No Custom Call Not Found: Callname insert_infiSTARLog
[15:57:04:339736 --4:00] [Thread 13052] extDB2: SQL_CUSTOM_V2: Error No Custom Call Not Found: Input String insert_infiSTARLog:A3_EXILE_PROCESSREPORTER:V65 (30-08-2016) [processReporter] Active FSM  ["main.fsm","Wait",-239.457] @ 239.457
[15:57:04:339742 --4:00] [Thread 13052] extDB2: SQL_CUSTOM_V2: Error No Custom Call Not Found: Callname insert_infiSTARLog
[15:57:04:339824 --4:00] [Thread 13052] extDB2: SQL_CUSTOM_V2: Error No Custom Call Not Found: Input String insert_infiSTARLog:A3_EXILE_PROCESSREPORTER:V65 (30-08-2016) [processReporter] Active FSM  ["missions","Waiting",-239.457] @ 239.457
[15:57:04:339830 --4:00] [Thread 13052] extDB2: SQL_CUSTOM_V2: Error No Custom Call Not Found: Callname insert_infiSTARLog
[15:57:04:339905 --4:00] [Thread 13052] extDB2: SQL_CUSTOM_V2: Error No Custom Call Not Found: Input String insert_infiSTARLog:A3_EXILE_PROCESSREPORTER:V65 (30-08-2016) [processReporter] Ended @ 239.457
[15:57:04:339912 --4:00] [Thread 13052] extDB2: SQL_CUSTOM_V2: Error No Custom Call Not Found: Callname insert_infiSTARLog
[15:57:11:396789 --4:00] [Thread 13052] extDB2: SQL_CUSTOM_V2: Error No Custom Call Not Found: Input String insert_infiSTARLog:A3_EXILE_OCCUPATION:V65 (30-08-2016) [OCCUPATION HeliCrashes]  Initialised at 246.515
[15:57:11:396833 --4:00] [Thread 13052] extDB2: SQL_CUSTOM_V2: Error No Custom Call Not Found: Callname insert_infiSTARLog
[15:57:11:396891 --4:00] [Thread 13052] extDB2: SQL_CUSTOM_V2: Error No Custom Call Not Found: Input String insert_infiSTARLog:A3_EXILE_OCCUPATION:V65 (30-08-2016) [OCCUPATION HeliCrashes]   worldname  Tanoa crashes to spawn  5
[15:57:11:396898 --4:00] [Thread 13052] extDB2: SQL_CUSTOM_V2: Error No Custom Call Not Found: Callname insert_infiSTARLog
[15:57:12:782765 --4:00] [Thread 13052] extDB2: SQL_CUSTOM_V2: Error No Custom Call Not Found: Input String insert_infiSTARLog:A3_EXILE_OCCUPATION:V65 (30-08-2016) [OCCUPATION HeliCrashes] Crash 1   Location [1723.95,3093.99,0]
[15:57:12:782811 --4:00] [Thread 13052] extDB2: SQL_CUSTOM_V2: Error No Custom Call Not Found: Callname insert_infiSTARLog
[15:57:14:227938 --4:00] [Thread 13052] extDB2: SQL_CUSTOM_V2: Error No Custom Call Not Found: Input String insert_infiSTARLog:A3_EXILE_OCCUPATION:V65 (30-08-2016) [OCCUPATION HeliCrashes] Crash 2   Location [5864.39,7819.18,0]
[15:57:14:227987 --4:00] [Thread 13052] extDB2: SQL_CUSTOM_V2: Error No Custom Call Not Found: Callname insert_infiSTARLog
[15:57:16:647587 --4:00] [Thread 13052] extDB2: SQL_CUSTOM_V2: Error No Custom Call Not Found: Input String insert_infiSTARLog:A3_EXILE_OCCUPATION:V65 (30-08-2016) [OCCUPATION HeliCrashes] Crash 3   Location [7771.49,7922.3,0]
[15:57:16:647671 --4:00] [Thread 13052] extDB2: SQL_CUSTOM_V2: Error No Custom Call Not Found: Callname insert_infiSTARLog
[15:57:18:009437 --4:00] [Thread 13052] extDB2: SQL_CUSTOM_V2: Error No Custom Call Not Found: Input String insert_infiSTARLog:A3_EXILE_OCCUPATION:V65 (30-08-2016) [OCCUPATION HeliCrashes] Crash 4   Location [7250.66,11241,0]
[15:57:18:009492 --4:00] [Thread 13052] extDB2: SQL_CUSTOM_V2: Error No Custom Call Not Found: Callname insert_infiSTARLog
[15:57:19:440593 --4:00] [Thread 13052] extDB2: SQL_CUSTOM_V2: Error No Custom Call Not Found: Input String insert_infiSTARLog:A3_EXILE_OCCUPATION:V65 (30-08-2016) [OCCUPATION HeliCrashes] Crash 5   Location [6839.74,7107.4,0]
[15:57:19:440665 --4:00] [Thread 13052] extDB2: SQL_CUSTOM_V2: Error No Custom Call Not Found: Callname insert_infiSTARLog
[15:57:19:462752 --4:00] [Thread 13052] extDB2: SQL_CUSTOM_V2: Error No Custom Call Not Found: Input String insert_infiSTARLog:A3_EXILE_OCCUPATION:V65 (30-08-2016) [OCCUPATION FastNights]   Current in game time is 15 34 multipler is 4
[15:57:19:462793 --4:00] [Thread 13052] extDB2: SQL_CUSTOM_V2: Error No Custom Call Not Found: Callname insert_infiSTARLog
[15:57:34:500445 --4:00] [Thread 13052] extDB2: SQL_CUSTOM_V2: Error No Custom Call Not Found: Input String insert_infiSTARLog:A3_EXILE_OCCUPATION:V65 (30-08-2016) [OCCUPATION RandomSpawn]  Starting Occupation Monitor @ 269.617
[15:57:34:500494 --4:00] [Thread 13052] extDB2: SQL_CUSTOM_V2: Error No Custom Call Not Found: Callname insert_infiSTARLog
[15:58:10:280113 --4:00] [Thread 13052] extDB2: SQL_CUSTOM_V2: Error No Custom Call Not Found: Input String insert_infiSTARLog:A3_EXILE_PROCESSREPORTER:V65 (30-08-2016) =======================================================================================================
[15:58:10:280164 --4:00] [Thread 13052] extDB2: SQL_CUSTOM_V2: Error No Custom Call Not Found: Callname insert_infiSTARLog
[15:58:10:280223 --4:00] [Thread 13052] extDB2: SQL_CUSTOM_V2: Error No Custom Call Not Found: Input String insert_infiSTARLog:A3_EXILE_PROCESSREPORTER:V65 (30-08-2016) [processReporter] Started @ 304.509   [FPS  33.7553|PLAYERS  0|THREADS  12]
[15:58:10:280238 --4:00] [Thread 13052] extDB2: SQL_CUSTOM_V2: Error No Custom Call Not Found: Callname insert_infiSTARLog
[15:58:10:280318 --4:00] [Thread 13052] extDB2: SQL_CUSTOM_V2: Error No Custom Call Not Found: Input String insert_infiSTARLog:A3_EXILE_PROCESSREPORTER:V65 (30-08-2016) =======================================================================================================
[15:58:10:280330 --4:00] [Thread 13052] extDB2: SQL_CUSTOM_V2: Error No Custom Call Not Found: Callname insert_infiSTARLog
[15:58:10:280418 --4:00] [Thread 13052] extDB2: SQL_CUSTOM_V2: Error No Custom Call Not Found: Input String insert_infiSTARLog:A3_EXILE_PROCESSREPORTER:V65 (30-08-2016) [processReporter] Process Counts  spawn-ed  6 execVM-ed  6 exec-ed  0 execFSM-ed  2
[15:58:10:280426 --4:00] [Thread 13052] extDB2: SQL_CUSTOM_V2: Error No Custom Call Not Found: Callname insert_infiSTARLog
[15:58:10:280526 --4:00] [Thread 13052] extDB2: SQL_CUSTOM_V2: Error No Custom Call Not Found: Input String insert_infiSTARLog:A3_EXILE_PROCESSREPORTER:V65 (30-08-2016) [processReporter] Active SQF  ["<spawn>","",true,5126] @ 304.509
[15:58:10:280538 --4:00] [Thread 13052] extDB2: SQL_CUSTOM_V2: Error No Custom Call Not Found: Callname insert_infiSTARLog
[15:58:10:280618 --4:00] [Thread 13052] extDB2: SQL_CUSTOM_V2: Error No Custom Call Not Found: Input String insert_infiSTARLog:A3_EXILE_PROCESSREPORTER:V65 (30-08-2016) [processReporter] Active SQF  ["mpmissions\__cur_mp.Tanoa\ground_fog.sqf","mpmissions\__cur_mp.Tanoa\ground_fog.sqf",true,4] @ 304.509
[15:58:10:280625 --4:00] [Thread 13052] extDB2: SQL_CUSTOM_V2: Error No Custom Call Not Found: Callname insert_infiSTARLog
[15:58:10:280717 --4:00] [Thread 13052] extDB2: SQL_CUSTOM_V2: Error No Custom Call Not Found: Input String insert_infiSTARLog:A3_EXILE_PROCESSREPORTER:V65 (30-08-2016) [processReporter] Active SQF  ["mpmissions\__cur_mp.Tanoa\IgiLoad\IgiLoadInit.sqf","mpmissions\__cur_mp.Tanoa\IgiLoad\IgiLoadInit.sqf",true,35] @ 304.509
[15:58:10:280723 --4:00] [Thread 13052] extDB2: SQL_CUSTOM_V2: Error No Custom Call Not Found: Callname insert_infiSTARLog
[15:58:10:280845 --4:00] [Thread 13052] extDB2: SQL_CUSTOM_V2: Error No Custom Call Not Found: Input String insert_infiSTARLog:A3_EXILE_PROCESSREPORTER:V65 (30-08-2016) [processReporter] Active SQF  ["mpmissions\__cur_mp.Tanoa\ToastIntro.sqf","mpmissions\__cur_mp.Tanoa\ToastIntro.sqf",true,6] @ 304.509
[15:58:10:280853 --4:00] [Thread 13052] extDB2: SQL_CUSTOM_V2: Error No Custom Call Not Found: Callname insert_infiSTARLog
[15:58:10:280918 --4:00] [Thread 13052] extDB2: SQL_CUSTOM_V2: Error No Custom Call Not Found: Input String insert_infiSTARLog:A3_EXILE_PROCESSREPORTER:V65 (30-08-2016) [processReporter] Active SQF  ["mpmissions\__cur_mp.Tanoa\custom\service\service_point.sqf","mpmissions\__cur_mp.Tanoa\custom\service\service_point.sqf",true,217] @ 304.509
[15:58:10:280944 --4:00] [Thread 13052] extDB2: SQL_CUSTOM_V2: Error No Custom Call Not Found: Callname insert_infiSTARLog
[15:58:10:281013 --4:00] [Thread 13052] extDB2: SQL_CUSTOM_V2: Error No Custom Call Not Found: Input String insert_infiSTARLog:A3_EXILE_PROCESSREPORTER:V65 (30-08-2016) [processReporter] Active SQF  ["DMS_fnc_HeliParatroopers_Monitor","x\addons\a3_exile_occupation\scripts\extras\processReporter.sqf",true,25] @ 304.509
[15:58:10:281020 --4:00] [Thread 13052] extDB2: SQL_CUSTOM_V2: Error No Custom Call Not Found: Callname insert_infiSTARLog
[15:58:10:281107 --4:00] [Thread 13052] extDB2: SQL_CUSTOM_V2: Error No Custom Call Not Found: Input String insert_infiSTARLog:A3_EXILE_PROCESSREPORTER:V65 (30-08-2016) [processReporter] Active SQF  ["mpmissions\__cur_mp.Tanoa\JohnO_fnc_storm.sqf","mpmissions\__cur_mp.Tanoa\JohnO_fnc_storm.sqf",true,103] @ 304.509
[15:58:10:281115 --4:00] [Thread 13052] extDB2: SQL_CUSTOM_V2: Error No Custom Call Not Found: Callname insert_infiSTARLog
[15:58:10:281198 --4:00] [Thread 13052] extDB2: SQL_CUSTOM_V2: Error No Custom Call Not Found: Input String insert_infiSTARLog:A3_EXILE_PROCESSREPORTER:V65 (30-08-2016) [processReporter] Active SQF  ["<spawn>","mpmissions\__cur_mp.Tanoa\ExAdClient\HaloParachute\postInit.sqf",true,32] @ 304.509
[15:58:10:281205 --4:00] [Thread 13052] extDB2: SQL_CUSTOM_V2: Error No Custom Call Not Found: Callname insert_infiSTARLog
[15:58:10:281288 --4:00] [Thread 13052] extDB2: SQL_CUSTOM_V2: Error No Custom Call Not Found: Input String insert_infiSTARLog:A3_EXILE_PROCESSREPORTER:V65 (30-08-2016) [processReporter] Active SQF  ["<spawn>","mpmissions\__cur_mp.Tanoa\ExadClient\XM8\Apps\CHVD\config.sqf",true,47] @ 304.509
[15:58:10:281294 --4:00] [Thread 13052] extDB2: SQL_CUSTOM_V2: Error No Custom Call Not Found: Callname insert_infiSTARLog
[15:58:10:281377 --4:00] [Thread 13052] extDB2: SQL_CUSTOM_V2: Error No Custom Call Not Found: Input String insert_infiSTARLog:A3_EXILE_PROCESSREPORTER:V65 (30-08-2016) [processReporter] Active SQF  ["<spawn>","mpmissions\__cur_mp.Tanoa\ExAdClient\StatsBar\postInit.sqf",true,144] @ 304.509
[15:58:10:281385 --4:00] [Thread 13052] extDB2: SQL_CUSTOM_V2: Error No Custom Call Not Found: Callname insert_infiSTARLog
[15:58:10:281470 --4:00] [Thread 13052] extDB2: SQL_CUSTOM_V2: Error No Custom Call Not Found: Input String insert_infiSTARLog:A3_EXILE_PROCESSREPORTER:V65 (30-08-2016) [processReporter] Active SQF  ["<spawn>","mpmissions\__cur_mp.Tanoa\IgiLoad\IgiLoadTaru.sqf",true,467] @ 304.509
[15:58:10:281477 --4:00] [Thread 13052] extDB2: SQL_CUSTOM_V2: Error No Custom Call Not Found: Callname insert_infiSTARLog
[15:58:10:281565 --4:00] [Thread 13052] extDB2: SQL_CUSTOM_V2: Error No Custom Call Not Found: Input String insert_infiSTARLog:A3_EXILE_PROCESSREPORTER:V65 (30-08-2016) [processReporter] Active SQF  ["BIS_fnc_sortNum","x\addons\a3_exile_occupation\scripts\startOccupation.sqf",true,126] @ 304.509
[15:58:10:281580 --4:00] [Thread 13052] extDB2: SQL_CUSTOM_V2: Error No Custom Call Not Found: Callname insert_infiSTARLog
[15:58:10:281665 --4:00] [Thread 13052] extDB2: SQL_CUSTOM_V2: Error No Custom Call Not Found: Input String insert_infiSTARLog:A3_EXILE_PROCESSREPORTER:V65 (30-08-2016) [processReporter] Active FSM  ["main.fsm","Wait",-304.509] @ 304.509
[15:58:10:281680 --4:00] [Thread 13052] extDB2: SQL_CUSTOM_V2: Error No Custom Call Not Found: Callname insert_infiSTARLog
[15:58:10:281751 --4:00] [Thread 13052] extDB2: SQL_CUSTOM_V2: Error No Custom Call Not Found: Input String insert_infiSTARLog:A3_EXILE_PROCESSREPORTER:V65 (30-08-2016) [processReporter] Active FSM  ["missions","Waiting",-304.509] @ 304.509
[15:58:10:281766 --4:00] [Thread 13052] extDB2: SQL_CUSTOM_V2: Error No Custom Call Not Found: Callname insert_infiSTARLog
[15:58:10:281837 --4:00] [Thread 13052] extDB2: SQL_CUSTOM_V2: Error No Custom Call Not Found: Input String insert_infiSTARLog:A3_EXILE_PROCESSREPORTER:V65 (30-08-2016) [processReporter] Ended @ 304.509
[15:58:10:281853 --4:00] [Thread 13052] extDB2: SQL_CUSTOM_V2: Error No Custom Call Not Found: Callname insert_infiSTARLog
[15:58:20:258485 --4:00] [Thread 13052] extDB2: SQL_CUSTOM_V2: Error No Custom Call Not Found: Input String insert_infiSTARLog:A3_EXILE_OCCUPATION:V65 (30-08-2016) [OCCUPATION transport]  Starting @ 314.488
[15:58:20:258533 --4:00] [Thread 13052] extDB2: SQL_CUSTOM_V2: Error No Custom Call Not Found: Callname insert_infiSTARLog
[15:58:20:584067 --4:00] [Thread 13052] extDB2: SQL_CUSTOM_V2: Error No Custom Call Not Found: Input String insert_infiSTARLog:A3_EXILE_OCCUPATION:V65 (30-08-2016) [OCCUPATION transport] Vehicle Exile_Chopper_Orca_BlackCustom spawned @ [7680,7680,200]
[15:58:20:584105 --4:00] [Thread 13052] extDB2: SQL_CUSTOM_V2: Error No Custom Call Not Found: Callname insert_infiSTARLog
[15:58:20:584156 --4:00] [Thread 13052] extDB2: SQL_CUSTOM_V2: Error No Custom Call Not Found: Input String insert_infiSTARLog:A3_EXILE_OCCUPATION:V65 (30-08-2016) [OCCUPATION transport]  Found 5 markers to use as pickup points @ 314.813
[15:58:20:584163 --4:00] [Thread 13052] extDB2: SQL_CUSTOM_V2: Error No Custom Call Not Found: Callname insert_infiSTARLog
[15:58:20:584249 --4:00] [Thread 13052] extDB2: SQL_CUSTOM_V2: Error No Custom Call Not Found: Input String insert_infiSTARLog:A3_EXILE_OCCUPATION:V65 (30-08-2016) [OCCUPATION transport]  textures for vehicle are  ["a3\air_f_heli\heli_light_02\data\heli_light_02_ext_opfor_v2_co.paa"]
[15:58:20:584261 --4:00] [Thread 13052] extDB2: SQL_CUSTOM_V2: Error No Custom Call Not Found: Callname insert_infiSTARLog
[15:58:25:365606 --4:00] [Thread 13052] extDB2: SQL_CUSTOM_V2: Error No Custom Call Not Found: Input String insert_infiSTARLog:A3_EXILE_OCCUPATION:V65 (30-08-2016) [OCCUPATION FastNights]   Current in game time is 15 38 multipler is 4
[15:58:25:365668 --4:00] [Thread 13052] extDB2: SQL_CUSTOM_V2: Error No Custom Call Not Found: Callname insert_infiSTARLog
[15:58:35:238743 --4:00] [Thread 13052] extDB2: SQL_CUSTOM_V2: Error No Custom Call Not Found: Input String insert_infiSTARLog:A3_EXILE_OCCUPATION:V65 (30-08-2016) [OCCUPATION]  threads added at 329.466
[15:58:35:238819 --4:00] [Thread 13052] extDB2: SQL_CUSTOM_V2: Error No Custom Call Not Found: Callname insert_infiSTARLog
[15:58:40:404688 --4:00] [Thread 13052] extDB2: SQL_CUSTOM_V2: Error No Custom Call Not Found: Input String insert_infiSTARLog:A3_EXILE_OCCUPATION:V65 (30-08-2016) [OCCUPATION RandomSpawn]  Starting Occupation Monitor @ 334.632
[15:58:40:404758 --4:00] [Thread 13052] extDB2: SQL_CUSTOM_V2: Error No Custom Call Not Found: Callname insert_infiSTARLog
