extDB2: Version: 70
extDB2: https://github.com/Torndeco/extDB2
extDB2: Windows Version
Message: All development for extDB2 is done on a Linux Dedicated Server
Message: If you would like to Donate to extDB2 Development
Message: https://www.paypal.com/cgi-bin/webscr?cmd=_s-xclick&hosted_button_id=2SUEFTGABTAM2
Message: Also leave a message if there is any particular feature you would like to see added.
Message: Thanks for all the people that have donated.
Message: Torndeco: 20/02/15


extDB2: Found extdb-conf.ini
extDB2: Detected 24 Cores, Setting up 6 Worker Threads


[16:57:57:551368 --4:00] [Thread 16212] extDB2: Database Type: MySQL
[16:57:57:554458 --4:00] [Thread 16212] extDB2: Database Session Pool Started
[16:57:57:556018 --4:00] [Thread 16212] extDB2: SQL_CUSTOM_V2: Loading Template Filename: C:\EXILE\steamapps\common\Arma 3 Server\extDB\sql_custom_v2\exile.ini
[16:57:57:556168 --4:00] [Thread 16212] extDB2: SQL_CUSTOM_V2: Version 12 Detected, Latest Version 12 Available
[16:57:58:029282 --4:00] [Thread 18320] extDB2: SQL_CUSTOM_V2: Error No Custom Call Not Found: Input String insert_infiSTARLog:CONNECTLOG:infiSTAR_PlayerConnected_id  0
[16:57:58:029307 --4:00] [Thread 18320] extDB2: SQL_CUSTOM_V2: Error No Custom Call Not Found: Callname insert_infiSTARLog
[16:57:58:029347 --4:00] [Thread 18320] extDB2: SQL_CUSTOM_V2: Error No Custom Call Not Found: Input String insert_infiSTARLog:CONNECTLOG:infiSTAR_PlayerDisconnected_id  0
[16:57:58:029355 --4:00] [Thread 18320] extDB2: SQL_CUSTOM_V2: Error No Custom Call Not Found: Callname insert_infiSTARLog
[16:57:58:029894 --4:00] [Thread 18320] extDB2: SQL_CUSTOM_V2: Error No Custom Call Not Found: Input String insert_infiSTARLog:SERVER_INFO:[SERVER START] TIME  0 || EMAIL  justinbowers@live.com || VERSION  09-Jan-2017 02-25-58 - v0070 || Local Server Time  [2017,1,18,16,57]
[16:57:58:029903 --4:00] [Thread 18320] extDB2: SQL_CUSTOM_V2: Error No Custom Call Not Found: Callname insert_infiSTARLog
[16:57:58:052942 --4:00] [Thread 16212] extDB2: SQL_CUSTOM_V2: Error No Custom Call Not Found: Input String loadTerritoryVehicles:1
[16:57:58:052967 --4:00] [Thread 16212] extDB2: SQL_CUSTOM_V2: Error No Custom Call Not Found: Callname loadTerritoryVehicles
[16:57:58:119799 --4:00] [Thread 17700] extDB2: SQL_CUSTOM_V2: Error No Custom Call Not Found: Input String insert_infiSTARLog:CONNECTLOG:#0 Connected  __SERVER__( - 2)
[16:57:58:119832 --4:00] [Thread 17700] extDB2: SQL_CUSTOM_V2: Error No Custom Call Not Found: Callname insert_infiSTARLog
[17:02:10:821207 --4:00] [Thread 17700] extDB2: SQL_CUSTOM_V2: Error No Custom Call Not Found: Input String insert_infiSTARLog:A3_EXILE_OCCUPATION:V65 (30-08-2016) =============================================================================================================
[17:02:10:821246 --4:00] [Thread 17700] extDB2: SQL_CUSTOM_V2: Error No Custom Call Not Found: Callname insert_infiSTARLog
[17:02:10:821317 --4:00] [Thread 16612] extDB2: SQL_CUSTOM_V2: Error No Custom Call Not Found: Input String insert_infiSTARLog:A3_EXILE_OCCUPATION:V65 (30-08-2016) [OCCUPATION MOD]  Occupation V65 (30-08-2016) Initialised at 235.371
[17:02:10:821335 --4:00] [Thread 16612] extDB2: SQL_CUSTOM_V2: Error No Custom Call Not Found: Callname insert_infiSTARLog
[17:02:10:821395 --4:00] [Thread 17700] extDB2: SQL_CUSTOM_V2: Error No Custom Call Not Found: Input String insert_infiSTARLog:A3_EXILE_OCCUPATION:V65 (30-08-2016) =============================================================================================================
[17:02:10:821414 --4:00] [Thread 17700] extDB2: SQL_CUSTOM_V2: Error No Custom Call Not Found: Callname insert_infiSTARLog
[17:02:10:866256 --4:00] [Thread 17700] extDB2: SQL_CUSTOM_V2: Error No Custom Call Not Found: Input String insert_infiSTARLog:A3_EXILE_OCCUPATION:V65 (30-08-2016) [OCCUPATION Traders] starting @ 235.415
[17:02:10:866287 --4:00] [Thread 17700] extDB2: SQL_CUSTOM_V2: Error No Custom Call Not Found: Callname insert_infiSTARLog
[17:02:10:866386 --4:00] [Thread 17700] extDB2: SQL_CUSTOM_V2: Error No Custom Call Not Found: Input String insert_infiSTARLog:A3_EXILE_OCCUPATION:V65 (30-08-2016) [processReporter]  Initialised at 235.415
[17:02:10:866458 --4:00] [Thread 17700] extDB2: SQL_CUSTOM_V2: Error No Custom Call Not Found: Callname insert_infiSTARLog
[17:02:10:866951 --4:00] [Thread 17700] extDB2: SQL_CUSTOM_V2: Error No Custom Call Not Found: Input String insert_infiSTARLog:A3_EXILE_OCCUPATION:V65 (30-08-2016) [OCCUPATION]  Detected DMS version September 5, 2016
[17:02:10:866970 --4:00] [Thread 17700] extDB2: SQL_CUSTOM_V2: Error No Custom Call Not Found: Callname insert_infiSTARLog
[17:02:10:867017 --4:00] [Thread 16612] extDB2: SQL_CUSTOM_V2: Error No Custom Call Not Found: Input String insert_infiSTARLog:A3_EXILE_OCCUPATION:V65 (30-08-2016) [OCCUPATION]  Occupation V65 (30-08-2016) Adding modules to Exile system thread manager at 235.415
[17:02:10:867035 --4:00] [Thread 16612] extDB2: SQL_CUSTOM_V2: Error No Custom Call Not Found: Callname insert_infiSTARLog
[17:02:57:604060 --4:00] [Thread 16612] extDB2: SQL_CUSTOM_V2: Error No Custom Call Not Found: Input String insert_infiSTARLog:A3_EXILE_OCCUPATION:V65 (30-08-2016) [OCCUPATION LootCrates]  Starting Occupation Loot Crates
[17:02:57:604098 --4:00] [Thread 16612] extDB2: SQL_CUSTOM_V2: Error No Custom Call Not Found: Callname insert_infiSTARLog
[17:02:57:604229 --4:00] [Thread 17700] extDB2: SQL_CUSTOM_V2: Error No Custom Call Not Found: Input String insert_infiSTARLog:A3_EXILE_OCCUPATION:V65 (30-08-2016) [OCCUPATION LootCrates]  worldname  Tanoa crates to spawn  6
[17:02:57:604253 --4:00] [Thread 17700] extDB2: SQL_CUSTOM_V2: Error No Custom Call Not Found: Callname insert_infiSTARLog
[17:02:59:163365 --4:00] [Thread 17700] extDB2: SQL_CUSTOM_V2: Error No Custom Call Not Found: Input String insert_infiSTARLog:A3_EXILE_OCCUPATION:V65 (30-08-2016) [OCCUPATION LootCrates]   Creating crate 1 at drop zone [7720.03,7409.98,0] with 2 guards
[17:02:59:163417 --4:00] [Thread 17700] extDB2: SQL_CUSTOM_V2: Error No Custom Call Not Found: Callname insert_infiSTARLog
[17:03:00:694738 --4:00] [Thread 17700] extDB2: SQL_CUSTOM_V2: Error No Custom Call Not Found: Input String insert_infiSTARLog:A3_EXILE_OCCUPATION:V65 (30-08-2016) [OCCUPATION LootCrates]   Creating crate 2 at drop zone [6749.2,8664.57,0] with 1 guards
[17:03:00:694771 --4:00] [Thread 17700] extDB2: SQL_CUSTOM_V2: Error No Custom Call Not Found: Callname insert_infiSTARLog
[17:03:02:249512 --4:00] [Thread 17700] extDB2: SQL_CUSTOM_V2: Error No Custom Call Not Found: Input String insert_infiSTARLog:A3_EXILE_OCCUPATION:V65 (30-08-2016) [OCCUPATION LootCrates]   Creating crate 3 at drop zone [10963.5,2719.35,0] with 2 guards
[17:03:02:249544 --4:00] [Thread 17700] extDB2: SQL_CUSTOM_V2: Error No Custom Call Not Found: Callname insert_infiSTARLog
[17:03:03:828643 --4:00] [Thread 17700] extDB2: SQL_CUSTOM_V2: Error No Custom Call Not Found: Input String insert_infiSTARLog:A3_EXILE_OCCUPATION:V65 (30-08-2016) [OCCUPATION LootCrates]   Creating crate 4 at drop zone [7726.5,13298.5,0] with 2 guards
[17:03:03:828684 --4:00] [Thread 17700] extDB2: SQL_CUSTOM_V2: Error No Custom Call Not Found: Callname insert_infiSTARLog
[17:03:07:381413 --4:00] [Thread 17700] extDB2: SQL_CUSTOM_V2: Error No Custom Call Not Found: Input String insert_infiSTARLog:A3_EXILE_OCCUPATION:V65 (30-08-2016) [OCCUPATION LootCrates]   Creating crate 5 at drop zone [4516.33,2509.34,0] with 2 guards
[17:03:07:381445 --4:00] [Thread 17700] extDB2: SQL_CUSTOM_V2: Error No Custom Call Not Found: Callname insert_infiSTARLog
[17:03:08:931182 --4:00] [Thread 17700] extDB2: SQL_CUSTOM_V2: Error No Custom Call Not Found: Input String insert_infiSTARLog:A3_EXILE_OCCUPATION:V65 (30-08-2016) [OCCUPATION LootCrates]   Creating crate 6 at drop zone [6707.49,3969.05,0] with 2 guards
[17:03:08:931221 --4:00] [Thread 17700] extDB2: SQL_CUSTOM_V2: Error No Custom Call Not Found: Callname insert_infiSTARLog
[17:03:16:543072 --4:00] [Thread 17700] extDB2: SQL_CUSTOM_V2: Error No Custom Call Not Found: Input String insert_infiSTARLog:A3_EXILE_PROCESSREPORTER:V65 (30-08-2016) =======================================================================================================
[17:03:16:543165 --4:00] [Thread 17700] extDB2: SQL_CUSTOM_V2: Error No Custom Call Not Found: Callname insert_infiSTARLog
[17:03:16:543221 --4:00] [Thread 17700] extDB2: SQL_CUSTOM_V2: Error No Custom Call Not Found: Input String insert_infiSTARLog:A3_EXILE_PROCESSREPORTER:V65 (30-08-2016) [processReporter] Started @ 299.211   [FPS  45.584|PLAYERS  0|THREADS  13]
[17:03:16:543239 --4:00] [Thread 17700] extDB2: SQL_CUSTOM_V2: Error No Custom Call Not Found: Callname insert_infiSTARLog
[17:03:16:543326 --4:00] [Thread 17700] extDB2: SQL_CUSTOM_V2: Error No Custom Call Not Found: Input String insert_infiSTARLog:A3_EXILE_PROCESSREPORTER:V65 (30-08-2016) =======================================================================================================
[17:03:16:543344 --4:00] [Thread 17700] extDB2: SQL_CUSTOM_V2: Error No Custom Call Not Found: Callname insert_infiSTARLog
[17:03:16:543442 --4:00] [Thread 17700] extDB2: SQL_CUSTOM_V2: Error No Custom Call Not Found: Input String insert_infiSTARLog:A3_EXILE_PROCESSREPORTER:V65 (30-08-2016) [processReporter] Process Counts  spawn-ed  7 execVM-ed  6 exec-ed  0 execFSM-ed  2
[17:03:16:543460 --4:00] [Thread 17700] extDB2: SQL_CUSTOM_V2: Error No Custom Call Not Found: Callname insert_infiSTARLog
[17:03:16:543525 --4:00] [Thread 17700] extDB2: SQL_CUSTOM_V2: Error No Custom Call Not Found: Input String insert_infiSTARLog:A3_EXILE_PROCESSREPORTER:V65 (30-08-2016) [processReporter] Active SQF  ["<spawn>","",true,5126] @ 299.211
[17:03:16:543540 --4:00] [Thread 17700] extDB2: SQL_CUSTOM_V2: Error No Custom Call Not Found: Callname insert_infiSTARLog
[17:03:16:543675 --4:00] [Thread 17700] extDB2: SQL_CUSTOM_V2: Error No Custom Call Not Found: Input String insert_infiSTARLog:A3_EXILE_PROCESSREPORTER:V65 (30-08-2016) [processReporter] Active SQF  ["mpmissions\__cur_mp.Tanoa\ground_fog.sqf","mpmissions\__cur_mp.Tanoa\ground_fog.sqf",true,4] @ 299.211
[17:03:16:543703 --4:00] [Thread 17700] extDB2: SQL_CUSTOM_V2: Error No Custom Call Not Found: Callname insert_infiSTARLog
[17:03:16:543862 --4:00] [Thread 17700] extDB2: SQL_CUSTOM_V2: Error No Custom Call Not Found: Input String insert_infiSTARLog:A3_EXILE_PROCESSREPORTER:V65 (30-08-2016) [processReporter] Active SQF  ["mpmissions\__cur_mp.Tanoa\IgiLoad\IgiLoadInit.sqf","mpmissions\__cur_mp.Tanoa\IgiLoad\IgiLoadInit.sqf",true,35] @ 299.211
[17:03:16:543887 --4:00] [Thread 17700] extDB2: SQL_CUSTOM_V2: Error No Custom Call Not Found: Callname insert_infiSTARLog
[17:03:16:543977 --4:00] [Thread 17700] extDB2: SQL_CUSTOM_V2: Error No Custom Call Not Found: Input String insert_infiSTARLog:A3_EXILE_PROCESSREPORTER:V65 (30-08-2016) [processReporter] Active SQF  ["mpmissions\__cur_mp.Tanoa\ToastIntro.sqf","mpmissions\__cur_mp.Tanoa\ToastIntro.sqf",true,6] @ 299.211
[17:03:16:543992 --4:00] [Thread 17700] extDB2: SQL_CUSTOM_V2: Error No Custom Call Not Found: Callname insert_infiSTARLog
[17:03:16:544076 --4:00] [Thread 17700] extDB2: SQL_CUSTOM_V2: Error No Custom Call Not Found: Input String insert_infiSTARLog:A3_EXILE_PROCESSREPORTER:V65 (30-08-2016) [processReporter] Active SQF  ["mpmissions\__cur_mp.Tanoa\custom\service\service_point.sqf","mpmissions\__cur_mp.Tanoa\custom\service\service_point.sqf",true,217] @ 299.211
[17:03:16:544087 --4:00] [Thread 17700] extDB2: SQL_CUSTOM_V2: Error No Custom Call Not Found: Callname insert_infiSTARLog
[17:03:16:544156 --4:00] [Thread 17700] extDB2: SQL_CUSTOM_V2: Error No Custom Call Not Found: Input String insert_infiSTARLog:A3_EXILE_PROCESSREPORTER:V65 (30-08-2016) [processReporter] Active SQF  ["DMS_fnc_HeliParatroopers_Monitor","x\addons\a3_exile_occupation\scripts\extras\processReporter.sqf",true,25] @ 299.211
[17:03:16:544163 --4:00] [Thread 17700] extDB2: SQL_CUSTOM_V2: Error No Custom Call Not Found: Callname insert_infiSTARLog
[17:03:16:544255 --4:00] [Thread 17700] extDB2: SQL_CUSTOM_V2: Error No Custom Call Not Found: Input String insert_infiSTARLog:A3_EXILE_PROCESSREPORTER:V65 (30-08-2016) [processReporter] Active SQF  ["mpmissions\__cur_mp.Tanoa\JohnO_fnc_storm.sqf","mpmissions\__cur_mp.Tanoa\JohnO_fnc_storm.sqf",true,103] @ 299.211
[17:03:16:544265 --4:00] [Thread 17700] extDB2: SQL_CUSTOM_V2: Error No Custom Call Not Found: Callname insert_infiSTARLog
[17:03:16:544351 --4:00] [Thread 17700] extDB2: SQL_CUSTOM_V2: Error No Custom Call Not Found: Input String insert_infiSTARLog:A3_EXILE_PROCESSREPORTER:V65 (30-08-2016) [processReporter] Active SQF  ["ZCP_fnc_start","x\addons\ZCP\functions\fn_start.sqf",true,39] @ 299.211
[17:03:16:544359 --4:00] [Thread 17700] extDB2: SQL_CUSTOM_V2: Error No Custom Call Not Found: Callname insert_infiSTARLog
[17:03:16:544454 --4:00] [Thread 17700] extDB2: SQL_CUSTOM_V2: Error No Custom Call Not Found: Input String insert_infiSTARLog:A3_EXILE_PROCESSREPORTER:V65 (30-08-2016) [processReporter] Active SQF  ["<spawn>","mpmissions\__cur_mp.Tanoa\ExAdClient\HaloParachute\postInit.sqf",true,32] @ 299.211
[17:03:16:544461 --4:00] [Thread 17700] extDB2: SQL_CUSTOM_V2: Error No Custom Call Not Found: Callname insert_infiSTARLog
[17:03:16:544555 --4:00] [Thread 17700] extDB2: SQL_CUSTOM_V2: Error No Custom Call Not Found: Input String insert_infiSTARLog:A3_EXILE_PROCESSREPORTER:V65 (30-08-2016) [processReporter] Active SQF  ["<spawn>","mpmissions\__cur_mp.Tanoa\ExadClient\XM8\Apps\CHVD\config.sqf",true,47] @ 299.211
[17:03:16:544562 --4:00] [Thread 17700] extDB2: SQL_CUSTOM_V2: Error No Custom Call Not Found: Callname insert_infiSTARLog
[17:03:16:544656 --4:00] [Thread 17700] extDB2: SQL_CUSTOM_V2: Error No Custom Call Not Found: Input String insert_infiSTARLog:A3_EXILE_PROCESSREPORTER:V65 (30-08-2016) [processReporter] Active SQF  ["<spawn>","mpmissions\__cur_mp.Tanoa\ExAdClient\StatsBar\postInit.sqf",true,144] @ 299.211
[17:03:16:544663 --4:00] [Thread 17700] extDB2: SQL_CUSTOM_V2: Error No Custom Call Not Found: Callname insert_infiSTARLog
[17:03:16:544753 --4:00] [Thread 17700] extDB2: SQL_CUSTOM_V2: Error No Custom Call Not Found: Input String insert_infiSTARLog:A3_EXILE_PROCESSREPORTER:V65 (30-08-2016) [processReporter] Active SQF  ["BIS_fnc_sortNum","x\addons\a3_exile_occupation\scripts\startOccupation.sqf",true,85] @ 299.211
[17:03:16:544760 --4:00] [Thread 17700] extDB2: SQL_CUSTOM_V2: Error No Custom Call Not Found: Callname insert_infiSTARLog
[17:03:16:544848 --4:00] [Thread 17700] extDB2: SQL_CUSTOM_V2: Error No Custom Call Not Found: Input String insert_infiSTARLog:A3_EXILE_PROCESSREPORTER:V65 (30-08-2016) [processReporter] Active SQF  ["<spawn>","mpmissions\__cur_mp.Tanoa\IgiLoad\IgiLoadTaru.sqf",true,467] @ 299.211
[17:03:16:544856 --4:00] [Thread 17700] extDB2: SQL_CUSTOM_V2: Error No Custom Call Not Found: Callname insert_infiSTARLog
[17:03:16:545028 --4:00] [Thread 17700] extDB2: SQL_CUSTOM_V2: Error No Custom Call Not Found: Input String insert_infiSTARLog:A3_EXILE_PROCESSREPORTER:V65 (30-08-2016) [processReporter] Active FSM  ["main.fsm","Wait",-299.211] @ 299.211
[17:03:16:545035 --4:00] [Thread 17700] extDB2: SQL_CUSTOM_V2: Error No Custom Call Not Found: Callname insert_infiSTARLog
[17:03:16:545072 --4:00] [Thread 17700] extDB2: SQL_CUSTOM_V2: Error No Custom Call Not Found: Input String insert_infiSTARLog:A3_EXILE_PROCESSREPORTER:V65 (30-08-2016) [processReporter] Active FSM  ["missions","Waiting",-299.211] @ 299.211
[17:03:16:545079 --4:00] [Thread 17700] extDB2: SQL_CUSTOM_V2: Error No Custom Call Not Found: Callname insert_infiSTARLog
[17:03:16:545156 --4:00] [Thread 17700] extDB2: SQL_CUSTOM_V2: Error No Custom Call Not Found: Input String insert_infiSTARLog:A3_EXILE_PROCESSREPORTER:V65 (30-08-2016) [processReporter] Ended @ 299.211
[17:03:16:545163 --4:00] [Thread 17700] extDB2: SQL_CUSTOM_V2: Error No Custom Call Not Found: Callname insert_infiSTARLog
[17:03:23:977202 --4:00] [Thread 17700] extDB2: SQL_CUSTOM_V2: Error No Custom Call Not Found: Input String insert_infiSTARLog:A3_EXILE_OCCUPATION:V65 (30-08-2016) [OCCUPATION HeliCrashes]  Initialised at 306.645
[17:03:23:977239 --4:00] [Thread 17700] extDB2: SQL_CUSTOM_V2: Error No Custom Call Not Found: Callname insert_infiSTARLog
[17:03:23:977273 --4:00] [Thread 16612] extDB2: SQL_CUSTOM_V2: Error No Custom Call Not Found: Input String insert_infiSTARLog:A3_EXILE_OCCUPATION:V65 (30-08-2016) [OCCUPATION HeliCrashes]   worldname  Tanoa crashes to spawn  5
[17:03:23:977368 --4:00] [Thread 16612] extDB2: SQL_CUSTOM_V2: Error No Custom Call Not Found: Callname insert_infiSTARLog
[17:03:25:254759 --4:00] [Thread 16612] extDB2: SQL_CUSTOM_V2: Error No Custom Call Not Found: Input String insert_infiSTARLog:A3_EXILE_OCCUPATION:V65 (30-08-2016) [OCCUPATION HeliCrashes] Crash 1   Location [8191.81,7980.63,0]
[17:03:25:254790 --4:00] [Thread 16612] extDB2: SQL_CUSTOM_V2: Error No Custom Call Not Found: Callname insert_infiSTARLog
[17:03:26:812579 --4:00] [Thread 16612] extDB2: SQL_CUSTOM_V2: Error No Custom Call Not Found: Input String insert_infiSTARLog:A3_EXILE_OCCUPATION:V65 (30-08-2016) [OCCUPATION HeliCrashes] Crash 2   Location [4833,4664.37,0]
[17:03:26:812623 --4:00] [Thread 16612] extDB2: SQL_CUSTOM_V2: Error No Custom Call Not Found: Callname insert_infiSTARLog
[17:03:28:112792 --4:00] [Thread 16612] extDB2: SQL_CUSTOM_V2: Error No Custom Call Not Found: Input String insert_infiSTARLog:A3_EXILE_OCCUPATION:V65 (30-08-2016) [OCCUPATION HeliCrashes] Crash 3   Location [7059.65,11248.9,0]
[17:03:28:112828 --4:00] [Thread 16612] extDB2: SQL_CUSTOM_V2: Error No Custom Call Not Found: Callname insert_infiSTARLog
[17:03:29:499303 --4:00] [Thread 16612] extDB2: SQL_CUSTOM_V2: Error No Custom Call Not Found: Input String insert_infiSTARLog:A3_EXILE_OCCUPATION:V65 (30-08-2016) [OCCUPATION HeliCrashes] Crash 4   Location [6700.35,12125.8,0]
[17:03:29:499344 --4:00] [Thread 16612] extDB2: SQL_CUSTOM_V2: Error No Custom Call Not Found: Callname insert_infiSTARLog
[17:03:30:416766 --4:00] [Thread 17700] extDB2: SQL_CUSTOM_V2: Error No Custom Call Not Found: Input String insert_infiSTARLog:CONNECTLOG:#0 Connected  Mr. Sage(76561198108041726 - 3)
[17:03:30:416796 --4:00] [Thread 17700] extDB2: SQL_CUSTOM_V2: Error No Custom Call Not Found: Callname insert_infiSTARLog
[17:03:30:417002 --4:00] [Thread 17700] extDB2: SQL_CUSTOM_V2: Error No Custom Call Not Found: Input String insert_infiSTARLog:TOKENLOG:TOKEN [hqlpozlp5fb7w5kj] FOR Mr. Sage(76561198108041726) OWNER ID  3
[17:03:30:417018 --4:00] [Thread 17700] extDB2: SQL_CUSTOM_V2: Error No Custom Call Not Found: Callname insert_infiSTARLog
[17:03:31:629969 --4:00] [Thread 16612] extDB2: SQL_CUSTOM_V2: Error No Custom Call Not Found: Input String insert_infiSTARLog:A3_EXILE_OCCUPATION:V65 (30-08-2016) [OCCUPATION FastNights]   Current in game time is 15 35 multipler is 4
[17:03:31:630000 --4:00] [Thread 16612] extDB2: SQL_CUSTOM_V2: Error No Custom Call Not Found: Callname insert_infiSTARLog
[17:03:34:138402 --4:00] [Thread 16612] extDB2: SQL_CUSTOM_V2: Error No Custom Call Not Found: Input String insert_infiSTARLog:A3_EXILE_OCCUPATION:V65 (30-08-2016) [OCCUPATION HeliCrashes] Crash 5   Location [2381.53,12184.9,0]
[17:03:34:138434 --4:00] [Thread 16612] extDB2: SQL_CUSTOM_V2: Error No Custom Call Not Found: Callname insert_infiSTARLog
[17:03:36:035027 --4:00] [Thread 16612] extDB2: SQL_CUSTOM_V2: Error No Custom Call Not Found: Input String insert_infiSTARLog:netids:Mr. Sage(76561198108041726) - R Alpha 1-1 1 (Mr. Sage) REMOTE, Exile_Unit_GhostPlayer - 2 4047 - 3
[17:03:36:035070 --4:00] [Thread 16612] extDB2: SQL_CUSTOM_V2: Error No Custom Call Not Found: Callname insert_infiSTARLog
[17:03:41:249182 --4:00] [Thread 16612] extDB2: SQL_CUSTOM_V2: Error No Custom Call Not Found: Input String insert_infiSTARLog:CONNECTLOG:#1 Connected  Mr. Sage(76561198108041726 - 3) SteamName  Mr. Sage   [UpTime  0h 5min 24s - ServerFPS  45.4545]
[17:03:41:249227 --4:00] [Thread 16612] extDB2: SQL_CUSTOM_V2: Error No Custom Call Not Found: Callname insert_infiSTARLog
[17:03:46:659909 --4:00] [Thread 16612] extDB2: SQL_CUSTOM_V2: Error No Custom Call Not Found: Input String insert_infiSTARLog:A3_EXILE_OCCUPATION:V65 (30-08-2016) [OCCUPATION RandomSpawn]  Starting Occupation Monitor @ 329.328
[17:03:46:659951 --4:00] [Thread 16612] extDB2: SQL_CUSTOM_V2: Error No Custom Call Not Found: Callname insert_infiSTARLog
[17:04:16:829266 --4:00] [Thread 16612] extDB2: SQL_CUSTOM_V2: Error No Custom Call Not Found: Input String insert_infiSTARLog:A3_EXILE_PROCESSREPORTER:V65 (30-08-2016) =======================================================================================================
[17:04:16:829302 --4:00] [Thread 16612] extDB2: SQL_CUSTOM_V2: Error No Custom Call Not Found: Callname insert_infiSTARLog
[17:04:16:829392 --4:00] [Thread 16612] extDB2: SQL_CUSTOM_V2: Error No Custom Call Not Found: Input String insert_infiSTARLog:A3_EXILE_PROCESSREPORTER:V65 (30-08-2016) [processReporter] Started @ 359.497   [FPS  45.4545|PLAYERS  1|THREADS  12]
[17:04:16:829407 --4:00] [Thread 16612] extDB2: SQL_CUSTOM_V2: Error No Custom Call Not Found: Callname insert_infiSTARLog
[17:04:16:829694 --4:00] [Thread 16612] extDB2: SQL_CUSTOM_V2: Error No Custom Call Not Found: Input String insert_infiSTARLog:A3_EXILE_PROCESSREPORTER:V65 (30-08-2016) =======================================================================================================
[17:04:16:829708 --4:00] [Thread 16612] extDB2: SQL_CUSTOM_V2: Error No Custom Call Not Found: Callname insert_infiSTARLog
[17:04:16:850018 --4:00] [Thread 16612] extDB2: SQL_CUSTOM_V2: Error No Custom Call Not Found: Input String insert_infiSTARLog:A3_EXILE_PROCESSREPORTER:V65 (30-08-2016) [processReporter] Process Counts  spawn-ed  6 execVM-ed  6 exec-ed  0 execFSM-ed  2
[17:04:16:850059 --4:00] [Thread 16612] extDB2: SQL_CUSTOM_V2: Error No Custom Call Not Found: Callname insert_infiSTARLog
[17:04:16:850169 --4:00] [Thread 16612] extDB2: SQL_CUSTOM_V2: Error No Custom Call Not Found: Input String insert_infiSTARLog:A3_EXILE_PROCESSREPORTER:V65 (30-08-2016) [processReporter] Active SQF  ["<spawn>","",true,5126] @ 359.518
[17:04:16:850187 --4:00] [Thread 16612] extDB2: SQL_CUSTOM_V2: Error No Custom Call Not Found: Callname insert_infiSTARLog
[17:04:16:850281 --4:00] [Thread 16612] extDB2: SQL_CUSTOM_V2: Error No Custom Call Not Found: Input String insert_infiSTARLog:A3_EXILE_PROCESSREPORTER:V65 (30-08-2016) [processReporter] Active SQF  ["mpmissions\__cur_mp.Tanoa\ground_fog.sqf","mpmissions\__cur_mp.Tanoa\ground_fog.sqf",true,4] @ 359.518
[17:04:16:850298 --4:00] [Thread 16612] extDB2: SQL_CUSTOM_V2: Error No Custom Call Not Found: Callname insert_infiSTARLog
[17:04:16:850392 --4:00] [Thread 16612] extDB2: SQL_CUSTOM_V2: Error No Custom Call Not Found: Input String insert_infiSTARLog:A3_EXILE_PROCESSREPORTER:V65 (30-08-2016) [processReporter] Active SQF  ["mpmissions\__cur_mp.Tanoa\IgiLoad\IgiLoadInit.sqf","mpmissions\__cur_mp.Tanoa\IgiLoad\IgiLoadInit.sqf",true,35] @ 359.518
[17:04:16:850418 --4:00] [Thread 16612] extDB2: SQL_CUSTOM_V2: Error No Custom Call Not Found: Callname insert_infiSTARLog
[17:04:16:850685 --4:00] [Thread 16612] extDB2: SQL_CUSTOM_V2: Error No Custom Call Not Found: Input String insert_infiSTARLog:A3_EXILE_PROCESSREPORTER:V65 (30-08-2016) [processReporter] Active SQF  ["mpmissions\__cur_mp.Tanoa\ToastIntro.sqf","mpmissions\__cur_mp.Tanoa\ToastIntro.sqf",true,6] @ 359.518
[17:04:16:850702 --4:00] [Thread 16612] extDB2: SQL_CUSTOM_V2: Error No Custom Call Not Found: Callname insert_infiSTARLog
[17:04:16:850788 --4:00] [Thread 16612] extDB2: SQL_CUSTOM_V2: Error No Custom Call Not Found: Input String insert_infiSTARLog:A3_EXILE_PROCESSREPORTER:V65 (30-08-2016) [processReporter] Active SQF  ["mpmissions\__cur_mp.Tanoa\custom\service\service_point.sqf","mpmissions\__cur_mp.Tanoa\custom\service\service_point.sqf",true,217] @ 359.518
[17:04:16:850803 --4:00] [Thread 16612] extDB2: SQL_CUSTOM_V2: Error No Custom Call Not Found: Callname insert_infiSTARLog
[17:04:16:850878 --4:00] [Thread 16612] extDB2: SQL_CUSTOM_V2: Error No Custom Call Not Found: Input String insert_infiSTARLog:A3_EXILE_PROCESSREPORTER:V65 (30-08-2016) [processReporter] Active SQF  ["DMS_fnc_HeliParatroopers_Monitor","x\addons\a3_exile_occupation\scripts\extras\processReporter.sqf",true,25] @ 359.518
[17:04:16:850894 --4:00] [Thread 16612] extDB2: SQL_CUSTOM_V2: Error No Custom Call Not Found: Callname insert_infiSTARLog
[17:04:16:850957 --4:00] [Thread 16612] extDB2: SQL_CUSTOM_V2: Error No Custom Call Not Found: Input String insert_infiSTARLog:A3_EXILE_PROCESSREPORTER:V65 (30-08-2016) [processReporter] Active SQF  ["mpmissions\__cur_mp.Tanoa\JohnO_fnc_storm.sqf","mpmissions\__cur_mp.Tanoa\JohnO_fnc_storm.sqf",true,103] @ 359.518
[17:04:16:850968 --4:00] [Thread 16612] extDB2: SQL_CUSTOM_V2: Error No Custom Call Not Found: Callname insert_infiSTARLog
[17:04:16:851056 --4:00] [Thread 16612] extDB2: SQL_CUSTOM_V2: Error No Custom Call Not Found: Input String insert_infiSTARLog:A3_EXILE_PROCESSREPORTER:V65 (30-08-2016) [processReporter] Active SQF  ["<spawn>","mpmissions\__cur_mp.Tanoa\ExAdClient\HaloParachute\postInit.sqf",true,32] @ 359.518
[17:04:16:851063 --4:00] [Thread 16612] extDB2: SQL_CUSTOM_V2: Error No Custom Call Not Found: Callname insert_infiSTARLog
[17:04:16:851157 --4:00] [Thread 16612] extDB2: SQL_CUSTOM_V2: Error No Custom Call Not Found: Input String insert_infiSTARLog:A3_EXILE_PROCESSREPORTER:V65 (30-08-2016) [processReporter] Active SQF  ["<spawn>","mpmissions\__cur_mp.Tanoa\ExadClient\XM8\Apps\CHVD\config.sqf",true,47] @ 359.518
[17:04:16:851164 --4:00] [Thread 16612] extDB2: SQL_CUSTOM_V2: Error No Custom Call Not Found: Callname insert_infiSTARLog
[17:04:16:851261 --4:00] [Thread 16612] extDB2: SQL_CUSTOM_V2: Error No Custom Call Not Found: Input String insert_infiSTARLog:A3_EXILE_PROCESSREPORTER:V65 (30-08-2016) [processReporter] Active SQF  ["<spawn>","mpmissions\__cur_mp.Tanoa\ExAdClient\StatsBar\postInit.sqf",true,144] @ 359.518
[17:04:16:851267 --4:00] [Thread 16612] extDB2: SQL_CUSTOM_V2: Error No Custom Call Not Found: Callname insert_infiSTARLog
[17:04:16:851362 --4:00] [Thread 16612] extDB2: SQL_CUSTOM_V2: Error No Custom Call Not Found: Input String insert_infiSTARLog:A3_EXILE_PROCESSREPORTER:V65 (30-08-2016) [processReporter] Active SQF  ["BIS_fnc_sortNum","x\addons\a3_exile_occupation\scripts\startOccupation.sqf",true,119] @ 359.518
[17:04:16:851369 --4:00] [Thread 16612] extDB2: SQL_CUSTOM_V2: Error No Custom Call Not Found: Callname insert_infiSTARLog
[17:04:16:851661 --4:00] [Thread 16612] extDB2: SQL_CUSTOM_V2: Error No Custom Call Not Found: Input String insert_infiSTARLog:A3_EXILE_PROCESSREPORTER:V65 (30-08-2016) [processReporter] Active SQF  ["<spawn>","mpmissions\__cur_mp.Tanoa\IgiLoad\IgiLoadTaru.sqf",true,467] @ 359.518
[17:04:16:851668 --4:00] [Thread 16612] extDB2: SQL_CUSTOM_V2: Error No Custom Call Not Found: Callname insert_infiSTARLog
[17:04:16:851767 --4:00] [Thread 16612] extDB2: SQL_CUSTOM_V2: Error No Custom Call Not Found: Input String insert_infiSTARLog:A3_EXILE_PROCESSREPORTER:V65 (30-08-2016) [processReporter] Active FSM  ["main.fsm","Wait",-359.518] @ 359.518
[17:04:16:851773 --4:00] [Thread 16612] extDB2: SQL_CUSTOM_V2: Error No Custom Call Not Found: Callname insert_infiSTARLog
[17:04:16:851858 --4:00] [Thread 16612] extDB2: SQL_CUSTOM_V2: Error No Custom Call Not Found: Input String insert_infiSTARLog:A3_EXILE_PROCESSREPORTER:V65 (30-08-2016) [processReporter] Active FSM  ["missions","Waiting",-359.518] @ 359.518
[17:04:16:851864 --4:00] [Thread 16612] extDB2: SQL_CUSTOM_V2: Error No Custom Call Not Found: Callname insert_infiSTARLog
[17:04:16:851941 --4:00] [Thread 16612] extDB2: SQL_CUSTOM_V2: Error No Custom Call Not Found: Input String insert_infiSTARLog:A3_EXILE_PROCESSREPORTER:V65 (30-08-2016) [processReporter] Ended @ 359.518
[17:04:16:851948 --4:00] [Thread 16612] extDB2: SQL_CUSTOM_V2: Error No Custom Call Not Found: Callname insert_infiSTARLog
[17:04:21:230323 --4:00] [Thread 16612] extDB2: SQL_CUSTOM_V2: Error No Custom Call Not Found: Input String insert_infiSTARLog:netids:Mr. Sage(76561198108041726) - R Mr. Sages Crew 1 (Mr. Sage) REMOTE, Exile_Unit_Player - 2 4057 - 3
[17:04:21:230358 --4:00] [Thread 16612] extDB2: SQL_CUSTOM_V2: Error No Custom Call Not Found: Callname insert_infiSTARLog
[17:04:31:940778 --4:00] [Thread 16612] extDB2: SQL_CUSTOM_V2: Error No Custom Call Not Found: Input String insert_infiSTARLog:A3_EXILE_OCCUPATION:V65 (30-08-2016) [OCCUPATION FastNights]   Current in game time is 15 39 multipler is 4
[17:04:31:940813 --4:00] [Thread 16612] extDB2: SQL_CUSTOM_V2: Error No Custom Call Not Found: Callname insert_infiSTARLog
[17:04:34:288664 --4:00] [Thread 16612] extDB2: SQL_CUSTOM_V2: Error No Custom Call Not Found: Input String insert_infiSTARLog:A3_EXILE_OCCUPATION:V65 (30-08-2016) [OCCUPATION transport]  Starting @ 376.956
[17:04:34:288696 --4:00] [Thread 16612] extDB2: SQL_CUSTOM_V2: Error No Custom Call Not Found: Callname insert_infiSTARLog
[17:04:34:599004 --4:00] [Thread 16612] extDB2: SQL_CUSTOM_V2: Error No Custom Call Not Found: Input String insert_infiSTARLog:A3_EXILE_OCCUPATION:V65 (30-08-2016) [OCCUPATION transport] Vehicle Exile_Chopper_Orca_BlackCustom spawned @ [7680,7680,200]
[17:04:34:599036 --4:00] [Thread 16612] extDB2: SQL_CUSTOM_V2: Error No Custom Call Not Found: Callname insert_infiSTARLog
[17:04:34:599133 --4:00] [Thread 16612] extDB2: SQL_CUSTOM_V2: Error No Custom Call Not Found: Input String insert_infiSTARLog:A3_EXILE_OCCUPATION:V65 (30-08-2016) [OCCUPATION transport]  Found 5 markers to use as pickup points @ 377.266
[17:04:34:599151 --4:00] [Thread 16612] extDB2: SQL_CUSTOM_V2: Error No Custom Call Not Found: Callname insert_infiSTARLog
[17:04:34:599215 --4:00] [Thread 16612] extDB2: SQL_CUSTOM_V2: Error No Custom Call Not Found: Input String insert_infiSTARLog:A3_EXILE_OCCUPATION:V65 (30-08-2016) [OCCUPATION transport]  textures for vehicle are  ["a3\air_f_heli\heli_light_02\data\heli_light_02_ext_opfor_v2_co.paa"]
[17:04:34:599229 --4:00] [Thread 16612] extDB2: SQL_CUSTOM_V2: Error No Custom Call Not Found: Callname insert_infiSTARLog
[17:04:46:975391 --4:00] [Thread 16612] extDB2: SQL_CUSTOM_V2: Error No Custom Call Not Found: Input String insert_infiSTARLog:A3_EXILE_OCCUPATION:V65 (30-08-2016) [OCCUPATION RandomSpawn]  Starting Occupation Monitor @ 389.643
[17:04:46:975429 --4:00] [Thread 16612] extDB2: SQL_CUSTOM_V2: Error No Custom Call Not Found: Callname insert_infiSTARLog
[17:04:48:099662 --4:00] [Thread 16612] extDB2: SQL_CUSTOM_V2: Error No Custom Call Not Found: Input String insert_infiSTARLog:A3_EXILE_OCCUPATION:V65 (30-08-2016) [OCCUPATION RandomSpawn]  Spawning a group of AI @ [7866.17,8636.83] to hunt player R Mr. Sages Crew 1 (Mr. Sage) REMOTE
[17:04:48:099690 --4:00] [Thread 16612] extDB2: SQL_CUSTOM_V2: Error No Custom Call Not Found: Callname insert_infiSTARLog
[17:04:49:271839 --4:00] [Thread 16612] extDB2: SQL_CUSTOM_V2: Error No Custom Call Not Found: Input String insert_infiSTARLog:A3_EXILE_OCCUPATION:V65 (30-08-2016) [OCCUPATION]  threads added at 391.938
[17:04:49:271874 --4:00] [Thread 16612] extDB2: SQL_CUSTOM_V2: Error No Custom Call Not Found: Callname insert_infiSTARLog
[17:05:19:385926 --4:00] [Thread 18320] extDB2: SQL_CUSTOM_V2: Error No Custom Call Not Found: Input String insert_infiSTARLog:A3_EXILE_PROCESSREPORTER:V65 (30-08-2016) =======================================================================================================
[17:05:19:385964 --4:00] [Thread 18320] extDB2: SQL_CUSTOM_V2: Error No Custom Call Not Found: Callname insert_infiSTARLog
[17:05:19:386074 --4:00] [Thread 18320] extDB2: SQL_CUSTOM_V2: Error No Custom Call Not Found: Input String insert_infiSTARLog:A3_EXILE_PROCESSREPORTER:V65 (30-08-2016) [processReporter] Started @ 422.053   [FPS  45.584|PLAYERS  1|THREADS  12]
[17:05:19:386089 --4:00] [Thread 18320] extDB2: SQL_CUSTOM_V2: Error No Custom Call Not Found: Callname insert_infiSTARLog
[17:05:19:386115 --4:00] [Thread 18320] extDB2: SQL_CUSTOM_V2: Error No Custom Call Not Found: Input String insert_infiSTARLog:A3_EXILE_PROCESSREPORTER:V65 (30-08-2016) =======================================================================================================
[17:05:19:386129 --4:00] [Thread 18320] extDB2: SQL_CUSTOM_V2: Error No Custom Call Not Found: Callname insert_infiSTARLog
[17:05:19:386233 --4:00] [Thread 18320] extDB2: SQL_CUSTOM_V2: Error No Custom Call Not Found: Input String insert_infiSTARLog:A3_EXILE_PROCESSREPORTER:V65 (30-08-2016) [processReporter] Process Counts  spawn-ed  6 execVM-ed  6 exec-ed  0 execFSM-ed  2
[17:05:19:386252 --4:00] [Thread 18320] extDB2: SQL_CUSTOM_V2: Error No Custom Call Not Found: Callname insert_infiSTARLog
[17:05:19:386368 --4:00] [Thread 18320] extDB2: SQL_CUSTOM_V2: Error No Custom Call Not Found: Input String insert_infiSTARLog:A3_EXILE_PROCESSREPORTER:V65 (30-08-2016) [processReporter] Active SQF  ["<spawn>","",true,5126] @ 422.053
[17:05:19:386383 --4:00] [Thread 18320] extDB2: SQL_CUSTOM_V2: Error No Custom Call Not Found: Callname insert_infiSTARLog
[17:05:19:386469 --4:00] [Thread 18320] extDB2: SQL_CUSTOM_V2: Error No Custom Call Not Found: Input String insert_infiSTARLog:A3_EXILE_PROCESSREPORTER:V65 (30-08-2016) [processReporter] Active SQF  ["mpmissions\__cur_mp.Tanoa\ground_fog.sqf","mpmissions\__cur_mp.Tanoa\ground_fog.sqf",true,4] @ 422.053
[17:05:19:386483 --4:00] [Thread 18320] extDB2: SQL_CUSTOM_V2: Error No Custom Call Not Found: Callname insert_infiSTARLog
[17:05:19:386554 --4:00] [Thread 18320] extDB2: SQL_CUSTOM_V2: Error No Custom Call Not Found: Input String insert_infiSTARLog:A3_EXILE_PROCESSREPORTER:V65 (30-08-2016) [processReporter] Active SQF  ["mpmissions\__cur_mp.Tanoa\IgiLoad\IgiLoadInit.sqf","mpmissions\__cur_mp.Tanoa\IgiLoad\IgiLoadInit.sqf",true,35] @ 422.053
[17:05:19:386569 --4:00] [Thread 18320] extDB2: SQL_CUSTOM_V2: Error No Custom Call Not Found: Callname insert_infiSTARLog
[17:05:19:386683 --4:00] [Thread 18320] extDB2: SQL_CUSTOM_V2: Error No Custom Call Not Found: Input String insert_infiSTARLog:A3_EXILE_PROCESSREPORTER:V65 (30-08-2016) [processReporter] Active SQF  ["mpmissions\__cur_mp.Tanoa\ToastIntro.sqf","mpmissions\__cur_mp.Tanoa\ToastIntro.sqf",true,6] @ 422.053
[17:05:19:386697 --4:00] [Thread 18320] extDB2: SQL_CUSTOM_V2: Error No Custom Call Not Found: Callname insert_infiSTARLog
[17:05:19:386773 --4:00] [Thread 18320] extDB2: SQL_CUSTOM_V2: Error No Custom Call Not Found: Input String insert_infiSTARLog:A3_EXILE_PROCESSREPORTER:V65 (30-08-2016) [processReporter] Active SQF  ["mpmissions\__cur_mp.Tanoa\custom\service\service_point.sqf","mpmissions\__cur_mp.Tanoa\custom\service\service_point.sqf",true,217] @ 422.053
[17:05:19:386787 --4:00] [Thread 18320] extDB2: SQL_CUSTOM_V2: Error No Custom Call Not Found: Callname insert_infiSTARLog
[17:05:19:386836 --4:00] [Thread 18320] extDB2: SQL_CUSTOM_V2: Error No Custom Call Not Found: Input String insert_infiSTARLog:A3_EXILE_PROCESSREPORTER:V65 (30-08-2016) [processReporter] Active SQF  ["DMS_fnc_HeliParatroopers_Monitor","x\addons\a3_exile_occupation\scripts\extras\processReporter.sqf",true,25] @ 422.053
[17:05:19:386846 --4:00] [Thread 18320] extDB2: SQL_CUSTOM_V2: Error No Custom Call Not Found: Callname insert_infiSTARLog
[17:05:19:386942 --4:00] [Thread 18320] extDB2: SQL_CUSTOM_V2: Error No Custom Call Not Found: Input String insert_infiSTARLog:A3_EXILE_PROCESSREPORTER:V65 (30-08-2016) [processReporter] Active SQF  ["mpmissions\__cur_mp.Tanoa\JohnO_fnc_storm.sqf","mpmissions\__cur_mp.Tanoa\JohnO_fnc_storm.sqf",true,103] @ 422.053
[17:05:19:386949 --4:00] [Thread 18320] extDB2: SQL_CUSTOM_V2: Error No Custom Call Not Found: Callname insert_infiSTARLog
[17:05:19:387028 --4:00] [Thread 18320] extDB2: SQL_CUSTOM_V2: Error No Custom Call Not Found: Input String insert_infiSTARLog:A3_EXILE_PROCESSREPORTER:V65 (30-08-2016) [processReporter] Active SQF  ["<spawn>","mpmissions\__cur_mp.Tanoa\ExAdClient\HaloParachute\postInit.sqf",true,32] @ 422.053
[17:05:19:387035 --4:00] [Thread 18320] extDB2: SQL_CUSTOM_V2: Error No Custom Call Not Found: Callname insert_infiSTARLog
[17:05:19:387138 --4:00] [Thread 18320] extDB2: SQL_CUSTOM_V2: Error No Custom Call Not Found: Input String insert_infiSTARLog:A3_EXILE_PROCESSREPORTER:V65 (30-08-2016) [processReporter] Active SQF  ["<spawn>","mpmissions\__cur_mp.Tanoa\ExadClient\XM8\Apps\CHVD\config.sqf",true,47] @ 422.053
[17:05:19:387146 --4:00] [Thread 18320] extDB2: SQL_CUSTOM_V2: Error No Custom Call Not Found: Callname insert_infiSTARLog
[17:05:19:387287 --4:00] [Thread 18320] extDB2: SQL_CUSTOM_V2: Error No Custom Call Not Found: Input String insert_infiSTARLog:A3_EXILE_PROCESSREPORTER:V65 (30-08-2016) [processReporter] Active SQF  ["<spawn>","mpmissions\__cur_mp.Tanoa\ExAdClient\StatsBar\postInit.sqf",true,144] @ 422.053
[17:05:19:387294 --4:00] [Thread 18320] extDB2: SQL_CUSTOM_V2: Error No Custom Call Not Found: Callname insert_infiSTARLog
[17:05:19:387357 --4:00] [Thread 18320] extDB2: SQL_CUSTOM_V2: Error No Custom Call Not Found: Input String insert_infiSTARLog:A3_EXILE_PROCESSREPORTER:V65 (30-08-2016) [processReporter] Active SQF  ["<spawn>","mpmissions\__cur_mp.Tanoa\IgiLoad\IgiLoadTaru.sqf",true,467] @ 422.053
[17:05:19:387364 --4:00] [Thread 18320] extDB2: SQL_CUSTOM_V2: Error No Custom Call Not Found: Callname insert_infiSTARLog
[17:05:19:387495 --4:00] [Thread 18320] extDB2: SQL_CUSTOM_V2: Error No Custom Call Not Found: Input String insert_infiSTARLog:A3_EXILE_PROCESSREPORTER:V65 (30-08-2016) [processReporter] Active SQF  ["BIS_fnc_selectRandom","x\addons\a3_exile_occupation\scripts\occupationTransport.sqf",true,306] @ 422.053
[17:05:19:387502 --4:00] [Thread 18320] extDB2: SQL_CUSTOM_V2: Error No Custom Call Not Found: Callname insert_infiSTARLog
[17:05:19:387562 --4:00] [Thread 18320] extDB2: SQL_CUSTOM_V2: Error No Custom Call Not Found: Input String insert_infiSTARLog:A3_EXILE_PROCESSREPORTER:V65 (30-08-2016) [processReporter] Active FSM  ["main.fsm","Wait",-422.053] @ 422.053
[17:05:19:387569 --4:00] [Thread 18320] extDB2: SQL_CUSTOM_V2: Error No Custom Call Not Found: Callname insert_infiSTARLog
[17:05:19:387722 --4:00] [Thread 18320] extDB2: SQL_CUSTOM_V2: Error No Custom Call Not Found: Input String insert_infiSTARLog:A3_EXILE_PROCESSREPORTER:V65 (30-08-2016) [processReporter] Active FSM  ["missions","Waiting",-422.053] @ 422.053
[17:05:19:387729 --4:00] [Thread 18320] extDB2: SQL_CUSTOM_V2: Error No Custom Call Not Found: Callname insert_infiSTARLog
[17:05:19:387815 --4:00] [Thread 16612] extDB2: SQL_CUSTOM_V2: Error No Custom Call Not Found: Input String insert_infiSTARLog:A3_EXILE_PROCESSREPORTER:V65 (30-08-2016) [processReporter] Ended @ 422.053
[17:05:19:387834 --4:00] [Thread 16612] extDB2: SQL_CUSTOM_V2: Error No Custom Call Not Found: Callname insert_infiSTARLog
[17:05:34:484782 --4:00] [Thread 16612] extDB2: SQL_CUSTOM_V2: Error No Custom Call Not Found: Input String insert_infiSTARLog:A3_EXILE_OCCUPATION:V65 (30-08-2016) [OCCUPATION FastNights]   Current in game time is 15 43 multipler is 4
[17:05:34:484828 --4:00] [Thread 16612] extDB2: SQL_CUSTOM_V2: Error No Custom Call Not Found: Callname insert_infiSTARLog
[17:05:49:526454 --4:00] [Thread 19236] extDB2: SQL_CUSTOM_V2: Error No Custom Call Not Found: Input String insert_infiSTARLog:A3_EXILE_OCCUPATION:V65 (30-08-2016) [OCCUPATION RandomSpawn]  Starting Occupation Monitor @ 452.193
[17:05:49:526494 --4:00] [Thread 19236] extDB2: SQL_CUSTOM_V2: Error No Custom Call Not Found: Callname insert_infiSTARLog
[17:05:49:526631 --4:00] [Thread 19236] extDB2: SQL_CUSTOM_V2: Error No Custom Call Not Found: Input String insert_infiSTARLog:A3_EXILE_OCCUPATION:V65 (30-08-2016) [OCCUPATION RandomSpawn] group O Alpha 4-2 is now 255.707m away from the target (R Mr. Sages Crew 1 (Mr. Sage) REMOTE)
[17:05:49:526646 --4:00] [Thread 19236] extDB2: SQL_CUSTOM_V2: Error No Custom Call Not Found: Callname insert_infiSTARLog
[17:05:49:630731 --4:00] [Thread 16612] extDB2: SQL_CUSTOM_V2: Error No Custom Call Not Found: Input String insert_infiSTARLog:A3_EXILE_OCCUPATION:V65 (30-08-2016) [OCCUPATION RandomSpawn] group O Alpha 4-2 is hunting player R Mr. Sages Crew 1 (Mr. Sage) REMOTE @ location [7697.26,8994.06,0.00168419]
[17:05:49:630762 --4:00] [Thread 16612] extDB2: SQL_CUSTOM_V2: Error No Custom Call Not Found: Callname insert_infiSTARLog
[17:06:19:794507 --4:00] [Thread 18320] extDB2: SQL_CUSTOM_V2: Error No Custom Call Not Found: Input String insert_infiSTARLog:A3_EXILE_PROCESSREPORTER:V65 (30-08-2016) =======================================================================================================
[17:06:19:794552 --4:00] [Thread 18320] extDB2: SQL_CUSTOM_V2: Error No Custom Call Not Found: Callname insert_infiSTARLog
[17:06:19:794639 --4:00] [Thread 18320] extDB2: SQL_CUSTOM_V2: Error No Custom Call Not Found: Input String insert_infiSTARLog:A3_EXILE_PROCESSREPORTER:V65 (30-08-2016) [processReporter] Started @ 482.461   [FPS  45.7143|PLAYERS  1|THREADS  12]
[17:06:19:794653 --4:00] [Thread 18320] extDB2: SQL_CUSTOM_V2: Error No Custom Call Not Found: Callname insert_infiSTARLog
[17:06:19:794735 --4:00] [Thread 18320] extDB2: SQL_CUSTOM_V2: Error No Custom Call Not Found: Input String insert_infiSTARLog:A3_EXILE_PROCESSREPORTER:V65 (30-08-2016) =======================================================================================================
[17:06:19:794750 --4:00] [Thread 18320] extDB2: SQL_CUSTOM_V2: Error No Custom Call Not Found: Callname insert_infiSTARLog
[17:06:19:794883 --4:00] [Thread 18320] extDB2: SQL_CUSTOM_V2: Error No Custom Call Not Found: Input String insert_infiSTARLog:A3_EXILE_PROCESSREPORTER:V65 (30-08-2016) [processReporter] Process Counts  spawn-ed  6 execVM-ed  6 exec-ed  0 execFSM-ed  2
[17:06:19:794904 --4:00] [Thread 18320] extDB2: SQL_CUSTOM_V2: Error No Custom Call Not Found: Callname insert_infiSTARLog
[17:06:19:795014 --4:00] [Thread 18320] extDB2: SQL_CUSTOM_V2: Error No Custom Call Not Found: Input String insert_infiSTARLog:A3_EXILE_PROCESSREPORTER:V65 (30-08-2016) [processReporter] Active SQF  ["<spawn>","",true,5126] @ 482.461
[17:06:19:795029 --4:00] [Thread 18320] extDB2: SQL_CUSTOM_V2: Error No Custom Call Not Found: Callname insert_infiSTARLog
[17:06:19:795112 --4:00] [Thread 18320] extDB2: SQL_CUSTOM_V2: Error No Custom Call Not Found: Input String insert_infiSTARLog:A3_EXILE_PROCESSREPORTER:V65 (30-08-2016) [processReporter] Active SQF  ["mpmissions\__cur_mp.Tanoa\ground_fog.sqf","mpmissions\__cur_mp.Tanoa\ground_fog.sqf",true,4] @ 482.461
[17:06:19:795127 --4:00] [Thread 18320] extDB2: SQL_CUSTOM_V2: Error No Custom Call Not Found: Callname insert_infiSTARLog
[17:06:19:795450 --4:00] [Thread 18320] extDB2: SQL_CUSTOM_V2: Error No Custom Call Not Found: Input String insert_infiSTARLog:A3_EXILE_PROCESSREPORTER:V65 (30-08-2016) [processReporter] Active SQF  ["mpmissions\__cur_mp.Tanoa\IgiLoad\IgiLoadInit.sqf","mpmissions\__cur_mp.Tanoa\IgiLoad\IgiLoadInit.sqf",true,35] @ 482.461
[17:06:19:795462 --4:00] [Thread 18320] extDB2: SQL_CUSTOM_V2: Error No Custom Call Not Found: Callname insert_infiSTARLog
[17:06:19:795546 --4:00] [Thread 18320] extDB2: SQL_CUSTOM_V2: Error No Custom Call Not Found: Input String insert_infiSTARLog:A3_EXILE_PROCESSREPORTER:V65 (30-08-2016) [processReporter] Active SQF  ["mpmissions\__cur_mp.Tanoa\ToastIntro.sqf","mpmissions\__cur_mp.Tanoa\ToastIntro.sqf",true,6] @ 482.461
[17:06:19:795554 --4:00] [Thread 18320] extDB2: SQL_CUSTOM_V2: Error No Custom Call Not Found: Callname insert_infiSTARLog
[17:06:19:795646 --4:00] [Thread 18320] extDB2: SQL_CUSTOM_V2: Error No Custom Call Not Found: Input String insert_infiSTARLog:A3_EXILE_PROCESSREPORTER:V65 (30-08-2016) [processReporter] Active SQF  ["mpmissions\__cur_mp.Tanoa\custom\service\service_point.sqf","mpmissions\__cur_mp.Tanoa\custom\service\service_point.sqf",true,217] @ 482.461
[17:06:19:795653 --4:00] [Thread 18320] extDB2: SQL_CUSTOM_V2: Error No Custom Call Not Found: Callname insert_infiSTARLog
[17:06:19:795749 --4:00] [Thread 18320] extDB2: SQL_CUSTOM_V2: Error No Custom Call Not Found: Input String insert_infiSTARLog:A3_EXILE_PROCESSREPORTER:V65 (30-08-2016) [processReporter] Active SQF  ["DMS_fnc_HeliParatroopers_Monitor","x\addons\a3_exile_occupation\scripts\extras\processReporter.sqf",true,25] @ 482.461
[17:06:19:795756 --4:00] [Thread 18320] extDB2: SQL_CUSTOM_V2: Error No Custom Call Not Found: Callname insert_infiSTARLog
[17:06:19:795848 --4:00] [Thread 18320] extDB2: SQL_CUSTOM_V2: Error No Custom Call Not Found: Input String insert_infiSTARLog:A3_EXILE_PROCESSREPORTER:V65 (30-08-2016) [processReporter] Active SQF  ["mpmissions\__cur_mp.Tanoa\JohnO_fnc_storm.sqf","mpmissions\__cur_mp.Tanoa\JohnO_fnc_storm.sqf",true,103] @ 482.461
[17:06:19:795856 --4:00] [Thread 18320] extDB2: SQL_CUSTOM_V2: Error No Custom Call Not Found: Callname insert_infiSTARLog
[17:06:19:795945 --4:00] [Thread 18320] extDB2: SQL_CUSTOM_V2: Error No Custom Call Not Found: Input String insert_infiSTARLog:A3_EXILE_PROCESSREPORTER:V65 (30-08-2016) [processReporter] Active SQF  ["<spawn>","mpmissions\__cur_mp.Tanoa\ExAdClient\HaloParachute\postInit.sqf",true,32] @ 482.461
[17:06:19:795952 --4:00] [Thread 18320] extDB2: SQL_CUSTOM_V2: Error No Custom Call Not Found: Callname insert_infiSTARLog
[17:06:19:796041 --4:00] [Thread 18320] extDB2: SQL_CUSTOM_V2: Error No Custom Call Not Found: Input String insert_infiSTARLog:A3_EXILE_PROCESSREPORTER:V65 (30-08-2016) [processReporter] Active SQF  ["<spawn>","mpmissions\__cur_mp.Tanoa\ExadClient\XM8\Apps\CHVD\config.sqf",true,47] @ 482.461
[17:06:19:796048 --4:00] [Thread 18320] extDB2: SQL_CUSTOM_V2: Error No Custom Call Not Found: Callname insert_infiSTARLog
[17:06:19:796331 --4:00] [Thread 18320] extDB2: SQL_CUSTOM_V2: Error No Custom Call Not Found: Input String insert_infiSTARLog:A3_EXILE_PROCESSREPORTER:V65 (30-08-2016) [processReporter] Active SQF  ["<spawn>","mpmissions\__cur_mp.Tanoa\ExAdClient\StatsBar\postInit.sqf",true,144] @ 482.461
[17:06:19:796338 --4:00] [Thread 18320] extDB2: SQL_CUSTOM_V2: Error No Custom Call Not Found: Callname insert_infiSTARLog
[17:06:19:796427 --4:00] [Thread 18320] extDB2: SQL_CUSTOM_V2: Error No Custom Call Not Found: Input String insert_infiSTARLog:A3_EXILE_PROCESSREPORTER:V65 (30-08-2016) [processReporter] Active SQF  ["<spawn>","mpmissions\__cur_mp.Tanoa\IgiLoad\IgiLoadTaru.sqf",true,467] @ 482.461
[17:06:19:796434 --4:00] [Thread 18320] extDB2: SQL_CUSTOM_V2: Error No Custom Call Not Found: Callname insert_infiSTARLog
[17:06:19:796524 --4:00] [Thread 18320] extDB2: SQL_CUSTOM_V2: Error No Custom Call Not Found: Input String insert_infiSTARLog:A3_EXILE_PROCESSREPORTER:V65 (30-08-2016) [processReporter] Active SQF  ["BIS_fnc_selectRandom","x\addons\a3_exile_occupation\scripts\occupationTransport.sqf",true,302] @ 482.461
[17:06:19:796531 --4:00] [Thread 18320] extDB2: SQL_CUSTOM_V2: Error No Custom Call Not Found: Callname insert_infiSTARLog
[17:06:19:796634 --4:00] [Thread 18320] extDB2: SQL_CUSTOM_V2: Error No Custom Call Not Found: Input String insert_infiSTARLog:A3_EXILE_PROCESSREPORTER:V65 (30-08-2016) [processReporter] Active FSM  ["main.fsm","Wait",-482.461] @ 482.461
[17:06:19:796641 --4:00] [Thread 18320] extDB2: SQL_CUSTOM_V2: Error No Custom Call Not Found: Callname insert_infiSTARLog
[17:06:19:796729 --4:00] [Thread 18320] extDB2: SQL_CUSTOM_V2: Error No Custom Call Not Found: Input String insert_infiSTARLog:A3_EXILE_PROCESSREPORTER:V65 (30-08-2016) [processReporter] Active FSM  ["missions","Waiting",-482.461] @ 482.461
[17:06:19:796736 --4:00] [Thread 18320] extDB2: SQL_CUSTOM_V2: Error No Custom Call Not Found: Callname insert_infiSTARLog
[17:06:19:796823 --4:00] [Thread 18320] extDB2: SQL_CUSTOM_V2: Error No Custom Call Not Found: Input String insert_infiSTARLog:A3_EXILE_PROCESSREPORTER:V65 (30-08-2016) [processReporter] Ended @ 482.461
[17:06:19:796831 --4:00] [Thread 18320] extDB2: SQL_CUSTOM_V2: Error No Custom Call Not Found: Callname insert_infiSTARLog
[17:06:34:895800 --4:00] [Thread 18320] extDB2: SQL_CUSTOM_V2: Error No Custom Call Not Found: Input String insert_infiSTARLog:A3_EXILE_OCCUPATION:V65 (30-08-2016) [OCCUPATION FastNights]   Current in game time is 15 47 multipler is 4
[17:06:34:895843 --4:00] [Thread 18320] extDB2: SQL_CUSTOM_V2: Error No Custom Call Not Found: Callname insert_infiSTARLog
[17:06:49:934707 --4:00] [Thread 18320] extDB2: SQL_CUSTOM_V2: Error No Custom Call Not Found: Input String insert_infiSTARLog:A3_EXILE_OCCUPATION:V65 (30-08-2016) [OCCUPATION RandomSpawn]  Starting Occupation Monitor @ 512.574
[17:06:49:934753 --4:00] [Thread 18320] extDB2: SQL_CUSTOM_V2: Error No Custom Call Not Found: Callname insert_infiSTARLog
[17:06:49:934956 --4:00] [Thread 18320] extDB2: SQL_CUSTOM_V2: Error No Custom Call Not Found: Input String insert_infiSTARLog:A3_EXILE_OCCUPATION:V65 (30-08-2016) [OCCUPATION RandomSpawn] group O Alpha 4-2 is now 2448.53m away from the target (R Mr. Sages Crew 1 (Mr. Sage) REMOTE)
[17:06:49:934985 --4:00] [Thread 18320] extDB2: SQL_CUSTOM_V2: Error No Custom Call Not Found: Callname insert_infiSTARLog
[17:06:49:936007 --4:00] [Thread 18320] extDB2: SQL_CUSTOM_V2: Error No Custom Call Not Found: Input String insert_infiSTARLog:A3_EXILE_OCCUPATION:V65 (30-08-2016) [OCCUPATION RandomSpawn] group O Alpha 4-2 had no target, so was deleted
[17:06:49:936032 --4:00] [Thread 18320] extDB2: SQL_CUSTOM_V2: Error No Custom Call Not Found: Callname insert_infiSTARLog
[17:07:20:105662 --4:00] [Thread 18320] extDB2: SQL_CUSTOM_V2: Error No Custom Call Not Found: Input String insert_infiSTARLog:A3_EXILE_PROCESSREPORTER:V65 (30-08-2016) =======================================================================================================
[17:07:20:105800 --4:00] [Thread 18320] extDB2: SQL_CUSTOM_V2: Error No Custom Call Not Found: Callname insert_infiSTARLog
[17:07:20:105821 --4:00] [Thread 16612] extDB2: SQL_CUSTOM_V2: Error No Custom Call Not Found: Input String insert_infiSTARLog:A3_EXILE_PROCESSREPORTER:V65 (30-08-2016) [processReporter] Started @ 542.745   [FPS  45.3258|PLAYERS  1|THREADS  12]
[17:07:20:105840 --4:00] [Thread 16612] extDB2: SQL_CUSTOM_V2: Error No Custom Call Not Found: Callname insert_infiSTARLog
[17:07:20:105919 --4:00] [Thread 16612] extDB2: SQL_CUSTOM_V2: Error No Custom Call Not Found: Input String insert_infiSTARLog:A3_EXILE_PROCESSREPORTER:V65 (30-08-2016) =======================================================================================================
[17:07:20:105934 --4:00] [Thread 16612] extDB2: SQL_CUSTOM_V2: Error No Custom Call Not Found: Callname insert_infiSTARLog
[17:07:20:106028 --4:00] [Thread 16612] extDB2: SQL_CUSTOM_V2: Error No Custom Call Not Found: Input String insert_infiSTARLog:A3_EXILE_PROCESSREPORTER:V65 (30-08-2016) [processReporter] Process Counts  spawn-ed  6 execVM-ed  6 exec-ed  0 execFSM-ed  2
[17:07:20:106042 --4:00] [Thread 16612] extDB2: SQL_CUSTOM_V2: Error No Custom Call Not Found: Callname insert_infiSTARLog
[17:07:20:106128 --4:00] [Thread 16612] extDB2: SQL_CUSTOM_V2: Error No Custom Call Not Found: Input String insert_infiSTARLog:A3_EXILE_PROCESSREPORTER:V65 (30-08-2016) [processReporter] Active SQF  ["<spawn>","",true,5126] @ 542.745
[17:07:20:106143 --4:00] [Thread 16612] extDB2: SQL_CUSTOM_V2: Error No Custom Call Not Found: Callname insert_infiSTARLog
[17:07:20:106244 --4:00] [Thread 16612] extDB2: SQL_CUSTOM_V2: Error No Custom Call Not Found: Input String insert_infiSTARLog:A3_EXILE_PROCESSREPORTER:V65 (30-08-2016) [processReporter] Active SQF  ["mpmissions\__cur_mp.Tanoa\ground_fog.sqf","mpmissions\__cur_mp.Tanoa\ground_fog.sqf",true,4] @ 542.745
[17:07:20:106259 --4:00] [Thread 16612] extDB2: SQL_CUSTOM_V2: Error No Custom Call Not Found: Callname insert_infiSTARLog
[17:07:20:106354 --4:00] [Thread 16612] extDB2: SQL_CUSTOM_V2: Error No Custom Call Not Found: Input String insert_infiSTARLog:A3_EXILE_PROCESSREPORTER:V65 (30-08-2016) [processReporter] Active SQF  ["mpmissions\__cur_mp.Tanoa\IgiLoad\IgiLoadInit.sqf","mpmissions\__cur_mp.Tanoa\IgiLoad\IgiLoadInit.sqf",true,35] @ 542.745
[17:07:20:106368 --4:00] [Thread 16612] extDB2: SQL_CUSTOM_V2: Error No Custom Call Not Found: Callname insert_infiSTARLog
[17:07:20:106434 --4:00] [Thread 16612] extDB2: SQL_CUSTOM_V2: Error No Custom Call Not Found: Input String insert_infiSTARLog:A3_EXILE_PROCESSREPORTER:V65 (30-08-2016) [processReporter] Active SQF  ["mpmissions\__cur_mp.Tanoa\ToastIntro.sqf","mpmissions\__cur_mp.Tanoa\ToastIntro.sqf",true,6] @ 542.745
[17:07:20:106445 --4:00] [Thread 16612] extDB2: SQL_CUSTOM_V2: Error No Custom Call Not Found: Callname insert_infiSTARLog
[17:07:20:106521 --4:00] [Thread 16612] extDB2: SQL_CUSTOM_V2: Error No Custom Call Not Found: Input String insert_infiSTARLog:A3_EXILE_PROCESSREPORTER:V65 (30-08-2016) [processReporter] Active SQF  ["mpmissions\__cur_mp.Tanoa\custom\service\service_point.sqf","mpmissions\__cur_mp.Tanoa\custom\service\service_point.sqf",true,217] @ 542.745
[17:07:20:106530 --4:00] [Thread 16612] extDB2: SQL_CUSTOM_V2: Error No Custom Call Not Found: Callname insert_infiSTARLog
[17:07:20:106714 --4:00] [Thread 16612] extDB2: SQL_CUSTOM_V2: Error No Custom Call Not Found: Input String insert_infiSTARLog:A3_EXILE_PROCESSREPORTER:V65 (30-08-2016) [processReporter] Active SQF  ["DMS_fnc_HeliParatroopers_Monitor","x\addons\a3_exile_occupation\scripts\extras\processReporter.sqf",true,25] @ 542.745
[17:07:20:106722 --4:00] [Thread 16612] extDB2: SQL_CUSTOM_V2: Error No Custom Call Not Found: Callname insert_infiSTARLog
[17:07:20:106803 --4:00] [Thread 18320] extDB2: SQL_CUSTOM_V2: Error No Custom Call Not Found: Input String insert_infiSTARLog:A3_EXILE_PROCESSREPORTER:V65 (30-08-2016) [processReporter] Active SQF  ["mpmissions\__cur_mp.Tanoa\JohnO_fnc_storm.sqf","mpmissions\__cur_mp.Tanoa\JohnO_fnc_storm.sqf",true,103] @ 542.745
[17:07:20:106816 --4:00] [Thread 16612] extDB2: SQL_CUSTOM_V2: Error No Custom Call Not Found: Input String insert_infiSTARLog:A3_EXILE_PROCESSREPORTER:V65 (30-08-2016) [processReporter] Active SQF  ["<spawn>","mpmissions\__cur_mp.Tanoa\ExAdClient\HaloParachute\postInit.sqf",true,32] @ 542.745
[17:07:20:106826 --4:00] [Thread 16612] extDB2: SQL_CUSTOM_V2: Error No Custom Call Not Found: Callname insert_infiSTARLog
[17:07:20:106817 --4:00] [Thread 18320] extDB2: SQL_CUSTOM_V2: Error No Custom Call Not Found: Callname insert_infiSTARLog
[17:07:20:106915 --4:00] [Thread 18320] extDB2: SQL_CUSTOM_V2: Error No Custom Call Not Found: Input String insert_infiSTARLog:A3_EXILE_PROCESSREPORTER:V65 (30-08-2016) [processReporter] Active SQF  ["<spawn>","mpmissions\__cur_mp.Tanoa\ExadClient\XM8\Apps\CHVD\config.sqf",true,47] @ 542.745
[17:07:20:106930 --4:00] [Thread 18320] extDB2: SQL_CUSTOM_V2: Error No Custom Call Not Found: Callname insert_infiSTARLog
[17:07:20:107028 --4:00] [Thread 18320] extDB2: SQL_CUSTOM_V2: Error No Custom Call Not Found: Input String insert_infiSTARLog:A3_EXILE_PROCESSREPORTER:V65 (30-08-2016) [processReporter] Active SQF  ["<spawn>","mpmissions\__cur_mp.Tanoa\ExAdClient\StatsBar\postInit.sqf",true,144] @ 542.745
[17:07:20:107043 --4:00] [Thread 18320] extDB2: SQL_CUSTOM_V2: Error No Custom Call Not Found: Callname insert_infiSTARLog
[17:07:20:107136 --4:00] [Thread 18320] extDB2: SQL_CUSTOM_V2: Error No Custom Call Not Found: Input String insert_infiSTARLog:A3_EXILE_PROCESSREPORTER:V65 (30-08-2016) [processReporter] Active SQF  ["<spawn>","mpmissions\__cur_mp.Tanoa\IgiLoad\IgiLoadTaru.sqf",true,467] @ 542.745
[17:07:20:107151 --4:00] [Thread 18320] extDB2: SQL_CUSTOM_V2: Error No Custom Call Not Found: Callname insert_infiSTARLog
[17:07:20:107263 --4:00] [Thread 18320] extDB2: SQL_CUSTOM_V2: Error No Custom Call Not Found: Input String insert_infiSTARLog:A3_EXILE_PROCESSREPORTER:V65 (30-08-2016) [processReporter] Active SQF  ["BIS_fnc_selectRandom","x\addons\a3_exile_occupation\scripts\occupationTransport.sqf",true,306] @ 542.745
[17:07:20:107277 --4:00] [Thread 18320] extDB2: SQL_CUSTOM_V2: Error No Custom Call Not Found: Callname insert_infiSTARLog
[17:07:20:107314 --4:00] [Thread 18320] extDB2: SQL_CUSTOM_V2: Error No Custom Call Not Found: Input String insert_infiSTARLog:A3_EXILE_PROCESSREPORTER:V65 (30-08-2016) [processReporter] Active FSM  ["main.fsm","Wait",-542.745] @ 542.745
[17:07:20:107325 --4:00] [Thread 18320] extDB2: SQL_CUSTOM_V2: Error No Custom Call Not Found: Callname insert_infiSTARLog
[17:07:20:107399 --4:00] [Thread 18320] extDB2: SQL_CUSTOM_V2: Error No Custom Call Not Found: Input String insert_infiSTARLog:A3_EXILE_PROCESSREPORTER:V65 (30-08-2016) [processReporter] Active FSM  ["missions","Waiting",-542.745] @ 542.745
[17:07:20:107408 --4:00] [Thread 18320] extDB2: SQL_CUSTOM_V2: Error No Custom Call Not Found: Callname insert_infiSTARLog
[17:07:20:107508 --4:00] [Thread 18320] extDB2: SQL_CUSTOM_V2: Error No Custom Call Not Found: Input String insert_infiSTARLog:A3_EXILE_PROCESSREPORTER:V65 (30-08-2016) [processReporter] Ended @ 542.745
[17:07:20:107515 --4:00] [Thread 18320] extDB2: SQL_CUSTOM_V2: Error No Custom Call Not Found: Callname insert_infiSTARLog
[17:07:36:153618 --4:00] [Thread 16212] extDB2: Stopping ...
