extDB2: Version: 70
extDB2: https://github.com/Torndeco/extDB2
extDB2: Windows Version
Message: All development for extDB2 is done on a Linux Dedicated Server
Message: If you would like to Donate to extDB2 Development
Message: https://www.paypal.com/cgi-bin/webscr?cmd=_s-xclick&hosted_button_id=2SUEFTGABTAM2
Message: Also leave a message if there is any particular feature you would like to see added.
Message: Thanks for all the people that have donated.
Message: Torndeco: 20/02/15


extDB2: Found extdb-conf.ini
extDB2: Detected 24 Cores, Setting up 6 Worker Threads


[20:43:50:206054 --4:00] [Thread 16896] extDB2: Database Type: MySQL
[20:43:53:215243 --4:00] [Thread 16896] extDB2: Database Session Pool Started
[20:43:53:217588 --4:00] [Thread 16896] extDB2: SQL_CUSTOM_V2: Loading Template Filename: C:\Arma 3 Server\extDB\sql_custom_v2\exile.ini
[20:43:53:217736 --4:00] [Thread 16896] extDB2: SQL_CUSTOM_V2: Version 12 Detected, Latest Version 12 Available
[20:43:54:036649 --4:00] [Thread 3040] extDB2: SQL_CUSTOM_V2: Error No Custom Call Not Found: Input String insert_infiSTARLog:CONNECTLOG:infiSTAR_PlayerConnected_id  1
[20:43:54:036676 --4:00] [Thread 7524] extDB2: SQL_CUSTOM_V2: Error No Custom Call Not Found: Input String insert_infiSTARLog:CONNECTLOG:infiSTAR_PlayerDisconnected_id  0
[20:43:54:036701 --4:00] [Thread 7524] extDB2: SQL_CUSTOM_V2: Error No Custom Call Not Found: Callname insert_infiSTARLog
[20:43:54:036683 --4:00] [Thread 3040] extDB2: SQL_CUSTOM_V2: Error No Custom Call Not Found: Callname insert_infiSTARLog
[20:43:54:037230 --4:00] [Thread 3040] extDB2: SQL_CUSTOM_V2: Error No Custom Call Not Found: Input String insert_infiSTARLog:SERVER_INFO:[SERVER START] TIME  0 || EMAIL  justinbowers@live.com || VERSION  09-Jan-2017 02-25-58 - v0070 || Local Server Time  [2017,2,10,20,43]
[20:43:54:037252 --4:00] [Thread 3040] extDB2: SQL_CUSTOM_V2: Error No Custom Call Not Found: Callname insert_infiSTARLog
[20:43:54:201141 --4:00] [Thread 3040] extDB2: SQL_CUSTOM_V2: Error No Custom Call Not Found: Input String insert_infiSTARLog:CONNECTLOG:#0 Connected  __SERVER__( - 2)
[20:43:54:201174 --4:00] [Thread 3040] extDB2: SQL_CUSTOM_V2: Error No Custom Call Not Found: Callname insert_infiSTARLog
[20:46:11:993404 --4:00] [Thread 16708] extDB2: SQL_CUSTOM_V2: Error No Custom Call Not Found: Input String insert_infiSTARLog:CONNECTLOG:#0 Connected  Mr. Sage(76561198108041726 - 3)
[20:46:11:993455 --4:00] [Thread 16708] extDB2: SQL_CUSTOM_V2: Error No Custom Call Not Found: Callname insert_infiSTARLog
[20:46:11:993713 --4:00] [Thread 16708] extDB2: SQL_CUSTOM_V2: Error No Custom Call Not Found: Input String insert_infiSTARLog:TOKENLOG:TOKEN [cmjg372yrdxql0n] FOR Mr. Sage(76561198108041726) OWNER ID  3
[20:46:11:993745 --4:00] [Thread 16708] extDB2: SQL_CUSTOM_V2: Error No Custom Call Not Found: Callname insert_infiSTARLog
[20:46:17:329128 --4:00] [Thread 3040] extDB2: SQL_CUSTOM_V2: Error No Custom Call Not Found: Input String insert_infiSTARLog:CONNECTLOG:#1 Connected  Mr. Sage(76561198108041726 - 3) SteamName  Mr. Sage   [UpTime  0h 2min 8s - ServerFPS  47.4777]
[20:46:17:329178 --4:00] [Thread 3040] extDB2: SQL_CUSTOM_V2: Error No Custom Call Not Found: Callname insert_infiSTARLog
[20:46:25:412074 --4:00] [Thread 3040] extDB2: SQL_CUSTOM_V2: Error No Custom Call Not Found: Input String insert_infiSTARLog:netids:Mr. Sage(76561198108041726) - R Alpha 1-1 1 (Mr. Sage) REMOTE, Exile_Unit_GhostPlayer - 2 5756 - 3
[20:46:25:412114 --4:00] [Thread 3040] extDB2: SQL_CUSTOM_V2: Error No Custom Call Not Found: Callname insert_infiSTARLog
[20:47:10:545604 --4:00] [Thread 3040] extDB2: SQL_CUSTOM_V2: Error No Custom Call Not Found: Input String insert_infiSTARLog:netids:Mr. Sage(76561198108041726) - R  1 (Mr. Sage) REMOTE, Exile_Unit_Player - 2 5768 - 3
[20:47:10:545649 --4:00] [Thread 3040] extDB2: SQL_CUSTOM_V2: Error No Custom Call Not Found: Callname insert_infiSTARLog
[20:47:39:987742 --4:00] [Thread 3040] extDB2: SQL_CUSTOM_V2: Error No Custom Call Not Found: Input String insert_infiSTARLog:A3_EXILE_OCCUPATION:V65 (30-08-2016) =============================================================================================================
[20:47:39:987855 --4:00] [Thread 3040] extDB2: SQL_CUSTOM_V2: Error No Custom Call Not Found: Callname insert_infiSTARLog
[20:47:39:987879 --4:00] [Thread 16708] extDB2: SQL_CUSTOM_V2: Error No Custom Call Not Found: Input String insert_infiSTARLog:A3_EXILE_OCCUPATION:V65 (30-08-2016) [OCCUPATION MOD]  Occupation V65 (30-08-2016) Initialised at 210.444
[20:47:39:987905 --4:00] [Thread 16708] extDB2: SQL_CUSTOM_V2: Error No Custom Call Not Found: Callname insert_infiSTARLog
[20:47:39:987948 --4:00] [Thread 16708] extDB2: SQL_CUSTOM_V2: Error No Custom Call Not Found: Input String insert_infiSTARLog:A3_EXILE_OCCUPATION:V65 (30-08-2016) =============================================================================================================
[20:47:39:987969 --4:00] [Thread 16708] extDB2: SQL_CUSTOM_V2: Error No Custom Call Not Found: Callname insert_infiSTARLog
[20:47:40:030231 --4:00] [Thread 16708] extDB2: SQL_CUSTOM_V2: Error No Custom Call Not Found: Input String insert_infiSTARLog:A3_EXILE_OCCUPATION:V65 (30-08-2016) [OCCUPATION Traders] starting @ 210.486
[20:47:40:030264 --4:00] [Thread 16708] extDB2: SQL_CUSTOM_V2: Error No Custom Call Not Found: Callname insert_infiSTARLog
[20:47:40:030354 --4:00] [Thread 16708] extDB2: SQL_CUSTOM_V2: Error No Custom Call Not Found: Input String insert_infiSTARLog:A3_EXILE_OCCUPATION:V65 (30-08-2016) [processReporter]  Initialised at 210.486
[20:47:40:030374 --4:00] [Thread 16708] extDB2: SQL_CUSTOM_V2: Error No Custom Call Not Found: Callname insert_infiSTARLog
[20:47:40:030960 --4:00] [Thread 16708] extDB2: SQL_CUSTOM_V2: Error No Custom Call Not Found: Input String insert_infiSTARLog:A3_EXILE_OCCUPATION:V65 (30-08-2016) [OCCUPATION]  Detected DMS version September 5, 2016
[20:47:40:030991 --4:00] [Thread 16708] extDB2: SQL_CUSTOM_V2: Error No Custom Call Not Found: Callname insert_infiSTARLog
[20:47:40:031082 --4:00] [Thread 16708] extDB2: SQL_CUSTOM_V2: Error No Custom Call Not Found: Input String insert_infiSTARLog:A3_EXILE_OCCUPATION:V65 (30-08-2016) [OCCUPATION]  Occupation V65 (30-08-2016) Adding modules to Exile system thread manager at 210.486
[20:47:40:031103 --4:00] [Thread 16708] extDB2: SQL_CUSTOM_V2: Error No Custom Call Not Found: Callname insert_infiSTARLog
[20:48:26:715492 --4:00] [Thread 3040] extDB2: SQL_CUSTOM_V2: Error No Custom Call Not Found: Input String insert_infiSTARLog:A3_EXILE_OCCUPATION:V65 (30-08-2016) [OCCUPATION LootCrates]  Starting Occupation Loot Crates
[20:48:26:715547 --4:00] [Thread 3040] extDB2: SQL_CUSTOM_V2: Error No Custom Call Not Found: Callname insert_infiSTARLog
[20:48:26:715621 --4:00] [Thread 3040] extDB2: SQL_CUSTOM_V2: Error No Custom Call Not Found: Input String insert_infiSTARLog:A3_EXILE_OCCUPATION:V65 (30-08-2016) [OCCUPATION LootCrates]  worldname  Tanoa crates to spawn  6
[20:48:26:715643 --4:00] [Thread 3040] extDB2: SQL_CUSTOM_V2: Error No Custom Call Not Found: Callname insert_infiSTARLog
[20:48:29:212493 --4:00] [Thread 3040] extDB2: SQL_CUSTOM_V2: Error No Custom Call Not Found: Input String insert_infiSTARLog:A3_EXILE_OCCUPATION:V65 (30-08-2016) [OCCUPATION LootCrates]   Creating crate 1 at drop zone [4950.87,9836.8,0] with 1 guards
[20:48:29:212541 --4:00] [Thread 3040] extDB2: SQL_CUSTOM_V2: Error No Custom Call Not Found: Callname insert_infiSTARLog
[20:48:30:013837 --4:00] [Thread 3040] extDB2: SQL_CUSTOM_V2: Error No Custom Call Not Found: Input String insert_infiSTARLog:CONNECTLOG:#2 Disconnected  Mr. Sage(76561198108041726 - 3) SteamName  Mr. Sage
[20:48:30:013886 --4:00] [Thread 3040] extDB2: SQL_CUSTOM_V2: Error No Custom Call Not Found: Callname insert_infiSTARLog
[20:48:33:232599 --4:00] [Thread 7524] extDB2: SQL_CUSTOM_V2: Error No Custom Call Not Found: Input String insert_infiSTARLog:A3_EXILE_OCCUPATION:V65 (30-08-2016) [OCCUPATION LootCrates]   Creating crate 2 at drop zone [5824.25,7609.87,0] with 1 guards
[20:48:33:232656 --4:00] [Thread 7524] extDB2: SQL_CUSTOM_V2: Error No Custom Call Not Found: Callname insert_infiSTARLog
[20:48:35:856743 --4:00] [Thread 7524] extDB2: SQL_CUSTOM_V2: Error No Custom Call Not Found: Input String insert_infiSTARLog:A3_EXILE_OCCUPATION:V65 (30-08-2016) [OCCUPATION LootCrates]   Creating crate 3 at drop zone [11051.2,7005.59,0] with 2 guards
[20:48:35:856783 --4:00] [Thread 7524] extDB2: SQL_CUSTOM_V2: Error No Custom Call Not Found: Callname insert_infiSTARLog
[20:48:45:177781 --4:00] [Thread 16896] extDB2: Stopping ...
