extDB2: Version: 70
extDB2: https://github.com/Torndeco/extDB2
extDB2: Windows Version
Message: All development for extDB2 is done on a Linux Dedicated Server
Message: If you would like to Donate to extDB2 Development
Message: https://www.paypal.com/cgi-bin/webscr?cmd=_s-xclick&hosted_button_id=2SUEFTGABTAM2
Message: Also leave a message if there is any particular feature you would like to see added.
Message: Thanks for all the people that have donated.
Message: Torndeco: 20/02/15


extDB2: Found extdb-conf.ini
extDB2: Detected 24 Cores, Setting up 6 Worker Threads


[21:34:03:491662 --4:00] [Thread 32456] extDB2: Database Type: MySQL
[21:34:03:504242 --4:00] [Thread 32456] extDB2: Database Session Pool Started
[21:34:03:506023 --4:00] [Thread 32456] extDB2: SQL_CUSTOM_V2: Loading Template Filename: C:\Arma 3 Servers\exileserver1\@ExileServer\extDB\sql_custom_v2\exile.ini
[21:34:03:506186 --4:00] [Thread 32456] extDB2: SQL_CUSTOM_V2: Version 12 Detected, Latest Version 12 Available
[21:34:04:208388 --4:00] [Thread 37744] extDB2: SQL_CUSTOM_V2: Incorrect Number of Inputs: Input String insert_infiSTARLog:CONNECTLOG:infiSTAR_PlayerConnected_id  1
[21:34:04:208424 --4:00] [Thread 37744] extDB2: SQL_CUSTOM_V2: Incorrect Number of Inputs: Expected: 3 Got: 2
[21:34:04:208662 --4:00] [Thread 37744] extDB2: SQL_CUSTOM_V2: Incorrect Number of Inputs: Input String insert_infiSTARLog:CONNECTLOG:infiSTAR_PlayerDisconnected_id  0
[21:34:04:208678 --4:00] [Thread 37744] extDB2: SQL_CUSTOM_V2: Incorrect Number of Inputs: Expected: 3 Got: 2
[21:34:04:209554 --4:00] [Thread 37744] extDB2: SQL_CUSTOM_V2: Incorrect Number of Inputs: Input String insert_infiSTARLog:SERVER_INFO:[SERVER START] TIME  0 || EMAIL  justinbowers@live.com || VERSION  09-Jan-2017 02-25-58 - v0070 || Local Server Time  [2017,3,24,21,34]
[21:34:04:209575 --4:00] [Thread 37744] extDB2: SQL_CUSTOM_V2: Incorrect Number of Inputs: Expected: 3 Got: 2
[21:34:04:635292 --4:00] [Thread 37728] extDB2: SQL_CUSTOM_V2: Incorrect Number of Inputs: Input String insert_infiSTARLog:CONNECTLOG:#0 Connected  __SERVER__( - 2)
[21:34:04:635322 --4:00] [Thread 37728] extDB2: SQL_CUSTOM_V2: Incorrect Number of Inputs: Expected: 3 Got: 2
[21:34:24:021872 --4:00] [Thread 37728] extDB2: SQL_CUSTOM_V2: Incorrect Number of Inputs: Input String insert_infiSTARLog:A3_EXILE_OCCUPATION:V65 (30-08-2016) =============================================================================================================
[21:34:24:021908 --4:00] [Thread 37728] extDB2: SQL_CUSTOM_V2: Incorrect Number of Inputs: Expected: 3 Got: 2
[21:34:24:022251 --4:00] [Thread 37728] extDB2: SQL_CUSTOM_V2: Incorrect Number of Inputs: Input String insert_infiSTARLog:A3_EXILE_OCCUPATION:V65 (30-08-2016) [OCCUPATION MOD]  Occupation V65 (30-08-2016) Initialised at 18.732
[21:34:24:022267 --4:00] [Thread 37728] extDB2: SQL_CUSTOM_V2: Incorrect Number of Inputs: Expected: 3 Got: 2
[21:34:24:022477 --4:00] [Thread 37728] extDB2: SQL_CUSTOM_V2: Incorrect Number of Inputs: Input String insert_infiSTARLog:A3_EXILE_OCCUPATION:V65 (30-08-2016) =============================================================================================================
[21:34:24:022493 --4:00] [Thread 37728] extDB2: SQL_CUSTOM_V2: Incorrect Number of Inputs: Expected: 3 Got: 2
[21:34:24:065251 --4:00] [Thread 37728] extDB2: SQL_CUSTOM_V2: Incorrect Number of Inputs: Input String insert_infiSTARLog:A3_EXILE_OCCUPATION:V65 (30-08-2016) [OCCUPATION Traders] starting @ 18.775
[21:34:24:065281 --4:00] [Thread 37728] extDB2: SQL_CUSTOM_V2: Incorrect Number of Inputs: Expected: 3 Got: 2
[21:34:24:065646 --4:00] [Thread 37728] extDB2: SQL_CUSTOM_V2: Incorrect Number of Inputs: Input String insert_infiSTARLog:A3_EXILE_OCCUPATION:V65 (30-08-2016) [processReporter]  Initialised at 18.775
[21:34:24:065669 --4:00] [Thread 37728] extDB2: SQL_CUSTOM_V2: Incorrect Number of Inputs: Expected: 3 Got: 2
[21:34:24:066516 --4:00] [Thread 37728] extDB2: SQL_CUSTOM_V2: Incorrect Number of Inputs: Input String insert_infiSTARLog:A3_EXILE_OCCUPATION:V65 (30-08-2016) [OCCUPATION]  Detected DMS version September 5, 2016
[21:34:24:066574 --4:00] [Thread 37728] extDB2: SQL_CUSTOM_V2: Incorrect Number of Inputs: Expected: 3 Got: 2
[21:34:24:066829 --4:00] [Thread 37728] extDB2: SQL_CUSTOM_V2: Incorrect Number of Inputs: Input String insert_infiSTARLog:A3_EXILE_OCCUPATION:V65 (30-08-2016) [OCCUPATION]  Occupation V65 (30-08-2016) Adding modules to Exile system thread manager at 18.775
[21:34:24:066851 --4:00] [Thread 37728] extDB2: SQL_CUSTOM_V2: Incorrect Number of Inputs: Expected: 3 Got: 2
[21:35:09:733925 --4:00] [Thread 37728] extDB2: SQL_CUSTOM_V2: Incorrect Number of Inputs: Input String insert_infiSTARLog:A3_EXILE_OCCUPATION:V65 (30-08-2016) [OCCUPATION LootCrates]  Starting Occupation Loot Crates
[21:35:09:733962 --4:00] [Thread 37728] extDB2: SQL_CUSTOM_V2: Incorrect Number of Inputs: Expected: 3 Got: 2
[21:35:09:734307 --4:00] [Thread 37728] extDB2: SQL_CUSTOM_V2: Incorrect Number of Inputs: Input String insert_infiSTARLog:A3_EXILE_OCCUPATION:V65 (30-08-2016) [OCCUPATION LootCrates]  worldname  Tanoa crates to spawn  6
[21:35:09:734330 --4:00] [Thread 37728] extDB2: SQL_CUSTOM_V2: Incorrect Number of Inputs: Expected: 3 Got: 2
[21:35:11:394733 --4:00] [Thread 37728] extDB2: SQL_CUSTOM_V2: Incorrect Number of Inputs: Input String insert_infiSTARLog:A3_EXILE_OCCUPATION:V65 (30-08-2016) [OCCUPATION LootCrates]   Creating crate 1 at drop zone [10607.9,7182.86,0] with 1 guards
[21:35:11:394766 --4:00] [Thread 37728] extDB2: SQL_CUSTOM_V2: Incorrect Number of Inputs: Expected: 3 Got: 2
[21:35:11:774957 --4:00] [Thread 37744] extDB2: SQL_CUSTOM_V2: Incorrect Number of Inputs: Input String insert_infiSTARLog:CONNECTLOG:#0 Connected  Mr. Sage(76561198108041726 - 3)
[21:35:11:774985 --4:00] [Thread 37744] extDB2: SQL_CUSTOM_V2: Incorrect Number of Inputs: Expected: 3 Got: 2
[21:35:11:775497 --4:00] [Thread 37744] extDB2: SQL_CUSTOM_V2: Incorrect Number of Inputs: Input String insert_infiSTARLog:TOKENLOG:TOKEN [cbjw18sogljua74] FOR Mr. Sage(76561198108041726) OWNER ID  3
[21:35:11:775513 --4:00] [Thread 37744] extDB2: SQL_CUSTOM_V2: Incorrect Number of Inputs: Expected: 3 Got: 2
[21:35:13:183361 --4:00] [Thread 37728] extDB2: SQL_CUSTOM_V2: Incorrect Number of Inputs: Input String insert_infiSTARLog:A3_EXILE_OCCUPATION:V65 (30-08-2016) [OCCUPATION LootCrates]   Creating crate 2 at drop zone [7425.71,7453.49,0] with 2 guards
[21:35:13:183394 --4:00] [Thread 37728] extDB2: SQL_CUSTOM_V2: Incorrect Number of Inputs: Expected: 3 Got: 2
[21:35:15:154964 --4:00] [Thread 37728] extDB2: SQL_CUSTOM_V2: Incorrect Number of Inputs: Input String insert_infiSTARLog:A3_EXILE_OCCUPATION:V65 (30-08-2016) [OCCUPATION LootCrates]   Creating crate 3 at drop zone [9844.6,8033.24,0] with 2 guards
[21:35:15:154999 --4:00] [Thread 37728] extDB2: SQL_CUSTOM_V2: Incorrect Number of Inputs: Expected: 3 Got: 2
[21:35:18:497568 --4:00] [Thread 37728] extDB2: SQL_CUSTOM_V2: Incorrect Number of Inputs: Input String insert_infiSTARLog:A3_EXILE_OCCUPATION:V65 (30-08-2016) [OCCUPATION LootCrates]   Creating crate 4 at drop zone [6288.78,10420.2,0] with 2 guards
[21:35:18:497609 --4:00] [Thread 37728] extDB2: SQL_CUSTOM_V2: Incorrect Number of Inputs: Expected: 3 Got: 2
[21:35:20:094582 --4:00] [Thread 37728] extDB2: SQL_CUSTOM_V2: Incorrect Number of Inputs: Input String insert_infiSTARLog:A3_EXILE_OCCUPATION:V65 (30-08-2016) [OCCUPATION LootCrates]   Creating crate 5 at drop zone [8505.33,4921.17,0] with 1 guards
[21:35:20:094610 --4:00] [Thread 37728] extDB2: SQL_CUSTOM_V2: Incorrect Number of Inputs: Expected: 3 Got: 2
[21:35:20:411272 --4:00] [Thread 37728] extDB2: SQL_CUSTOM_V2: Incorrect Number of Inputs: Input String insert_infiSTARLog:CONNECTLOG:#2 Disconnected  Mr. Sage(76561198108041726 - 3) SteamName  
[21:35:20:411310 --4:00] [Thread 37728] extDB2: SQL_CUSTOM_V2: Incorrect Number of Inputs: Expected: 3 Got: 2
[21:35:23:143302 --4:00] [Thread 37728] extDB2: SQL_CUSTOM_V2: Incorrect Number of Inputs: Input String insert_infiSTARLog:A3_EXILE_OCCUPATION:V65 (30-08-2016) [OCCUPATION LootCrates]   Creating crate 6 at drop zone [5867.52,9505.39,0] with 2 guards
[21:35:23:143392 --4:00] [Thread 37728] extDB2: SQL_CUSTOM_V2: Incorrect Number of Inputs: Expected: 3 Got: 2
[21:35:27:911530 --4:00] [Thread 37728] extDB2: SQL_CUSTOM_V2: Incorrect Number of Inputs: Input String insert_infiSTARLog:A3_EXILE_PROCESSREPORTER:V65 (30-08-2016) =======================================================================================================
[21:35:27:911565 --4:00] [Thread 37728] extDB2: SQL_CUSTOM_V2: Incorrect Number of Inputs: Expected: 3 Got: 2
[21:35:27:911937 --4:00] [Thread 37728] extDB2: SQL_CUSTOM_V2: Incorrect Number of Inputs: Input String insert_infiSTARLog:A3_EXILE_PROCESSREPORTER:V65 (30-08-2016) [processReporter] Started @ 81.64   [FPS  45.7143|PLAYERS  0|THREADS  3]
[21:35:27:911950 --4:00] [Thread 37728] extDB2: SQL_CUSTOM_V2: Incorrect Number of Inputs: Expected: 3 Got: 2
[21:35:27:912206 --4:00] [Thread 37728] extDB2: SQL_CUSTOM_V2: Incorrect Number of Inputs: Input String insert_infiSTARLog:A3_EXILE_PROCESSREPORTER:V65 (30-08-2016) =======================================================================================================
[21:35:27:912219 --4:00] [Thread 37728] extDB2: SQL_CUSTOM_V2: Incorrect Number of Inputs: Expected: 3 Got: 2
[21:35:27:912638 --4:00] [Thread 37728] extDB2: SQL_CUSTOM_V2: Incorrect Number of Inputs: Input String insert_infiSTARLog:A3_EXILE_PROCESSREPORTER:V65 (30-08-2016) [processReporter] Process Counts  spawn-ed  2 execVM-ed  1 exec-ed  0 execFSM-ed  2
[21:35:27:912657 --4:00] [Thread 37728] extDB2: SQL_CUSTOM_V2: Incorrect Number of Inputs: Expected: 3 Got: 2
[21:35:27:913182 --4:00] [Thread 37728] extDB2: SQL_CUSTOM_V2: Incorrect Number of Inputs: Input String insert_infiSTARLog:A3_EXILE_PROCESSREPORTER:V65 (30-08-2016) [processReporter] Active SQF  ["<spawn>","",true,5126] @ 81.64
[21:35:27:913202 --4:00] [Thread 37728] extDB2: SQL_CUSTOM_V2: Incorrect Number of Inputs: Expected: 3 Got: 2
[21:35:27:913489 --4:00] [Thread 37728] extDB2: SQL_CUSTOM_V2: Incorrect Number of Inputs: Input String insert_infiSTARLog:A3_EXILE_PROCESSREPORTER:V65 (30-08-2016) [processReporter] Active SQF  ["DMS_fnc_HeliParatroopers_Monitor","x\addons\a3_exile_occupation\scripts\extras\processReporter.sqf",true,25] @ 81.64
[21:35:27:913509 --4:00] [Thread 37728] extDB2: SQL_CUSTOM_V2: Incorrect Number of Inputs: Expected: 3 Got: 2
[21:35:27:913820 --4:00] [Thread 37728] extDB2: SQL_CUSTOM_V2: Incorrect Number of Inputs: Input String insert_infiSTARLog:A3_EXILE_PROCESSREPORTER:V65 (30-08-2016) [processReporter] Active SQF  ["BIS_fnc_sortNum","x\addons\a3_exile_occupation\scripts\startOccupation.sqf",true,85] @ 81.64
[21:35:27:913836 --4:00] [Thread 37728] extDB2: SQL_CUSTOM_V2: Incorrect Number of Inputs: Expected: 3 Got: 2
[21:35:27:914209 --4:00] [Thread 37728] extDB2: SQL_CUSTOM_V2: Incorrect Number of Inputs: Input String insert_infiSTARLog:A3_EXILE_PROCESSREPORTER:V65 (30-08-2016) [processReporter] Active FSM  ["main.fsm","Wait",-81.64] @ 81.64
[21:35:27:914225 --4:00] [Thread 37728] extDB2: SQL_CUSTOM_V2: Incorrect Number of Inputs: Expected: 3 Got: 2
[21:35:27:933755 --4:00] [Thread 37728] extDB2: SQL_CUSTOM_V2: Incorrect Number of Inputs: Input String insert_infiSTARLog:A3_EXILE_PROCESSREPORTER:V65 (30-08-2016) [processReporter] Active FSM  ["missions","Waiting",-81.64] @ 81.662
[21:35:27:933783 --4:00] [Thread 37728] extDB2: SQL_CUSTOM_V2: Incorrect Number of Inputs: Expected: 3 Got: 2
[21:35:27:934155 --4:00] [Thread 37728] extDB2: SQL_CUSTOM_V2: Incorrect Number of Inputs: Input String insert_infiSTARLog:A3_EXILE_PROCESSREPORTER:V65 (30-08-2016) [processReporter] Ended @ 81.662
[21:35:27:934167 --4:00] [Thread 37728] extDB2: SQL_CUSTOM_V2: Incorrect Number of Inputs: Expected: 3 Got: 2
[21:35:38:181843 --4:00] [Thread 37728] extDB2: SQL_CUSTOM_V2: Incorrect Number of Inputs: Input String insert_infiSTARLog:A3_EXILE_OCCUPATION:V65 (30-08-2016) [OCCUPATION HeliCrashes]  Initialised at 91.91
[21:35:38:181879 --4:00] [Thread 37728] extDB2: SQL_CUSTOM_V2: Incorrect Number of Inputs: Expected: 3 Got: 2
[21:35:38:182182 --4:00] [Thread 37728] extDB2: SQL_CUSTOM_V2: Incorrect Number of Inputs: Input String insert_infiSTARLog:A3_EXILE_OCCUPATION:V65 (30-08-2016) [OCCUPATION HeliCrashes]   worldname  Tanoa crashes to spawn  5
[21:35:38:182208 --4:00] [Thread 37728] extDB2: SQL_CUSTOM_V2: Incorrect Number of Inputs: Expected: 3 Got: 2
[21:35:39:697493 --4:00] [Thread 37728] extDB2: SQL_CUSTOM_V2: Incorrect Number of Inputs: Input String insert_infiSTARLog:A3_EXILE_OCCUPATION:V65 (30-08-2016) [OCCUPATION HeliCrashes] Crash 1   Location [7707.42,8482.86,0]
[21:35:39:697525 --4:00] [Thread 37728] extDB2: SQL_CUSTOM_V2: Incorrect Number of Inputs: Expected: 3 Got: 2
[21:35:41:242787 --4:00] [Thread 37728] extDB2: SQL_CUSTOM_V2: Incorrect Number of Inputs: Input String insert_infiSTARLog:A3_EXILE_OCCUPATION:V65 (30-08-2016) [OCCUPATION HeliCrashes] Crash 2   Location [7816.23,13464.8,0]
[21:35:41:242821 --4:00] [Thread 37728] extDB2: SQL_CUSTOM_V2: Incorrect Number of Inputs: Expected: 3 Got: 2
[21:35:42:955503 --4:00] [Thread 37728] extDB2: SQL_CUSTOM_V2: Incorrect Number of Inputs: Input String insert_infiSTARLog:A3_EXILE_OCCUPATION:V65 (30-08-2016) [OCCUPATION HeliCrashes] Crash 3   Location [9871.74,9459.48,0]
[21:35:42:955537 --4:00] [Thread 37728] extDB2: SQL_CUSTOM_V2: Incorrect Number of Inputs: Expected: 3 Got: 2
[21:35:43:545336 --4:00] [Thread 37728] extDB2: SQL_CUSTOM_V2: Incorrect Number of Inputs: Input String insert_infiSTARLog:A3_EXILE_OCCUPATION:V65 (30-08-2016) [OCCUPATION FastNights]   Current in game time is 15 31 multipler is 4
[21:35:43:545375 --4:00] [Thread 37728] extDB2: SQL_CUSTOM_V2: Incorrect Number of Inputs: Expected: 3 Got: 2
[21:35:44:481494 --4:00] [Thread 37728] extDB2: SQL_CUSTOM_V2: Incorrect Number of Inputs: Input String insert_infiSTARLog:A3_EXILE_OCCUPATION:V65 (30-08-2016) [OCCUPATION HeliCrashes] Crash 4   Location [11242.5,12739.1,0]
[21:35:44:481527 --4:00] [Thread 37728] extDB2: SQL_CUSTOM_V2: Incorrect Number of Inputs: Expected: 3 Got: 2
[21:35:48:444763 --4:00] [Thread 37728] extDB2: SQL_CUSTOM_V2: Incorrect Number of Inputs: Input String insert_infiSTARLog:A3_EXILE_OCCUPATION:V65 (30-08-2016) [OCCUPATION HeliCrashes] Crash 5   Location [6440.26,8452.94,0]
[21:35:48:444796 --4:00] [Thread 37728] extDB2: SQL_CUSTOM_V2: Incorrect Number of Inputs: Expected: 3 Got: 2
[21:35:58:598625 --4:00] [Thread 37728] extDB2: SQL_CUSTOM_V2: Incorrect Number of Inputs: Input String insert_infiSTARLog:A3_EXILE_OCCUPATION:V65 (30-08-2016) [OCCUPATION RandomSpawn]  Starting Occupation Monitor @ 111.936
[21:35:58:598659 --4:00] [Thread 37728] extDB2: SQL_CUSTOM_V2: Incorrect Number of Inputs: Expected: 3 Got: 2
[21:36:28:792479 --4:00] [Thread 37728] extDB2: SQL_CUSTOM_V2: Incorrect Number of Inputs: Input String insert_infiSTARLog:A3_EXILE_PROCESSREPORTER:V65 (30-08-2016) =======================================================================================================
[21:36:28:792519 --4:00] [Thread 37728] extDB2: SQL_CUSTOM_V2: Incorrect Number of Inputs: Expected: 3 Got: 2
[21:36:28:792843 --4:00] [Thread 37728] extDB2: SQL_CUSTOM_V2: Incorrect Number of Inputs: Input String insert_infiSTARLog:A3_EXILE_PROCESSREPORTER:V65 (30-08-2016) [processReporter] Started @ 142.129   [FPS  45.3258|PLAYERS  0|THREADS  3]
[21:36:28:792859 --4:00] [Thread 37728] extDB2: SQL_CUSTOM_V2: Incorrect Number of Inputs: Expected: 3 Got: 2
[21:36:28:793075 --4:00] [Thread 37728] extDB2: SQL_CUSTOM_V2: Incorrect Number of Inputs: Input String insert_infiSTARLog:A3_EXILE_PROCESSREPORTER:V65 (30-08-2016) =======================================================================================================
[21:36:28:793084 --4:00] [Thread 37728] extDB2: SQL_CUSTOM_V2: Incorrect Number of Inputs: Expected: 3 Got: 2
[21:36:28:793347 --4:00] [Thread 37728] extDB2: SQL_CUSTOM_V2: Incorrect Number of Inputs: Input String insert_infiSTARLog:A3_EXILE_PROCESSREPORTER:V65 (30-08-2016) [processReporter] Process Counts  spawn-ed  2 execVM-ed  1 exec-ed  0 execFSM-ed  2
[21:36:28:793417 --4:00] [Thread 37728] extDB2: SQL_CUSTOM_V2: Incorrect Number of Inputs: Expected: 3 Got: 2
[21:36:28:793608 --4:00] [Thread 37728] extDB2: SQL_CUSTOM_V2: Incorrect Number of Inputs: Input String insert_infiSTARLog:A3_EXILE_PROCESSREPORTER:V65 (30-08-2016) [processReporter] Active SQF  ["<spawn>","",true,5126] @ 142.129
[21:36:28:793619 --4:00] [Thread 37728] extDB2: SQL_CUSTOM_V2: Incorrect Number of Inputs: Expected: 3 Got: 2
[21:36:28:793858 --4:00] [Thread 37728] extDB2: SQL_CUSTOM_V2: Incorrect Number of Inputs: Input String insert_infiSTARLog:A3_EXILE_PROCESSREPORTER:V65 (30-08-2016) [processReporter] Active SQF  ["DMS_fnc_HeliParatroopers_Monitor","x\addons\a3_exile_occupation\scripts\extras\processReporter.sqf",true,25] @ 142.129
[21:36:28:793867 --4:00] [Thread 37728] extDB2: SQL_CUSTOM_V2: Incorrect Number of Inputs: Expected: 3 Got: 2
[21:36:28:794107 --4:00] [Thread 37728] extDB2: SQL_CUSTOM_V2: Incorrect Number of Inputs: Input String insert_infiSTARLog:A3_EXILE_PROCESSREPORTER:V65 (30-08-2016) [processReporter] Active SQF  ["BIS_fnc_sortNum","x\addons\a3_exile_occupation\scripts\startOccupation.sqf",true,119] @ 142.129
[21:36:28:794123 --4:00] [Thread 37728] extDB2: SQL_CUSTOM_V2: Incorrect Number of Inputs: Expected: 3 Got: 2
[21:36:28:794356 --4:00] [Thread 37728] extDB2: SQL_CUSTOM_V2: Incorrect Number of Inputs: Input String insert_infiSTARLog:A3_EXILE_PROCESSREPORTER:V65 (30-08-2016) [processReporter] Active FSM  ["main.fsm","Wait",-142.129] @ 142.129
[21:36:28:794365 --4:00] [Thread 37728] extDB2: SQL_CUSTOM_V2: Incorrect Number of Inputs: Expected: 3 Got: 2
[21:36:28:794671 --4:00] [Thread 37728] extDB2: SQL_CUSTOM_V2: Incorrect Number of Inputs: Input String insert_infiSTARLog:A3_EXILE_PROCESSREPORTER:V65 (30-08-2016) [processReporter] Active FSM  ["missions","Waiting",-142.129] @ 142.129
[21:36:28:794682 --4:00] [Thread 37728] extDB2: SQL_CUSTOM_V2: Incorrect Number of Inputs: Expected: 3 Got: 2
[21:36:28:794905 --4:00] [Thread 37728] extDB2: SQL_CUSTOM_V2: Incorrect Number of Inputs: Input String insert_infiSTARLog:A3_EXILE_PROCESSREPORTER:V65 (30-08-2016) [processReporter] Ended @ 142.129
[21:36:28:794914 --4:00] [Thread 37728] extDB2: SQL_CUSTOM_V2: Incorrect Number of Inputs: Expected: 3 Got: 2
[21:36:43:917365 --4:00] [Thread 37728] extDB2: SQL_CUSTOM_V2: Incorrect Number of Inputs: Input String insert_infiSTARLog:A3_EXILE_OCCUPATION:V65 (30-08-2016) [OCCUPATION FastNights]   Current in game time is 15 35 multipler is 4
[21:36:43:917404 --4:00] [Thread 37728] extDB2: SQL_CUSTOM_V2: Incorrect Number of Inputs: Expected: 3 Got: 2
[21:36:48:533994 --4:00] [Thread 37728] extDB2: SQL_CUSTOM_V2: Incorrect Number of Inputs: Input String insert_infiSTARLog:A3_EXILE_OCCUPATION:V65 (30-08-2016) [OCCUPATION transport]  Starting @ 161.869
[21:36:48:534024 --4:00] [Thread 37728] extDB2: SQL_CUSTOM_V2: Incorrect Number of Inputs: Expected: 3 Got: 2
[21:36:48:921891 --4:00] [Thread 37728] extDB2: SQL_CUSTOM_V2: Incorrect Number of Inputs: Input String insert_infiSTARLog:A3_EXILE_OCCUPATION:V65 (30-08-2016) [OCCUPATION transport] Vehicle Exile_Chopper_Orca_BlackCustom spawned @ [7680,7680,200]
[21:36:48:921929 --4:00] [Thread 37728] extDB2: SQL_CUSTOM_V2: Incorrect Number of Inputs: Expected: 3 Got: 2
[21:36:48:922278 --4:00] [Thread 37728] extDB2: SQL_CUSTOM_V2: Incorrect Number of Inputs: Input String insert_infiSTARLog:A3_EXILE_OCCUPATION:V65 (30-08-2016) [OCCUPATION transport]  Found 5 markers to use as pickup points @ 162.255
[21:36:48:922295 --4:00] [Thread 37728] extDB2: SQL_CUSTOM_V2: Incorrect Number of Inputs: Expected: 3 Got: 2
[21:36:48:922520 --4:00] [Thread 37728] extDB2: SQL_CUSTOM_V2: Incorrect Number of Inputs: Input String insert_infiSTARLog:A3_EXILE_OCCUPATION:V65 (30-08-2016) [OCCUPATION transport]  textures for vehicle are  ["a3\air_f_heli\heli_light_02\data\heli_light_02_ext_opfor_v2_co.paa"]
[21:36:48:922536 --4:00] [Thread 37728] extDB2: SQL_CUSTOM_V2: Incorrect Number of Inputs: Expected: 3 Got: 2
[21:36:58:927671 --4:00] [Thread 37728] extDB2: SQL_CUSTOM_V2: Incorrect Number of Inputs: Input String insert_infiSTARLog:A3_EXILE_OCCUPATION:V65 (30-08-2016) [OCCUPATION RandomSpawn]  Starting Occupation Monitor @ 172.262
[21:36:58:927714 --4:00] [Thread 37728] extDB2: SQL_CUSTOM_V2: Incorrect Number of Inputs: Expected: 3 Got: 2
[21:37:03:541294 --4:00] [Thread 37728] extDB2: SQL_CUSTOM_V2: Incorrect Number of Inputs: Input String insert_infiSTARLog:A3_EXILE_OCCUPATION:V65 (30-08-2016) [OCCUPATION]  threads added at 176.855
[21:37:03:541331 --4:00] [Thread 37728] extDB2: SQL_CUSTOM_V2: Incorrect Number of Inputs: Expected: 3 Got: 2
[21:37:29:131438 --4:00] [Thread 37728] extDB2: SQL_CUSTOM_V2: Incorrect Number of Inputs: Input String insert_infiSTARLog:A3_EXILE_PROCESSREPORTER:V65 (30-08-2016) =======================================================================================================
[21:37:29:131477 --4:00] [Thread 37728] extDB2: SQL_CUSTOM_V2: Incorrect Number of Inputs: Expected: 3 Got: 2
[21:37:29:131807 --4:00] [Thread 37728] extDB2: SQL_CUSTOM_V2: Incorrect Number of Inputs: Input String insert_infiSTARLog:A3_EXILE_PROCESSREPORTER:V65 (30-08-2016) [processReporter] Started @ 202.464   [FPS  45.4545|PLAYERS  0|THREADS  3]
[21:37:29:131830 --4:00] [Thread 37728] extDB2: SQL_CUSTOM_V2: Incorrect Number of Inputs: Expected: 3 Got: 2
[21:37:29:132112 --4:00] [Thread 37728] extDB2: SQL_CUSTOM_V2: Incorrect Number of Inputs: Input String insert_infiSTARLog:A3_EXILE_PROCESSREPORTER:V65 (30-08-2016) =======================================================================================================
[21:37:29:132133 --4:00] [Thread 37728] extDB2: SQL_CUSTOM_V2: Incorrect Number of Inputs: Expected: 3 Got: 2
[21:37:29:132457 --4:00] [Thread 37728] extDB2: SQL_CUSTOM_V2: Incorrect Number of Inputs: Input String insert_infiSTARLog:A3_EXILE_PROCESSREPORTER:V65 (30-08-2016) [processReporter] Process Counts  spawn-ed  2 execVM-ed  1 exec-ed  0 execFSM-ed  2
[21:37:29:132481 --4:00] [Thread 37728] extDB2: SQL_CUSTOM_V2: Incorrect Number of Inputs: Expected: 3 Got: 2
[21:37:29:132784 --4:00] [Thread 37728] extDB2: SQL_CUSTOM_V2: Incorrect Number of Inputs: Input String insert_infiSTARLog:A3_EXILE_PROCESSREPORTER:V65 (30-08-2016) [processReporter] Active SQF  ["<spawn>","",true,5126] @ 202.464
[21:37:29:132807 --4:00] [Thread 37728] extDB2: SQL_CUSTOM_V2: Incorrect Number of Inputs: Expected: 3 Got: 2
[21:37:29:133163 --4:00] [Thread 37728] extDB2: SQL_CUSTOM_V2: Incorrect Number of Inputs: Input String insert_infiSTARLog:A3_EXILE_PROCESSREPORTER:V65 (30-08-2016) [processReporter] Active SQF  ["DMS_fnc_HeliParatroopers_Monitor","x\addons\a3_exile_occupation\scripts\extras\processReporter.sqf",true,25] @ 202.464
[21:37:29:133190 --4:00] [Thread 37728] extDB2: SQL_CUSTOM_V2: Incorrect Number of Inputs: Expected: 3 Got: 2
[21:37:29:133416 --4:00] [Thread 37728] extDB2: SQL_CUSTOM_V2: Incorrect Number of Inputs: Input String insert_infiSTARLog:A3_EXILE_PROCESSREPORTER:V65 (30-08-2016) [processReporter] Active SQF  ["BIS_fnc_selectRandom","x\addons\a3_exile_occupation\scripts\occupationTransport.sqf",true,306] @ 202.464
[21:37:29:133432 --4:00] [Thread 37728] extDB2: SQL_CUSTOM_V2: Incorrect Number of Inputs: Expected: 3 Got: 2
[21:37:29:133669 --4:00] [Thread 37728] extDB2: SQL_CUSTOM_V2: Incorrect Number of Inputs: Input String insert_infiSTARLog:A3_EXILE_PROCESSREPORTER:V65 (30-08-2016) [processReporter] Active FSM  ["main.fsm","Wait",-202.464] @ 202.464
[21:37:29:133685 --4:00] [Thread 37728] extDB2: SQL_CUSTOM_V2: Incorrect Number of Inputs: Expected: 3 Got: 2
[21:37:29:133907 --4:00] [Thread 37728] extDB2: SQL_CUSTOM_V2: Incorrect Number of Inputs: Input String insert_infiSTARLog:A3_EXILE_PROCESSREPORTER:V65 (30-08-2016) [processReporter] Active FSM  ["missions","Waiting",-202.464] @ 202.464
[21:37:29:133923 --4:00] [Thread 37728] extDB2: SQL_CUSTOM_V2: Incorrect Number of Inputs: Expected: 3 Got: 2
[21:37:29:134158 --4:00] [Thread 37728] extDB2: SQL_CUSTOM_V2: Incorrect Number of Inputs: Input String insert_infiSTARLog:A3_EXILE_PROCESSREPORTER:V65 (30-08-2016) [processReporter] Ended @ 202.464
[21:37:29:134179 --4:00] [Thread 37728] extDB2: SQL_CUSTOM_V2: Incorrect Number of Inputs: Expected: 3 Got: 2
[21:37:44:254330 --4:00] [Thread 37728] extDB2: SQL_CUSTOM_V2: Incorrect Number of Inputs: Input String insert_infiSTARLog:A3_EXILE_OCCUPATION:V65 (30-08-2016) [OCCUPATION FastNights]   Current in game time is 15 39 multipler is 4
[21:37:44:254367 --4:00] [Thread 37728] extDB2: SQL_CUSTOM_V2: Incorrect Number of Inputs: Expected: 3 Got: 2
[21:37:59:291801 --4:00] [Thread 37728] extDB2: SQL_CUSTOM_V2: Incorrect Number of Inputs: Input String insert_infiSTARLog:A3_EXILE_OCCUPATION:V65 (30-08-2016) [OCCUPATION RandomSpawn]  Starting Occupation Monitor @ 232.623
[21:37:59:291835 --4:00] [Thread 37728] extDB2: SQL_CUSTOM_V2: Incorrect Number of Inputs: Expected: 3 Got: 2
[21:38:29:505563 --4:00] [Thread 37728] extDB2: SQL_CUSTOM_V2: Incorrect Number of Inputs: Input String insert_infiSTARLog:A3_EXILE_PROCESSREPORTER:V65 (30-08-2016) =======================================================================================================
[21:38:29:505605 --4:00] [Thread 37728] extDB2: SQL_CUSTOM_V2: Incorrect Number of Inputs: Expected: 3 Got: 2
[21:38:29:505896 --4:00] [Thread 37728] extDB2: SQL_CUSTOM_V2: Incorrect Number of Inputs: Input String insert_infiSTARLog:A3_EXILE_PROCESSREPORTER:V65 (30-08-2016) [processReporter] Started @ 262.836   [FPS  45.584|PLAYERS  0|THREADS  3]
[21:38:29:505912 --4:00] [Thread 37728] extDB2: SQL_CUSTOM_V2: Incorrect Number of Inputs: Expected: 3 Got: 2
[21:38:29:506128 --4:00] [Thread 37728] extDB2: SQL_CUSTOM_V2: Incorrect Number of Inputs: Input String insert_infiSTARLog:A3_EXILE_PROCESSREPORTER:V65 (30-08-2016) =======================================================================================================
[21:38:29:506137 --4:00] [Thread 37728] extDB2: SQL_CUSTOM_V2: Incorrect Number of Inputs: Expected: 3 Got: 2
[21:38:29:506462 --4:00] [Thread 37728] extDB2: SQL_CUSTOM_V2: Incorrect Number of Inputs: Input String insert_infiSTARLog:A3_EXILE_PROCESSREPORTER:V65 (30-08-2016) [processReporter] Process Counts  spawn-ed  2 execVM-ed  1 exec-ed  0 execFSM-ed  2
[21:38:29:506474 --4:00] [Thread 37728] extDB2: SQL_CUSTOM_V2: Incorrect Number of Inputs: Expected: 3 Got: 2
[21:38:29:506790 --4:00] [Thread 37728] extDB2: SQL_CUSTOM_V2: Incorrect Number of Inputs: Input String insert_infiSTARLog:A3_EXILE_PROCESSREPORTER:V65 (30-08-2016) [processReporter] Active SQF  ["<spawn>","",true,5126] @ 262.836
[21:38:29:506806 --4:00] [Thread 37728] extDB2: SQL_CUSTOM_V2: Incorrect Number of Inputs: Expected: 3 Got: 2
[21:38:29:506993 --4:00] [Thread 37728] extDB2: SQL_CUSTOM_V2: Incorrect Number of Inputs: Input String insert_infiSTARLog:A3_EXILE_PROCESSREPORTER:V65 (30-08-2016) [processReporter] Active SQF  ["DMS_fnc_HeliParatroopers_Monitor","x\addons\a3_exile_occupation\scripts\extras\processReporter.sqf",true,25] @ 262.836
[21:38:29:507002 --4:00] [Thread 37728] extDB2: SQL_CUSTOM_V2: Incorrect Number of Inputs: Expected: 3 Got: 2
[21:38:29:507246 --4:00] [Thread 37728] extDB2: SQL_CUSTOM_V2: Incorrect Number of Inputs: Input String insert_infiSTARLog:A3_EXILE_PROCESSREPORTER:V65 (30-08-2016) [processReporter] Active SQF  ["BIS_fnc_selectRandom","x\addons\a3_exile_occupation\scripts\occupationTransport.sqf",true,306] @ 262.836
[21:38:29:507255 --4:00] [Thread 37728] extDB2: SQL_CUSTOM_V2: Incorrect Number of Inputs: Expected: 3 Got: 2
[21:38:29:507500 --4:00] [Thread 37728] extDB2: SQL_CUSTOM_V2: Incorrect Number of Inputs: Input String insert_infiSTARLog:A3_EXILE_PROCESSREPORTER:V65 (30-08-2016) [processReporter] Active FSM  ["main.fsm","Wait",-262.836] @ 262.836
[21:38:29:507515 --4:00] [Thread 37728] extDB2: SQL_CUSTOM_V2: Incorrect Number of Inputs: Expected: 3 Got: 2
[21:38:29:507796 --4:00] [Thread 37728] extDB2: SQL_CUSTOM_V2: Incorrect Number of Inputs: Input String insert_infiSTARLog:A3_EXILE_PROCESSREPORTER:V65 (30-08-2016) [processReporter] Active FSM  ["missions","Waiting",-262.836] @ 262.836
[21:38:29:507811 --4:00] [Thread 37728] extDB2: SQL_CUSTOM_V2: Incorrect Number of Inputs: Expected: 3 Got: 2
[21:38:29:508029 --4:00] [Thread 37728] extDB2: SQL_CUSTOM_V2: Incorrect Number of Inputs: Input String insert_infiSTARLog:A3_EXILE_PROCESSREPORTER:V65 (30-08-2016) [processReporter] Ended @ 262.836
[21:38:29:508038 --4:00] [Thread 37728] extDB2: SQL_CUSTOM_V2: Incorrect Number of Inputs: Expected: 3 Got: 2
[21:38:44:622088 --4:00] [Thread 37728] extDB2: SQL_CUSTOM_V2: Incorrect Number of Inputs: Input String insert_infiSTARLog:A3_EXILE_OCCUPATION:V65 (30-08-2016) [OCCUPATION FastNights]   Current in game time is 15 43 multipler is 4
[21:38:44:622123 --4:00] [Thread 37728] extDB2: SQL_CUSTOM_V2: Incorrect Number of Inputs: Expected: 3 Got: 2
[21:38:59:662459 --4:00] [Thread 37728] extDB2: SQL_CUSTOM_V2: Incorrect Number of Inputs: Input String insert_infiSTARLog:A3_EXILE_OCCUPATION:V65 (30-08-2016) [OCCUPATION RandomSpawn]  Starting Occupation Monitor @ 292.991
[21:38:59:662497 --4:00] [Thread 37728] extDB2: SQL_CUSTOM_V2: Incorrect Number of Inputs: Expected: 3 Got: 2
[21:39:29:873449 --4:00] [Thread 37728] extDB2: SQL_CUSTOM_V2: Incorrect Number of Inputs: Input String insert_infiSTARLog:A3_EXILE_PROCESSREPORTER:V65 (30-08-2016) =======================================================================================================
[21:39:29:873486 --4:00] [Thread 37728] extDB2: SQL_CUSTOM_V2: Incorrect Number of Inputs: Expected: 3 Got: 2
[21:39:29:895399 --4:00] [Thread 37728] extDB2: SQL_CUSTOM_V2: Incorrect Number of Inputs: Input String insert_infiSTARLog:A3_EXILE_PROCESSREPORTER:V65 (30-08-2016) [processReporter] Started @ 323.222   [FPS  44.9438|PLAYERS  0|THREADS  3]
[21:39:29:895430 --4:00] [Thread 37728] extDB2: SQL_CUSTOM_V2: Incorrect Number of Inputs: Expected: 3 Got: 2
[21:39:29:895696 --4:00] [Thread 37728] extDB2: SQL_CUSTOM_V2: Incorrect Number of Inputs: Input String insert_infiSTARLog:A3_EXILE_PROCESSREPORTER:V65 (30-08-2016) =======================================================================================================
[21:39:29:895715 --4:00] [Thread 37728] extDB2: SQL_CUSTOM_V2: Incorrect Number of Inputs: Expected: 3 Got: 2
[21:39:29:895961 --4:00] [Thread 37728] extDB2: SQL_CUSTOM_V2: Incorrect Number of Inputs: Input String insert_infiSTARLog:A3_EXILE_PROCESSREPORTER:V65 (30-08-2016) [processReporter] Process Counts  spawn-ed  2 execVM-ed  1 exec-ed  0 execFSM-ed  2
[21:39:29:895980 --4:00] [Thread 37728] extDB2: SQL_CUSTOM_V2: Incorrect Number of Inputs: Expected: 3 Got: 2
[21:39:29:896292 --4:00] [Thread 37728] extDB2: SQL_CUSTOM_V2: Incorrect Number of Inputs: Input String insert_infiSTARLog:A3_EXILE_PROCESSREPORTER:V65 (30-08-2016) [processReporter] Active SQF  ["<spawn>","",true,5126] @ 323.222
[21:39:29:896312 --4:00] [Thread 37728] extDB2: SQL_CUSTOM_V2: Incorrect Number of Inputs: Expected: 3 Got: 2
[21:39:29:896570 --4:00] [Thread 37728] extDB2: SQL_CUSTOM_V2: Incorrect Number of Inputs: Input String insert_infiSTARLog:A3_EXILE_PROCESSREPORTER:V65 (30-08-2016) [processReporter] Active SQF  ["DMS_fnc_HeliParatroopers_Monitor","x\addons\a3_exile_occupation\scripts\extras\processReporter.sqf",true,25] @ 323.222
[21:39:29:896585 --4:00] [Thread 37728] extDB2: SQL_CUSTOM_V2: Incorrect Number of Inputs: Expected: 3 Got: 2
[21:39:29:896865 --4:00] [Thread 37728] extDB2: SQL_CUSTOM_V2: Incorrect Number of Inputs: Input String insert_infiSTARLog:A3_EXILE_PROCESSREPORTER:V65 (30-08-2016) [processReporter] Active SQF  ["BIS_fnc_selectRandom","x\addons\a3_exile_occupation\scripts\occupationTransport.sqf",true,302] @ 323.222
[21:39:29:896893 --4:00] [Thread 37728] extDB2: SQL_CUSTOM_V2: Incorrect Number of Inputs: Expected: 3 Got: 2
[21:39:29:897148 --4:00] [Thread 37728] extDB2: SQL_CUSTOM_V2: Incorrect Number of Inputs: Input String insert_infiSTARLog:A3_EXILE_PROCESSREPORTER:V65 (30-08-2016) [processReporter] Active FSM  ["main.fsm","Wait",-323.222] @ 323.222
[21:39:29:897169 --4:00] [Thread 37728] extDB2: SQL_CUSTOM_V2: Incorrect Number of Inputs: Expected: 3 Got: 2
[21:39:29:897558 --4:00] [Thread 37728] extDB2: SQL_CUSTOM_V2: Incorrect Number of Inputs: Input String insert_infiSTARLog:A3_EXILE_PROCESSREPORTER:V65 (30-08-2016) [processReporter] Active FSM  ["missions","Waiting",-323.222] @ 323.222
[21:39:29:897586 --4:00] [Thread 37728] extDB2: SQL_CUSTOM_V2: Incorrect Number of Inputs: Expected: 3 Got: 2
[21:39:29:897861 --4:00] [Thread 37728] extDB2: SQL_CUSTOM_V2: Incorrect Number of Inputs: Input String insert_infiSTARLog:A3_EXILE_PROCESSREPORTER:V65 (30-08-2016) [processReporter] Ended @ 323.222
[21:39:29:897884 --4:00] [Thread 37728] extDB2: SQL_CUSTOM_V2: Incorrect Number of Inputs: Expected: 3 Got: 2
[21:39:44:486508 --4:00] [Thread 32456] extDB2: Stopping ...
