extDB2: Version: 70
extDB2: https://github.com/Torndeco/extDB2
extDB2: Windows Version
Message: All development for extDB2 is done on a Linux Dedicated Server
Message: If you would like to Donate to extDB2 Development
Message: https://www.paypal.com/cgi-bin/webscr?cmd=_s-xclick&hosted_button_id=2SUEFTGABTAM2
Message: Also leave a message if there is any particular feature you would like to see added.
Message: Thanks for all the people that have donated.
Message: Torndeco: 20/02/15


extDB2: Found extdb-conf.ini
extDB2: Detected 24 Cores, Setting up 6 Worker Threads


[14:58:46:876143 --4:00] [Thread 30128] extDB2: Database Type: MySQL
[14:58:46:880167 --4:00] [Thread 30128] extDB2: Database Session Pool Started
[14:58:46:881863 --4:00] [Thread 30128] extDB2: SQL_CUSTOM_V2: Loading Template Filename: C:\Arma 3 Servers\exileserver1\@ExileServer\extDB\sql_custom_v2\exile.ini
[14:58:46:882009 --4:00] [Thread 30128] extDB2: SQL_CUSTOM_V2: Version 12 Detected, Latest Version 12 Available
[14:58:47:324238 --4:00] [Thread 29176] extDB2: SQL_CUSTOM_V2: Incorrect Number of Inputs: Input String insert_infiSTARLog:CONNECTLOG:infiSTAR_PlayerConnected_id  0
[14:58:47:324268 --4:00] [Thread 29176] extDB2: SQL_CUSTOM_V2: Incorrect Number of Inputs: Expected: 3 Got: 2
[14:58:47:324288 --4:00] [Thread 21212] extDB2: SQL_CUSTOM_V2: Incorrect Number of Inputs: Input String insert_infiSTARLog:CONNECTLOG:infiSTAR_PlayerDisconnected_id  0
[14:58:47:324308 --4:00] [Thread 21212] extDB2: SQL_CUSTOM_V2: Incorrect Number of Inputs: Expected: 3 Got: 2
[14:58:47:324866 --4:00] [Thread 21212] extDB2: SQL_CUSTOM_V2: Incorrect Number of Inputs: Input String insert_infiSTARLog:SERVER_INFO:[SERVER START] TIME  0 || EMAIL  justinbowers@live.com || VERSION  09-Jan-2017 02-25-58 - v0070 || Local Server Time  [2017,3,25,14,58]
[14:58:47:324883 --4:00] [Thread 21212] extDB2: SQL_CUSTOM_V2: Incorrect Number of Inputs: Expected: 3 Got: 2
[14:58:47:400022 --4:00] [Thread 29176] extDB2: SQL_CUSTOM_V2: Incorrect Number of Inputs: Input String insert_infiSTARLog:CONNECTLOG:#0 Connected  __SERVER__( - 2)
[14:58:47:400052 --4:00] [Thread 29176] extDB2: SQL_CUSTOM_V2: Incorrect Number of Inputs: Expected: 3 Got: 2
[14:59:06:596613 --4:00] [Thread 29176] extDB2: SQL_CUSTOM_V2: Incorrect Number of Inputs: Input String insert_infiSTARLog:A3_EXILE_OCCUPATION:V65 (30-08-2016) =============================================================================================================
[14:59:06:596651 --4:00] [Thread 29176] extDB2: SQL_CUSTOM_V2: Incorrect Number of Inputs: Expected: 3 Got: 2
[14:59:06:596709 --4:00] [Thread 31596] extDB2: SQL_CUSTOM_V2: Incorrect Number of Inputs: Input String insert_infiSTARLog:A3_EXILE_OCCUPATION:V65 (30-08-2016) [OCCUPATION MOD]  Occupation V65 (30-08-2016) Initialised at 18.559
[14:59:06:596728 --4:00] [Thread 31596] extDB2: SQL_CUSTOM_V2: Incorrect Number of Inputs: Expected: 3 Got: 2
[14:59:06:596766 --4:00] [Thread 31596] extDB2: SQL_CUSTOM_V2: Incorrect Number of Inputs: Input String insert_infiSTARLog:A3_EXILE_OCCUPATION:V65 (30-08-2016) =============================================================================================================
[14:59:06:596781 --4:00] [Thread 31596] extDB2: SQL_CUSTOM_V2: Incorrect Number of Inputs: Expected: 3 Got: 2
[14:59:06:641569 --4:00] [Thread 31596] extDB2: SQL_CUSTOM_V2: Incorrect Number of Inputs: Input String insert_infiSTARLog:A3_EXILE_OCCUPATION:V65 (30-08-2016) [OCCUPATION Traders] starting @ 18.604
[14:59:06:641600 --4:00] [Thread 31596] extDB2: SQL_CUSTOM_V2: Incorrect Number of Inputs: Expected: 3 Got: 2
[14:59:06:641720 --4:00] [Thread 31596] extDB2: SQL_CUSTOM_V2: Incorrect Number of Inputs: Input String insert_infiSTARLog:A3_EXILE_OCCUPATION:V65 (30-08-2016) [processReporter]  Initialised at 18.604
[14:59:06:641736 --4:00] [Thread 31596] extDB2: SQL_CUSTOM_V2: Incorrect Number of Inputs: Expected: 3 Got: 2
[14:59:06:642373 --4:00] [Thread 31596] extDB2: SQL_CUSTOM_V2: Incorrect Number of Inputs: Input String insert_infiSTARLog:A3_EXILE_OCCUPATION:V65 (30-08-2016) [OCCUPATION]  Detected DMS version September 5, 2016
[14:59:06:642443 --4:00] [Thread 31596] extDB2: SQL_CUSTOM_V2: Incorrect Number of Inputs: Expected: 3 Got: 2
[14:59:06:642514 --4:00] [Thread 29176] extDB2: SQL_CUSTOM_V2: Incorrect Number of Inputs: Input String insert_infiSTARLog:A3_EXILE_OCCUPATION:V65 (30-08-2016) [OCCUPATION]  Occupation V65 (30-08-2016) Adding modules to Exile system thread manager at 18.604
[14:59:06:642535 --4:00] [Thread 29176] extDB2: SQL_CUSTOM_V2: Incorrect Number of Inputs: Expected: 3 Got: 2
[14:59:13:007688 --4:00] [Thread 31596] extDB2: SQL_CUSTOM_V2: Incorrect Number of Inputs: Input String insert_infiSTARLog:CONNECTLOG:#0 Connected  Mr. Sage(76561198108041726 - 3)
[14:59:13:007726 --4:00] [Thread 31596] extDB2: SQL_CUSTOM_V2: Incorrect Number of Inputs: Expected: 3 Got: 2
[14:59:13:008060 --4:00] [Thread 31596] extDB2: SQL_CUSTOM_V2: Incorrect Number of Inputs: Input String insert_infiSTARLog:TOKENLOG:TOKEN [xpbiqnw097a8pt3l] FOR Mr. Sage(76561198108041726) OWNER ID  3
[14:59:13:008077 --4:00] [Thread 31596] extDB2: SQL_CUSTOM_V2: Incorrect Number of Inputs: Expected: 3 Got: 2
[14:59:35:572730 --4:00] [Thread 29176] extDB2: SQL_CUSTOM_V2: Incorrect Number of Inputs: Input String insert_infiSTARLog:netids:Mr. Sage(76561198108041726) - R Alpha 1-2 1 (Mr. Sage) REMOTE, Exile_Unit_Player - 2 1300 - 3
[14:59:35:572769 --4:00] [Thread 29176] extDB2: SQL_CUSTOM_V2: Incorrect Number of Inputs: Expected: 3 Got: 2
[14:59:51:820442 --4:00] [Thread 29176] extDB2: SQL_CUSTOM_V2: Incorrect Number of Inputs: Input String insert_infiSTARLog:A3_EXILE_OCCUPATION:V65 (30-08-2016) [OCCUPATION LootCrates]  Starting Occupation Loot Crates
[14:59:51:820477 --4:00] [Thread 29176] extDB2: SQL_CUSTOM_V2: Incorrect Number of Inputs: Expected: 3 Got: 2
[14:59:51:820587 --4:00] [Thread 29176] extDB2: SQL_CUSTOM_V2: Incorrect Number of Inputs: Input String insert_infiSTARLog:A3_EXILE_OCCUPATION:V65 (30-08-2016) [OCCUPATION LootCrates]  worldname  Tanoa crates to spawn  6
[14:59:51:820607 --4:00] [Thread 29176] extDB2: SQL_CUSTOM_V2: Incorrect Number of Inputs: Expected: 3 Got: 2
[14:59:53:617560 --4:00] [Thread 29176] extDB2: SQL_CUSTOM_V2: Incorrect Number of Inputs: Input String insert_infiSTARLog:A3_EXILE_OCCUPATION:V65 (30-08-2016) [OCCUPATION LootCrates]   Creating crate 1 at drop zone [8332.78,7236.66,0] with 1 guards
[14:59:53:617596 --4:00] [Thread 29176] extDB2: SQL_CUSTOM_V2: Incorrect Number of Inputs: Expected: 3 Got: 2
[14:59:55:406051 --4:00] [Thread 29176] extDB2: SQL_CUSTOM_V2: Incorrect Number of Inputs: Input String insert_infiSTARLog:A3_EXILE_OCCUPATION:V65 (30-08-2016) [OCCUPATION LootCrates]   Creating crate 2 at drop zone [7317.61,7373.48,0] with 1 guards
[14:59:55:406082 --4:00] [Thread 29176] extDB2: SQL_CUSTOM_V2: Incorrect Number of Inputs: Expected: 3 Got: 2
[14:59:57:145339 --4:00] [Thread 29176] extDB2: SQL_CUSTOM_V2: Incorrect Number of Inputs: Input String insert_infiSTARLog:A3_EXILE_OCCUPATION:V65 (30-08-2016) [OCCUPATION LootCrates]   Creating crate 3 at drop zone [5786.04,9071.38,0] with 1 guards
[14:59:57:145377 --4:00] [Thread 29176] extDB2: SQL_CUSTOM_V2: Incorrect Number of Inputs: Expected: 3 Got: 2
[15:00:00:130318 --4:00] [Thread 29176] extDB2: SQL_CUSTOM_V2: Incorrect Number of Inputs: Input String insert_infiSTARLog:A3_EXILE_OCCUPATION:V65 (30-08-2016) [OCCUPATION LootCrates]   Creating crate 4 at drop zone [8951.56,8132.88,0] with 1 guards
[15:00:00:130344 --4:00] [Thread 29176] extDB2: SQL_CUSTOM_V2: Incorrect Number of Inputs: Expected: 3 Got: 2
[15:00:01:723194 --4:00] [Thread 29176] extDB2: SQL_CUSTOM_V2: Incorrect Number of Inputs: Input String insert_infiSTARLog:A3_EXILE_OCCUPATION:V65 (30-08-2016) [OCCUPATION LootCrates]   Creating crate 5 at drop zone [10430.2,2916.81,0] with 1 guards
[15:00:01:723228 --4:00] [Thread 29176] extDB2: SQL_CUSTOM_V2: Incorrect Number of Inputs: Expected: 3 Got: 2
[15:00:03:376244 --4:00] [Thread 29176] extDB2: SQL_CUSTOM_V2: Incorrect Number of Inputs: Input String insert_infiSTARLog:A3_EXILE_OCCUPATION:V65 (30-08-2016) [OCCUPATION LootCrates]   Creating crate 6 at drop zone [4828.71,4086.29,0] with 2 guards
[15:00:03:376341 --4:00] [Thread 29176] extDB2: SQL_CUSTOM_V2: Incorrect Number of Inputs: Expected: 3 Got: 2
[15:00:09:754257 --4:00] [Thread 29176] extDB2: SQL_CUSTOM_V2: Incorrect Number of Inputs: Input String insert_infiSTARLog:A3_EXILE_PROCESSREPORTER:V65 (30-08-2016) =======================================================================================================
[15:00:09:754294 --4:00] [Thread 29176] extDB2: SQL_CUSTOM_V2: Incorrect Number of Inputs: Expected: 3 Got: 2
[15:00:09:754372 --4:00] [Thread 29176] extDB2: SQL_CUSTOM_V2: Incorrect Number of Inputs: Input String insert_infiSTARLog:A3_EXILE_PROCESSREPORTER:V65 (30-08-2016) [processReporter] Started @ 81.341   [FPS  45.584|PLAYERS  1|THREADS  3]
[15:00:09:754389 --4:00] [Thread 29176] extDB2: SQL_CUSTOM_V2: Incorrect Number of Inputs: Expected: 3 Got: 2
[15:00:09:754466 --4:00] [Thread 29176] extDB2: SQL_CUSTOM_V2: Incorrect Number of Inputs: Input String insert_infiSTARLog:A3_EXILE_PROCESSREPORTER:V65 (30-08-2016) =======================================================================================================
[15:00:09:754482 --4:00] [Thread 29176] extDB2: SQL_CUSTOM_V2: Incorrect Number of Inputs: Expected: 3 Got: 2
[15:00:09:754656 --4:00] [Thread 29176] extDB2: SQL_CUSTOM_V2: Incorrect Number of Inputs: Input String insert_infiSTARLog:A3_EXILE_PROCESSREPORTER:V65 (30-08-2016) [processReporter] Process Counts  spawn-ed  2 execVM-ed  1 exec-ed  0 execFSM-ed  2
[15:00:09:754677 --4:00] [Thread 29176] extDB2: SQL_CUSTOM_V2: Incorrect Number of Inputs: Expected: 3 Got: 2
[15:00:09:754789 --4:00] [Thread 29176] extDB2: SQL_CUSTOM_V2: Incorrect Number of Inputs: Input String insert_infiSTARLog:A3_EXILE_PROCESSREPORTER:V65 (30-08-2016) [processReporter] Active SQF  ["<spawn>","",true,5126] @ 81.341
[15:00:09:754806 --4:00] [Thread 29176] extDB2: SQL_CUSTOM_V2: Incorrect Number of Inputs: Expected: 3 Got: 2
[15:00:09:754906 --4:00] [Thread 29176] extDB2: SQL_CUSTOM_V2: Incorrect Number of Inputs: Input String insert_infiSTARLog:A3_EXILE_PROCESSREPORTER:V65 (30-08-2016) [processReporter] Active SQF  ["DMS_fnc_HeliParatroopers_Monitor","x\addons\a3_exile_occupation\scripts\extras\processReporter.sqf",true,25] @ 81.341
[15:00:09:754922 --4:00] [Thread 29176] extDB2: SQL_CUSTOM_V2: Incorrect Number of Inputs: Expected: 3 Got: 2
[15:00:09:755029 --4:00] [Thread 29176] extDB2: SQL_CUSTOM_V2: Incorrect Number of Inputs: Input String insert_infiSTARLog:A3_EXILE_PROCESSREPORTER:V65 (30-08-2016) [processReporter] Active SQF  ["BIS_fnc_sortNum","x\addons\a3_exile_occupation\scripts\startOccupation.sqf",true,85] @ 81.341
[15:00:09:755045 --4:00] [Thread 29176] extDB2: SQL_CUSTOM_V2: Incorrect Number of Inputs: Expected: 3 Got: 2
[15:00:09:755137 --4:00] [Thread 29176] extDB2: SQL_CUSTOM_V2: Incorrect Number of Inputs: Input String insert_infiSTARLog:A3_EXILE_PROCESSREPORTER:V65 (30-08-2016) [processReporter] Active FSM  ["main.fsm","Wait",-81.341] @ 81.341
[15:00:09:755153 --4:00] [Thread 29176] extDB2: SQL_CUSTOM_V2: Incorrect Number of Inputs: Expected: 3 Got: 2
[15:00:09:755248 --4:00] [Thread 29176] extDB2: SQL_CUSTOM_V2: Incorrect Number of Inputs: Input String insert_infiSTARLog:A3_EXILE_PROCESSREPORTER:V65 (30-08-2016) [processReporter] Active FSM  ["missions","Waiting",-81.341] @ 81.341
[15:00:09:755271 --4:00] [Thread 29176] extDB2: SQL_CUSTOM_V2: Incorrect Number of Inputs: Expected: 3 Got: 2
[15:00:09:755315 --4:00] [Thread 29176] extDB2: SQL_CUSTOM_V2: Incorrect Number of Inputs: Input String insert_infiSTARLog:A3_EXILE_PROCESSREPORTER:V65 (30-08-2016) [processReporter] Ended @ 81.341
[15:00:09:755331 --4:00] [Thread 29176] extDB2: SQL_CUSTOM_V2: Incorrect Number of Inputs: Expected: 3 Got: 2
[15:00:18:408058 --4:00] [Thread 29176] extDB2: SQL_CUSTOM_V2: Incorrect Number of Inputs: Input String insert_infiSTARLog:A3_EXILE_OCCUPATION:V65 (30-08-2016) [OCCUPATION HeliCrashes]  Initialised at 89.994
[15:00:18:408097 --4:00] [Thread 29176] extDB2: SQL_CUSTOM_V2: Incorrect Number of Inputs: Expected: 3 Got: 2
[15:00:18:408124 --4:00] [Thread 29176] extDB2: SQL_CUSTOM_V2: Incorrect Number of Inputs: Input String insert_infiSTARLog:A3_EXILE_OCCUPATION:V65 (30-08-2016) [OCCUPATION HeliCrashes]   worldname  Tanoa crashes to spawn  5
[15:00:18:408137 --4:00] [Thread 29176] extDB2: SQL_CUSTOM_V2: Incorrect Number of Inputs: Expected: 3 Got: 2
[15:00:20:806059 --4:00] [Thread 29176] extDB2: SQL_CUSTOM_V2: Incorrect Number of Inputs: Input String insert_infiSTARLog:SURVEILLANCELOG:Mr. Sage(76561198108041726) | Player Clientside AntiHack not loaded or stopped! Exile_Unit_Player  @076074 [7646.81,7480.84,0.0014267] | 0h 1min 32s
[15:00:20:806093 --4:00] [Thread 29176] extDB2: SQL_CUSTOM_V2: Incorrect Number of Inputs: Expected: 3 Got: 2
[15:00:20:983349 --4:00] [Thread 29176] extDB2: SQL_CUSTOM_V2: Incorrect Number of Inputs: Input String insert_infiSTARLog:A3_EXILE_OCCUPATION:V65 (30-08-2016) [OCCUPATION HeliCrashes] Crash 1   Location [8258.82,7935.86,0]
[15:00:20:983380 --4:00] [Thread 29176] extDB2: SQL_CUSTOM_V2: Incorrect Number of Inputs: Expected: 3 Got: 2
[15:00:25:127738 --4:00] [Thread 29176] extDB2: SQL_CUSTOM_V2: Incorrect Number of Inputs: Input String insert_infiSTARLog:A3_EXILE_OCCUPATION:V65 (30-08-2016) [OCCUPATION FastNights]   Current in game time is 15 31 multipler is 4
[15:00:25:127777 --4:00] [Thread 29176] extDB2: SQL_CUSTOM_V2: Incorrect Number of Inputs: Expected: 3 Got: 2
[15:00:25:711525 --4:00] [Thread 29176] extDB2: SQL_CUSTOM_V2: Incorrect Number of Inputs: Input String insert_infiSTARLog:A3_EXILE_OCCUPATION:V65 (30-08-2016) [OCCUPATION HeliCrashes] Crash 2   Location [13930.9,11628.2,0]
[15:00:25:711559 --4:00] [Thread 29176] extDB2: SQL_CUSTOM_V2: Incorrect Number of Inputs: Expected: 3 Got: 2
[15:00:28:529566 --4:00] [Thread 29176] extDB2: SQL_CUSTOM_V2: Incorrect Number of Inputs: Input String insert_infiSTARLog:A3_EXILE_OCCUPATION:V65 (30-08-2016) [OCCUPATION HeliCrashes] Crash 3   Location [2232.97,7717.73,0]
[15:00:28:529600 --4:00] [Thread 29176] extDB2: SQL_CUSTOM_V2: Incorrect Number of Inputs: Expected: 3 Got: 2
[15:00:29:920058 --4:00] [Thread 29176] extDB2: SQL_CUSTOM_V2: Incorrect Number of Inputs: Input String insert_infiSTARLog:A3_EXILE_OCCUPATION:V65 (30-08-2016) [OCCUPATION HeliCrashes] Crash 4   Location [6865.29,8062.77,0]
[15:00:29:920090 --4:00] [Thread 29176] extDB2: SQL_CUSTOM_V2: Incorrect Number of Inputs: Expected: 3 Got: 2
[15:00:31:433050 --4:00] [Thread 29176] extDB2: SQL_CUSTOM_V2: Incorrect Number of Inputs: Input String insert_infiSTARLog:A3_EXILE_OCCUPATION:V65 (30-08-2016) [OCCUPATION HeliCrashes] Crash 5   Location [9745.73,12088,0]
[15:00:31:433089 --4:00] [Thread 29176] extDB2: SQL_CUSTOM_V2: Incorrect Number of Inputs: Expected: 3 Got: 2
[15:00:40:446812 --4:00] [Thread 29176] extDB2: SQL_CUSTOM_V2: Incorrect Number of Inputs: Input String insert_infiSTARLog:A3_EXILE_OCCUPATION:V65 (30-08-2016) [OCCUPATION RandomSpawn]  Starting Occupation Monitor @ 111.318
[15:00:40:446846 --4:00] [Thread 29176] extDB2: SQL_CUSTOM_V2: Incorrect Number of Inputs: Expected: 3 Got: 2
[15:01:09:266662 --4:00] [Thread 29176] extDB2: SQL_CUSTOM_V2: Incorrect Number of Inputs: Input String insert_infiSTARLog:SURVEILLANCELOG:Mr. Sage(76561198108041726) | Player Clientside AntiHack not loaded or stopped! Exile_Unit_Player  @076074 [7649.95,7477.15,0.00144672] | 0h 2min 20s
[15:01:09:266699 --4:00] [Thread 29176] extDB2: SQL_CUSTOM_V2: Incorrect Number of Inputs: Expected: 3 Got: 2
[15:01:10:673998 --4:00] [Thread 29176] extDB2: SQL_CUSTOM_V2: Incorrect Number of Inputs: Input String insert_infiSTARLog:A3_EXILE_PROCESSREPORTER:V65 (30-08-2016) =======================================================================================================
[15:01:10:674040 --4:00] [Thread 29176] extDB2: SQL_CUSTOM_V2: Incorrect Number of Inputs: Expected: 3 Got: 2
[15:01:10:674115 --4:00] [Thread 29176] extDB2: SQL_CUSTOM_V2: Incorrect Number of Inputs: Input String insert_infiSTARLog:A3_EXILE_PROCESSREPORTER:V65 (30-08-2016) [processReporter] Started @ 141.543   [FPS  45.0704|PLAYERS  1|THREADS  3]
[15:01:10:674191 --4:00] [Thread 29176] extDB2: SQL_CUSTOM_V2: Incorrect Number of Inputs: Expected: 3 Got: 2
[15:01:10:674250 --4:00] [Thread 31596] extDB2: SQL_CUSTOM_V2: Incorrect Number of Inputs: Input String insert_infiSTARLog:A3_EXILE_PROCESSREPORTER:V65 (30-08-2016) =======================================================================================================
[15:01:10:674270 --4:00] [Thread 31596] extDB2: SQL_CUSTOM_V2: Incorrect Number of Inputs: Expected: 3 Got: 2
[15:01:10:674372 --4:00] [Thread 31596] extDB2: SQL_CUSTOM_V2: Incorrect Number of Inputs: Input String insert_infiSTARLog:A3_EXILE_PROCESSREPORTER:V65 (30-08-2016) [processReporter] Process Counts  spawn-ed  2 execVM-ed  1 exec-ed  0 execFSM-ed  2
[15:01:10:674387 --4:00] [Thread 31596] extDB2: SQL_CUSTOM_V2: Incorrect Number of Inputs: Expected: 3 Got: 2
[15:01:10:674487 --4:00] [Thread 31596] extDB2: SQL_CUSTOM_V2: Incorrect Number of Inputs: Input String insert_infiSTARLog:A3_EXILE_PROCESSREPORTER:V65 (30-08-2016) [processReporter] Active SQF  ["<spawn>","",true,5126] @ 141.543
[15:01:10:674502 --4:00] [Thread 31596] extDB2: SQL_CUSTOM_V2: Incorrect Number of Inputs: Expected: 3 Got: 2
[15:01:10:674612 --4:00] [Thread 31596] extDB2: SQL_CUSTOM_V2: Incorrect Number of Inputs: Input String insert_infiSTARLog:A3_EXILE_PROCESSREPORTER:V65 (30-08-2016) [processReporter] Active SQF  ["DMS_fnc_HeliParatroopers_Monitor","x\addons\a3_exile_occupation\scripts\extras\processReporter.sqf",true,25] @ 141.543
[15:01:10:674628 --4:00] [Thread 31596] extDB2: SQL_CUSTOM_V2: Incorrect Number of Inputs: Expected: 3 Got: 2
[15:01:10:674719 --4:00] [Thread 31596] extDB2: SQL_CUSTOM_V2: Incorrect Number of Inputs: Input String insert_infiSTARLog:A3_EXILE_PROCESSREPORTER:V65 (30-08-2016) [processReporter] Active SQF  ["BIS_fnc_sortNum","x\addons\a3_exile_occupation\scripts\startOccupation.sqf",true,119] @ 141.543
[15:01:10:674735 --4:00] [Thread 31596] extDB2: SQL_CUSTOM_V2: Incorrect Number of Inputs: Expected: 3 Got: 2
[15:01:10:674825 --4:00] [Thread 31596] extDB2: SQL_CUSTOM_V2: Incorrect Number of Inputs: Input String insert_infiSTARLog:A3_EXILE_PROCESSREPORTER:V65 (30-08-2016) [processReporter] Active FSM  ["main.fsm","Wait",-141.543] @ 141.543
[15:01:10:674840 --4:00] [Thread 31596] extDB2: SQL_CUSTOM_V2: Incorrect Number of Inputs: Expected: 3 Got: 2
[15:01:10:674890 --4:00] [Thread 31596] extDB2: SQL_CUSTOM_V2: Incorrect Number of Inputs: Input String insert_infiSTARLog:A3_EXILE_PROCESSREPORTER:V65 (30-08-2016) [processReporter] Active FSM  ["missions","Waiting",-141.543] @ 141.543
[15:01:10:674902 --4:00] [Thread 31596] extDB2: SQL_CUSTOM_V2: Incorrect Number of Inputs: Expected: 3 Got: 2
[15:01:10:675020 --4:00] [Thread 31596] extDB2: SQL_CUSTOM_V2: Incorrect Number of Inputs: Input String insert_infiSTARLog:A3_EXILE_PROCESSREPORTER:V65 (30-08-2016) [processReporter] Ended @ 141.543
[15:01:10:675029 --4:00] [Thread 31596] extDB2: SQL_CUSTOM_V2: Incorrect Number of Inputs: Expected: 3 Got: 2
[15:01:18:916981 --4:00] [Thread 30128] extDB2: Stopping ...
