
extDB3: https://bitbucket.org/torndeco/extdb3/wiki/Home
extDB3: Version: 1.028
extDB3: Windows Version
Message: All development for extDB3 is done on a Linux Dedicated Server
Message: If you would like to Donate to extDB3 Development
Message: https://www.paypal.com/cgi-bin/webscr?cmd=_s-xclick&hosted_button_id=2SUEFTGABTAM2
Message: Also leave a message if there is any particular feature you would like to see added.
Message: Thanks for all the people that have donated.
Message: Torndeco: 18/05/15


extDB3: Found extdb3-conf.ini
extDB3: Detected 24 Cores, Setting up 6 Worker Threads
extDB3: ...
extDB3: ...
extDB3: ...
extDB3: ...
extDB3: ...
extDB3: ...


[17:14:25:766509 -04:00] [Thread 10984] extDB3: Locked
[17:14:26:051510 -04:00] [Thread 60444] extDB3: SQL_CUSTOM: Error No Custom Call Not Found: Input String insert_infiSTARLog:CONNECTLOG:infiSTAR_PlayerConnected_id  1
[17:14:26:051557 -04:00] [Thread 60444] extDB3: SQL_CUSTOM: Error No Custom Call Not Found: Callname insert_infiSTARLog
[17:14:26:051715 -04:00] [Thread 60444] extDB3: SQL_CUSTOM: Error No Custom Call Not Found: Input String insert_infiSTARLog:CONNECTLOG:infiSTAR_PlayerDisconnected_id  0
[17:14:26:051737 -04:00] [Thread 60444] extDB3: SQL_CUSTOM: Error No Custom Call Not Found: Callname insert_infiSTARLog
[17:14:26:052556 -04:00] [Thread 60444] extDB3: SQL_CUSTOM: Error No Custom Call Not Found: Input String insert_infiSTARLog:SERVER_INFO:[SERVER START] TIME  0 || EMAIL  justinbowers@live.com || VERSION  09-Jan-2017 02-25-58 - v0070 || Local Server Time  any
[17:14:26:052579 -04:00] [Thread 60444] extDB3: SQL_CUSTOM: Error No Custom Call Not Found: Callname insert_infiSTARLog
[17:14:26:546323 -04:00] [Thread 78484] extDB3: SQL_CUSTOM: Error No Custom Call Not Found: Input String insert_infiSTARLog:CONNECTLOG:#0 Connected  __SERVER__( - 2)
[17:14:26:546372 -04:00] [Thread 78484] extDB3: SQL_CUSTOM: Error No Custom Call Not Found: Callname insert_infiSTARLog
[17:14:26:837382 -04:00] [Thread 10984] extDB3: SQL_CUSTOM: Error No Custom Call Not Found: Input String loadTerritoryVehicles:3
[17:14:26:837409 -04:00] [Thread 10984] extDB3: SQL_CUSTOM: Error No Custom Call Not Found: Callname loadTerritoryVehicles
[17:17:43:648640 -04:00] [Thread 78484] extDB3: SQL_CUSTOM: Error No Custom Call Not Found: Input String insert_infiSTARLog:A3_EXILE_OCCUPATION:V65 (30-08-2016) =============================================================================================================
[17:17:43:648700 -04:00] [Thread 78484] extDB3: SQL_CUSTOM: Error No Custom Call Not Found: Callname insert_infiSTARLog
[17:17:43:648958 -04:00] [Thread 78484] extDB3: SQL_CUSTOM: Error No Custom Call Not Found: Input String insert_infiSTARLog:A3_EXILE_OCCUPATION:V65 (30-08-2016) [OCCUPATION MOD]  Occupation V65 (30-08-2016) Initialised at 181.209
[17:17:43:648980 -04:00] [Thread 78484] extDB3: SQL_CUSTOM: Error No Custom Call Not Found: Callname insert_infiSTARLog
[17:17:43:649253 -04:00] [Thread 78484] extDB3: SQL_CUSTOM: Error No Custom Call Not Found: Input String insert_infiSTARLog:A3_EXILE_OCCUPATION:V65 (30-08-2016) =============================================================================================================
[17:17:43:649291 -04:00] [Thread 78484] extDB3: SQL_CUSTOM: Error No Custom Call Not Found: Callname insert_infiSTARLog
[17:17:43:669889 -04:00] [Thread 78484] extDB3: SQL_CUSTOM: Error No Custom Call Not Found: Input String insert_infiSTARLog:A3_EXILE_OCCUPATION:V65 (30-08-2016) [OCCUPATION Traders] starting @ 181.23
[17:17:43:669925 -04:00] [Thread 78484] extDB3: SQL_CUSTOM: Error No Custom Call Not Found: Callname insert_infiSTARLog
[17:17:43:670213 -04:00] [Thread 78484] extDB3: SQL_CUSTOM: Error No Custom Call Not Found: Input String insert_infiSTARLog:A3_EXILE_OCCUPATION:V65 (30-08-2016) [processReporter]  Initialised at 181.23
[17:17:43:670231 -04:00] [Thread 78484] extDB3: SQL_CUSTOM: Error No Custom Call Not Found: Callname insert_infiSTARLog
[17:17:43:670951 -04:00] [Thread 78484] extDB3: SQL_CUSTOM: Error No Custom Call Not Found: Input String insert_infiSTARLog:A3_EXILE_OCCUPATION:V65 (30-08-2016) [OCCUPATION]  Detected DMS version September 5, 2016
[17:17:43:671006 -04:00] [Thread 78484] extDB3: SQL_CUSTOM: Error No Custom Call Not Found: Callname insert_infiSTARLog
[17:17:43:671198 -04:00] [Thread 78484] extDB3: SQL_CUSTOM: Error No Custom Call Not Found: Input String insert_infiSTARLog:A3_EXILE_OCCUPATION:V65 (30-08-2016) [OCCUPATION]  Occupation V65 (30-08-2016) Adding modules to Exile system thread manager at 181.23
[17:17:43:671212 -04:00] [Thread 78484] extDB3: SQL_CUSTOM: Error No Custom Call Not Found: Callname insert_infiSTARLog
[17:17:59:605821 -04:00] [Thread 65280] extDB3: SQL_CUSTOM: Error No Custom Call Not Found: Input String insert_infiSTARLog:CONNECTLOG:#0 Connected  Mr. Sage(76561198108041726 - 3)
[17:17:59:605866 -04:00] [Thread 65280] extDB3: SQL_CUSTOM: Error No Custom Call Not Found: Callname insert_infiSTARLog
[17:17:59:606607 -04:00] [Thread 65280] extDB3: SQL_CUSTOM: Error No Custom Call Not Found: Input String insert_infiSTARLog:TOKENLOG:TOKEN [xmecmnby48vzbd0jp] FOR Mr. Sage(76561198108041726) OWNER ID  3
[17:17:59:606636 -04:00] [Thread 65280] extDB3: SQL_CUSTOM: Error No Custom Call Not Found: Callname insert_infiSTARLog
[17:18:03:428241 -04:00] [Thread 78484] extDB3: SQL_CUSTOM: Error No Custom Call Not Found: Input String insert_infiSTARLog:CONNECTLOG:#1 Connected  Mr. Sage(76561198108041726 - 3) SteamName  Mr. Sage   [UpTime  0h 3min 21s - ServerFPS  32.0641]
[17:18:03:428279 -04:00] [Thread 78484] extDB3: SQL_CUSTOM: Error No Custom Call Not Found: Callname insert_infiSTARLog
[17:18:28:704220 -04:00] [Thread 78484] extDB3: SQL_CUSTOM: Error No Custom Call Not Found: Input String insert_infiSTARLog:A3_EXILE_OCCUPATION:V65 (30-08-2016) [OCCUPATION LootCrates]  Starting Occupation Loot Crates
[17:18:28:704284 -04:00] [Thread 78484] extDB3: SQL_CUSTOM: Error No Custom Call Not Found: Callname insert_infiSTARLog
[17:18:28:704754 -04:00] [Thread 78484] extDB3: SQL_CUSTOM: Error No Custom Call Not Found: Input String insert_infiSTARLog:A3_EXILE_OCCUPATION:V65 (30-08-2016) [OCCUPATION LootCrates]  worldname  Tanoa crates to spawn  6
[17:18:28:704766 -04:00] [Thread 78484] extDB3: SQL_CUSTOM: Error No Custom Call Not Found: Callname insert_infiSTARLog
[17:18:29:688193 -04:00] [Thread 78484] extDB3: SQL_CUSTOM: Error No Custom Call Not Found: Input String insert_infiSTARLog:netids:Mr. Sage(76561198108041726) - R XCSV 1 (Mr. Sage) REMOTE, Exile_Unit_Player - 2 7336 - 3
[17:18:29:688238 -04:00] [Thread 78484] extDB3: SQL_CUSTOM: Error No Custom Call Not Found: Callname insert_infiSTARLog
[17:18:30:169012 -04:00] [Thread 78484] extDB3: SQL_CUSTOM: Error No Custom Call Not Found: Input String insert_infiSTARLog:A3_EXILE_OCCUPATION:V65 (30-08-2016) [OCCUPATION LootCrates]   Creating crate 1 at drop zone [7657.98,8010.95,0] with 1 guards
[17:18:30:169070 -04:00] [Thread 78484] extDB3: SQL_CUSTOM: Error No Custom Call Not Found: Callname insert_infiSTARLog
[17:18:31:742727 -04:00] [Thread 78484] extDB3: SQL_CUSTOM: Error No Custom Call Not Found: Input String insert_infiSTARLog:A3_EXILE_OCCUPATION:V65 (30-08-2016) [OCCUPATION LootCrates]   Creating crate 2 at drop zone [4992.67,4293.18,0] with 2 guards
[17:18:31:742782 -04:00] [Thread 78484] extDB3: SQL_CUSTOM: Error No Custom Call Not Found: Callname insert_infiSTARLog
[17:18:34:934441 -04:00] [Thread 78484] extDB3: SQL_CUSTOM: Error No Custom Call Not Found: Input String insert_infiSTARLog:A3_EXILE_OCCUPATION:V65 (30-08-2016) [OCCUPATION LootCrates]   Creating crate 3 at drop zone [7771.38,7276.55,0] with 1 guards
[17:18:34:934493 -04:00] [Thread 78484] extDB3: SQL_CUSTOM: Error No Custom Call Not Found: Callname insert_infiSTARLog
[17:18:38:471710 -04:00] [Thread 78484] extDB3: SQL_CUSTOM: Error No Custom Call Not Found: Input String insert_infiSTARLog:A3_EXILE_OCCUPATION:V65 (30-08-2016) [OCCUPATION LootCrates]   Creating crate 4 at drop zone [8124.3,8218.83,0] with 1 guards
[17:18:38:471759 -04:00] [Thread 78484] extDB3: SQL_CUSTOM: Error No Custom Call Not Found: Callname insert_infiSTARLog
[17:18:41:225479 -04:00] [Thread 78484] extDB3: SQL_CUSTOM: Error No Custom Call Not Found: Input String insert_infiSTARLog:A3_EXILE_OCCUPATION:V65 (30-08-2016) [OCCUPATION LootCrates]   Creating crate 5 at drop zone [6648.65,4488.33,0] with 2 guards
[17:18:41:225547 -04:00] [Thread 78484] extDB3: SQL_CUSTOM: Error No Custom Call Not Found: Callname insert_infiSTARLog
[17:18:47:910913 -04:00] [Thread 78484] extDB3: SQL_CUSTOM: Error No Custom Call Not Found: Input String insert_infiSTARLog:A3_EXILE_OCCUPATION:V65 (30-08-2016) [OCCUPATION LootCrates]   Creating crate 6 at drop zone [8727.82,8924.3,0] with 1 guards
[17:18:47:910977 -04:00] [Thread 78484] extDB3: SQL_CUSTOM: Error No Custom Call Not Found: Callname insert_infiSTARLog
[17:18:50:003874 -04:00] [Thread 78484] extDB3: SQL_CUSTOM: Error No Custom Call Not Found: Input String insert_infiSTARLog:A3_EXILE_PROCESSREPORTER:V65 (30-08-2016) =======================================================================================================
[17:18:50:003931 -04:00] [Thread 78484] extDB3: SQL_CUSTOM: Error No Custom Call Not Found: Callname insert_infiSTARLog
[17:18:50:004234 -04:00] [Thread 78484] extDB3: SQL_CUSTOM: Error No Custom Call Not Found: Input String insert_infiSTARLog:A3_EXILE_PROCESSREPORTER:V65 (30-08-2016) [processReporter] Started @ 245.986   [FPS  45.7143|PLAYERS  1|THREADS  18]
[17:18:50:004262 -04:00] [Thread 78484] extDB3: SQL_CUSTOM: Error No Custom Call Not Found: Callname insert_infiSTARLog
[17:18:50:004475 -04:00] [Thread 78484] extDB3: SQL_CUSTOM: Error No Custom Call Not Found: Input String insert_infiSTARLog:A3_EXILE_PROCESSREPORTER:V65 (30-08-2016) =======================================================================================================
[17:18:50:004503 -04:00] [Thread 78484] extDB3: SQL_CUSTOM: Error No Custom Call Not Found: Callname insert_infiSTARLog
[17:18:50:004766 -04:00] [Thread 78484] extDB3: SQL_CUSTOM: Error No Custom Call Not Found: Input String insert_infiSTARLog:A3_EXILE_PROCESSREPORTER:V65 (30-08-2016) [processReporter] Process Counts  spawn-ed  12 execVM-ed  6 exec-ed  0 execFSM-ed  2
[17:18:50:004794 -04:00] [Thread 78484] extDB3: SQL_CUSTOM: Error No Custom Call Not Found: Callname insert_infiSTARLog
[17:18:50:005019 -04:00] [Thread 78484] extDB3: SQL_CUSTOM: Error No Custom Call Not Found: Input String insert_infiSTARLog:A3_EXILE_PROCESSREPORTER:V65 (30-08-2016) [processReporter] Active SQF  ["<spawn>","",true,5124] @ 245.986
[17:18:50:005048 -04:00] [Thread 78484] extDB3: SQL_CUSTOM: Error No Custom Call Not Found: Callname insert_infiSTARLog
[17:18:50:005269 -04:00] [Thread 78484] extDB3: SQL_CUSTOM: Error No Custom Call Not Found: Input String insert_infiSTARLog:A3_EXILE_PROCESSREPORTER:V65 (30-08-2016) [processReporter] Active SQF  ["mpmissions\__cur_mp.Tanoa\ground_fog.sqf","mpmissions\__cur_mp.Tanoa\ground_fog.sqf",true,4] @ 245.986
[17:18:50:005297 -04:00] [Thread 78484] extDB3: SQL_CUSTOM: Error No Custom Call Not Found: Callname insert_infiSTARLog
[17:18:50:005487 -04:00] [Thread 78484] extDB3: SQL_CUSTOM: Error No Custom Call Not Found: Input String insert_infiSTARLog:A3_EXILE_PROCESSREPORTER:V65 (30-08-2016) [processReporter] Active SQF  ["mpmissions\__cur_mp.Tanoa\IgiLoad\IgiLoadInit.sqf","mpmissions\__cur_mp.Tanoa\IgiLoad\IgiLoadInit.sqf",true,35] @ 245.986
[17:18:50:005510 -04:00] [Thread 78484] extDB3: SQL_CUSTOM: Error No Custom Call Not Found: Callname insert_infiSTARLog
[17:18:50:005746 -04:00] [Thread 78484] extDB3: SQL_CUSTOM: Error No Custom Call Not Found: Input String insert_infiSTARLog:A3_EXILE_PROCESSREPORTER:V65 (30-08-2016) [processReporter] Active SQF  ["mpmissions\__cur_mp.Tanoa\ToastIntro.sqf","mpmissions\__cur_mp.Tanoa\ToastIntro.sqf",true,6] @ 245.986
[17:18:50:005769 -04:00] [Thread 78484] extDB3: SQL_CUSTOM: Error No Custom Call Not Found: Callname insert_infiSTARLog
[17:18:50:025514 -04:00] [Thread 78484] extDB3: SQL_CUSTOM: Error No Custom Call Not Found: Input String insert_infiSTARLog:A3_EXILE_PROCESSREPORTER:V65 (30-08-2016) [processReporter] Active SQF  ["mpmissions\__cur_mp.Tanoa\custom\service\service_point.sqf","mpmissions\__cur_mp.Tanoa\custom\service\service_point.sqf",true,217] @ 246.007
[17:18:50:025573 -04:00] [Thread 78484] extDB3: SQL_CUSTOM: Error No Custom Call Not Found: Callname insert_infiSTARLog
[17:18:50:025817 -04:00] [Thread 78484] extDB3: SQL_CUSTOM: Error No Custom Call Not Found: Input String insert_infiSTARLog:A3_EXILE_PROCESSREPORTER:V65 (30-08-2016) [processReporter] Active SQF  ["<spawn>","\ATS_AdvancedTrainSimulator\functions\fn_advancedTrainSimulatorInit.sqf [SA_fnc_advancedTrainSimulatorInit]",true,1253] @ 246.007
[17:18:50:025845 -04:00] [Thread 78484] extDB3: SQL_CUSTOM: Error No Custom Call Not Found: Callname insert_infiSTARLog
[17:18:50:026079 -04:00] [Thread 78484] extDB3: SQL_CUSTOM: Error No Custom Call Not Found: Input String insert_infiSTARLog:A3_EXILE_PROCESSREPORTER:V65 (30-08-2016) [processReporter] Active SQF  ["<spawn>","\ATS_AdvancedTrainSimulator\functions\fn_advancedTrainSimulatorInit.sqf [SA_fnc_advancedTrainSimulatorInit]",true,2394] @ 246.007
[17:18:50:026107 -04:00] [Thread 78484] extDB3: SQL_CUSTOM: Error No Custom Call Not Found: Callname insert_infiSTARLog
[17:18:50:026349 -04:00] [Thread 78484] extDB3: SQL_CUSTOM: Error No Custom Call Not Found: Input String insert_infiSTARLog:A3_EXILE_PROCESSREPORTER:V65 (30-08-2016) [processReporter] Active SQF  ["<spawn>","\ATS_AdvancedTrainSimulator\functions\fn_advancedTrainSimulatorInit.sqf [SA_fnc_advancedTrainSimulatorInit]",true,2407] @ 246.007
[17:18:50:026378 -04:00] [Thread 78484] extDB3: SQL_CUSTOM: Error No Custom Call Not Found: Callname insert_infiSTARLog
[17:18:50:026581 -04:00] [Thread 78484] extDB3: SQL_CUSTOM: Error No Custom Call Not Found: Input String insert_infiSTARLog:A3_EXILE_PROCESSREPORTER:V65 (30-08-2016) [processReporter] Active SQF  ["<spawn>","\ATS_AdvancedTrainSimulator\functions\fn_advancedTrainSimulatorInit.sqf [SA_fnc_advancedTrainSimulatorInit]",true,2422] @ 246.007
[17:18:50:026624 -04:00] [Thread 78484] extDB3: SQL_CUSTOM: Error No Custom Call Not Found: Callname insert_infiSTARLog
[17:18:50:026867 -04:00] [Thread 78484] extDB3: SQL_CUSTOM: Error No Custom Call Not Found: Input String insert_infiSTARLog:A3_EXILE_PROCESSREPORTER:V65 (30-08-2016) [processReporter] Active SQF  ["DMS_fnc_HeliParatroopers_Monitor","x\addons\a3_exile_occupation\scripts\extras\processReporter.sqf",true,25] @ 246.007
[17:18:50:026897 -04:00] [Thread 78484] extDB3: SQL_CUSTOM: Error No Custom Call Not Found: Callname insert_infiSTARLog
[17:18:50:027092 -04:00] [Thread 78484] extDB3: SQL_CUSTOM: Error No Custom Call Not Found: Input String insert_infiSTARLog:A3_EXILE_PROCESSREPORTER:V65 (30-08-2016) [processReporter] Active SQF  ["mpmissions\__cur_mp.Tanoa\JohnO_fnc_storm.sqf","mpmissions\__cur_mp.Tanoa\JohnO_fnc_storm.sqf",true,103] @ 246.007
[17:18:50:027121 -04:00] [Thread 78484] extDB3: SQL_CUSTOM: Error No Custom Call Not Found: Callname insert_infiSTARLog
[17:18:50:027333 -04:00] [Thread 78484] extDB3: SQL_CUSTOM: Error No Custom Call Not Found: Input String insert_infiSTARLog:A3_EXILE_PROCESSREPORTER:V65 (30-08-2016) [processReporter] Active SQF  ["ZCP_fnc_start","x\addons\ZCP\functions\fn_start.sqf [ZCP_fnc_start]",true,39] @ 246.007
[17:18:50:027356 -04:00] [Thread 78484] extDB3: SQL_CUSTOM: Error No Custom Call Not Found: Callname insert_infiSTARLog
[17:18:50:027580 -04:00] [Thread 78484] extDB3: SQL_CUSTOM: Error No Custom Call Not Found: Input String insert_infiSTARLog:A3_EXILE_PROCESSREPORTER:V65 (30-08-2016) [processReporter] Active SQF  ["<spawn>","ExAdClient\HaloParachute\postInit.sqf [ExAd_fnc_postInitHP]",true,32] @ 246.007
[17:18:50:027613 -04:00] [Thread 78484] extDB3: SQL_CUSTOM: Error No Custom Call Not Found: Callname insert_infiSTARLog
[17:18:50:027840 -04:00] [Thread 78484] extDB3: SQL_CUSTOM: Error No Custom Call Not Found: Input String insert_infiSTARLog:A3_EXILE_PROCESSREPORTER:V65 (30-08-2016) [processReporter] Active SQF  ["<spawn>","mpmissions\__cur_mp.Tanoa\ExadClient\XM8\Apps\CHVD\config.sqf",true,47] @ 246.007
[17:18:50:027928 -04:00] [Thread 78484] extDB3: SQL_CUSTOM: Error No Custom Call Not Found: Callname insert_infiSTARLog
[17:18:50:028096 -04:00] [Thread 78484] extDB3: SQL_CUSTOM: Error No Custom Call Not Found: Input String insert_infiSTARLog:A3_EXILE_PROCESSREPORTER:V65 (30-08-2016) [processReporter] Active SQF  ["<spawn>","ExAdClient\StatsBar\postInit.sqf [ExAd_fnc_postInitSB]",true,144] @ 246.007
[17:18:50:028119 -04:00] [Thread 78484] extDB3: SQL_CUSTOM: Error No Custom Call Not Found: Callname insert_infiSTARLog
[17:18:50:045267 -04:00] [Thread 78484] extDB3: SQL_CUSTOM: Error No Custom Call Not Found: Input String insert_infiSTARLog:A3_EXILE_PROCESSREPORTER:V65 (30-08-2016) [processReporter] Active SQF  ["BIS_fnc_sortNum","x\addons\a3_exile_occupation\scripts\startOccupation.sqf",true,85] @ 246.007
[17:18:50:045320 -04:00] [Thread 78484] extDB3: SQL_CUSTOM: Error No Custom Call Not Found: Callname insert_infiSTARLog
[17:18:50:045663 -04:00] [Thread 78484] extDB3: SQL_CUSTOM: Error No Custom Call Not Found: Input String insert_infiSTARLog:A3_EXILE_PROCESSREPORTER:V65 (30-08-2016) [processReporter] Active SQF  ["<spawn>","",true,9] @ 246.028
[17:18:50:045811 -04:00] [Thread 78484] extDB3: SQL_CUSTOM: Error No Custom Call Not Found: Callname insert_infiSTARLog
[17:18:50:045934 -04:00] [Thread 78484] extDB3: SQL_CUSTOM: Error No Custom Call Not Found: Input String insert_infiSTARLog:A3_EXILE_PROCESSREPORTER:V65 (30-08-2016) [processReporter] Active SQF  ["<spawn>","mpmissions\__cur_mp.Tanoa\IgiLoad\IgiLoadTaru.sqf",true,467] @ 246.028
[17:18:50:045950 -04:00] [Thread 78484] extDB3: SQL_CUSTOM: Error No Custom Call Not Found: Callname insert_infiSTARLog
[17:18:50:046200 -04:00] [Thread 78484] extDB3: SQL_CUSTOM: Error No Custom Call Not Found: Input String insert_infiSTARLog:A3_EXILE_PROCESSREPORTER:V65 (30-08-2016) [processReporter] Active FSM  ["main.fsm","Wait",-246.028] @ 246.028
[17:18:50:046229 -04:00] [Thread 78484] extDB3: SQL_CUSTOM: Error No Custom Call Not Found: Callname insert_infiSTARLog
[17:18:50:046447 -04:00] [Thread 78484] extDB3: SQL_CUSTOM: Error No Custom Call Not Found: Input String insert_infiSTARLog:A3_EXILE_PROCESSREPORTER:V65 (30-08-2016) [processReporter] Active FSM  ["missions","Check_Mission_Running",-246.028] @ 246.028
[17:18:50:046476 -04:00] [Thread 78484] extDB3: SQL_CUSTOM: Error No Custom Call Not Found: Callname insert_infiSTARLog
[17:18:50:046684 -04:00] [Thread 78484] extDB3: SQL_CUSTOM: Error No Custom Call Not Found: Input String insert_infiSTARLog:A3_EXILE_PROCESSREPORTER:V65 (30-08-2016) [processReporter] Ended @ 246.028
[17:18:50:046711 -04:00] [Thread 78484] extDB3: SQL_CUSTOM: Error No Custom Call Not Found: Callname insert_infiSTARLog
[17:19:00:567791 -04:00] [Thread 78484] extDB3: SQL_CUSTOM: Error No Custom Call Not Found: Input String insert_infiSTARLog:A3_EXILE_OCCUPATION:V65 (30-08-2016) [OCCUPATION FastNights]   Current in game time is 15 34 multipler is 4
[17:19:00:567863 -04:00] [Thread 78484] extDB3: SQL_CUSTOM: Error No Custom Call Not Found: Callname insert_infiSTARLog
[17:19:02:943218 -04:00] [Thread 78484] extDB3: SQL_CUSTOM: Error No Custom Call Not Found: Input String insert_infiSTARLog:A3_EXILE_OCCUPATION:V65 (30-08-2016) [OCCUPATION HeliCrashes]  Initialised at 258.922
[17:19:02:943274 -04:00] [Thread 78484] extDB3: SQL_CUSTOM: Error No Custom Call Not Found: Callname insert_infiSTARLog
[17:19:02:943516 -04:00] [Thread 78484] extDB3: SQL_CUSTOM: Error No Custom Call Not Found: Input String insert_infiSTARLog:A3_EXILE_OCCUPATION:V65 (30-08-2016) [OCCUPATION HeliCrashes]   worldname  Tanoa crashes to spawn  5
[17:19:02:943545 -04:00] [Thread 78484] extDB3: SQL_CUSTOM: Error No Custom Call Not Found: Callname insert_infiSTARLog
[17:19:04:215590 -04:00] [Thread 78484] extDB3: SQL_CUSTOM: Error No Custom Call Not Found: Input String insert_infiSTARLog:A3_EXILE_OCCUPATION:V65 (30-08-2016) [OCCUPATION HeliCrashes] Crash 1   Location [8143.65,6930.04,0]
[17:19:04:215628 -04:00] [Thread 78484] extDB3: SQL_CUSTOM: Error No Custom Call Not Found: Callname insert_infiSTARLog
[17:19:05:560762 -04:00] [Thread 78484] extDB3: SQL_CUSTOM: Error No Custom Call Not Found: Input String insert_infiSTARLog:A3_EXILE_OCCUPATION:V65 (30-08-2016) [OCCUPATION HeliCrashes] Crash 2   Location [5572.52,12130.1,0]
[17:19:05:560824 -04:00] [Thread 78484] extDB3: SQL_CUSTOM: Error No Custom Call Not Found: Callname insert_infiSTARLog
[17:19:06:871468 -04:00] [Thread 78484] extDB3: SQL_CUSTOM: Error No Custom Call Not Found: Input String insert_infiSTARLog:A3_EXILE_OCCUPATION:V65 (30-08-2016) [OCCUPATION HeliCrashes] Crash 3   Location [11047.8,6489.36,0]
[17:19:06:871519 -04:00] [Thread 78484] extDB3: SQL_CUSTOM: Error No Custom Call Not Found: Callname insert_infiSTARLog
[17:19:08:172362 -04:00] [Thread 78484] extDB3: SQL_CUSTOM: Error No Custom Call Not Found: Input String insert_infiSTARLog:A3_EXILE_OCCUPATION:V65 (30-08-2016) [OCCUPATION HeliCrashes] Crash 4   Location [2930.55,5653.95,0]
[17:19:08:172418 -04:00] [Thread 78484] extDB3: SQL_CUSTOM: Error No Custom Call Not Found: Callname insert_infiSTARLog
[17:19:10:465109 -04:00] [Thread 78484] extDB3: SQL_CUSTOM: Error No Custom Call Not Found: Input String insert_infiSTARLog:A3_EXILE_OCCUPATION:V65 (30-08-2016) [OCCUPATION HeliCrashes] Crash 5   Location [4268.07,13945.7,0]
[17:19:10:465153 -04:00] [Thread 78484] extDB3: SQL_CUSTOM: Error No Custom Call Not Found: Callname insert_infiSTARLog
[17:19:15:610010 -04:00] [Thread 78484] extDB3: SQL_CUSTOM: Error No Custom Call Not Found: Input String insert_infiSTARLog:A3_EXILE_OCCUPATION:V65 (30-08-2016) [OCCUPATION RandomSpawn]  Starting Occupation Monitor @ 271.588
[17:19:15:610066 -04:00] [Thread 78484] extDB3: SQL_CUSTOM: Error No Custom Call Not Found: Callname insert_infiSTARLog
[17:19:50:980612 -04:00] [Thread 78328] extDB3: SQL_CUSTOM: Error No Custom Call Not Found: Input String insert_infiSTARLog:A3_EXILE_PROCESSREPORTER:V65 (30-08-2016) =======================================================================================================
[17:19:50:980678 -04:00] [Thread 78328] extDB3: SQL_CUSTOM: Error No Custom Call Not Found: Callname insert_infiSTARLog
[17:19:51:000013 -04:00] [Thread 78328] extDB3: SQL_CUSTOM: Error No Custom Call Not Found: Input String insert_infiSTARLog:A3_EXILE_PROCESSREPORTER:V65 (30-08-2016) [processReporter] Started @ 306.466   [FPS  45.584|PLAYERS  1|THREADS  16]
[17:19:51:000065 -04:00] [Thread 78328] extDB3: SQL_CUSTOM: Error No Custom Call Not Found: Callname insert_infiSTARLog
[17:19:51:000345 -04:00] [Thread 78328] extDB3: SQL_CUSTOM: Error No Custom Call Not Found: Input String insert_infiSTARLog:A3_EXILE_PROCESSREPORTER:V65 (30-08-2016) =======================================================================================================
[17:19:51:000373 -04:00] [Thread 78328] extDB3: SQL_CUSTOM: Error No Custom Call Not Found: Callname insert_infiSTARLog
[17:19:51:000607 -04:00] [Thread 78328] extDB3: SQL_CUSTOM: Error No Custom Call Not Found: Input String insert_infiSTARLog:A3_EXILE_PROCESSREPORTER:V65 (30-08-2016) [processReporter] Process Counts  spawn-ed  10 execVM-ed  6 exec-ed  0 execFSM-ed  2
[17:19:51:000635 -04:00] [Thread 78328] extDB3: SQL_CUSTOM: Error No Custom Call Not Found: Callname insert_infiSTARLog
[17:19:51:000888 -04:00] [Thread 78328] extDB3: SQL_CUSTOM: Error No Custom Call Not Found: Input String insert_infiSTARLog:A3_EXILE_PROCESSREPORTER:V65 (30-08-2016) [processReporter] Active SQF  ["<spawn>","",true,5124] @ 306.487
[17:19:51:000916 -04:00] [Thread 78328] extDB3: SQL_CUSTOM: Error No Custom Call Not Found: Callname insert_infiSTARLog
[17:19:51:001173 -04:00] [Thread 78328] extDB3: SQL_CUSTOM: Error No Custom Call Not Found: Input String insert_infiSTARLog:A3_EXILE_PROCESSREPORTER:V65 (30-08-2016) [processReporter] Active SQF  ["mpmissions\__cur_mp.Tanoa\ground_fog.sqf","mpmissions\__cur_mp.Tanoa\ground_fog.sqf",true,4] @ 306.487
[17:19:51:001199 -04:00] [Thread 78328] extDB3: SQL_CUSTOM: Error No Custom Call Not Found: Callname insert_infiSTARLog
[17:19:51:001399 -04:00] [Thread 78328] extDB3: SQL_CUSTOM: Error No Custom Call Not Found: Input String insert_infiSTARLog:A3_EXILE_PROCESSREPORTER:V65 (30-08-2016) [processReporter] Active SQF  ["mpmissions\__cur_mp.Tanoa\IgiLoad\IgiLoadInit.sqf","mpmissions\__cur_mp.Tanoa\IgiLoad\IgiLoadInit.sqf",true,35] @ 306.487
[17:19:51:001433 -04:00] [Thread 78328] extDB3: SQL_CUSTOM: Error No Custom Call Not Found: Callname insert_infiSTARLog
[17:19:51:001620 -04:00] [Thread 78328] extDB3: SQL_CUSTOM: Error No Custom Call Not Found: Input String insert_infiSTARLog:A3_EXILE_PROCESSREPORTER:V65 (30-08-2016) [processReporter] Active SQF  ["mpmissions\__cur_mp.Tanoa\ToastIntro.sqf","mpmissions\__cur_mp.Tanoa\ToastIntro.sqf",true,6] @ 306.487
[17:19:51:001643 -04:00] [Thread 78328] extDB3: SQL_CUSTOM: Error No Custom Call Not Found: Callname insert_infiSTARLog
[17:19:51:001891 -04:00] [Thread 78328] extDB3: SQL_CUSTOM: Error No Custom Call Not Found: Input String insert_infiSTARLog:A3_EXILE_PROCESSREPORTER:V65 (30-08-2016) [processReporter] Active SQF  ["mpmissions\__cur_mp.Tanoa\custom\service\service_point.sqf","mpmissions\__cur_mp.Tanoa\custom\service\service_point.sqf",true,217] @ 306.487
[17:19:51:001915 -04:00] [Thread 78328] extDB3: SQL_CUSTOM: Error No Custom Call Not Found: Callname insert_infiSTARLog
[17:19:51:002142 -04:00] [Thread 78328] extDB3: SQL_CUSTOM: Error No Custom Call Not Found: Input String insert_infiSTARLog:A3_EXILE_PROCESSREPORTER:V65 (30-08-2016) [processReporter] Active SQF  ["<spawn>","\ATS_AdvancedTrainSimulator\functions\fn_advancedTrainSimulatorInit.sqf [SA_fnc_advancedTrainSimulatorInit]",true,1253] @ 306.487
[17:19:51:002164 -04:00] [Thread 78328] extDB3: SQL_CUSTOM: Error No Custom Call Not Found: Callname insert_infiSTARLog
[17:19:51:002389 -04:00] [Thread 78328] extDB3: SQL_CUSTOM: Error No Custom Call Not Found: Input String insert_infiSTARLog:A3_EXILE_PROCESSREPORTER:V65 (30-08-2016) [processReporter] Active SQF  ["<spawn>","\ATS_AdvancedTrainSimulator\functions\fn_advancedTrainSimulatorInit.sqf [SA_fnc_advancedTrainSimulatorInit]",true,2394] @ 306.487
[17:19:51:002411 -04:00] [Thread 78328] extDB3: SQL_CUSTOM: Error No Custom Call Not Found: Callname insert_infiSTARLog
[17:19:51:002630 -04:00] [Thread 78328] extDB3: SQL_CUSTOM: Error No Custom Call Not Found: Input String insert_infiSTARLog:A3_EXILE_PROCESSREPORTER:V65 (30-08-2016) [processReporter] Active SQF  ["<spawn>","\ATS_AdvancedTrainSimulator\functions\fn_advancedTrainSimulatorInit.sqf [SA_fnc_advancedTrainSimulatorInit]",true,2407] @ 306.487
[17:19:51:002652 -04:00] [Thread 78328] extDB3: SQL_CUSTOM: Error No Custom Call Not Found: Callname insert_infiSTARLog
[17:19:51:002883 -04:00] [Thread 78328] extDB3: SQL_CUSTOM: Error No Custom Call Not Found: Input String insert_infiSTARLog:A3_EXILE_PROCESSREPORTER:V65 (30-08-2016) [processReporter] Active SQF  ["<spawn>","\ATS_AdvancedTrainSimulator\functions\fn_advancedTrainSimulatorInit.sqf [SA_fnc_advancedTrainSimulatorInit]",true,2422] @ 306.487
[17:19:51:002905 -04:00] [Thread 78328] extDB3: SQL_CUSTOM: Error No Custom Call Not Found: Callname insert_infiSTARLog
[17:19:51:021318 -04:00] [Thread 78328] extDB3: SQL_CUSTOM: Error No Custom Call Not Found: Input String insert_infiSTARLog:A3_EXILE_PROCESSREPORTER:V65 (30-08-2016) [processReporter] Active SQF  ["DMS_fnc_HeliParatroopers_Monitor","x\addons\a3_exile_occupation\scripts\extras\processReporter.sqf",true,25] @ 306.508
[17:19:51:021370 -04:00] [Thread 78328] extDB3: SQL_CUSTOM: Error No Custom Call Not Found: Callname insert_infiSTARLog
[17:19:51:021572 -04:00] [Thread 78328] extDB3: SQL_CUSTOM: Error No Custom Call Not Found: Input String insert_infiSTARLog:A3_EXILE_PROCESSREPORTER:V65 (30-08-2016) [processReporter] Active SQF  ["mpmissions\__cur_mp.Tanoa\JohnO_fnc_storm.sqf","mpmissions\__cur_mp.Tanoa\JohnO_fnc_storm.sqf",true,103] @ 306.508
[17:19:51:021601 -04:00] [Thread 78328] extDB3: SQL_CUSTOM: Error No Custom Call Not Found: Callname insert_infiSTARLog
[17:19:51:021817 -04:00] [Thread 78328] extDB3: SQL_CUSTOM: Error No Custom Call Not Found: Input String insert_infiSTARLog:A3_EXILE_PROCESSREPORTER:V65 (30-08-2016) [processReporter] Active SQF  ["<spawn>","ExAdClient\HaloParachute\postInit.sqf [ExAd_fnc_postInitHP]",true,32] @ 306.508
[17:19:51:021853 -04:00] [Thread 78328] extDB3: SQL_CUSTOM: Error No Custom Call Not Found: Callname insert_infiSTARLog
[17:19:51:022059 -04:00] [Thread 78328] extDB3: SQL_CUSTOM: Error No Custom Call Not Found: Input String insert_infiSTARLog:A3_EXILE_PROCESSREPORTER:V65 (30-08-2016) [processReporter] Active SQF  ["<spawn>","mpmissions\__cur_mp.Tanoa\ExadClient\XM8\Apps\CHVD\config.sqf",true,47] @ 306.508
[17:19:51:022088 -04:00] [Thread 78328] extDB3: SQL_CUSTOM: Error No Custom Call Not Found: Callname insert_infiSTARLog
[17:19:51:022358 -04:00] [Thread 78328] extDB3: SQL_CUSTOM: Error No Custom Call Not Found: Input String insert_infiSTARLog:A3_EXILE_PROCESSREPORTER:V65 (30-08-2016) [processReporter] Active SQF  ["<spawn>","ExAdClient\StatsBar\postInit.sqf [ExAd_fnc_postInitSB]",true,144] @ 306.508
[17:19:51:022387 -04:00] [Thread 78328] extDB3: SQL_CUSTOM: Error No Custom Call Not Found: Callname insert_infiSTARLog
[17:19:51:022616 -04:00] [Thread 78328] extDB3: SQL_CUSTOM: Error No Custom Call Not Found: Input String insert_infiSTARLog:A3_EXILE_PROCESSREPORTER:V65 (30-08-2016) [processReporter] Active SQF  ["BIS_fnc_sortNum","x\addons\a3_exile_occupation\scripts\startOccupation.sqf",true,119] @ 306.508
[17:19:51:022644 -04:00] [Thread 78328] extDB3: SQL_CUSTOM: Error No Custom Call Not Found: Callname insert_infiSTARLog
[17:19:51:022888 -04:00] [Thread 78328] extDB3: SQL_CUSTOM: Error No Custom Call Not Found: Input String insert_infiSTARLog:A3_EXILE_PROCESSREPORTER:V65 (30-08-2016) [processReporter] Active SQF  ["<spawn>","mpmissions\__cur_mp.Tanoa\IgiLoad\IgiLoadTaru.sqf",true,467] @ 306.508
[17:19:51:022924 -04:00] [Thread 78328] extDB3: SQL_CUSTOM: Error No Custom Call Not Found: Callname insert_infiSTARLog
[17:19:51:023197 -04:00] [Thread 78328] extDB3: SQL_CUSTOM: Error No Custom Call Not Found: Input String insert_infiSTARLog:A3_EXILE_PROCESSREPORTER:V65 (30-08-2016) [processReporter] Active FSM  ["main.fsm","Wait",-306.508] @ 306.508
[17:19:51:023221 -04:00] [Thread 78328] extDB3: SQL_CUSTOM: Error No Custom Call Not Found: Callname insert_infiSTARLog
[17:19:51:023435 -04:00] [Thread 78328] extDB3: SQL_CUSTOM: Error No Custom Call Not Found: Input String insert_infiSTARLog:A3_EXILE_PROCESSREPORTER:V65 (30-08-2016) [processReporter] Active FSM  ["missions","Waiting",-306.508] @ 306.508
[17:19:51:023457 -04:00] [Thread 78328] extDB3: SQL_CUSTOM: Error No Custom Call Not Found: Callname insert_infiSTARLog
[17:19:51:023688 -04:00] [Thread 78328] extDB3: SQL_CUSTOM: Error No Custom Call Not Found: Input String insert_infiSTARLog:A3_EXILE_PROCESSREPORTER:V65 (30-08-2016) [processReporter] Ended @ 306.508
[17:19:51:023710 -04:00] [Thread 78328] extDB3: SQL_CUSTOM: Error No Custom Call Not Found: Callname insert_infiSTARLog
[17:20:06:074980 -04:00] [Thread 78328] extDB3: SQL_CUSTOM: Error No Custom Call Not Found: Input String insert_infiSTARLog:A3_EXILE_OCCUPATION:V65 (30-08-2016) [OCCUPATION FastNights]   Current in game time is 15 38 multipler is 4
[17:20:06:075043 -04:00] [Thread 78328] extDB3: SQL_CUSTOM: Error No Custom Call Not Found: Callname insert_infiSTARLog
[17:20:10:890437 -04:00] [Thread 78328] extDB3: SQL_CUSTOM: Error No Custom Call Not Found: Input String insert_infiSTARLog:A3_EXILE_OCCUPATION:V65 (30-08-2016) [OCCUPATION transport]  Starting @ 326.354
[17:20:10:890496 -04:00] [Thread 78328] extDB3: SQL_CUSTOM: Error No Custom Call Not Found: Callname insert_infiSTARLog
[17:20:11:201676 -04:00] [Thread 78328] extDB3: SQL_CUSTOM: Error No Custom Call Not Found: Input String insert_infiSTARLog:A3_EXILE_OCCUPATION:V65 (30-08-2016) [OCCUPATION transport] Vehicle Exile_Chopper_Orca_BlackCustom spawned @ [7680,7680,200]
[17:20:11:201747 -04:00] [Thread 78328] extDB3: SQL_CUSTOM: Error No Custom Call Not Found: Callname insert_infiSTARLog
[17:20:11:202240 -04:00] [Thread 78328] extDB3: SQL_CUSTOM: Error No Custom Call Not Found: Input String insert_infiSTARLog:A3_EXILE_OCCUPATION:V65 (30-08-2016) [OCCUPATION transport]  Found 16 markers to use as pickup points @ 326.682
[17:20:11:202273 -04:00] [Thread 78328] extDB3: SQL_CUSTOM: Error No Custom Call Not Found: Callname insert_infiSTARLog
[17:20:11:202560 -04:00] [Thread 78328] extDB3: SQL_CUSTOM: Error No Custom Call Not Found: Input String insert_infiSTARLog:A3_EXILE_OCCUPATION:V65 (30-08-2016) [OCCUPATION transport]  textures for vehicle are  ["a3\air_f_heli\heli_light_02\data\heli_light_02_ext_opfor_v2_co.paa"]
[17:20:11:202589 -04:00] [Thread 78328] extDB3: SQL_CUSTOM: Error No Custom Call Not Found: Callname insert_infiSTARLog
[17:20:21:110945 -04:00] [Thread 78328] extDB3: SQL_CUSTOM: Error No Custom Call Not Found: Input String insert_infiSTARLog:A3_EXILE_OCCUPATION:V65 (30-08-2016) [OCCUPATION RandomSpawn]  Starting Occupation Monitor @ 336.594
[17:20:21:111007 -04:00] [Thread 78328] extDB3: SQL_CUSTOM: Error No Custom Call Not Found: Callname insert_infiSTARLog
[17:20:25:828827 -04:00] [Thread 78328] extDB3: SQL_CUSTOM: Error No Custom Call Not Found: Input String insert_infiSTARLog:A3_EXILE_OCCUPATION:V65 (30-08-2016) [OCCUPATION]  threads added at 341.309
[17:20:25:828880 -04:00] [Thread 78328] extDB3: SQL_CUSTOM: Error No Custom Call Not Found: Callname insert_infiSTARLog
[17:20:51:153006 -04:00] [Thread 78328] extDB3: SQL_CUSTOM: Error No Custom Call Not Found: Input String insert_infiSTARLog:A3_EXILE_PROCESSREPORTER:V65 (30-08-2016) =======================================================================================================
[17:20:51:153068 -04:00] [Thread 78328] extDB3: SQL_CUSTOM: Error No Custom Call Not Found: Callname insert_infiSTARLog
[17:20:51:153509 -04:00] [Thread 78328] extDB3: SQL_CUSTOM: Error No Custom Call Not Found: Input String insert_infiSTARLog:A3_EXILE_PROCESSREPORTER:V65 (30-08-2016) [processReporter] Started @ 366.631   [FPS  46.5116|PLAYERS  1|THREADS  16]
[17:20:51:153538 -04:00] [Thread 78328] extDB3: SQL_CUSTOM: Error No Custom Call Not Found: Callname insert_infiSTARLog
[17:20:51:153766 -04:00] [Thread 78328] extDB3: SQL_CUSTOM: Error No Custom Call Not Found: Input String insert_infiSTARLog:A3_EXILE_PROCESSREPORTER:V65 (30-08-2016) =======================================================================================================
[17:20:51:153794 -04:00] [Thread 78328] extDB3: SQL_CUSTOM: Error No Custom Call Not Found: Callname insert_infiSTARLog
[17:20:51:154006 -04:00] [Thread 78328] extDB3: SQL_CUSTOM: Error No Custom Call Not Found: Input String insert_infiSTARLog:A3_EXILE_PROCESSREPORTER:V65 (30-08-2016) [processReporter] Process Counts  spawn-ed  10 execVM-ed  6 exec-ed  0 execFSM-ed  2
[17:20:51:154035 -04:00] [Thread 78328] extDB3: SQL_CUSTOM: Error No Custom Call Not Found: Callname insert_infiSTARLog
[17:20:51:154393 -04:00] [Thread 78328] extDB3: SQL_CUSTOM: Error No Custom Call Not Found: Input String insert_infiSTARLog:A3_EXILE_PROCESSREPORTER:V65 (30-08-2016) [processReporter] Active SQF  ["<spawn>","",true,5124] @ 366.631
[17:20:51:154421 -04:00] [Thread 78328] extDB3: SQL_CUSTOM: Error No Custom Call Not Found: Callname insert_infiSTARLog
[17:20:51:154628 -04:00] [Thread 78328] extDB3: SQL_CUSTOM: Error No Custom Call Not Found: Input String insert_infiSTARLog:A3_EXILE_PROCESSREPORTER:V65 (30-08-2016) [processReporter] Active SQF  ["mpmissions\__cur_mp.Tanoa\ground_fog.sqf","mpmissions\__cur_mp.Tanoa\ground_fog.sqf",true,4] @ 366.631
[17:20:51:154656 -04:00] [Thread 78328] extDB3: SQL_CUSTOM: Error No Custom Call Not Found: Callname insert_infiSTARLog
[17:20:51:154864 -04:00] [Thread 78328] extDB3: SQL_CUSTOM: Error No Custom Call Not Found: Input String insert_infiSTARLog:A3_EXILE_PROCESSREPORTER:V65 (30-08-2016) [processReporter] Active SQF  ["mpmissions\__cur_mp.Tanoa\IgiLoad\IgiLoadInit.sqf","mpmissions\__cur_mp.Tanoa\IgiLoad\IgiLoadInit.sqf",true,35] @ 366.631
[17:20:51:154887 -04:00] [Thread 78328] extDB3: SQL_CUSTOM: Error No Custom Call Not Found: Callname insert_infiSTARLog
[17:20:51:155109 -04:00] [Thread 78328] extDB3: SQL_CUSTOM: Error No Custom Call Not Found: Input String insert_infiSTARLog:A3_EXILE_PROCESSREPORTER:V65 (30-08-2016) [processReporter] Active SQF  ["mpmissions\__cur_mp.Tanoa\ToastIntro.sqf","mpmissions\__cur_mp.Tanoa\ToastIntro.sqf",true,6] @ 366.631
[17:20:51:155136 -04:00] [Thread 78328] extDB3: SQL_CUSTOM: Error No Custom Call Not Found: Callname insert_infiSTARLog
[17:20:51:155479 -04:00] [Thread 78328] extDB3: SQL_CUSTOM: Error No Custom Call Not Found: Input String insert_infiSTARLog:A3_EXILE_PROCESSREPORTER:V65 (30-08-2016) [processReporter] Active SQF  ["mpmissions\__cur_mp.Tanoa\custom\service\service_point.sqf","mpmissions\__cur_mp.Tanoa\custom\service\service_point.sqf",true,217] @ 366.631
[17:20:51:155502 -04:00] [Thread 78328] extDB3: SQL_CUSTOM: Error No Custom Call Not Found: Callname insert_infiSTARLog
[17:20:51:155738 -04:00] [Thread 78328] extDB3: SQL_CUSTOM: Error No Custom Call Not Found: Input String insert_infiSTARLog:A3_EXILE_PROCESSREPORTER:V65 (30-08-2016) [processReporter] Active SQF  ["<spawn>","\ATS_AdvancedTrainSimulator\functions\fn_advancedTrainSimulatorInit.sqf [SA_fnc_advancedTrainSimulatorInit]",true,1253] @ 366.631
[17:20:51:155761 -04:00] [Thread 78328] extDB3: SQL_CUSTOM: Error No Custom Call Not Found: Callname insert_infiSTARLog
[17:20:51:172552 -04:00] [Thread 78328] extDB3: SQL_CUSTOM: Error No Custom Call Not Found: Input String insert_infiSTARLog:A3_EXILE_PROCESSREPORTER:V65 (30-08-2016) [processReporter] Active SQF  ["<spawn>","\ATS_AdvancedTrainSimulator\functions\fn_advancedTrainSimulatorInit.sqf [SA_fnc_advancedTrainSimulatorInit]",true,2394] @ 366.652
[17:20:51:172608 -04:00] [Thread 78328] extDB3: SQL_CUSTOM: Error No Custom Call Not Found: Callname insert_infiSTARLog
[17:20:51:172893 -04:00] [Thread 78328] extDB3: SQL_CUSTOM: Error No Custom Call Not Found: Input String insert_infiSTARLog:A3_EXILE_PROCESSREPORTER:V65 (30-08-2016) [processReporter] Active SQF  ["<spawn>","\ATS_AdvancedTrainSimulator\functions\fn_advancedTrainSimulatorInit.sqf [SA_fnc_advancedTrainSimulatorInit]",true,2407] @ 366.652
[17:20:51:172923 -04:00] [Thread 78328] extDB3: SQL_CUSTOM: Error No Custom Call Not Found: Callname insert_infiSTARLog
[17:20:51:193091 -04:00] [Thread 78328] extDB3: SQL_CUSTOM: Error No Custom Call Not Found: Input String insert_infiSTARLog:A3_EXILE_PROCESSREPORTER:V65 (30-08-2016) [processReporter] Active SQF  ["<spawn>","\ATS_AdvancedTrainSimulator\functions\fn_advancedTrainSimulatorInit.sqf [SA_fnc_advancedTrainSimulatorInit]",true,2422] @ 366.652
[17:20:51:193136 -04:00] [Thread 78328] extDB3: SQL_CUSTOM: Error No Custom Call Not Found: Callname insert_infiSTARLog
[17:20:51:193457 -04:00] [Thread 78328] extDB3: SQL_CUSTOM: Error No Custom Call Not Found: Input String insert_infiSTARLog:A3_EXILE_PROCESSREPORTER:V65 (30-08-2016) [processReporter] Active SQF  ["DMS_fnc_HeliParatroopers_Monitor","x\addons\a3_exile_occupation\scripts\extras\processReporter.sqf",true,25] @ 366.673
[17:20:51:193487 -04:00] [Thread 78328] extDB3: SQL_CUSTOM: Error No Custom Call Not Found: Callname insert_infiSTARLog
[17:20:51:193713 -04:00] [Thread 78328] extDB3: SQL_CUSTOM: Error No Custom Call Not Found: Input String insert_infiSTARLog:A3_EXILE_PROCESSREPORTER:V65 (30-08-2016) [processReporter] Active SQF  ["mpmissions\__cur_mp.Tanoa\JohnO_fnc_storm.sqf","mpmissions\__cur_mp.Tanoa\JohnO_fnc_storm.sqf",true,103] @ 366.673
[17:20:51:193736 -04:00] [Thread 78328] extDB3: SQL_CUSTOM: Error No Custom Call Not Found: Callname insert_infiSTARLog
[17:20:51:193962 -04:00] [Thread 78328] extDB3: SQL_CUSTOM: Error No Custom Call Not Found: Input String insert_infiSTARLog:A3_EXILE_PROCESSREPORTER:V65 (30-08-2016) [processReporter] Active SQF  ["<spawn>","ExAdClient\HaloParachute\postInit.sqf [ExAd_fnc_postInitHP]",true,32] @ 366.673
[17:20:51:193984 -04:00] [Thread 78328] extDB3: SQL_CUSTOM: Error No Custom Call Not Found: Callname insert_infiSTARLog
[17:20:51:194193 -04:00] [Thread 78328] extDB3: SQL_CUSTOM: Error No Custom Call Not Found: Input String insert_infiSTARLog:A3_EXILE_PROCESSREPORTER:V65 (30-08-2016) [processReporter] Active SQF  ["<spawn>","mpmissions\__cur_mp.Tanoa\ExadClient\XM8\Apps\CHVD\config.sqf",true,47] @ 366.673
[17:20:51:194225 -04:00] [Thread 78328] extDB3: SQL_CUSTOM: Error No Custom Call Not Found: Callname insert_infiSTARLog
[17:20:51:194523 -04:00] [Thread 78328] extDB3: SQL_CUSTOM: Error No Custom Call Not Found: Input String insert_infiSTARLog:A3_EXILE_PROCESSREPORTER:V65 (30-08-2016) [processReporter] Active SQF  ["<spawn>","ExAdClient\StatsBar\postInit.sqf [ExAd_fnc_postInitSB]",true,144] @ 366.673
[17:20:51:194552 -04:00] [Thread 78328] extDB3: SQL_CUSTOM: Error No Custom Call Not Found: Callname insert_infiSTARLog
[17:20:51:194715 -04:00] [Thread 78328] extDB3: SQL_CUSTOM: Error No Custom Call Not Found: Input String insert_infiSTARLog:A3_EXILE_PROCESSREPORTER:V65 (30-08-2016) [processReporter] Active SQF  ["<spawn>","mpmissions\__cur_mp.Tanoa\IgiLoad\IgiLoadTaru.sqf",true,467] @ 366.673
[17:20:51:194738 -04:00] [Thread 78328] extDB3: SQL_CUSTOM: Error No Custom Call Not Found: Callname insert_infiSTARLog
[17:20:51:194964 -04:00] [Thread 78328] extDB3: SQL_CUSTOM: Error No Custom Call Not Found: Input String insert_infiSTARLog:A3_EXILE_PROCESSREPORTER:V65 (30-08-2016) [processReporter] Active SQF  ["BIS_fnc_selectRandom","x\addons\a3_exile_occupation\scripts\occupationTransport.sqf",true,306] @ 366.673
[17:20:51:194986 -04:00] [Thread 78328] extDB3: SQL_CUSTOM: Error No Custom Call Not Found: Callname insert_infiSTARLog
[17:20:51:195267 -04:00] [Thread 78328] extDB3: SQL_CUSTOM: Error No Custom Call Not Found: Input String insert_infiSTARLog:A3_EXILE_PROCESSREPORTER:V65 (30-08-2016) [processReporter] Active FSM  ["main.fsm","Wait",-366.673] @ 366.673
[17:20:51:195290 -04:00] [Thread 78328] extDB3: SQL_CUSTOM: Error No Custom Call Not Found: Callname insert_infiSTARLog
[17:20:51:195502 -04:00] [Thread 78328] extDB3: SQL_CUSTOM: Error No Custom Call Not Found: Input String insert_infiSTARLog:A3_EXILE_PROCESSREPORTER:V65 (30-08-2016) [processReporter] Active FSM  ["missions","Waiting",-366.673] @ 366.673
[17:20:51:195525 -04:00] [Thread 78328] extDB3: SQL_CUSTOM: Error No Custom Call Not Found: Callname insert_infiSTARLog
[17:20:51:195715 -04:00] [Thread 78328] extDB3: SQL_CUSTOM: Error No Custom Call Not Found: Input String insert_infiSTARLog:A3_EXILE_PROCESSREPORTER:V65 (30-08-2016) [processReporter] Ended @ 366.673
[17:20:51:195737 -04:00] [Thread 78328] extDB3: SQL_CUSTOM: Error No Custom Call Not Found: Callname insert_infiSTARLog
