extDB2: Version: 70
extDB2: https://github.com/Torndeco/extDB2
extDB2: Windows Version
Message: All development for extDB2 is done on a Linux Dedicated Server
Message: If you would like to Donate to extDB2 Development
Message: https://www.paypal.com/cgi-bin/webscr?cmd=_s-xclick&hosted_button_id=2SUEFTGABTAM2
Message: Also leave a message if there is any particular feature you would like to see added.
Message: Thanks for all the people that have donated.
Message: Torndeco: 20/02/15


extDB2: Found extdb-conf.ini
extDB2: Detected 24 Cores, Setting up 6 Worker Threads


[20:31:12:476500 --4:00] [Thread 5864] extDB2: Database Type: MySQL
[20:31:12:492985 --4:00] [Thread 5864] extDB2: Database Session Pool Started
[20:31:12:495065 --4:00] [Thread 5864] extDB2: SQL_CUSTOM_V2: Loading Template Filename: C:\Arma 3 Server\extDB\sql_custom_v2\exile.ini
[20:31:12:495212 --4:00] [Thread 5864] extDB2: SQL_CUSTOM_V2: Version 12 Detected, Latest Version 12 Available
[20:31:14:356663 --4:00] [Thread 9132] extDB2: SQL_CUSTOM_V2: Error No Custom Call Not Found: Input String insert_infiSTARLog:CONNECTLOG:infiSTAR_PlayerConnected_id  1
[20:31:14:356697 --4:00] [Thread 9132] extDB2: SQL_CUSTOM_V2: Error No Custom Call Not Found: Callname insert_infiSTARLog
[20:31:14:356719 --4:00] [Thread 9132] extDB2: SQL_CUSTOM_V2: Error No Custom Call Not Found: Input String insert_infiSTARLog:CONNECTLOG:infiSTAR_PlayerDisconnected_id  0
[20:31:14:356729 --4:00] [Thread 9132] extDB2: SQL_CUSTOM_V2: Error No Custom Call Not Found: Callname insert_infiSTARLog
[20:31:14:357363 --4:00] [Thread 9132] extDB2: SQL_CUSTOM_V2: Error No Custom Call Not Found: Input String insert_infiSTARLog:SERVER_INFO:[SERVER START] TIME  0 || EMAIL  justinbowers@live.com || VERSION  09-Jan-2017 02-25-58 - v0070 || Local Server Time  [2017,2,8,20,31]
[20:31:14:357385 --4:00] [Thread 9132] extDB2: SQL_CUSTOM_V2: Error No Custom Call Not Found: Callname insert_infiSTARLog
[20:31:14:518512 --4:00] [Thread 9132] extDB2: SQL_CUSTOM_V2: Error No Custom Call Not Found: Input String insert_infiSTARLog:CONNECTLOG:#0 Connected  __SERVER__( - 2)
[20:31:14:518543 --4:00] [Thread 9132] extDB2: SQL_CUSTOM_V2: Error No Custom Call Not Found: Callname insert_infiSTARLog
[20:35:10:873654 --4:00] [Thread 5684] extDB2: SQL_CUSTOM_V2: Error No Custom Call Not Found: Input String insert_infiSTARLog:CONNECTLOG:#0 Connected  Mr. Sage(76561198108041726 - 3)
[20:35:10:873692 --4:00] [Thread 5684] extDB2: SQL_CUSTOM_V2: Error No Custom Call Not Found: Callname insert_infiSTARLog
[20:35:10:873899 --4:00] [Thread 5684] extDB2: SQL_CUSTOM_V2: Error No Custom Call Not Found: Input String insert_infiSTARLog:TOKENLOG:TOKEN [mc9o2hk8we5kp48] FOR Mr. Sage(76561198108041726) OWNER ID  3
[20:35:10:873911 --4:00] [Thread 5684] extDB2: SQL_CUSTOM_V2: Error No Custom Call Not Found: Callname insert_infiSTARLog
[20:35:14:720078 --4:00] [Thread 6872] extDB2: SQL_CUSTOM_V2: Error No Custom Call Not Found: Input String insert_infiSTARLog:CONNECTLOG:#1 Connected  Mr. Sage(76561198108041726 - 3) SteamName  Mr. Sage   [UpTime  0h 3min 45s - ServerFPS  47.1976]
[20:35:14:720118 --4:00] [Thread 6872] extDB2: SQL_CUSTOM_V2: Error No Custom Call Not Found: Callname insert_infiSTARLog
[20:35:16:161413 --4:00] [Thread 6872] extDB2: SQL_CUSTOM_V2: Error No Custom Call Not Found: Input String insert_infiSTARLog:netids:Mr. Sage(76561198108041726) - R Alpha 1-1 1 (Mr. Sage) REMOTE, Exile_Unit_GhostPlayer - 2 5673 - 3
[20:35:16:161458 --4:00] [Thread 6872] extDB2: SQL_CUSTOM_V2: Error No Custom Call Not Found: Callname insert_infiSTARLog
[20:35:28:308692 --4:00] [Thread 6872] extDB2: SQL_CUSTOM_V2: Error No Custom Call Not Found: Input String insert_infiSTARLog:A3_EXILE_OCCUPATION:V65 (30-08-2016) =============================================================================================================
[20:35:28:308741 --4:00] [Thread 6872] extDB2: SQL_CUSTOM_V2: Error No Custom Call Not Found: Callname insert_infiSTARLog
[20:35:28:308818 --4:00] [Thread 6872] extDB2: SQL_CUSTOM_V2: Error No Custom Call Not Found: Input String insert_infiSTARLog:A3_EXILE_OCCUPATION:V65 (30-08-2016) [OCCUPATION MOD]  Occupation V65 (30-08-2016) Initialised at 238.199
[20:35:28:308896 --4:00] [Thread 6872] extDB2: SQL_CUSTOM_V2: Error No Custom Call Not Found: Callname insert_infiSTARLog
[20:35:28:308941 --4:00] [Thread 5684] extDB2: SQL_CUSTOM_V2: Error No Custom Call Not Found: Input String insert_infiSTARLog:A3_EXILE_OCCUPATION:V65 (30-08-2016) =============================================================================================================
[20:35:28:308964 --4:00] [Thread 5684] extDB2: SQL_CUSTOM_V2: Error No Custom Call Not Found: Callname insert_infiSTARLog
[20:35:28:329915 --4:00] [Thread 5684] extDB2: SQL_CUSTOM_V2: Error No Custom Call Not Found: Input String insert_infiSTARLog:A3_EXILE_OCCUPATION:V65 (30-08-2016) [OCCUPATION Traders] starting @ 238.221
[20:35:28:329951 --4:00] [Thread 5684] extDB2: SQL_CUSTOM_V2: Error No Custom Call Not Found: Callname insert_infiSTARLog
[20:35:28:330088 --4:00] [Thread 5684] extDB2: SQL_CUSTOM_V2: Error No Custom Call Not Found: Input String insert_infiSTARLog:A3_EXILE_OCCUPATION:V65 (30-08-2016) [processReporter]  Initialised at 238.221
[20:35:28:330110 --4:00] [Thread 5684] extDB2: SQL_CUSTOM_V2: Error No Custom Call Not Found: Callname insert_infiSTARLog
[20:35:28:330834 --4:00] [Thread 5684] extDB2: SQL_CUSTOM_V2: Error No Custom Call Not Found: Input String insert_infiSTARLog:A3_EXILE_OCCUPATION:V65 (30-08-2016) [OCCUPATION]  Detected DMS version September 5, 2016
[20:35:28:330862 --4:00] [Thread 5684] extDB2: SQL_CUSTOM_V2: Error No Custom Call Not Found: Callname insert_infiSTARLog
[20:35:28:330947 --4:00] [Thread 5684] extDB2: SQL_CUSTOM_V2: Error No Custom Call Not Found: Input String insert_infiSTARLog:A3_EXILE_OCCUPATION:V65 (30-08-2016) [OCCUPATION]  Occupation V65 (30-08-2016) Adding modules to Exile system thread manager at 238.221
[20:35:28:330966 --4:00] [Thread 5684] extDB2: SQL_CUSTOM_V2: Error No Custom Call Not Found: Callname insert_infiSTARLog
[20:36:01:342542 --4:00] [Thread 5684] extDB2: SQL_CUSTOM_V2: Error No Custom Call Not Found: Input String insert_infiSTARLog:netids:Mr. Sage(76561198108041726) - R  1 (Mr. Sage) REMOTE, Exile_Unit_Player - 2 5685 - 3
[20:36:01:342587 --4:00] [Thread 5684] extDB2: SQL_CUSTOM_V2: Error No Custom Call Not Found: Callname insert_infiSTARLog
[20:36:14:784800 --4:00] [Thread 5684] extDB2: SQL_CUSTOM_V2: Error No Custom Call Not Found: Input String insert_infiSTARLog:A3_EXILE_OCCUPATION:V65 (30-08-2016) [OCCUPATION LootCrates]  Starting Occupation Loot Crates
[20:36:14:784846 --4:00] [Thread 5684] extDB2: SQL_CUSTOM_V2: Error No Custom Call Not Found: Callname insert_infiSTARLog
[20:36:14:784921 --4:00] [Thread 5684] extDB2: SQL_CUSTOM_V2: Error No Custom Call Not Found: Input String insert_infiSTARLog:A3_EXILE_OCCUPATION:V65 (30-08-2016) [OCCUPATION LootCrates]  worldname  Tanoa crates to spawn  6
[20:36:14:784940 --4:00] [Thread 5684] extDB2: SQL_CUSTOM_V2: Error No Custom Call Not Found: Callname insert_infiSTARLog
[20:36:16:383160 --4:00] [Thread 5684] extDB2: SQL_CUSTOM_V2: Error No Custom Call Not Found: Input String insert_infiSTARLog:A3_EXILE_OCCUPATION:V65 (30-08-2016) [OCCUPATION LootCrates]   Creating crate 1 at drop zone [8695.39,10803.8,0] with 2 guards
[20:36:16:383198 --4:00] [Thread 5684] extDB2: SQL_CUSTOM_V2: Error No Custom Call Not Found: Callname insert_infiSTARLog
[20:36:21:240501 --4:00] [Thread 5684] extDB2: SQL_CUSTOM_V2: Error No Custom Call Not Found: Input String insert_infiSTARLog:A3_EXILE_OCCUPATION:V65 (30-08-2016) [OCCUPATION LootCrates]   Creating crate 2 at drop zone [10447,8045.29,0] with 1 guards
[20:36:21:240552 --4:00] [Thread 5684] extDB2: SQL_CUSTOM_V2: Error No Custom Call Not Found: Callname insert_infiSTARLog
[20:36:22:725698 --4:00] [Thread 5684] extDB2: SQL_CUSTOM_V2: Error No Custom Call Not Found: Input String insert_infiSTARLog:A3_EXILE_OCCUPATION:V65 (30-08-2016) [OCCUPATION LootCrates]   Creating crate 3 at drop zone [8143.21,9012.39,0] with 2 guards
[20:36:22:725801 --4:00] [Thread 5684] extDB2: SQL_CUSTOM_V2: Error No Custom Call Not Found: Callname insert_infiSTARLog
[20:36:25:164058 --4:00] [Thread 5684] extDB2: SQL_CUSTOM_V2: Error No Custom Call Not Found: Input String insert_infiSTARLog:A3_EXILE_OCCUPATION:V65 (30-08-2016) [OCCUPATION LootCrates]   Creating crate 4 at drop zone [6094.77,4324.75,0] with 2 guards
[20:36:25:164089 --4:00] [Thread 5684] extDB2: SQL_CUSTOM_V2: Error No Custom Call Not Found: Callname insert_infiSTARLog
[20:36:27:706081 --4:00] [Thread 5684] extDB2: SQL_CUSTOM_V2: Error No Custom Call Not Found: Input String insert_infiSTARLog:A3_EXILE_OCCUPATION:V65 (30-08-2016) [OCCUPATION LootCrates]   Creating crate 5 at drop zone [6067.31,9296.81,0] with 2 guards
[20:36:27:706120 --4:00] [Thread 5684] extDB2: SQL_CUSTOM_V2: Error No Custom Call Not Found: Callname insert_infiSTARLog
[20:36:33:378585 --4:00] [Thread 5684] extDB2: SQL_CUSTOM_V2: Error No Custom Call Not Found: Input String insert_infiSTARLog:A3_EXILE_OCCUPATION:V65 (30-08-2016) [OCCUPATION LootCrates]   Creating crate 6 at drop zone [5506.97,9118.75,0] with 1 guards
[20:36:33:378637 --4:00] [Thread 5684] extDB2: SQL_CUSTOM_V2: Error No Custom Call Not Found: Callname insert_infiSTARLog
[20:36:34:850168 --4:00] [Thread 5684] extDB2: SQL_CUSTOM_V2: Error No Custom Call Not Found: Input String insert_infiSTARLog:A3_EXILE_PROCESSREPORTER:V65 (30-08-2016) =======================================================================================================
[20:36:34:850217 --4:00] [Thread 5684] extDB2: SQL_CUSTOM_V2: Error No Custom Call Not Found: Callname insert_infiSTARLog
[20:36:34:850306 --4:00] [Thread 5684] extDB2: SQL_CUSTOM_V2: Error No Custom Call Not Found: Input String insert_infiSTARLog:A3_EXILE_PROCESSREPORTER:V65 (30-08-2016) [processReporter] Started @ 303.098   [FPS  47.619|PLAYERS  1|THREADS  22]
[20:36:34:850325 --4:00] [Thread 5684] extDB2: SQL_CUSTOM_V2: Error No Custom Call Not Found: Callname insert_infiSTARLog
[20:36:34:850400 --4:00] [Thread 5684] extDB2: SQL_CUSTOM_V2: Error No Custom Call Not Found: Input String insert_infiSTARLog:A3_EXILE_PROCESSREPORTER:V65 (30-08-2016) =======================================================================================================
[20:36:34:850418 --4:00] [Thread 5684] extDB2: SQL_CUSTOM_V2: Error No Custom Call Not Found: Callname insert_infiSTARLog
[20:36:34:850563 --4:00] [Thread 5684] extDB2: SQL_CUSTOM_V2: Error No Custom Call Not Found: Input String insert_infiSTARLog:A3_EXILE_PROCESSREPORTER:V65 (30-08-2016) [processReporter] Process Counts  spawn-ed  8 execVM-ed  14 exec-ed  0 execFSM-ed  2
[20:36:34:850582 --4:00] [Thread 5684] extDB2: SQL_CUSTOM_V2: Error No Custom Call Not Found: Callname insert_infiSTARLog
[20:36:34:850685 --4:00] [Thread 5684] extDB2: SQL_CUSTOM_V2: Error No Custom Call Not Found: Input String insert_infiSTARLog:A3_EXILE_PROCESSREPORTER:V65 (30-08-2016) [processReporter] Active SQF  ["<spawn>","",true,5185] @ 303.098
[20:36:34:850704 --4:00] [Thread 5684] extDB2: SQL_CUSTOM_V2: Error No Custom Call Not Found: Callname insert_infiSTARLog
[20:36:34:850798 --4:00] [Thread 6872] extDB2: SQL_CUSTOM_V2: Error No Custom Call Not Found: Input String insert_infiSTARLog:A3_EXILE_PROCESSREPORTER:V65 (30-08-2016) [processReporter] Active SQF  ["mpmissions\__cur_mp.Tanoa\ground_fog.sqf","mpmissions\__cur_mp.Tanoa\ground_fog.sqf",true,4] @ 303.098
[20:36:34:850822 --4:00] [Thread 6872] extDB2: SQL_CUSTOM_V2: Error No Custom Call Not Found: Callname insert_infiSTARLog
[20:36:34:850840 --4:00] [Thread 5684] extDB2: SQL_CUSTOM_V2: Error No Custom Call Not Found: Input String insert_infiSTARLog:A3_EXILE_PROCESSREPORTER:V65 (30-08-2016) [processReporter] Active SQF  ["mpmissions\__cur_mp.Tanoa\IgiLoad\IgiLoadInit.sqf","mpmissions\__cur_mp.Tanoa\IgiLoad\IgiLoadInit.sqf",true,35] @ 303.098
[20:36:34:850856 --4:00] [Thread 5684] extDB2: SQL_CUSTOM_V2: Error No Custom Call Not Found: Callname insert_infiSTARLog
[20:36:34:850966 --4:00] [Thread 5684] extDB2: SQL_CUSTOM_V2: Error No Custom Call Not Found: Input String insert_infiSTARLog:A3_EXILE_PROCESSREPORTER:V65 (30-08-2016) [processReporter] Active SQF  ["mpmissions\__cur_mp.Tanoa\ToastIntro.sqf","mpmissions\__cur_mp.Tanoa\ToastIntro.sqf",true,6] @ 303.098
[20:36:34:850992 --4:00] [Thread 5684] extDB2: SQL_CUSTOM_V2: Error No Custom Call Not Found: Callname insert_infiSTARLog
[20:36:34:851123 --4:00] [Thread 5684] extDB2: SQL_CUSTOM_V2: Error No Custom Call Not Found: Input String insert_infiSTARLog:A3_EXILE_PROCESSREPORTER:V65 (30-08-2016) [processReporter] Active SQF  ["mpmissions\__cur_mp.Tanoa\custom\service\service_point.sqf","mpmissions\__cur_mp.Tanoa\custom\service\service_point.sqf",true,217] @ 303.098
[20:36:34:851141 --4:00] [Thread 5684] extDB2: SQL_CUSTOM_V2: Error No Custom Call Not Found: Callname insert_infiSTARLog
[20:36:34:851362 --4:00] [Thread 5684] extDB2: SQL_CUSTOM_V2: Error No Custom Call Not Found: Input String insert_infiSTARLog:A3_EXILE_PROCESSREPORTER:V65 (30-08-2016) [processReporter] Active SQF  ["<spawn>","",true,78] @ 303.098
[20:36:34:851382 --4:00] [Thread 5684] extDB2: SQL_CUSTOM_V2: Error No Custom Call Not Found: Callname insert_infiSTARLog
[20:36:34:851503 --4:00] [Thread 5684] extDB2: SQL_CUSTOM_V2: Error No Custom Call Not Found: Input String insert_infiSTARLog:A3_EXILE_PROCESSREPORTER:V65 (30-08-2016) [processReporter] Active SQF  ["<spawn>","",true,25] @ 303.098
[20:36:34:851523 --4:00] [Thread 5684] extDB2: SQL_CUSTOM_V2: Error No Custom Call Not Found: Callname insert_infiSTARLog
[20:36:34:851558 --4:00] [Thread 5684] extDB2: SQL_CUSTOM_V2: Error No Custom Call Not Found: Input String insert_infiSTARLog:A3_EXILE_PROCESSREPORTER:V65 (30-08-2016) [processReporter] Active SQF  ["DMS_fnc_HeliParatroopers_Monitor","x\addons\a3_exile_occupation\scripts\extras\processReporter.sqf",true,25] @ 303.098
[20:36:34:851577 --4:00] [Thread 5684] extDB2: SQL_CUSTOM_V2: Error No Custom Call Not Found: Callname insert_infiSTARLog
[20:36:34:851722 --4:00] [Thread 5684] extDB2: SQL_CUSTOM_V2: Error No Custom Call Not Found: Input String insert_infiSTARLog:A3_EXILE_PROCESSREPORTER:V65 (30-08-2016) [processReporter] Active SQF  ["A3\Structures_F_Mark\Training\Scripts\Target_Swivel_01_F_init.sqf","A3\Structures_F_Mark\Training\Scripts\Target_Swivel_01_F_init.sqf",true,153] @ 303.098
[20:36:34:851740 --4:00] [Thread 5684] extDB2: SQL_CUSTOM_V2: Error No Custom Call Not Found: Callname insert_infiSTARLog
[20:36:34:851778 --4:00] [Thread 5684] extDB2: SQL_CUSTOM_V2: Error No Custom Call Not Found: Input String insert_infiSTARLog:A3_EXILE_PROCESSREPORTER:V65 (30-08-2016) [processReporter] Active SQF  ["A3\Structures_F_Mark\Training\Scripts\Target_Swivel_01_F_init.sqf","A3\Structures_F_Mark\Training\Scripts\Target_Swivel_01_F_init.sqf",true,153] @ 303.098
[20:36:34:851792 --4:00] [Thread 5684] extDB2: SQL_CUSTOM_V2: Error No Custom Call Not Found: Callname insert_infiSTARLog
[20:36:34:851884 --4:00] [Thread 5684] extDB2: SQL_CUSTOM_V2: Error No Custom Call Not Found: Input String insert_infiSTARLog:A3_EXILE_PROCESSREPORTER:V65 (30-08-2016) [processReporter] Active SQF  ["A3\Structures_F_Mark\Training\Scripts\Target_Swivel_01_F_init.sqf","A3\Structures_F_Mark\Training\Scripts\Target_Swivel_01_F_init.sqf",true,153] @ 303.098
[20:36:34:851894 --4:00] [Thread 5684] extDB2: SQL_CUSTOM_V2: Error No Custom Call Not Found: Callname insert_infiSTARLog
[20:36:34:852005 --4:00] [Thread 5684] extDB2: SQL_CUSTOM_V2: Error No Custom Call Not Found: Input String insert_infiSTARLog:A3_EXILE_PROCESSREPORTER:V65 (30-08-2016) [processReporter] Active SQF  ["A3\Structures_F_Mark\Training\Scripts\Target_Swivel_01_F_init.sqf","A3\Structures_F_Mark\Training\Scripts\Target_Swivel_01_F_init.sqf",true,153] @ 303.098
[20:36:34:852015 --4:00] [Thread 5684] extDB2: SQL_CUSTOM_V2: Error No Custom Call Not Found: Callname insert_infiSTARLog
[20:36:34:852186 --4:00] [Thread 5684] extDB2: SQL_CUSTOM_V2: Error No Custom Call Not Found: Input String insert_infiSTARLog:A3_EXILE_PROCESSREPORTER:V65 (30-08-2016) [processReporter] Active SQF  ["A3\Structures_F_Mark\Training\Scripts\Target_Swivel_01_F_init.sqf","A3\Structures_F_Mark\Training\Scripts\Target_Swivel_01_F_init.sqf",true,153] @ 303.098
[20:36:34:852247 --4:00] [Thread 5684] extDB2: SQL_CUSTOM_V2: Error No Custom Call Not Found: Callname insert_infiSTARLog
[20:36:34:852370 --4:00] [Thread 5684] extDB2: SQL_CUSTOM_V2: Error No Custom Call Not Found: Input String insert_infiSTARLog:A3_EXILE_PROCESSREPORTER:V65 (30-08-2016) [processReporter] Active SQF  ["A3\Structures_F_Mark\Training\Scripts\Target_Swivel_01_F_init.sqf","A3\Structures_F_Mark\Training\Scripts\Target_Swivel_01_F_init.sqf",true,153] @ 303.098
[20:36:34:852381 --4:00] [Thread 5684] extDB2: SQL_CUSTOM_V2: Error No Custom Call Not Found: Callname insert_infiSTARLog
[20:36:34:852552 --4:00] [Thread 5684] extDB2: SQL_CUSTOM_V2: Error No Custom Call Not Found: Input String insert_infiSTARLog:A3_EXILE_PROCESSREPORTER:V65 (30-08-2016) [processReporter] Active SQF  ["A3\Structures_F_Mark\Training\Scripts\Target_Swivel_01_F_init.sqf","A3\Structures_F_Mark\Training\Scripts\Target_Swivel_01_F_init.sqf",true,153] @ 303.098
[20:36:34:852562 --4:00] [Thread 5684] extDB2: SQL_CUSTOM_V2: Error No Custom Call Not Found: Callname insert_infiSTARLog
[20:36:34:852739 --4:00] [Thread 5684] extDB2: SQL_CUSTOM_V2: Error No Custom Call Not Found: Input String insert_infiSTARLog:A3_EXILE_PROCESSREPORTER:V65 (30-08-2016) [processReporter] Active SQF  ["mpmissions\__cur_mp.Tanoa\JohnO_fnc_storm.sqf","mpmissions\__cur_mp.Tanoa\JohnO_fnc_storm.sqf",true,103] @ 303.098
[20:36:34:852749 --4:00] [Thread 5684] extDB2: SQL_CUSTOM_V2: Error No Custom Call Not Found: Callname insert_infiSTARLog
[20:36:34:869553 --4:00] [Thread 5684] extDB2: SQL_CUSTOM_V2: Error No Custom Call Not Found: Input String insert_infiSTARLog:A3_EXILE_PROCESSREPORTER:V65 (30-08-2016) [processReporter] Active SQF  ["Zombie Brains","ryanzombies\zombie.sqf",true,137] @ 303.098
[20:36:34:869594 --4:00] [Thread 5684] extDB2: SQL_CUSTOM_V2: Error No Custom Call Not Found: Callname insert_infiSTARLog
[20:36:34:869753 --4:00] [Thread 5684] extDB2: SQL_CUSTOM_V2: Error No Custom Call Not Found: Input String insert_infiSTARLog:A3_EXILE_PROCESSREPORTER:V65 (30-08-2016) [processReporter] Active SQF  ["<spawn>","mpmissions\__cur_mp.Tanoa\ExAdClient\HaloParachute\postInit.sqf",true,32] @ 303.119
[20:36:34:869783 --4:00] [Thread 5684] extDB2: SQL_CUSTOM_V2: Error No Custom Call Not Found: Callname insert_infiSTARLog
[20:36:34:869895 --4:00] [Thread 5684] extDB2: SQL_CUSTOM_V2: Error No Custom Call Not Found: Input String insert_infiSTARLog:A3_EXILE_PROCESSREPORTER:V65 (30-08-2016) [processReporter] Active SQF  ["<spawn>","mpmissions\__cur_mp.Tanoa\ExadClient\XM8\Apps\CHVD\config.sqf",true,47] @ 303.119
[20:36:34:869914 --4:00] [Thread 5684] extDB2: SQL_CUSTOM_V2: Error No Custom Call Not Found: Callname insert_infiSTARLog
[20:36:34:870000 --4:00] [Thread 5684] extDB2: SQL_CUSTOM_V2: Error No Custom Call Not Found: Input String insert_infiSTARLog:A3_EXILE_PROCESSREPORTER:V65 (30-08-2016) [processReporter] Active SQF  ["<spawn>","mpmissions\__cur_mp.Tanoa\ExAdClient\StatsBar\postInit.sqf",true,144] @ 303.119
[20:36:34:870019 --4:00] [Thread 5684] extDB2: SQL_CUSTOM_V2: Error No Custom Call Not Found: Callname insert_infiSTARLog
[20:36:34:870109 --4:00] [Thread 5684] extDB2: SQL_CUSTOM_V2: Error No Custom Call Not Found: Input String insert_infiSTARLog:A3_EXILE_PROCESSREPORTER:V65 (30-08-2016) [processReporter] Active SQF  ["BIS_fnc_sortNum","x\addons\a3_exile_occupation\scripts\startOccupation.sqf",true,85] @ 303.119
[20:36:34:870128 --4:00] [Thread 5684] extDB2: SQL_CUSTOM_V2: Error No Custom Call Not Found: Callname insert_infiSTARLog
[20:36:34:870210 --4:00] [Thread 5684] extDB2: SQL_CUSTOM_V2: Error No Custom Call Not Found: Input String insert_infiSTARLog:A3_EXILE_PROCESSREPORTER:V65 (30-08-2016) [processReporter] Active SQF  ["<spawn>","mpmissions\__cur_mp.Tanoa\IgiLoad\IgiLoadTaru.sqf",true,467] @ 303.119
[20:36:34:870229 --4:00] [Thread 5684] extDB2: SQL_CUSTOM_V2: Error No Custom Call Not Found: Callname insert_infiSTARLog
[20:36:34:870336 --4:00] [Thread 5684] extDB2: SQL_CUSTOM_V2: Error No Custom Call Not Found: Input String insert_infiSTARLog:A3_EXILE_PROCESSREPORTER:V65 (30-08-2016) [processReporter] Active FSM  ["main.fsm","Wait",-303.119] @ 303.119
[20:36:34:870358 --4:00] [Thread 5684] extDB2: SQL_CUSTOM_V2: Error No Custom Call Not Found: Callname insert_infiSTARLog
[20:36:34:870488 --4:00] [Thread 5684] extDB2: SQL_CUSTOM_V2: Error No Custom Call Not Found: Input String insert_infiSTARLog:A3_EXILE_PROCESSREPORTER:V65 (30-08-2016) [processReporter] Active FSM  ["missions","Waiting",-303.119] @ 303.119
[20:36:34:870517 --4:00] [Thread 5684] extDB2: SQL_CUSTOM_V2: Error No Custom Call Not Found: Callname insert_infiSTARLog
[20:36:34:870587 --4:00] [Thread 5684] extDB2: SQL_CUSTOM_V2: Error No Custom Call Not Found: Input String insert_infiSTARLog:A3_EXILE_PROCESSREPORTER:V65 (30-08-2016) [processReporter] Ended @ 303.119
[20:36:34:870599 --4:00] [Thread 5684] extDB2: SQL_CUSTOM_V2: Error No Custom Call Not Found: Callname insert_infiSTARLog
[20:36:48:431845 --4:00] [Thread 5684] extDB2: SQL_CUSTOM_V2: Error No Custom Call Not Found: Input String insert_infiSTARLog:A3_EXILE_OCCUPATION:V65 (30-08-2016) [OCCUPATION HeliCrashes]  Initialised at 316.657
[20:36:48:431883 --4:00] [Thread 5684] extDB2: SQL_CUSTOM_V2: Error No Custom Call Not Found: Callname insert_infiSTARLog
[20:36:48:451411 --4:00] [Thread 5684] extDB2: SQL_CUSTOM_V2: Error No Custom Call Not Found: Input String insert_infiSTARLog:A3_EXILE_OCCUPATION:V65 (30-08-2016) [OCCUPATION HeliCrashes]   worldname  Tanoa crashes to spawn  5
[20:36:48:451452 --4:00] [Thread 5684] extDB2: SQL_CUSTOM_V2: Error No Custom Call Not Found: Callname insert_infiSTARLog
[20:36:49:778118 --4:00] [Thread 5684] extDB2: SQL_CUSTOM_V2: Error No Custom Call Not Found: Input String insert_infiSTARLog:A3_EXILE_OCCUPATION:V65 (30-08-2016) [OCCUPATION HeliCrashes] Crash 1   Location [7013.96,12611,0]
[20:36:49:778159 --4:00] [Thread 5684] extDB2: SQL_CUSTOM_V2: Error No Custom Call Not Found: Callname insert_infiSTARLog
[20:36:50:004040 --4:00] [Thread 5684] extDB2: SQL_CUSTOM_V2: Error No Custom Call Not Found: Input String insert_infiSTARLog:A3_EXILE_OCCUPATION:V65 (30-08-2016) [OCCUPATION FastNights]   Current in game time is 15 35 multipler is 4
[20:36:50:004077 --4:00] [Thread 5684] extDB2: SQL_CUSTOM_V2: Error No Custom Call Not Found: Callname insert_infiSTARLog
[20:36:51:264989 --4:00] [Thread 5684] extDB2: SQL_CUSTOM_V2: Error No Custom Call Not Found: Input String insert_infiSTARLog:A3_EXILE_OCCUPATION:V65 (30-08-2016) [OCCUPATION HeliCrashes] Crash 2   Location [7952.83,8487.77,0]
[20:36:51:265021 --4:00] [Thread 5684] extDB2: SQL_CUSTOM_V2: Error No Custom Call Not Found: Callname insert_infiSTARLog
[20:36:52:647786 --4:00] [Thread 5684] extDB2: SQL_CUSTOM_V2: Error No Custom Call Not Found: Input String insert_infiSTARLog:A3_EXILE_OCCUPATION:V65 (30-08-2016) [OCCUPATION HeliCrashes] Crash 3   Location [13278.8,11362.2,0]
[20:36:52:647829 --4:00] [Thread 5684] extDB2: SQL_CUSTOM_V2: Error No Custom Call Not Found: Callname insert_infiSTARLog
[20:36:54:037257 --4:00] [Thread 5684] extDB2: SQL_CUSTOM_V2: Error No Custom Call Not Found: Input String insert_infiSTARLog:A3_EXILE_OCCUPATION:V65 (30-08-2016) [OCCUPATION HeliCrashes] Crash 4   Location [10646.9,13079.6,0]
[20:36:54:037293 --4:00] [Thread 5684] extDB2: SQL_CUSTOM_V2: Error No Custom Call Not Found: Callname insert_infiSTARLog
[20:36:56:378429 --4:00] [Thread 5684] extDB2: SQL_CUSTOM_V2: Error No Custom Call Not Found: Input String insert_infiSTARLog:A3_EXILE_OCCUPATION:V65 (30-08-2016) [OCCUPATION HeliCrashes] Crash 5   Location [2428.88,9223.18,0]
[20:36:56:378468 --4:00] [Thread 5684] extDB2: SQL_CUSTOM_V2: Error No Custom Call Not Found: Callname insert_infiSTARLog
[20:37:00:015921 --4:00] [Thread 5684] extDB2: SQL_CUSTOM_V2: Error No Custom Call Not Found: Input String insert_infiSTARLog:A3_EXILE_OCCUPATION:V65 (30-08-2016) [OCCUPATION RandomSpawn]  Starting Occupation Monitor @ 328.241
[20:37:00:016016 --4:00] [Thread 5684] extDB2: SQL_CUSTOM_V2: Error No Custom Call Not Found: Callname insert_infiSTARLog
[20:37:35:377969 --4:00] [Thread 5684] extDB2: SQL_CUSTOM_V2: Error No Custom Call Not Found: Input String insert_infiSTARLog:A3_EXILE_PROCESSREPORTER:V65 (30-08-2016) =======================================================================================================
[20:37:35:378010 --4:00] [Thread 5684] extDB2: SQL_CUSTOM_V2: Error No Custom Call Not Found: Callname insert_infiSTARLog
[20:37:35:378126 --4:00] [Thread 5684] extDB2: SQL_CUSTOM_V2: Error No Custom Call Not Found: Input String insert_infiSTARLog:A3_EXILE_PROCESSREPORTER:V65 (30-08-2016) [processReporter] Started @ 363.228   [FPS  47.1976|PLAYERS  1|THREADS  21]
[20:37:35:378136 --4:00] [Thread 5684] extDB2: SQL_CUSTOM_V2: Error No Custom Call Not Found: Callname insert_infiSTARLog
[20:37:35:378270 --4:00] [Thread 5684] extDB2: SQL_CUSTOM_V2: Error No Custom Call Not Found: Input String insert_infiSTARLog:A3_EXILE_PROCESSREPORTER:V65 (30-08-2016) =======================================================================================================
[20:37:35:378281 --4:00] [Thread 5684] extDB2: SQL_CUSTOM_V2: Error No Custom Call Not Found: Callname insert_infiSTARLog
[20:37:35:378401 --4:00] [Thread 5684] extDB2: SQL_CUSTOM_V2: Error No Custom Call Not Found: Input String insert_infiSTARLog:A3_EXILE_PROCESSREPORTER:V65 (30-08-2016) [processReporter] Process Counts  spawn-ed  8 execVM-ed  13 exec-ed  0 execFSM-ed  2
[20:37:35:378411 --4:00] [Thread 5684] extDB2: SQL_CUSTOM_V2: Error No Custom Call Not Found: Callname insert_infiSTARLog
[20:37:35:396906 --4:00] [Thread 5684] extDB2: SQL_CUSTOM_V2: Error No Custom Call Not Found: Input String insert_infiSTARLog:A3_EXILE_PROCESSREPORTER:V65 (30-08-2016) [processReporter] Active SQF  ["<spawn>","",true,5185] @ 363.249
[20:37:35:396938 --4:00] [Thread 5684] extDB2: SQL_CUSTOM_V2: Error No Custom Call Not Found: Callname insert_infiSTARLog
[20:37:35:397005 --4:00] [Thread 5684] extDB2: SQL_CUSTOM_V2: Error No Custom Call Not Found: Input String insert_infiSTARLog:A3_EXILE_PROCESSREPORTER:V65 (30-08-2016) [processReporter] Active SQF  ["mpmissions\__cur_mp.Tanoa\ground_fog.sqf","mpmissions\__cur_mp.Tanoa\ground_fog.sqf",true,4] @ 363.249
[20:37:35:397015 --4:00] [Thread 5684] extDB2: SQL_CUSTOM_V2: Error No Custom Call Not Found: Callname insert_infiSTARLog
[20:37:35:397110 --4:00] [Thread 5684] extDB2: SQL_CUSTOM_V2: Error No Custom Call Not Found: Input String insert_infiSTARLog:A3_EXILE_PROCESSREPORTER:V65 (30-08-2016) [processReporter] Active SQF  ["mpmissions\__cur_mp.Tanoa\IgiLoad\IgiLoadInit.sqf","mpmissions\__cur_mp.Tanoa\IgiLoad\IgiLoadInit.sqf",true,35] @ 363.249
[20:37:35:397120 --4:00] [Thread 5684] extDB2: SQL_CUSTOM_V2: Error No Custom Call Not Found: Callname insert_infiSTARLog
[20:37:35:397238 --4:00] [Thread 5684] extDB2: SQL_CUSTOM_V2: Error No Custom Call Not Found: Input String insert_infiSTARLog:A3_EXILE_PROCESSREPORTER:V65 (30-08-2016) [processReporter] Active SQF  ["mpmissions\__cur_mp.Tanoa\ToastIntro.sqf","mpmissions\__cur_mp.Tanoa\ToastIntro.sqf",true,6] @ 363.249
[20:37:35:397253 --4:00] [Thread 5684] extDB2: SQL_CUSTOM_V2: Error No Custom Call Not Found: Callname insert_infiSTARLog
[20:37:35:397432 --4:00] [Thread 5684] extDB2: SQL_CUSTOM_V2: Error No Custom Call Not Found: Input String insert_infiSTARLog:A3_EXILE_PROCESSREPORTER:V65 (30-08-2016) [processReporter] Active SQF  ["mpmissions\__cur_mp.Tanoa\custom\service\service_point.sqf","mpmissions\__cur_mp.Tanoa\custom\service\service_point.sqf",true,217] @ 363.249
[20:37:35:397444 --4:00] [Thread 5684] extDB2: SQL_CUSTOM_V2: Error No Custom Call Not Found: Callname insert_infiSTARLog
[20:37:35:397535 --4:00] [Thread 5684] extDB2: SQL_CUSTOM_V2: Error No Custom Call Not Found: Input String insert_infiSTARLog:A3_EXILE_PROCESSREPORTER:V65 (30-08-2016) [processReporter] Active SQF  ["<spawn>","",true,78] @ 363.249
[20:37:35:397545 --4:00] [Thread 5684] extDB2: SQL_CUSTOM_V2: Error No Custom Call Not Found: Callname insert_infiSTARLog
[20:37:35:397637 --4:00] [Thread 5684] extDB2: SQL_CUSTOM_V2: Error No Custom Call Not Found: Input String insert_infiSTARLog:A3_EXILE_PROCESSREPORTER:V65 (30-08-2016) [processReporter] Active SQF  ["<spawn>","",true,25] @ 363.249
[20:37:35:397652 --4:00] [Thread 5684] extDB2: SQL_CUSTOM_V2: Error No Custom Call Not Found: Callname insert_infiSTARLog
[20:37:35:397736 --4:00] [Thread 5684] extDB2: SQL_CUSTOM_V2: Error No Custom Call Not Found: Input String insert_infiSTARLog:A3_EXILE_PROCESSREPORTER:V65 (30-08-2016) [processReporter] Active SQF  ["DMS_fnc_HeliParatroopers_Monitor","x\addons\a3_exile_occupation\scripts\extras\processReporter.sqf",true,25] @ 363.249
[20:37:35:397745 --4:00] [Thread 5684] extDB2: SQL_CUSTOM_V2: Error No Custom Call Not Found: Callname insert_infiSTARLog
[20:37:35:397944 --4:00] [Thread 5684] extDB2: SQL_CUSTOM_V2: Error No Custom Call Not Found: Input String insert_infiSTARLog:A3_EXILE_PROCESSREPORTER:V65 (30-08-2016) [processReporter] Active SQF  ["A3\Structures_F_Mark\Training\Scripts\Target_Swivel_01_F_init.sqf","A3\Structures_F_Mark\Training\Scripts\Target_Swivel_01_F_init.sqf",true,153] @ 363.249
[20:37:35:397954 --4:00] [Thread 5684] extDB2: SQL_CUSTOM_V2: Error No Custom Call Not Found: Callname insert_infiSTARLog
[20:37:35:398052 --4:00] [Thread 5684] extDB2: SQL_CUSTOM_V2: Error No Custom Call Not Found: Input String insert_infiSTARLog:A3_EXILE_PROCESSREPORTER:V65 (30-08-2016) [processReporter] Active SQF  ["A3\Structures_F_Mark\Training\Scripts\Target_Swivel_01_F_init.sqf","A3\Structures_F_Mark\Training\Scripts\Target_Swivel_01_F_init.sqf",true,153] @ 363.249
[20:37:35:398061 --4:00] [Thread 5684] extDB2: SQL_CUSTOM_V2: Error No Custom Call Not Found: Callname insert_infiSTARLog
[20:37:35:398154 --4:00] [Thread 5684] extDB2: SQL_CUSTOM_V2: Error No Custom Call Not Found: Input String insert_infiSTARLog:A3_EXILE_PROCESSREPORTER:V65 (30-08-2016) [processReporter] Active SQF  ["A3\Structures_F_Mark\Training\Scripts\Target_Swivel_01_F_init.sqf","A3\Structures_F_Mark\Training\Scripts\Target_Swivel_01_F_init.sqf",true,153] @ 363.249
[20:37:35:398164 --4:00] [Thread 5684] extDB2: SQL_CUSTOM_V2: Error No Custom Call Not Found: Callname insert_infiSTARLog
[20:37:35:398258 --4:00] [Thread 5684] extDB2: SQL_CUSTOM_V2: Error No Custom Call Not Found: Input String insert_infiSTARLog:A3_EXILE_PROCESSREPORTER:V65 (30-08-2016) [processReporter] Active SQF  ["A3\Structures_F_Mark\Training\Scripts\Target_Swivel_01_F_init.sqf","A3\Structures_F_Mark\Training\Scripts\Target_Swivel_01_F_init.sqf",true,153] @ 363.249
[20:37:35:398267 --4:00] [Thread 5684] extDB2: SQL_CUSTOM_V2: Error No Custom Call Not Found: Callname insert_infiSTARLog
[20:37:35:398365 --4:00] [Thread 5684] extDB2: SQL_CUSTOM_V2: Error No Custom Call Not Found: Input String insert_infiSTARLog:A3_EXILE_PROCESSREPORTER:V65 (30-08-2016) [processReporter] Active SQF  ["A3\Structures_F_Mark\Training\Scripts\Target_Swivel_01_F_init.sqf","A3\Structures_F_Mark\Training\Scripts\Target_Swivel_01_F_init.sqf",true,153] @ 363.249
[20:37:35:398374 --4:00] [Thread 5684] extDB2: SQL_CUSTOM_V2: Error No Custom Call Not Found: Callname insert_infiSTARLog
[20:37:35:398468 --4:00] [Thread 5684] extDB2: SQL_CUSTOM_V2: Error No Custom Call Not Found: Input String insert_infiSTARLog:A3_EXILE_PROCESSREPORTER:V65 (30-08-2016) [processReporter] Active SQF  ["A3\Structures_F_Mark\Training\Scripts\Target_Swivel_01_F_init.sqf","A3\Structures_F_Mark\Training\Scripts\Target_Swivel_01_F_init.sqf",true,153] @ 363.249
[20:37:35:398478 --4:00] [Thread 5684] extDB2: SQL_CUSTOM_V2: Error No Custom Call Not Found: Callname insert_infiSTARLog
[20:37:35:398643 --4:00] [Thread 5684] extDB2: SQL_CUSTOM_V2: Error No Custom Call Not Found: Input String insert_infiSTARLog:A3_EXILE_PROCESSREPORTER:V65 (30-08-2016) [processReporter] Active SQF  ["A3\Structures_F_Mark\Training\Scripts\Target_Swivel_01_F_init.sqf","A3\Structures_F_Mark\Training\Scripts\Target_Swivel_01_F_init.sqf",true,153] @ 363.249
[20:37:35:398676 --4:00] [Thread 5684] extDB2: SQL_CUSTOM_V2: Error No Custom Call Not Found: Callname insert_infiSTARLog
[20:37:35:398785 --4:00] [Thread 5684] extDB2: SQL_CUSTOM_V2: Error No Custom Call Not Found: Input String insert_infiSTARLog:A3_EXILE_PROCESSREPORTER:V65 (30-08-2016) [processReporter] Active SQF  ["mpmissions\__cur_mp.Tanoa\JohnO_fnc_storm.sqf","mpmissions\__cur_mp.Tanoa\JohnO_fnc_storm.sqf",true,103] @ 363.249
[20:37:35:398808 --4:00] [Thread 5684] extDB2: SQL_CUSTOM_V2: Error No Custom Call Not Found: Callname insert_infiSTARLog
[20:37:35:399045 --4:00] [Thread 5684] extDB2: SQL_CUSTOM_V2: Error No Custom Call Not Found: Input String insert_infiSTARLog:A3_EXILE_PROCESSREPORTER:V65 (30-08-2016) [processReporter] Active SQF  ["<spawn>","mpmissions\__cur_mp.Tanoa\ExAdClient\HaloParachute\postInit.sqf",true,32] @ 363.249
[20:37:35:399062 --4:00] [Thread 5684] extDB2: SQL_CUSTOM_V2: Error No Custom Call Not Found: Callname insert_infiSTARLog
[20:37:35:399145 --4:00] [Thread 5684] extDB2: SQL_CUSTOM_V2: Error No Custom Call Not Found: Input String insert_infiSTARLog:A3_EXILE_PROCESSREPORTER:V65 (30-08-2016) [processReporter] Active SQF  ["<spawn>","mpmissions\__cur_mp.Tanoa\ExadClient\XM8\Apps\CHVD\config.sqf",true,47] @ 363.249
[20:37:35:399155 --4:00] [Thread 5684] extDB2: SQL_CUSTOM_V2: Error No Custom Call Not Found: Callname insert_infiSTARLog
[20:37:35:399250 --4:00] [Thread 5684] extDB2: SQL_CUSTOM_V2: Error No Custom Call Not Found: Input String insert_infiSTARLog:A3_EXILE_PROCESSREPORTER:V65 (30-08-2016) [processReporter] Active SQF  ["<spawn>","mpmissions\__cur_mp.Tanoa\ExAdClient\StatsBar\postInit.sqf",true,144] @ 363.249
[20:37:35:399264 --4:00] [Thread 5684] extDB2: SQL_CUSTOM_V2: Error No Custom Call Not Found: Callname insert_infiSTARLog
[20:37:35:399427 --4:00] [Thread 5684] extDB2: SQL_CUSTOM_V2: Error No Custom Call Not Found: Input String insert_infiSTARLog:A3_EXILE_PROCESSREPORTER:V65 (30-08-2016) [processReporter] Active SQF  ["BIS_fnc_sortNum","x\addons\a3_exile_occupation\scripts\startOccupation.sqf",true,119] @ 363.249
[20:37:35:399437 --4:00] [Thread 5684] extDB2: SQL_CUSTOM_V2: Error No Custom Call Not Found: Callname insert_infiSTARLog
[20:37:35:399526 --4:00] [Thread 5684] extDB2: SQL_CUSTOM_V2: Error No Custom Call Not Found: Input String insert_infiSTARLog:A3_EXILE_PROCESSREPORTER:V65 (30-08-2016) [processReporter] Active SQF  ["<spawn>","mpmissions\__cur_mp.Tanoa\IgiLoad\IgiLoadTaru.sqf",true,467] @ 363.249
[20:37:35:399535 --4:00] [Thread 5684] extDB2: SQL_CUSTOM_V2: Error No Custom Call Not Found: Callname insert_infiSTARLog
[20:37:35:415937 --4:00] [Thread 5684] extDB2: SQL_CUSTOM_V2: Error No Custom Call Not Found: Input String insert_infiSTARLog:A3_EXILE_PROCESSREPORTER:V65 (30-08-2016) [processReporter] Active FSM  ["main.fsm","Wait",-363.249] @ 363.249
[20:37:35:415980 --4:00] [Thread 5684] extDB2: SQL_CUSTOM_V2: Error No Custom Call Not Found: Callname insert_infiSTARLog
[20:37:35:416071 --4:00] [Thread 5684] extDB2: SQL_CUSTOM_V2: Error No Custom Call Not Found: Input String insert_infiSTARLog:A3_EXILE_PROCESSREPORTER:V65 (30-08-2016) [processReporter] Active FSM  ["missions","Waiting",-363.249] @ 363.269
[20:37:35:416082 --4:00] [Thread 5684] extDB2: SQL_CUSTOM_V2: Error No Custom Call Not Found: Callname insert_infiSTARLog
[20:37:35:416177 --4:00] [Thread 5684] extDB2: SQL_CUSTOM_V2: Error No Custom Call Not Found: Input String insert_infiSTARLog:A3_EXILE_PROCESSREPORTER:V65 (30-08-2016) [processReporter] Ended @ 363.269
[20:37:35:416187 --4:00] [Thread 5684] extDB2: SQL_CUSTOM_V2: Error No Custom Call Not Found: Callname insert_infiSTARLog
[20:37:50:432303 --4:00] [Thread 5684] extDB2: SQL_CUSTOM_V2: Error No Custom Call Not Found: Input String insert_infiSTARLog:A3_EXILE_OCCUPATION:V65 (30-08-2016) [OCCUPATION FastNights]   Current in game time is 15 39 multipler is 4
[20:37:50:432349 --4:00] [Thread 5684] extDB2: SQL_CUSTOM_V2: Error No Custom Call Not Found: Callname insert_infiSTARLog
[20:37:56:643223 --4:00] [Thread 5684] extDB2: SQL_CUSTOM_V2: Error No Custom Call Not Found: Input String insert_infiSTARLog:A3_EXILE_OCCUPATION:V65 (30-08-2016) [OCCUPATION transport]  Starting @ 384.496
[20:37:56:643275 --4:00] [Thread 5684] extDB2: SQL_CUSTOM_V2: Error No Custom Call Not Found: Callname insert_infiSTARLog
[20:37:56:958838 --4:00] [Thread 5684] extDB2: SQL_CUSTOM_V2: Error No Custom Call Not Found: Input String insert_infiSTARLog:A3_EXILE_OCCUPATION:V65 (30-08-2016) [OCCUPATION transport] Vehicle Exile_Chopper_Orca_BlackCustom spawned @ [7680,7680,200]
[20:37:56:958892 --4:00] [Thread 5684] extDB2: SQL_CUSTOM_V2: Error No Custom Call Not Found: Callname insert_infiSTARLog
[20:37:56:959007 --4:00] [Thread 5684] extDB2: SQL_CUSTOM_V2: Error No Custom Call Not Found: Input String insert_infiSTARLog:A3_EXILE_OCCUPATION:V65 (30-08-2016) [OCCUPATION transport]  Found 14 markers to use as pickup points @ 384.811
[20:37:56:959026 --4:00] [Thread 5684] extDB2: SQL_CUSTOM_V2: Error No Custom Call Not Found: Callname insert_infiSTARLog
[20:37:56:959102 --4:00] [Thread 5684] extDB2: SQL_CUSTOM_V2: Error No Custom Call Not Found: Input String insert_infiSTARLog:A3_EXILE_OCCUPATION:V65 (30-08-2016) [OCCUPATION transport]  textures for vehicle are  ["a3\air_f_heli\heli_light_02\data\heli_light_02_ext_opfor_v2_co.paa"]
[20:37:56:959120 --4:00] [Thread 5684] extDB2: SQL_CUSTOM_V2: Error No Custom Call Not Found: Callname insert_infiSTARLog
[20:38:00:506621 --4:00] [Thread 5684] extDB2: SQL_CUSTOM_V2: Error No Custom Call Not Found: Input String insert_infiSTARLog:A3_EXILE_OCCUPATION:V65 (30-08-2016) [OCCUPATION RandomSpawn]  Starting Occupation Monitor @ 388.359
[20:38:00:506657 --4:00] [Thread 5684] extDB2: SQL_CUSTOM_V2: Error No Custom Call Not Found: Callname insert_infiSTARLog
[20:38:11:636580 --4:00] [Thread 5684] extDB2: SQL_CUSTOM_V2: Error No Custom Call Not Found: Input String insert_infiSTARLog:A3_EXILE_OCCUPATION:V65 (30-08-2016) [OCCUPATION]  threads added at 399.489
[20:38:11:636628 --4:00] [Thread 5684] extDB2: SQL_CUSTOM_V2: Error No Custom Call Not Found: Callname insert_infiSTARLog
[20:38:43:174939 --4:00] [Thread 5864] extDB2: Stopping ...
