extDB2: Version: 70
extDB2: https://github.com/Torndeco/extDB2
extDB2: Windows Version
Message: All development for extDB2 is done on a Linux Dedicated Server
Message: If you would like to Donate to extDB2 Development
Message: https://www.paypal.com/cgi-bin/webscr?cmd=_s-xclick&hosted_button_id=2SUEFTGABTAM2
Message: Also leave a message if there is any particular feature you would like to see added.
Message: Thanks for all the people that have donated.
Message: Torndeco: 20/02/15


extDB2: Found extdb-conf.ini
extDB2: Detected 24 Cores, Setting up 6 Worker Threads


[16:14:20:083296 --4:00] [Thread 17760] extDB2: Database Type: MySQL
[16:14:20:096540 --4:00] [Thread 17760] extDB2: Database Session Pool Started
[16:14:20:098947 --4:00] [Thread 17760] extDB2: SQL_CUSTOM_V2: Loading Template Filename: C:\Servers\EXILE\steamapps\common\Arma 3 Server\extDB\sql_custom_v2\exile.ini
[16:14:20:099094 --4:00] [Thread 17760] extDB2: SQL_CUSTOM_V2: Version 12 Detected, Latest Version 12 Available
[16:14:20:988066 --4:00] [Thread 17300] extDB2: SQL_CUSTOM_V2: Error No Custom Call Not Found: Input String insert_infiSTARLog:CONNECTLOG:infiSTAR_PlayerConnected_id  1
[16:14:20:988100 --4:00] [Thread 17300] extDB2: SQL_CUSTOM_V2: Error No Custom Call Not Found: Callname insert_infiSTARLog
[16:14:20:991101 --4:00] [Thread 17300] extDB2: SQL_CUSTOM_V2: Error No Custom Call Not Found: Input String insert_infiSTARLog:CONNECTLOG:infiSTAR_PlayerDisconnected_id  0
[16:14:20:991116 --4:00] [Thread 17300] extDB2: SQL_CUSTOM_V2: Error No Custom Call Not Found: Callname insert_infiSTARLog
[16:14:20:991714 --4:00] [Thread 17300] extDB2: SQL_CUSTOM_V2: Error No Custom Call Not Found: Input String insert_infiSTARLog:SERVER_INFO:[SERVER START] TIME  0 || EMAIL  justinbowers@live.com || VERSION  09-Jan-2017 02-25-58 - v0070 || Local Server Time  [2017,1,29,16,14]
[16:14:20:991728 --4:00] [Thread 17300] extDB2: SQL_CUSTOM_V2: Error No Custom Call Not Found: Callname insert_infiSTARLog
[16:14:21:114160 --4:00] [Thread 17300] extDB2: SQL_CUSTOM_V2: Error No Custom Call Not Found: Input String insert_infiSTARLog:CONNECTLOG:#0 Connected  __SERVER__( - 2)
[16:14:21:114200 --4:00] [Thread 17300] extDB2: SQL_CUSTOM_V2: Error No Custom Call Not Found: Callname insert_infiSTARLog
[16:14:52:957285 --4:00] [Thread 17760] extDB2: Stopping ...
