extDB2: Version: 70
extDB2: https://github.com/Torndeco/extDB2
extDB2: Windows Version
Message: All development for extDB2 is done on a Linux Dedicated Server
Message: If you would like to Donate to extDB2 Development
Message: https://www.paypal.com/cgi-bin/webscr?cmd=_s-xclick&hosted_button_id=2SUEFTGABTAM2
Message: Also leave a message if there is any particular feature you would like to see added.
Message: Thanks for all the people that have donated.
Message: Torndeco: 20/02/15


extDB2: Found extdb-conf.ini
extDB2: Detected 24 Cores, Setting up 6 Worker Threads


[18:04:14:341036 --4:00] [Thread 17524] extDB2: Database Type: MySQL
[18:04:14:345399 --4:00] [Thread 17524] extDB2: Database Session Pool Started
[18:04:14:347473 --4:00] [Thread 17524] extDB2: SQL_CUSTOM_V2: Loading Template Filename: C:\Servers\EXILE\steamapps\common\Arma 3 Server\extDB\sql_custom_v2\exile.ini
[18:04:14:347613 --4:00] [Thread 17524] extDB2: SQL_CUSTOM_V2: Version 12 Detected, Latest Version 12 Available
[18:04:15:259004 --4:00] [Thread 25508] extDB2: SQL_CUSTOM_V2: Error No Custom Call Not Found: Input String insert_infiSTARLog:CONNECTLOG:infiSTAR_PlayerConnected_id  1
[18:04:15:259038 --4:00] [Thread 25508] extDB2: SQL_CUSTOM_V2: Error No Custom Call Not Found: Callname insert_infiSTARLog
[18:04:15:261995 --4:00] [Thread 25508] extDB2: SQL_CUSTOM_V2: Error No Custom Call Not Found: Input String insert_infiSTARLog:CONNECTLOG:infiSTAR_PlayerDisconnected_id  0
[18:04:15:262011 --4:00] [Thread 25508] extDB2: SQL_CUSTOM_V2: Error No Custom Call Not Found: Callname insert_infiSTARLog
[18:04:15:262601 --4:00] [Thread 25508] extDB2: SQL_CUSTOM_V2: Error No Custom Call Not Found: Input String insert_infiSTARLog:SERVER_INFO:[SERVER START] TIME  0 || EMAIL  justinbowers@live.com || VERSION  09-Jan-2017 02-25-58 - v0070 || Local Server Time  [2017,1,29,18,4]
[18:04:15:262618 --4:00] [Thread 25508] extDB2: SQL_CUSTOM_V2: Error No Custom Call Not Found: Callname insert_infiSTARLog
[18:04:15:386727 --4:00] [Thread 25508] extDB2: SQL_CUSTOM_V2: Error No Custom Call Not Found: Input String insert_infiSTARLog:CONNECTLOG:#0 Connected  __SERVER__( - 2)
[18:04:15:386755 --4:00] [Thread 25508] extDB2: SQL_CUSTOM_V2: Error No Custom Call Not Found: Callname insert_infiSTARLog
[18:04:37:442611 --4:00] [Thread 17524] extDB2: SQL_CUSTOM_V2: Error No Custom Call Not Found: Input String loadTerritoryVehicles:2
[18:04:37:442648 --4:00] [Thread 17524] extDB2: SQL_CUSTOM_V2: Error No Custom Call Not Found: Callname loadTerritoryVehicles
[18:05:31:756075 --4:00] [Thread 17524] extDB2: Stopping ...
