extDB2: Version: 70
extDB2: https://github.com/Torndeco/extDB2
extDB2: Windows Version
Message: All development for extDB2 is done on a Linux Dedicated Server
Message: If you would like to Donate to extDB2 Development
Message: https://www.paypal.com/cgi-bin/webscr?cmd=_s-xclick&hosted_button_id=2SUEFTGABTAM2
Message: Also leave a message if there is any particular feature you would like to see added.
Message: Thanks for all the people that have donated.
Message: Torndeco: 20/02/15


extDB2: Found extdb-conf.ini
extDB2: Detected 24 Cores, Setting up 6 Worker Threads


[12:55:35:865382 --4:00] [Thread 8936] extDB2: Database Type: MySQL
[12:55:35:868506 --4:00] [Thread 8936] extDB2: Database Session Pool Started
[12:55:35:870115 --4:00] [Thread 8936] extDB2: SQL_CUSTOM_V2: Loading Template Filename: C:\EXILE\steamapps\common\Arma 3 Server\extDB\sql_custom_v2\exile.ini
[12:55:35:870261 --4:00] [Thread 8936] extDB2: SQL_CUSTOM_V2: Version 12 Detected, Latest Version 12 Available
[12:55:35:929289 --4:00] [Thread 8936] extDB2: LOG: Error: Failed opening file C:\EXILE\steamapps\common\Arma 3 Server\extDB\logs\2017\1\17\Exile_TradingLog.log for writing
[12:55:35:929332 --4:00] [Thread 8936] extDB2: Failed to Load Protocol: LOG
[12:55:35:984512 --4:00] [Thread 8936] extDB2: LOG: Error: Failed opening file C:\EXILE\steamapps\common\Arma 3 Server\extDB\logs\2017\1\17\Exile_DeathLog.log for writing
[12:55:35:984539 --4:00] [Thread 8936] extDB2: Failed to Load Protocol: LOG
[12:55:36:039587 --4:00] [Thread 8936] extDB2: LOG: Error: Failed opening file C:\EXILE\steamapps\common\Arma 3 Server\extDB\logs\2017\1\17\Exile_TerritoryLog.log for writing
[12:55:36:039617 --4:00] [Thread 8936] extDB2: Failed to Load Protocol: LOG
[12:55:36:547524 --4:00] [Thread 10300] extDB2: SQL_CUSTOM_V2: Error No Custom Call Not Found: Input String insert_infiSTARLog:CONNECTLOG:infiSTAR_PlayerConnected_id  0
[12:55:36:547557 --4:00] [Thread 10300] extDB2: SQL_CUSTOM_V2: Error No Custom Call Not Found: Callname insert_infiSTARLog
[12:55:36:547586 --4:00] [Thread 10300] extDB2: SQL_CUSTOM_V2: Error No Custom Call Not Found: Input String insert_infiSTARLog:CONNECTLOG:infiSTAR_PlayerDisconnected_id  0
[12:55:36:547602 --4:00] [Thread 10300] extDB2: SQL_CUSTOM_V2: Error No Custom Call Not Found: Callname insert_infiSTARLog
[12:55:36:548151 --4:00] [Thread 10300] extDB2: SQL_CUSTOM_V2: Error No Custom Call Not Found: Input String insert_infiSTARLog:SERVER_INFO:[SERVER START] TIME  0 || EMAIL  justinbowers@live.com || VERSION  09-Jan-2017 02-25-58 - v0070 || Local Server Time  [2017,1,17,12,55]
[12:55:36:548167 --4:00] [Thread 10300] extDB2: SQL_CUSTOM_V2: Error No Custom Call Not Found: Callname insert_infiSTARLog
[12:55:36:630729 --4:00] [Thread 26524] extDB2: SQL_CUSTOM_V2: Error No Custom Call Not Found: Input String insert_infiSTARLog:CONNECTLOG:#0 Connected  __SERVER__( - 2)
[12:55:36:630767 --4:00] [Thread 26524] extDB2: SQL_CUSTOM_V2: Error No Custom Call Not Found: Callname insert_infiSTARLog
[12:55:36:640298 --4:00] [Thread 8936] extDB2: SQL_CUSTOM_V2: Error No Custom Call Not Found: Input String loadTerritoryVehicles:1
[12:55:36:640323 --4:00] [Thread 8936] extDB2: SQL_CUSTOM_V2: Error No Custom Call Not Found: Callname loadTerritoryVehicles
[12:57:59:432975 --4:00] [Thread 8936] extDB2: Stopping ...
