extDB2: Version: 70
extDB2: https://github.com/Torndeco/extDB2
extDB2: Windows Version
Message: All development for extDB2 is done on a Linux Dedicated Server
Message: If you would like to Donate to extDB2 Development
Message: https://www.paypal.com/cgi-bin/webscr?cmd=_s-xclick&hosted_button_id=2SUEFTGABTAM2
Message: Also leave a message if there is any particular feature you would like to see added.
Message: Thanks for all the people that have donated.
Message: Torndeco: 20/02/15


extDB2: Found extdb-conf.ini
extDB2: Detected 24 Cores, Setting up 6 Worker Threads


[16:02:51:517665 --4:00] [Thread 9288] extDB2: Database Type: MySQL
[16:02:51:521101 --4:00] [Thread 9288] extDB2: Database Session Pool Started
[16:02:51:523235 --4:00] [Thread 9288] extDB2: SQL_CUSTOM_V2: Loading Template Filename: C:\EXILE\steamapps\common\Arma 3 Server\extDB\sql_custom_v2\exile.ini
[16:02:51:523378 --4:00] [Thread 9288] extDB2: SQL_CUSTOM_V2: Version 12 Detected, Latest Version 12 Available
[16:02:52:012573 --4:00] [Thread 25068] extDB2: SQL_CUSTOM_V2: Error No Custom Call Not Found: Input String insert_infiSTARLog:CONNECTLOG:infiSTAR_PlayerConnected_id  0
[16:02:52:012609 --4:00] [Thread 25068] extDB2: SQL_CUSTOM_V2: Error No Custom Call Not Found: Callname insert_infiSTARLog
[16:02:52:012674 --4:00] [Thread 16680] extDB2: SQL_CUSTOM_V2: Error No Custom Call Not Found: Input String insert_infiSTARLog:CONNECTLOG:infiSTAR_PlayerDisconnected_id  0
[16:02:52:012693 --4:00] [Thread 16680] extDB2: SQL_CUSTOM_V2: Error No Custom Call Not Found: Callname insert_infiSTARLog
[16:02:52:013179 --4:00] [Thread 16680] extDB2: SQL_CUSTOM_V2: Error No Custom Call Not Found: Input String insert_infiSTARLog:SERVER_INFO:[SERVER START] TIME  0 || EMAIL  justinbowers@live.com || VERSION  09-Jan-2017 02-25-58 - v0070 || Local Server Time  [2017,1,17,16,2]
[16:02:52:013194 --4:00] [Thread 16680] extDB2: SQL_CUSTOM_V2: Error No Custom Call Not Found: Callname insert_infiSTARLog
[16:02:52:054226 --4:00] [Thread 9288] extDB2: SQL_CUSTOM_V2: Error No Custom Call Not Found: Input String loadTerritoryVehicles:1
[16:02:52:054250 --4:00] [Thread 9288] extDB2: SQL_CUSTOM_V2: Error No Custom Call Not Found: Callname loadTerritoryVehicles
[16:02:52:100426 --4:00] [Thread 7840] extDB2: SQL_CUSTOM_V2: Error No Custom Call Not Found: Input String insert_infiSTARLog:CONNECTLOG:#0 Connected  __SERVER__( - 2)
[16:02:52:100465 --4:00] [Thread 7840] extDB2: SQL_CUSTOM_V2: Error No Custom Call Not Found: Callname insert_infiSTARLog
[16:05:18:146257 --4:00] [Thread 9288] extDB2: Stopping ...
