[21:14:20:117493 --4:00] [Thread 13852] PLAYER: ( 76561198108041726 ) R Alpha 1-2:1 (Mr. Sage) REMOTE SOLD ITEM: Exile_Bike_QuadBike_Nato (ID# <null>) with Cargo [] FOR 1250 POPTABS AND 125 RESPECT | PLAYER TOTAL MONEY: 1250
[21:25:41:356127 --4:00] [Thread 21484] PLAYER: ( 76561198108041726 ) R Mr. Sages Crew:1 (Mr. Sage) REMOTE PURCHASED ITEM U_O_V_Soldier_Viper_F FOR 150 POPTABS | PLAYER TOTAL MONEY: 101100
[21:25:49:579093 --4:00] [Thread 2320] PLAYER: ( 76561198108041726 ) R Mr. Sages Crew:1 (Mr. Sage) REMOTE PURCHASED ITEM V_PlateCarrierGL_tna_F FOR 500 POPTABS | PLAYER TOTAL MONEY: 100600
[21:25:58:375478 --4:00] [Thread 21484] PLAYER: ( 76561198108041726 ) R Mr. Sages Crew:1 (Mr. Sage) REMOTE PURCHASED ITEM B_ViperHarness_ghex_F FOR 250 POPTABS | PLAYER TOTAL MONEY: 100350
[21:26:05:272021 --4:00] [Thread 2320] PLAYER: ( 76561198108041726 ) R Mr. Sages Crew:1 (Mr. Sage) REMOTE PURCHASED ITEM H_HelmetB_TI_tna_F FOR 100 POPTABS | PLAYER TOTAL MONEY: 100250
[21:26:16:482204 --4:00] [Thread 21484] PLAYER: ( 76561198108041726 ) R Mr. Sages Crew:1 (Mr. Sage) REMOTE PURCHASED ITEM G_Bandanna_oli FOR 6 POPTABS | PLAYER TOTAL MONEY: 100244
[21:26:22:994591 --4:00] [Thread 19960] PLAYER: ( 76561198108041726 ) R Mr. Sages Crew:1 (Mr. Sage) REMOTE PURCHASED ITEM Exile_Item_InstaDoc FOR 1250 POPTABS | PLAYER TOTAL MONEY: 98994
[21:26:24:996216 --4:00] [Thread 25052] PLAYER: ( 76561198108041726 ) R Mr. Sages Crew:1 (Mr. Sage) REMOTE PURCHASED ITEM Exile_Item_InstaDoc FOR 1250 POPTABS | PLAYER TOTAL MONEY: 97744
[21:26:27:081138 --4:00] [Thread 19960] PLAYER: ( 76561198108041726 ) R Mr. Sages Crew:1 (Mr. Sage) REMOTE PURCHASED ITEM Exile_Item_Vishpirin FOR 300 POPTABS | PLAYER TOTAL MONEY: 97444
[21:26:27:807376 --4:00] [Thread 25052] PLAYER: ( 76561198108041726 ) R Mr. Sages Crew:1 (Mr. Sage) REMOTE PURCHASED ITEM Exile_Item_Vishpirin FOR 300 POPTABS | PLAYER TOTAL MONEY: 97144
[21:26:30:095288 --4:00] [Thread 19960] PLAYER: ( 76561198108041726 ) R Mr. Sages Crew:1 (Mr. Sage) REMOTE PURCHASED ITEM Exile_Item_Bandage FOR 100 POPTABS | PLAYER TOTAL MONEY: 97044
[21:26:30:821420 --4:00] [Thread 25052] PLAYER: ( 76561198108041726 ) R Mr. Sages Crew:1 (Mr. Sage) REMOTE PURCHASED ITEM Exile_Item_Bandage FOR 100 POPTABS | PLAYER TOTAL MONEY: 96944
[21:27:55:687047 --4:00] [Thread 19960] PLAYER: ( 76561198108041726 ) R Mr. Sages Crew:1 (Mr. Sage) REMOTE PURCHASED ITEM srifle_GM6_ghex_F FOR 900 POPTABS | PLAYER TOTAL MONEY: 96044
[21:28:11:697012 --4:00] [Thread 25052] PLAYER: ( 76561198108041726 ) R Mr. Sages Crew:1 (Mr. Sage) REMOTE PURCHASED ITEM optic_AMS_khk FOR 300 POPTABS | PLAYER TOTAL MONEY: 95744
[21:28:19:675912 --4:00] [Thread 19960] PLAYER: ( 76561198108041726 ) R Mr. Sages Crew:1 (Mr. Sage) REMOTE PURCHASED ITEM Exile_Magazine_5Rnd_127x108_Bullet_Cam_Mag FOR 140 POPTABS | PLAYER TOTAL MONEY: 95604
[21:28:20:909358 --4:00] [Thread 25052] PLAYER: ( 76561198108041726 ) R Mr. Sages Crew:1 (Mr. Sage) REMOTE PURCHASED ITEM Exile_Magazine_5Rnd_127x108_Bullet_Cam_Mag FOR 140 POPTABS | PLAYER TOTAL MONEY: 95464
[21:28:22:161932 --4:00] [Thread 19960] PLAYER: ( 76561198108041726 ) R Mr. Sages Crew:1 (Mr. Sage) REMOTE PURCHASED ITEM Exile_Magazine_5Rnd_127x108_Bullet_Cam_Mag FOR 140 POPTABS | PLAYER TOTAL MONEY: 95324
[21:28:22:866185 --4:00] [Thread 25052] PLAYER: ( 76561198108041726 ) R Mr. Sages Crew:1 (Mr. Sage) REMOTE PURCHASED ITEM Exile_Magazine_5Rnd_127x108_Bullet_Cam_Mag FOR 140 POPTABS | PLAYER TOTAL MONEY: 95184
[21:28:25:725294 --4:00] [Thread 19960] PLAYER: ( 76561198108041726 ) R Mr. Sages Crew:1 (Mr. Sage) REMOTE PURCHASED ITEM Exile_Magazine_5Rnd_127x108_Bullet_Cam_Mag FOR 140 POPTABS | PLAYER TOTAL MONEY: 95044
[21:28:26:977701 --4:00] [Thread 25052] PLAYER: ( 76561198108041726 ) R Mr. Sages Crew:1 (Mr. Sage) REMOTE PURCHASED ITEM Exile_Magazine_5Rnd_127x108_Bullet_Cam_Mag FOR 140 POPTABS | PLAYER TOTAL MONEY: 94904
[21:28:27:769935 --4:00] [Thread 19960] PLAYER: ( 76561198108041726 ) R Mr. Sages Crew:1 (Mr. Sage) REMOTE PURCHASED ITEM Exile_Magazine_5Rnd_127x108_Bullet_Cam_Mag FOR 140 POPTABS | PLAYER TOTAL MONEY: 94764
[21:28:28:693348 --4:00] [Thread 25052] PLAYER: ( 76561198108041726 ) R Mr. Sages Crew:1 (Mr. Sage) REMOTE PURCHASED ITEM Exile_Magazine_5Rnd_127x108_Bullet_Cam_Mag FOR 140 POPTABS | PLAYER TOTAL MONEY: 94624
[21:28:29:747657 --4:00] [Thread 19960] PLAYER: ( 76561198108041726 ) R Mr. Sages Crew:1 (Mr. Sage) REMOTE PURCHASED ITEM Exile_Magazine_5Rnd_127x108_Bullet_Cam_Mag FOR 140 POPTABS | PLAYER TOTAL MONEY: 94484
[21:28:30:628027 --4:00] [Thread 25052] PLAYER: ( 76561198108041726 ) R Mr. Sages Crew:1 (Mr. Sage) REMOTE PURCHASED ITEM Exile_Magazine_5Rnd_127x108_Bullet_Cam_Mag FOR 140 POPTABS | PLAYER TOTAL MONEY: 94344
[21:28:31:441395 --4:00] [Thread 19960] PLAYER: ( 76561198108041726 ) R Mr. Sages Crew:1 (Mr. Sage) REMOTE PURCHASED ITEM Exile_Magazine_5Rnd_127x108_Bullet_Cam_Mag FOR 140 POPTABS | PLAYER TOTAL MONEY: 94204
[21:28:32:254738 --4:00] [Thread 25052] PLAYER: ( 76561198108041726 ) R Mr. Sages Crew:1 (Mr. Sage) REMOTE PURCHASED ITEM Exile_Magazine_5Rnd_127x108_Bullet_Cam_Mag FOR 140 POPTABS | PLAYER TOTAL MONEY: 94064
[21:28:33:110966 --4:00] [Thread 19960] PLAYER: ( 76561198108041726 ) R Mr. Sages Crew:1 (Mr. Sage) REMOTE PURCHASED ITEM Exile_Magazine_5Rnd_127x108_Bullet_Cam_Mag FOR 140 POPTABS | PLAYER TOTAL MONEY: 93924
[21:28:33:880282 --4:00] [Thread 25052] PLAYER: ( 76561198108041726 ) R Mr. Sages Crew:1 (Mr. Sage) REMOTE PURCHASED ITEM Exile_Magazine_5Rnd_127x108_Bullet_Cam_Mag FOR 140 POPTABS | PLAYER TOTAL MONEY: 93784
[21:28:34:694509 --4:00] [Thread 19960] PLAYER: ( 76561198108041726 ) R Mr. Sages Crew:1 (Mr. Sage) REMOTE PURCHASED ITEM Exile_Magazine_5Rnd_127x108_Bullet_Cam_Mag FOR 140 POPTABS | PLAYER TOTAL MONEY: 93644
[21:28:45:552491 --4:00] [Thread 19960] PLAYER: ( 76561198108041726 ) R Mr. Sages Crew:1 (Mr. Sage) REMOTE PURCHASED ITEM optic_ERCO_khk_F FOR 125 POPTABS | PLAYER TOTAL MONEY: 93519
[21:29:11:228039 --4:00] [Thread 19960] PLAYER: ( 76561198108041726 ) R Mr. Sages Crew:1 (Mr. Sage) REMOTE PURCHASED ITEM hgun_ACPC2_F FOR 50 POPTABS | PLAYER TOTAL MONEY: 93469
[21:29:19:466667 --4:00] [Thread 25052] PLAYER: ( 76561198108041726 ) R Mr. Sages Crew:1 (Mr. Sage) REMOTE PURCHASED ITEM 9Rnd_45ACP_Mag FOR 6 POPTABS | PLAYER TOTAL MONEY: 93463
[21:29:20:544537 --4:00] [Thread 19960] PLAYER: ( 76561198108041726 ) R Mr. Sages Crew:1 (Mr. Sage) REMOTE PURCHASED ITEM 9Rnd_45ACP_Mag FOR 6 POPTABS | PLAYER TOTAL MONEY: 93457
[21:29:21:467943 --4:00] [Thread 25052] PLAYER: ( 76561198108041726 ) R Mr. Sages Crew:1 (Mr. Sage) REMOTE PURCHASED ITEM 9Rnd_45ACP_Mag FOR 6 POPTABS | PLAYER TOTAL MONEY: 93451
[21:29:22:458338 --4:00] [Thread 19960] PLAYER: ( 76561198108041726 ) R Mr. Sages Crew:1 (Mr. Sage) REMOTE PURCHASED ITEM 9Rnd_45ACP_Mag FOR 6 POPTABS | PLAYER TOTAL MONEY: 93445
[21:29:23:449224 --4:00] [Thread 25052] PLAYER: ( 76561198108041726 ) R Mr. Sages Crew:1 (Mr. Sage) REMOTE PURCHASED ITEM 9Rnd_45ACP_Mag FOR 6 POPTABS | PLAYER TOTAL MONEY: 93439
[21:29:24:173903 --4:00] [Thread 19960] PLAYER: ( 76561198108041726 ) R Mr. Sages Crew:1 (Mr. Sage) REMOTE PURCHASED ITEM 9Rnd_45ACP_Mag FOR 6 POPTABS | PLAYER TOTAL MONEY: 93433
[21:29:25:844563 --4:00] [Thread 25052] PLAYER: ( 76561198108041726 ) R Mr. Sages Crew:1 (Mr. Sage) REMOTE PURCHASED ITEM muzzle_snds_acp FOR 10 POPTABS | PLAYER TOTAL MONEY: 93423
[21:30:04:869078 --4:00] [Thread 19960] PLAYER: ( 76561198108041726 ) R Mr. Sages Crew:1 (Mr. Sage) REMOTE PURCHASED ITEM Exile_Item_EMRE FOR 54 POPTABS | PLAYER TOTAL MONEY: 88369
[21:30:05:903347 --4:00] [Thread 25052] PLAYER: ( 76561198108041726 ) R Mr. Sages Crew:1 (Mr. Sage) REMOTE PURCHASED ITEM Exile_Item_EMRE FOR 54 POPTABS | PLAYER TOTAL MONEY: 88315
[21:30:13:863408 --4:00] [Thread 19960] PLAYER: ( 76561198108041726 ) R Mr. Sages Crew:1 (Mr. Sage) REMOTE PURCHASED ITEM Exile_Item_EnergyDrink FOR 40 POPTABS | PLAYER TOTAL MONEY: 88275
[21:30:14:919785 --4:00] [Thread 25052] PLAYER: ( 76561198108041726 ) R Mr. Sages Crew:1 (Mr. Sage) REMOTE PURCHASED ITEM Exile_Item_EnergyDrink FOR 40 POPTABS | PLAYER TOTAL MONEY: 88235
[21:30:22:135466 --4:00] [Thread 19960] PLAYER: ( 76561198108041726 ) R Mr. Sages Crew:1 (Mr. Sage) REMOTE PURCHASED ITEM Exile_Item_PlasticBottleFreshWater FOR 50 POPTABS | PLAYER TOTAL MONEY: 88185
[21:30:22:970910 --4:00] [Thread 25052] PLAYER: ( 76561198108041726 ) R Mr. Sages Crew:1 (Mr. Sage) REMOTE PURCHASED ITEM Exile_Item_PlasticBottleFreshWater FOR 50 POPTABS | PLAYER TOTAL MONEY: 88135
[21:34:09:832351 --4:00] [Thread 21484] PLAYER: ( 76561198108041726 ) R Mr. Sages Crew:1 (Mr. Sage) REMOTE PURCHASED VEHICLE Exile_Boat_RHIB FOR 1500 POPTABS | PLAYER TOTAL MONEY: 146635
[21:39:49:009842 --4:00] [Thread 21484] PLAYER: ( 76561198108041726 ) R Mr. Sages Crew:1 (Mr. Sage) REMOTE PURCHASED VEHICLE Exile_Chopper_Mohawk_FIA FOR 45000 POPTABS | PLAYER TOTAL MONEY: 101635
[12:13:35:712752 --4:00] [Thread 28060] PLAYER: ( 76561198108041726 ) R :1 (Mr. Sage) REMOTE SOLD ITEM Exile_Melee_Axe FOR 50 POPTABS AND 5 RESPECT | PLAYER TOTAL MONEY: 50
[12:13:41:255847 --4:00] [Thread 28060] PLAYER: ( 76561198108041726 ) R :1 (Mr. Sage) REMOTE SOLD ITEM ItemCompass FOR 3 POPTABS AND 0.3 RESPECT | PLAYER TOTAL MONEY: 53
[12:13:44:059835 --4:00] [Thread 17692] PLAYER: ( 76561198108041726 ) R :1 (Mr. Sage) REMOTE SOLD ITEM ItemRadio FOR 20 POPTABS AND 2 RESPECT | PLAYER TOTAL MONEY: 73
[12:13:52:706019 --4:00] [Thread 28060] PLAYER: ( 76561198108041726 ) R :1 (Mr. Sage) REMOTE SOLD ITEM Exile_Item_InstaDoc FOR 500 POPTABS AND 50 RESPECT | PLAYER TOTAL MONEY: 573
[12:13:54:992734 --4:00] [Thread 17692] PLAYER: ( 76561198108041726 ) R :1 (Mr. Sage) REMOTE SOLD ITEM Exile_Item_MetalPole FOR 400 POPTABS AND 40 RESPECT | PLAYER TOTAL MONEY: 973
[12:13:57:850806 --4:00] [Thread 25428] PLAYER: ( 76561198108041726 ) R :1 (Mr. Sage) REMOTE SOLD ITEM Exile_Item_Codelock FOR 2500 POPTABS AND 250 RESPECT | PLAYER TOTAL MONEY: 3473
[12:14:33:837110 --4:00] [Thread 28060] PLAYER: ( 76561198108041726 ) R :1 (Mr. Sage) REMOTE SOLD ITEM B_OutdoorPack_tan FOR 40 POPTABS AND 4 RESPECT | PLAYER TOTAL MONEY: 3513
[12:14:53:235000 --4:00] [Thread 28060] PLAYER: ( 76561198108041726 ) R :1 (Mr. Sage) REMOTE PURCHASED ITEM B_Carryall_oli FOR 300 POPTABS | PLAYER TOTAL MONEY: 3213
[12:15:50:406220 --4:00] [Thread 28060] PLAYER: ( 76561198108041726 ) R :1 (Mr. Sage) REMOTE PURCHASED VEHICLE Exile_Boat_WaterScooter FOR 500 POPTABS | PLAYER TOTAL MONEY: 2713
[15:25:09:958589 --4:00] [Thread 17116] PLAYER: ( 76561198108041726 ) R :1 (Mr. Sage) REMOTE PURCHASED VEHICLE O_MRAP_02_hmg_F FOR 50000 POPTABS | PLAYER TOTAL MONEY: 50000
[15:25:52:059126 --4:00] [Thread 30480] PLAYER: ( 76561198108041726 ) R :1 (Mr. Sage) REMOTE PURCHASED ITEM B_FieldPack_ghex_F FOR 120 POPTABS | PLAYER TOTAL MONEY: 49880
[15:26:32:873049 --4:00] [Thread 9184] PLAYER: ( 76561198108041726 ) R :1 (Mr. Sage) REMOTE PURCHASED ITEM V_PlateCarrierGL_tna_F FOR 500 POPTABS | PLAYER TOTAL MONEY: 49380
[15:26:42:992793 --4:00] [Thread 30480] PLAYER: ( 76561198108041726 ) R :1 (Mr. Sage) REMOTE PURCHASED ITEM U_B_T_FullGhillie_tna_F FOR 150 POPTABS | PLAYER TOTAL MONEY: 49230
[15:26:51:546123 --4:00] [Thread 9184] PLAYER: ( 76561198108041726 ) R :1 (Mr. Sage) REMOTE PURCHASED ITEM H_HelmetB_TI_tna_F FOR 100 POPTABS | PLAYER TOTAL MONEY: 49130
[15:26:56:648939 --4:00] [Thread 30480] PLAYER: ( 76561198108041726 ) R :1 (Mr. Sage) REMOTE PURCHASED ITEM Exile_Item_Bandage FOR 100 POPTABS | PLAYER TOTAL MONEY: 49030
[15:26:57:573136 --4:00] [Thread 9184] PLAYER: ( 76561198108041726 ) R :1 (Mr. Sage) REMOTE PURCHASED ITEM Exile_Item_Bandage FOR 100 POPTABS | PLAYER TOTAL MONEY: 48930
[15:26:59:485797 --4:00] [Thread 30480] PLAYER: ( 76561198108041726 ) R :1 (Mr. Sage) REMOTE PURCHASED ITEM Exile_Item_Vishpirin FOR 300 POPTABS | PLAYER TOTAL MONEY: 48630
[15:27:00:275014 --4:00] [Thread 9184] PLAYER: ( 76561198108041726 ) R :1 (Mr. Sage) REMOTE PURCHASED ITEM Exile_Item_Vishpirin FOR 300 POPTABS | PLAYER TOTAL MONEY: 48330
[15:27:02:035962 --4:00] [Thread 30480] PLAYER: ( 76561198108041726 ) R :1 (Mr. Sage) REMOTE PURCHASED ITEM Exile_Item_InstaDoc FOR 1000 POPTABS | PLAYER TOTAL MONEY: 47330
[15:27:02:958032 --4:00] [Thread 9184] PLAYER: ( 76561198108041726 ) R :1 (Mr. Sage) REMOTE PURCHASED ITEM Exile_Item_InstaDoc FOR 1000 POPTABS | PLAYER TOTAL MONEY: 46330
[15:27:26:698665 --4:00] [Thread 30480] PLAYER: ( 76561198108041726 ) R :1 (Mr. Sage) REMOTE PURCHASED ITEM Rangefinder FOR 200 POPTABS | PLAYER TOTAL MONEY: 46130
[15:27:43:706955 --4:00] [Thread 9184] PLAYER: ( 76561198108041726 ) R :1 (Mr. Sage) REMOTE PURCHASED ITEM Exile_Item_EMRE FOR 54 POPTABS | PLAYER TOTAL MONEY: 46076
[15:27:49:956379 --4:00] [Thread 30480] PLAYER: ( 76561198108041726 ) R :1 (Mr. Sage) REMOTE PURCHASED ITEM Exile_Item_PlasticBottleFreshWater FOR 50 POPTABS | PLAYER TOTAL MONEY: 46026
[15:27:51:186855 --4:00] [Thread 9184] PLAYER: ( 76561198108041726 ) R :1 (Mr. Sage) REMOTE PURCHASED ITEM Exile_Item_PlasticBottleFreshWater FOR 50 POPTABS | PLAYER TOTAL MONEY: 45976
[15:29:12:703575 --4:00] [Thread 30480] PLAYER: ( 76561198108041726 ) R :1 (Mr. Sage) REMOTE PURCHASED ITEM srifle_DMR_05_hex_F FOR 850 POPTABS | PLAYER TOTAL MONEY: 20126
[15:29:19:851147 --4:00] [Thread 9184] PLAYER: ( 76561198108041726 ) R :1 (Mr. Sage) REMOTE PURCHASED ITEM bipod_03_F_oli FOR 10 POPTABS | PLAYER TOTAL MONEY: 20116
[15:29:24:180798 --4:00] [Thread 30480] PLAYER: ( 76561198108041726 ) R :1 (Mr. Sage) REMOTE PURCHASED ITEM 10Rnd_93x64_DMR_05_Mag FOR 40 POPTABS | PLAYER TOTAL MONEY: 20076
[15:29:24:884012 --4:00] [Thread 9184] PLAYER: ( 76561198108041726 ) R :1 (Mr. Sage) REMOTE PURCHASED ITEM 10Rnd_93x64_DMR_05_Mag FOR 40 POPTABS | PLAYER TOTAL MONEY: 20036
[15:29:25:720448 --4:00] [Thread 30480] PLAYER: ( 76561198108041726 ) R :1 (Mr. Sage) REMOTE PURCHASED ITEM 10Rnd_93x64_DMR_05_Mag FOR 40 POPTABS | PLAYER TOTAL MONEY: 19996
[15:29:26:513720 --4:00] [Thread 9184] PLAYER: ( 76561198108041726 ) R :1 (Mr. Sage) REMOTE PURCHASED ITEM 10Rnd_93x64_DMR_05_Mag FOR 40 POPTABS | PLAYER TOTAL MONEY: 19956
[15:29:27:460048 --4:00] [Thread 30480] PLAYER: ( 76561198108041726 ) R :1 (Mr. Sage) REMOTE PURCHASED ITEM 10Rnd_93x64_DMR_05_Mag FOR 40 POPTABS | PLAYER TOTAL MONEY: 19916
[15:29:28:230351 --4:00] [Thread 9184] PLAYER: ( 76561198108041726 ) R :1 (Mr. Sage) REMOTE PURCHASED ITEM 10Rnd_93x64_DMR_05_Mag FOR 40 POPTABS | PLAYER TOTAL MONEY: 19876
[15:29:29:087577 --4:00] [Thread 30480] PLAYER: ( 76561198108041726 ) R :1 (Mr. Sage) REMOTE PURCHASED ITEM 10Rnd_93x64_DMR_05_Mag FOR 40 POPTABS | PLAYER TOTAL MONEY: 19836
[15:29:29:926891 --4:00] [Thread 9184] PLAYER: ( 76561198108041726 ) R :1 (Mr. Sage) REMOTE PURCHASED ITEM 10Rnd_93x64_DMR_05_Mag FOR 40 POPTABS | PLAYER TOTAL MONEY: 19796
[15:29:39:909538 --4:00] [Thread 30480] PLAYER: ( 76561198108041726 ) R :1 (Mr. Sage) REMOTE PURCHASED ITEM optic_AMS_khk FOR 300 POPTABS | PLAYER TOTAL MONEY: 19496
[15:29:52:289105 --4:00] [Thread 9184] PLAYER: ( 76561198108041726 ) R :1 (Mr. Sage) REMOTE PURCHASED ITEM hgun_ACPC2_F FOR 50 POPTABS | PLAYER TOTAL MONEY: 19446
[15:29:59:741871 --4:00] [Thread 30480] PLAYER: ( 76561198108041726 ) R :1 (Mr. Sage) REMOTE PURCHASED ITEM muzzle_snds_acp FOR 10 POPTABS | PLAYER TOTAL MONEY: 19436
[15:30:01:632582 --4:00] [Thread 9184] PLAYER: ( 76561198108041726 ) R :1 (Mr. Sage) REMOTE PURCHASED ITEM 9Rnd_45ACP_Mag FOR 6 POPTABS | PLAYER TOTAL MONEY: 19430
[15:30:02:533942 --4:00] [Thread 30480] PLAYER: ( 76561198108041726 ) R :1 (Mr. Sage) REMOTE PURCHASED ITEM 9Rnd_45ACP_Mag FOR 6 POPTABS | PLAYER TOTAL MONEY: 19424
[15:30:03:700498 --4:00] [Thread 9184] PLAYER: ( 76561198108041726 ) R :1 (Mr. Sage) REMOTE PURCHASED ITEM 9Rnd_45ACP_Mag FOR 6 POPTABS | PLAYER TOTAL MONEY: 19418
[15:30:04:536585 --4:00] [Thread 30480] PLAYER: ( 76561198108041726 ) R :1 (Mr. Sage) REMOTE PURCHASED ITEM 9Rnd_45ACP_Mag FOR 6 POPTABS | PLAYER TOTAL MONEY: 19412
[15:30:18:391685 --4:00] [Thread 9184] PLAYER: ( 76561198108041726 ) R :1 (Mr. Sage) REMOTE PURCHASED ITEM muzzle_snds_93mmg FOR 50 POPTABS | PLAYER TOTAL MONEY: 19362
[16:24:19:843505 --4:00] [Thread 7268] PLAYER: ( 76561198108041726 ) R Mr. Sages Crew:1 (Mr. Sage) REMOTE SOLD ITEM: O_MRAP_02_hmg_F (ID# 2) with Cargo ["B_FieldPack_oucamo","Exile_Item_Codelock","30Rnd_556x45_Stanag","30Rnd_556x45_Stanag","30Rnd_556x45_Stanag","10Rnd_762x54_Mag","10Rnd_762x54_Mag","10Rnd_762x54_Mag","Exile_Item_CatFood_Cooked","Exile_Item_CatFood_Cooked","Exile_Item_CatFood","Exile_Item_BBQSandwich_Cooked","Exile_Item_ChristmasTinner_Cooked","Exile_Item_ChristmasTinner_Cooked","Exile_Item_CatFood_Cooked","Exile_Item_BBQSandwich_Cooked","Exile_Item_MountainDupe","Exile_Item_PlasticBottleFreshWater","Exile_Item_GloriousKnakworst_Cooked","Exile_Item_PowerDrink","Exile_Item_CookingPot","Exile_Item_BBQSandwich","Exile_Item_PlasticBottleFreshWater","Exile_Item_EnergyDrink","Exile_Item_PlasticBottleFreshWater","Exile_Item_PlasticBottleFreshWater","Exile_Item_Vishpirin","Exile_Item_PowerDrink","Exile_Item_InstaDoc","Exile_Item_InstaDoc","Exile_Item_CatFood_Cooked","Exile_Item_EnergyDrink","Exile_Item_BBQSandwich","Exile_Item_InstaDoc","Exile_Item_InstaDoc","Exile_Item_Surstromming_Cooked","Exile_Item_InstaDoc","Exile_Item_EMRE","Exile_Magazine_8Rnd_9x18","Exile_Item_Surstromming_Cooked","5Rnd_127x108_Mag","5Rnd_127x108_Mag","5Rnd_127x108_Mag","5Rnd_127x108_Mag","5Rnd_127x108_Mag","5Rnd_127x108_Mag","Exile_Item_BBQSandwich","Exile_Item_EnergyDrink","arifle_Mk20_plain_F","srifle_DMR_01_F","hgun_ACPC2_F","9Rnd_45ACP_Mag","Binocular","Rangefinder","srifle_GM6_F","optic_LRPS","5Rnd_127x108_Mag","H_PilotHelmetHeli_I","H_HelmetIA_camo","ItemWatch","ItemWatch","H_HelmetSpecB_paint1"] FOR 6930 POPTABS AND 693 RESPECT | PLAYER TOTAL MONEY: 28247
[16:25:16:091524 --4:00] [Thread 9184] PLAYER: ( 76561198108041726 ) R Mr. Sages Crew:1 (Mr. Sage) REMOTE PURCHASED ITEM O_NVGoggles_ghex_F FOR 150 POPTABS | PLAYER TOTAL MONEY: 28097
