extDB2: Version: 70
extDB2: https://github.com/Torndeco/extDB2
extDB2: Windows Version
Message: All development for extDB2 is done on a Linux Dedicated Server
Message: If you would like to Donate to extDB2 Development
Message: https://www.paypal.com/cgi-bin/webscr?cmd=_s-xclick&hosted_button_id=2SUEFTGABTAM2
Message: Also leave a message if there is any particular feature you would like to see added.
Message: Thanks for all the people that have donated.
Message: Torndeco: 20/02/15


extDB2: Found extdb-conf.ini
extDB2: Detected 24 Cores, Setting up 6 Worker Threads


[19:46:54:764350 --4:00] [Thread 980] extDB2: Database Type: MySQL
[19:46:54:768371 --4:00] [Thread 980] extDB2: Database Session Pool Started
[19:46:54:769975 --4:00] [Thread 980] extDB2: SQL_CUSTOM_V2: Loading Template Filename: C:\Exile Server\extDB\sql_custom_v2\exile.ini
[19:46:54:770122 --4:00] [Thread 980] extDB2: SQL_CUSTOM_V2: Version 12 Detected, Latest Version 12 Available
[19:46:55:319018 --4:00] [Thread 2380] extDB2: SQL_CUSTOM_V2: Error No Custom Call Not Found: Input String insert_infiSTARLog:CONNECTLOG:infiSTAR_PlayerConnected_id  1
[19:46:55:319042 --4:00] [Thread 2380] extDB2: SQL_CUSTOM_V2: Error No Custom Call Not Found: Callname insert_infiSTARLog
[19:46:55:319080 --4:00] [Thread 2380] extDB2: SQL_CUSTOM_V2: Error No Custom Call Not Found: Input String insert_infiSTARLog:CONNECTLOG:infiSTAR_PlayerDisconnected_id  0
[19:46:55:319088 --4:00] [Thread 2380] extDB2: SQL_CUSTOM_V2: Error No Custom Call Not Found: Callname insert_infiSTARLog
[19:46:55:319626 --4:00] [Thread 2380] extDB2: SQL_CUSTOM_V2: Error No Custom Call Not Found: Input String insert_infiSTARLog:SERVER_INFO:[SERVER START] TIME  0 || EMAIL  justinbowers@live.com || VERSION  09-Jan-2017 02-25-58 - v0070 || Local Server Time  [2017,2,16,19,46]
[19:46:55:319634 --4:00] [Thread 2380] extDB2: SQL_CUSTOM_V2: Error No Custom Call Not Found: Callname insert_infiSTARLog
[19:46:55:489445 --4:00] [Thread 2380] extDB2: SQL_CUSTOM_V2: Error No Custom Call Not Found: Input String insert_infiSTARLog:CONNECTLOG:#0 Connected  __SERVER__( - 2)
[19:46:55:489475 --4:00] [Thread 2380] extDB2: SQL_CUSTOM_V2: Error No Custom Call Not Found: Callname insert_infiSTARLog
[19:49:57:001271 --4:00] [Thread 2380] extDB2: SQL_CUSTOM_V2: Error No Custom Call Not Found: Input String insert_infiSTARLog:CONNECTLOG:#0 Connected  Mr. Sage(76561198108041726 - 3)
[19:49:57:001303 --4:00] [Thread 2380] extDB2: SQL_CUSTOM_V2: Error No Custom Call Not Found: Callname insert_infiSTARLog
[19:49:57:001343 --4:00] [Thread 2380] extDB2: SQL_CUSTOM_V2: Error No Custom Call Not Found: Input String insert_infiSTARLog:TOKENLOG:TOKEN [mcqheyg2xe2w0w7ki] FOR Mr. Sage(76561198108041726) OWNER ID  3
[19:49:57:001359 --4:00] [Thread 2380] extDB2: SQL_CUSTOM_V2: Error No Custom Call Not Found: Callname insert_infiSTARLog
[19:49:57:868861 --4:00] [Thread 20940] extDB2: SQL_CUSTOM_V2: Error No Custom Call Not Found: Input String insert_infiSTARLog:CONNECTLOG:#1 Connected  Mr. Sage(76561198108041726 - 3) SteamName  Mr. Sage   [UpTime  0h 2min 42s - ServerFPS  45.4545]
[19:49:57:868897 --4:00] [Thread 20940] extDB2: SQL_CUSTOM_V2: Error No Custom Call Not Found: Callname insert_infiSTARLog
[19:50:19:989109 --4:00] [Thread 20940] extDB2: SQL_CUSTOM_V2: Error No Custom Call Not Found: Input String insert_infiSTARLog:netids:Mr. Sage(76561198108041726) - R  1 (Mr. Sage) REMOTE, Exile_Unit_Player - 2 6596 - 3
[19:50:19:989146 --4:00] [Thread 20940] extDB2: SQL_CUSTOM_V2: Error No Custom Call Not Found: Callname insert_infiSTARLog
[19:50:38:967287 --4:00] [Thread 20940] extDB2: SQL_CUSTOM_V2: Error No Custom Call Not Found: Input String insert_infiSTARLog:A3_EXILE_OCCUPATION:V65 (30-08-2016) =============================================================================================================
[19:50:38:967322 --4:00] [Thread 20940] extDB2: SQL_CUSTOM_V2: Error No Custom Call Not Found: Callname insert_infiSTARLog
[19:50:38:967385 --4:00] [Thread 2380] extDB2: SQL_CUSTOM_V2: Error No Custom Call Not Found: Input String insert_infiSTARLog:A3_EXILE_OCCUPATION:V65 (30-08-2016) [OCCUPATION MOD]  Occupation V65 (30-08-2016) Initialised at 203.567
[19:50:38:967463 --4:00] [Thread 2380] extDB2: SQL_CUSTOM_V2: Error No Custom Call Not Found: Callname insert_infiSTARLog
[19:50:38:967433 --4:00] [Thread 20940] extDB2: SQL_CUSTOM_V2: Error No Custom Call Not Found: Input String insert_infiSTARLog:A3_EXILE_OCCUPATION:V65 (30-08-2016) =============================================================================================================
[19:50:38:967542 --4:00] [Thread 20940] extDB2: SQL_CUSTOM_V2: Error No Custom Call Not Found: Callname insert_infiSTARLog
[19:50:38:988018 --4:00] [Thread 20940] extDB2: SQL_CUSTOM_V2: Error No Custom Call Not Found: Input String insert_infiSTARLog:A3_EXILE_OCCUPATION:V65 (30-08-2016) [OCCUPATION Traders] starting @ 203.588
[19:50:38:988053 --4:00] [Thread 20940] extDB2: SQL_CUSTOM_V2: Error No Custom Call Not Found: Callname insert_infiSTARLog
[19:50:38:988203 --4:00] [Thread 20940] extDB2: SQL_CUSTOM_V2: Error No Custom Call Not Found: Input String insert_infiSTARLog:A3_EXILE_OCCUPATION:V65 (30-08-2016) [processReporter]  Initialised at 203.588
[19:50:38:988226 --4:00] [Thread 20940] extDB2: SQL_CUSTOM_V2: Error No Custom Call Not Found: Callname insert_infiSTARLog
[19:50:38:988864 --4:00] [Thread 20940] extDB2: SQL_CUSTOM_V2: Error No Custom Call Not Found: Input String insert_infiSTARLog:A3_EXILE_OCCUPATION:V65 (30-08-2016) [OCCUPATION]  Detected DMS version September 5, 2016
[19:50:38:988889 --4:00] [Thread 20940] extDB2: SQL_CUSTOM_V2: Error No Custom Call Not Found: Callname insert_infiSTARLog
[19:50:38:988979 --4:00] [Thread 20940] extDB2: SQL_CUSTOM_V2: Error No Custom Call Not Found: Input String insert_infiSTARLog:A3_EXILE_OCCUPATION:V65 (30-08-2016) [OCCUPATION]  Occupation V65 (30-08-2016) Adding modules to Exile system thread manager at 203.588
[19:50:38:988994 --4:00] [Thread 20940] extDB2: SQL_CUSTOM_V2: Error No Custom Call Not Found: Callname insert_infiSTARLog
[19:51:25:533791 --4:00] [Thread 2380] extDB2: SQL_CUSTOM_V2: Error No Custom Call Not Found: Input String insert_infiSTARLog:A3_EXILE_OCCUPATION:V65 (30-08-2016) [OCCUPATION LootCrates]  Starting Occupation Loot Crates
[19:51:25:533826 --4:00] [Thread 2380] extDB2: SQL_CUSTOM_V2: Error No Custom Call Not Found: Callname insert_infiSTARLog
[19:51:25:533914 --4:00] [Thread 2380] extDB2: SQL_CUSTOM_V2: Error No Custom Call Not Found: Input String insert_infiSTARLog:A3_EXILE_OCCUPATION:V65 (30-08-2016) [OCCUPATION LootCrates]  worldname  Tanoa crates to spawn  6
[19:51:25:533930 --4:00] [Thread 2380] extDB2: SQL_CUSTOM_V2: Error No Custom Call Not Found: Callname insert_infiSTARLog
[19:51:27:109873 --4:00] [Thread 2380] extDB2: SQL_CUSTOM_V2: Error No Custom Call Not Found: Input String insert_infiSTARLog:A3_EXILE_OCCUPATION:V65 (30-08-2016) [OCCUPATION LootCrates]   Creating crate 1 at drop zone [10462.2,6802.76,0] with 2 guards
[19:51:27:109904 --4:00] [Thread 2380] extDB2: SQL_CUSTOM_V2: Error No Custom Call Not Found: Callname insert_infiSTARLog
[19:51:33:918347 --4:00] [Thread 2380] extDB2: SQL_CUSTOM_V2: Error No Custom Call Not Found: Input String insert_infiSTARLog:A3_EXILE_OCCUPATION:V65 (30-08-2016) [OCCUPATION LootCrates]   Creating crate 2 at drop zone [5304.15,11304.2,0] with 1 guards
[19:51:33:918385 --4:00] [Thread 2380] extDB2: SQL_CUSTOM_V2: Error No Custom Call Not Found: Callname insert_infiSTARLog
[19:51:36:331037 --4:00] [Thread 2380] extDB2: SQL_CUSTOM_V2: Error No Custom Call Not Found: Input String insert_infiSTARLog:A3_EXILE_OCCUPATION:V65 (30-08-2016) [OCCUPATION LootCrates]   Creating crate 3 at drop zone [10503.5,11811.5,0] with 1 guards
[19:51:36:331072 --4:00] [Thread 2380] extDB2: SQL_CUSTOM_V2: Error No Custom Call Not Found: Callname insert_infiSTARLog
[19:51:37:792121 --4:00] [Thread 2380] extDB2: SQL_CUSTOM_V2: Error No Custom Call Not Found: Input String insert_infiSTARLog:A3_EXILE_OCCUPATION:V65 (30-08-2016) [OCCUPATION LootCrates]   Creating crate 4 at drop zone [2076.47,8120.18,0] with 1 guards
[19:51:37:792217 --4:00] [Thread 2380] extDB2: SQL_CUSTOM_V2: Error No Custom Call Not Found: Callname insert_infiSTARLog
[19:51:40:199987 --4:00] [Thread 2380] extDB2: SQL_CUSTOM_V2: Error No Custom Call Not Found: Input String insert_infiSTARLog:A3_EXILE_OCCUPATION:V65 (30-08-2016) [OCCUPATION LootCrates]   Creating crate 5 at drop zone [9892.71,9388.4,0] with 1 guards
[19:51:40:200027 --4:00] [Thread 2380] extDB2: SQL_CUSTOM_V2: Error No Custom Call Not Found: Callname insert_infiSTARLog
[19:51:41:647419 --4:00] [Thread 2380] extDB2: SQL_CUSTOM_V2: Error No Custom Call Not Found: Input String insert_infiSTARLog:A3_EXILE_OCCUPATION:V65 (30-08-2016) [OCCUPATION LootCrates]   Creating crate 6 at drop zone [11080.7,2490.6,0] with 2 guards
[19:51:41:647456 --4:00] [Thread 2380] extDB2: SQL_CUSTOM_V2: Error No Custom Call Not Found: Callname insert_infiSTARLog
[19:51:44:139310 --4:00] [Thread 2380] extDB2: SQL_CUSTOM_V2: Error No Custom Call Not Found: Input String insert_infiSTARLog:A3_EXILE_PROCESSREPORTER:V65 (30-08-2016) =======================================================================================================
[19:51:44:139344 --4:00] [Thread 2380] extDB2: SQL_CUSTOM_V2: Error No Custom Call Not Found: Callname insert_infiSTARLog
[19:51:44:139472 --4:00] [Thread 2380] extDB2: SQL_CUSTOM_V2: Error No Custom Call Not Found: Input String insert_infiSTARLog:A3_EXILE_PROCESSREPORTER:V65 (30-08-2016) [processReporter] Started @ 267.036   [FPS  45.4545|PLAYERS  1|THREADS  27]
[19:51:44:139488 --4:00] [Thread 2380] extDB2: SQL_CUSTOM_V2: Error No Custom Call Not Found: Callname insert_infiSTARLog
[19:51:44:139576 --4:00] [Thread 2380] extDB2: SQL_CUSTOM_V2: Error No Custom Call Not Found: Input String insert_infiSTARLog:A3_EXILE_PROCESSREPORTER:V65 (30-08-2016) =======================================================================================================
[19:51:44:139594 --4:00] [Thread 2380] extDB2: SQL_CUSTOM_V2: Error No Custom Call Not Found: Callname insert_infiSTARLog
[19:51:44:139694 --4:00] [Thread 2380] extDB2: SQL_CUSTOM_V2: Error No Custom Call Not Found: Input String insert_infiSTARLog:A3_EXILE_PROCESSREPORTER:V65 (30-08-2016) [processReporter] Process Counts  spawn-ed  14 execVM-ed  13 exec-ed  0 execFSM-ed  2
[19:51:44:139710 --4:00] [Thread 2380] extDB2: SQL_CUSTOM_V2: Error No Custom Call Not Found: Callname insert_infiSTARLog
[19:51:44:139810 --4:00] [Thread 2380] extDB2: SQL_CUSTOM_V2: Error No Custom Call Not Found: Input String insert_infiSTARLog:A3_EXILE_PROCESSREPORTER:V65 (30-08-2016) [processReporter] Active SQF  ["<spawn>","",true,5185] @ 267.036
[19:51:44:139826 --4:00] [Thread 2380] extDB2: SQL_CUSTOM_V2: Error No Custom Call Not Found: Callname insert_infiSTARLog
[19:51:44:139915 --4:00] [Thread 2380] extDB2: SQL_CUSTOM_V2: Error No Custom Call Not Found: Input String insert_infiSTARLog:A3_EXILE_PROCESSREPORTER:V65 (30-08-2016) [processReporter] Active SQF  ["mpmissions\__cur_mp.Tanoa\ground_fog.sqf","mpmissions\__cur_mp.Tanoa\ground_fog.sqf",true,4] @ 267.036
[19:51:44:139930 --4:00] [Thread 2380] extDB2: SQL_CUSTOM_V2: Error No Custom Call Not Found: Callname insert_infiSTARLog
[19:51:44:140020 --4:00] [Thread 2380] extDB2: SQL_CUSTOM_V2: Error No Custom Call Not Found: Input String insert_infiSTARLog:A3_EXILE_PROCESSREPORTER:V65 (30-08-2016) [processReporter] Active SQF  ["mpmissions\__cur_mp.Tanoa\IgiLoad\IgiLoadInit.sqf","mpmissions\__cur_mp.Tanoa\IgiLoad\IgiLoadInit.sqf",true,35] @ 267.036
[19:51:44:140036 --4:00] [Thread 2380] extDB2: SQL_CUSTOM_V2: Error No Custom Call Not Found: Callname insert_infiSTARLog
[19:51:44:140123 --4:00] [Thread 2380] extDB2: SQL_CUSTOM_V2: Error No Custom Call Not Found: Input String insert_infiSTARLog:A3_EXILE_PROCESSREPORTER:V65 (30-08-2016) [processReporter] Active SQF  ["mpmissions\__cur_mp.Tanoa\ToastIntro.sqf","mpmissions\__cur_mp.Tanoa\ToastIntro.sqf",true,6] @ 267.036
[19:51:44:140139 --4:00] [Thread 2380] extDB2: SQL_CUSTOM_V2: Error No Custom Call Not Found: Callname insert_infiSTARLog
[19:51:44:140208 --4:00] [Thread 2380] extDB2: SQL_CUSTOM_V2: Error No Custom Call Not Found: Input String insert_infiSTARLog:A3_EXILE_PROCESSREPORTER:V65 (30-08-2016) [processReporter] Active SQF  ["mpmissions\__cur_mp.Tanoa\custom\service\service_point.sqf","mpmissions\__cur_mp.Tanoa\custom\service\service_point.sqf",true,217] @ 267.036
[19:51:44:140223 --4:00] [Thread 2380] extDB2: SQL_CUSTOM_V2: Error No Custom Call Not Found: Callname insert_infiSTARLog
[19:51:44:160044 --4:00] [Thread 2380] extDB2: SQL_CUSTOM_V2: Error No Custom Call Not Found: Input String insert_infiSTARLog:A3_EXILE_PROCESSREPORTER:V65 (30-08-2016) [processReporter] Active SQF  ["A3\Structures_F_Mark\Training\Scripts\Target_Swivel_01_F_init.sqf","A3\Structures_F_Mark\Training\Scripts\Target_Swivel_01_F_init.sqf",true,153] @ 267.036
[19:51:44:160086 --4:00] [Thread 2380] extDB2: SQL_CUSTOM_V2: Error No Custom Call Not Found: Callname insert_infiSTARLog
[19:51:44:160185 --4:00] [Thread 2380] extDB2: SQL_CUSTOM_V2: Error No Custom Call Not Found: Input String insert_infiSTARLog:A3_EXILE_PROCESSREPORTER:V65 (30-08-2016) [processReporter] Active SQF  ["A3\Structures_F_Mark\Training\Scripts\Target_Swivel_01_F_init.sqf","A3\Structures_F_Mark\Training\Scripts\Target_Swivel_01_F_init.sqf",true,153] @ 267.057
[19:51:44:160200 --4:00] [Thread 2380] extDB2: SQL_CUSTOM_V2: Error No Custom Call Not Found: Callname insert_infiSTARLog
[19:51:44:160291 --4:00] [Thread 2380] extDB2: SQL_CUSTOM_V2: Error No Custom Call Not Found: Input String insert_infiSTARLog:A3_EXILE_PROCESSREPORTER:V65 (30-08-2016) [processReporter] Active SQF  ["A3\Structures_F_Mark\Training\Scripts\Target_Swivel_01_F_init.sqf","A3\Structures_F_Mark\Training\Scripts\Target_Swivel_01_F_init.sqf",true,153] @ 267.057
[19:51:44:160314 --4:00] [Thread 2380] extDB2: SQL_CUSTOM_V2: Error No Custom Call Not Found: Callname insert_infiSTARLog
[19:51:44:160415 --4:00] [Thread 2380] extDB2: SQL_CUSTOM_V2: Error No Custom Call Not Found: Input String insert_infiSTARLog:A3_EXILE_PROCESSREPORTER:V65 (30-08-2016) [processReporter] Active SQF  ["A3\Structures_F_Mark\Training\Scripts\Target_Swivel_01_F_init.sqf","A3\Structures_F_Mark\Training\Scripts\Target_Swivel_01_F_init.sqf",true,153] @ 267.057
[19:51:44:160432 --4:00] [Thread 2380] extDB2: SQL_CUSTOM_V2: Error No Custom Call Not Found: Callname insert_infiSTARLog
[19:51:44:160527 --4:00] [Thread 2380] extDB2: SQL_CUSTOM_V2: Error No Custom Call Not Found: Input String insert_infiSTARLog:A3_EXILE_PROCESSREPORTER:V65 (30-08-2016) [processReporter] Active SQF  ["A3\Structures_F_Mark\Training\Scripts\Target_Swivel_01_F_init.sqf","A3\Structures_F_Mark\Training\Scripts\Target_Swivel_01_F_init.sqf",true,153] @ 267.057
[19:51:44:160543 --4:00] [Thread 2380] extDB2: SQL_CUSTOM_V2: Error No Custom Call Not Found: Callname insert_infiSTARLog
[19:51:44:160681 --4:00] [Thread 2380] extDB2: SQL_CUSTOM_V2: Error No Custom Call Not Found: Input String insert_infiSTARLog:A3_EXILE_PROCESSREPORTER:V65 (30-08-2016) [processReporter] Active SQF  ["<spawn>","",true,78] @ 267.057
[19:51:44:160697 --4:00] [Thread 2380] extDB2: SQL_CUSTOM_V2: Error No Custom Call Not Found: Callname insert_infiSTARLog
[19:51:44:160814 --4:00] [Thread 2380] extDB2: SQL_CUSTOM_V2: Error No Custom Call Not Found: Input String insert_infiSTARLog:A3_EXILE_PROCESSREPORTER:V65 (30-08-2016) [processReporter] Active SQF  ["<spawn>","",true,25] @ 267.057
[19:51:44:160830 --4:00] [Thread 2380] extDB2: SQL_CUSTOM_V2: Error No Custom Call Not Found: Callname insert_infiSTARLog
[19:51:44:160886 --4:00] [Thread 14592] extDB2: SQL_CUSTOM_V2: Error No Custom Call Not Found: Input String insert_infiSTARLog:A3_EXILE_PROCESSREPORTER:V65 (30-08-2016) [processReporter] Active SQF  ["DMS_fnc_HeliParatroopers_Monitor","x\addons\a3_exile_occupation\scripts\extras\processReporter.sqf",true,25] @ 267.057
[19:51:44:160905 --4:00] [Thread 14592] extDB2: SQL_CUSTOM_V2: Error No Custom Call Not Found: Callname insert_infiSTARLog
[19:51:44:161000 --4:00] [Thread 14592] extDB2: SQL_CUSTOM_V2: Error No Custom Call Not Found: Input String insert_infiSTARLog:A3_EXILE_PROCESSREPORTER:V65 (30-08-2016) [processReporter] Active SQF  ["A3\Structures_F_Mark\Training\Scripts\Target_Swivel_01_F_init.sqf","A3\Structures_F_Mark\Training\Scripts\Target_Swivel_01_F_init.sqf",true,153] @ 267.057
[19:51:44:161080 --4:00] [Thread 14592] extDB2: SQL_CUSTOM_V2: Error No Custom Call Not Found: Callname insert_infiSTARLog
[19:51:44:161088 --4:00] [Thread 2380] extDB2: SQL_CUSTOM_V2: Error No Custom Call Not Found: Input String insert_infiSTARLog:A3_EXILE_PROCESSREPORTER:V65 (30-08-2016) [processReporter] Active SQF  ["A3\Structures_F_Mark\Training\Scripts\Target_Swivel_01_F_init.sqf","A3\Structures_F_Mark\Training\Scripts\Target_Swivel_01_F_init.sqf",true,153] @ 267.057
[19:51:44:161106 --4:00] [Thread 2380] extDB2: SQL_CUSTOM_V2: Error No Custom Call Not Found: Callname insert_infiSTARLog
[19:51:44:161200 --4:00] [Thread 2380] extDB2: SQL_CUSTOM_V2: Error No Custom Call Not Found: Input String insert_infiSTARLog:A3_EXILE_PROCESSREPORTER:V65 (30-08-2016) [processReporter] Active SQF  ["mpmissions\__cur_mp.Tanoa\JohnO_fnc_storm.sqf","mpmissions\__cur_mp.Tanoa\JohnO_fnc_storm.sqf",true,103] @ 267.057
[19:51:44:161215 --4:00] [Thread 2380] extDB2: SQL_CUSTOM_V2: Error No Custom Call Not Found: Callname insert_infiSTARLog
[19:51:44:161307 --4:00] [Thread 2380] extDB2: SQL_CUSTOM_V2: Error No Custom Call Not Found: Input String insert_infiSTARLog:A3_EXILE_PROCESSREPORTER:V65 (30-08-2016) [processReporter] Active SQF  ["Wreck_Heli_Attack_01_engineExhaustSmoke1","A3\Structures_F\Wrecks\Scripts\Wreck_Heli_Attack_01.sqf",true,26] @ 267.057
[19:51:44:161323 --4:00] [Thread 2380] extDB2: SQL_CUSTOM_V2: Error No Custom Call Not Found: Callname insert_infiSTARLog
[19:51:44:161381 --4:00] [Thread 2380] extDB2: SQL_CUSTOM_V2: Error No Custom Call Not Found: Input String insert_infiSTARLog:A3_EXILE_PROCESSREPORTER:V65 (30-08-2016) [processReporter] Active SQF  ["Wreck_Heli_Attack_01_engineExhaustSmoke2","A3\Structures_F\Wrecks\Scripts\Wreck_Heli_Attack_01.sqf",true,53] @ 267.057
[19:51:44:161392 --4:00] [Thread 2380] extDB2: SQL_CUSTOM_V2: Error No Custom Call Not Found: Callname insert_infiSTARLog
[19:51:44:161488 --4:00] [Thread 2380] extDB2: SQL_CUSTOM_V2: Error No Custom Call Not Found: Input String insert_infiSTARLog:A3_EXILE_PROCESSREPORTER:V65 (30-08-2016) [processReporter] Active SQF  ["Wreck_Heli_Attack_01_avionicsSparks1","A3\Structures_F\Wrecks\Scripts\Wreck_Heli_Attack_01.sqf",true,82] @ 267.057
[19:51:44:161497 --4:00] [Thread 2380] extDB2: SQL_CUSTOM_V2: Error No Custom Call Not Found: Callname insert_infiSTARLog
[19:51:44:161590 --4:00] [Thread 2380] extDB2: SQL_CUSTOM_V2: Error No Custom Call Not Found: Input String insert_infiSTARLog:A3_EXILE_PROCESSREPORTER:V65 (30-08-2016) [processReporter] Active SQF  ["Wreck_Heli_Attack_01_avionicsSparks2","A3\Structures_F\Wrecks\Scripts\Wreck_Heli_Attack_01.sqf",true,115] @ 267.057
[19:51:44:161598 --4:00] [Thread 2380] extDB2: SQL_CUSTOM_V2: Error No Custom Call Not Found: Callname insert_infiSTARLog
[19:51:44:161701 --4:00] [Thread 2380] extDB2: SQL_CUSTOM_V2: Error No Custom Call Not Found: Input String insert_infiSTARLog:A3_EXILE_PROCESSREPORTER:V65 (30-08-2016) [processReporter] Active SQF  ["Wreck_Heli_Attack_01_avionicsSparks3","A3\Structures_F\Wrecks\Scripts\Wreck_Heli_Attack_01.sqf",true,148] @ 267.057
[19:51:44:161708 --4:00] [Thread 2380] extDB2: SQL_CUSTOM_V2: Error No Custom Call Not Found: Callname insert_infiSTARLog
[19:51:44:161803 --4:00] [Thread 2380] extDB2: SQL_CUSTOM_V2: Error No Custom Call Not Found: Input String insert_infiSTARLog:A3_EXILE_PROCESSREPORTER:V65 (30-08-2016) [processReporter] Active SQF  ["ZCP_fnc_start","x\addons\ZCP\functions\fn_start.sqf",true,39] @ 267.057
[19:51:44:161811 --4:00] [Thread 2380] extDB2: SQL_CUSTOM_V2: Error No Custom Call Not Found: Callname insert_infiSTARLog
[19:51:44:161909 --4:00] [Thread 2380] extDB2: SQL_CUSTOM_V2: Error No Custom Call Not Found: Input String insert_infiSTARLog:A3_EXILE_PROCESSREPORTER:V65 (30-08-2016) [processReporter] Active SQF  ["<spawn>","mpmissions\__cur_mp.Tanoa\ExAdClient\HaloParachute\postInit.sqf",true,32] @ 267.057
[19:51:44:161919 --4:00] [Thread 2380] extDB2: SQL_CUSTOM_V2: Error No Custom Call Not Found: Callname insert_infiSTARLog
[19:51:44:162015 --4:00] [Thread 2380] extDB2: SQL_CUSTOM_V2: Error No Custom Call Not Found: Input String insert_infiSTARLog:A3_EXILE_PROCESSREPORTER:V65 (30-08-2016) [processReporter] Active SQF  ["<spawn>","mpmissions\__cur_mp.Tanoa\ExadClient\XM8\Apps\CHVD\config.sqf",true,47] @ 267.057
[19:51:44:162023 --4:00] [Thread 2380] extDB2: SQL_CUSTOM_V2: Error No Custom Call Not Found: Callname insert_infiSTARLog
[19:51:44:162119 --4:00] [Thread 2380] extDB2: SQL_CUSTOM_V2: Error No Custom Call Not Found: Input String insert_infiSTARLog:A3_EXILE_PROCESSREPORTER:V65 (30-08-2016) [processReporter] Active SQF  ["<spawn>","mpmissions\__cur_mp.Tanoa\ExAdClient\StatsBar\postInit.sqf",true,144] @ 267.057
[19:51:44:162127 --4:00] [Thread 2380] extDB2: SQL_CUSTOM_V2: Error No Custom Call Not Found: Callname insert_infiSTARLog
[19:51:44:162220 --4:00] [Thread 2380] extDB2: SQL_CUSTOM_V2: Error No Custom Call Not Found: Input String insert_infiSTARLog:A3_EXILE_PROCESSREPORTER:V65 (30-08-2016) [processReporter] Active SQF  ["BIS_fnc_sortNum","x\addons\a3_exile_occupation\scripts\startOccupation.sqf",true,85] @ 267.057
[19:51:44:162228 --4:00] [Thread 2380] extDB2: SQL_CUSTOM_V2: Error No Custom Call Not Found: Callname insert_infiSTARLog
[19:51:44:162336 --4:00] [Thread 2380] extDB2: SQL_CUSTOM_V2: Error No Custom Call Not Found: Input String insert_infiSTARLog:A3_EXILE_PROCESSREPORTER:V65 (30-08-2016) [processReporter] Active SQF  ["<spawn>","mpmissions\__cur_mp.Tanoa\IgiLoad\IgiLoadTaru.sqf",true,467] @ 267.057
[19:51:44:162344 --4:00] [Thread 2380] extDB2: SQL_CUSTOM_V2: Error No Custom Call Not Found: Callname insert_infiSTARLog
[19:51:44:162456 --4:00] [Thread 2380] extDB2: SQL_CUSTOM_V2: Error No Custom Call Not Found: Input String insert_infiSTARLog:A3_EXILE_PROCESSREPORTER:V65 (30-08-2016) [processReporter] Active FSM  ["main.fsm","Wait",-267.057] @ 267.057
[19:51:44:162464 --4:00] [Thread 2380] extDB2: SQL_CUSTOM_V2: Error No Custom Call Not Found: Callname insert_infiSTARLog
[19:51:44:162553 --4:00] [Thread 2380] extDB2: SQL_CUSTOM_V2: Error No Custom Call Not Found: Input String insert_infiSTARLog:A3_EXILE_PROCESSREPORTER:V65 (30-08-2016) [processReporter] Active FSM  ["missions","Waiting",-267.057] @ 267.057
[19:51:44:162561 --4:00] [Thread 2380] extDB2: SQL_CUSTOM_V2: Error No Custom Call Not Found: Callname insert_infiSTARLog
[19:51:44:162646 --4:00] [Thread 2380] extDB2: SQL_CUSTOM_V2: Error No Custom Call Not Found: Input String insert_infiSTARLog:A3_EXILE_PROCESSREPORTER:V65 (30-08-2016) [processReporter] Ended @ 267.057
[19:51:44:162654 --4:00] [Thread 2380] extDB2: SQL_CUSTOM_V2: Error No Custom Call Not Found: Callname insert_infiSTARLog
[19:51:55:542457 --4:00] [Thread 980] extDB2: Stopping ...
